记录时间：2014-06-09 10:31:40,274 线程ID:[6] 日志级别：DEBUG 出错类：ApplicationInfoLog property:[(null)] - 错误描述：Marking transaction as complete
记录时间：2014-06-09 10:31:40,292 线程ID:[6] 日志级别：DEBUG 出错类：ApplicationInfoLog property:[(null)] - 错误描述：Final work for transaction being performed
记录时间：2014-06-09 10:31:40,292 线程ID:[6] 日志级别：DEBUG 出错类：ApplicationInfoLog property:[(null)] - 错误描述：Transaction disposed
记录时间：2014-06-09 10:31:40,344 线程ID:[5] 日志级别：ERROR 出错类：ApplicationInfoLog property:[(null)] - 错误描述：redirect_uri=
记录时间：2014-06-09 10:31:41,237 线程ID:[5] 日志级别：DEBUG 出错类：ApplicationInfoLog property:[(null)] - 错误描述：Marking transaction as complete
记录时间：2014-06-09 10:31:41,238 线程ID:[5] 日志级别：DEBUG 出错类：ApplicationInfoLog property:[(null)] - 错误描述：Final work for transaction being performed
记录时间：2014-06-09 10:31:41,238 线程ID:[5] 日志级别：DEBUG 出错类：ApplicationInfoLog property:[(null)] - 错误描述：Transaction disposed
记录时间：2014-06-09 10:31:41,434 线程ID:[6] 日志级别：DEBUG 出错类：ApplicationInfoLog property:[(null)] - 错误描述：Marking transaction as complete
记录时间：2014-06-09 10:31:41,434 线程ID:[6] 日志级别：DEBUG 出错类：ApplicationInfoLog property:[(null)] - 错误描述：Final work for transaction being performed
记录时间：2014-06-09 10:31:41,434 线程ID:[6] 日志级别：DEBUG 出错类：ApplicationInfoLog property:[(null)] - 错误描述：Transaction disposed
记录时间：2014-06-09 10:32:01,713 线程ID:[14] 日志级别：DEBUG 出错类：ApplicationInfoLog property:[(null)] - 错误描述：Acquiring session for 
记录时间：2014-06-09 10:32:01,714 线程ID:[14] 日志级别：DEBUG 出错类：ApplicationInfoLog property:[(null)] - 错误描述：Building session factory
记录时间：2014-06-09 10:32:01,714 线程ID:[14] 日志级别：DEBUG 出错类：ApplicationInfoLog property:[(null)] - 错误描述：Building configuration
记录时间：2014-06-09 10:32:01,763 线程ID:[14] 日志级别：DEBUG 出错类：ApplicationInfoLog property:[(null)] - 错误描述：Done Building configuration
记录时间：2014-06-09 10:32:02,480 线程ID:[14] 日志级别：DEBUG 出错类：ApplicationInfoLog property:[(null)] - 错误描述：Done building session factory
记录时间：2014-06-09 10:32:02,480 线程ID:[14] 日志级别：INFO  出错类：ApplicationInfoLog property:[(null)] - 错误描述：Openning database session
记录时间：2014-06-09 10:32:02,492 线程ID:[14] 日志级别：DEBUG 出错类：ApplicationInfoLog property:[(null)] - 错误描述：Creating transaction on Demand
记录时间：2014-06-09 10:32:02,995 线程ID:[14] 日志级别：DEBUG 出错类：ApplicationInfoLog property:[(null)] - 错误描述：Marking transaction as complete
记录时间：2014-06-09 10:32:03,028 线程ID:[14] 日志级别：DEBUG 出错类：ApplicationInfoLog property:[(null)] - 错误描述：Final work for transaction being performed
记录时间：2014-06-09 10:32:03,029 线程ID:[14] 日志级别：DEBUG 出错类：ApplicationInfoLog property:[(null)] - 错误描述：Transaction disposed
记录时间：2014-06-09 10:32:10,536 线程ID:[4] 日志级别：DEBUG 出错类：ApplicationInfoLog property:[(null)] - 错误描述：Marking transaction as complete
记录时间：2014-06-09 10:32:10,536 线程ID:[4] 日志级别：DEBUG 出错类：ApplicationInfoLog property:[(null)] - 错误描述：Final work for transaction being performed
记录时间：2014-06-09 10:32:10,536 线程ID:[4] 日志级别：DEBUG 出错类：ApplicationInfoLog property:[(null)] - 错误描述：Transaction disposed
记录时间：2014-06-09 10:32:11,931 线程ID:[5] 日志级别：DEBUG 出错类：ApplicationInfoLog property:[(null)] - 错误描述：Marking transaction as complete
记录时间：2014-06-09 10:32:11,931 线程ID:[5] 日志级别：DEBUG 出错类：ApplicationInfoLog property:[(null)] - 错误描述：Final work for transaction being performed
记录时间：2014-06-09 10:32:11,931 线程ID:[5] 日志级别：DEBUG 出错类：ApplicationInfoLog property:[(null)] - 错误描述：Transaction disposed
记录时间：2014-06-09 10:32:13,635 线程ID:[11] 日志级别：DEBUG 出错类：ApplicationInfoLog property:[(null)] - 错误描述：Marking transaction as complete
记录时间：2014-06-09 10:32:13,635 线程ID:[11] 日志级别：DEBUG 出错类：ApplicationInfoLog property:[(null)] - 错误描述：Final work for transaction being performed
记录时间：2014-06-09 10:32:13,636 线程ID:[11] 日志级别：DEBUG 出错类：ApplicationInfoLog property:[(null)] - 错误描述：Transaction disposed
记录时间：2014-06-09 10:32:15,667 线程ID:[14] 日志级别：DEBUG 出错类：ApplicationInfoLog property:[(null)] - 错误描述：Marking transaction as complete
记录时间：2014-06-09 10:32:15,667 线程ID:[14] 日志级别：DEBUG 出错类：ApplicationInfoLog property:[(null)] - 错误描述：Final work for transaction being performed
记录时间：2014-06-09 10:32:15,667 线程ID:[14] 日志级别：DEBUG 出错类：ApplicationInfoLog property:[(null)] - 错误描述：Transaction disposed
