记录时间：2015-07-01 18:58:02,203 线程ID:[37] 日志级别：DEBUG 出错类：ApplicationInfoLog property:[(null)] - 错误描述：Marking transaction as complete
记录时间：2015-07-01 18:58:02,280 线程ID:[37] 日志级别：DEBUG 出错类：ApplicationInfoLog property:[(null)] - 错误描述：Final work for transaction being performed
记录时间：2015-07-01 18:58:02,280 线程ID:[37] 日志级别：DEBUG 出错类：ApplicationInfoLog property:[(null)] - 错误描述：Transaction disposed
记录时间：2015-07-01 18:58:03,344 线程ID:[26] 日志级别：DEBUG 出错类：ApplicationInfoLog property:[(null)] - 错误描述：Marking transaction as complete
记录时间：2015-07-01 18:58:03,344 线程ID:[26] 日志级别：DEBUG 出错类：ApplicationInfoLog property:[(null)] - 错误描述：Final work for transaction being performed
记录时间：2015-07-01 18:58:03,344 线程ID:[26] 日志级别：DEBUG 出错类：ApplicationInfoLog property:[(null)] - 错误描述：Transaction disposed
记录时间：2015-07-01 18:58:03,657 线程ID:[37] 日志级别：DEBUG 出错类：ApplicationInfoLog property:[(null)] - 错误描述：Marking transaction as complete
记录时间：2015-07-01 18:58:03,657 线程ID:[37] 日志级别：DEBUG 出错类：ApplicationInfoLog property:[(null)] - 错误描述：Final work for transaction being performed
记录时间：2015-07-01 18:58:03,657 线程ID:[37] 日志级别：DEBUG 出错类：ApplicationInfoLog property:[(null)] - 错误描述：Transaction disposed
记录时间：2015-07-01 18:58:09,955 线程ID:[37] 日志级别：DEBUG 出错类：ApplicationInfoLog property:[(null)] - 错误描述：Acquiring session for 
记录时间：2015-07-01 18:58:09,957 线程ID:[37] 日志级别：DEBUG 出错类：ApplicationInfoLog property:[(null)] - 错误描述：Building session factory
记录时间：2015-07-01 18:58:09,958 线程ID:[37] 日志级别：DEBUG 出错类：ApplicationInfoLog property:[(null)] - 错误描述：Building configuration
记录时间：2015-07-01 18:58:10,635 线程ID:[37] 日志级别：DEBUG 出错类：ApplicationInfoLog property:[(null)] - 错误描述：Done Building configuration
记录时间：2015-07-01 18:58:12,482 线程ID:[37] 日志级别：DEBUG 出错类：ApplicationInfoLog property:[(null)] - 错误描述：Done building session factory
记录时间：2015-07-01 18:58:12,483 线程ID:[37] 日志级别：INFO  出错类：ApplicationInfoLog property:[(null)] - 错误描述：Openning database session
记录时间：2015-07-01 18:58:12,510 线程ID:[37] 日志级别：DEBUG 出错类：ApplicationInfoLog property:[(null)] - 错误描述：Creating transaction on Demand
记录时间：2015-07-01 18:58:14,019 线程ID:[37] 日志级别：DEBUG 出错类：ApplicationInfoLog property:[(null)] - 错误描述：验证用户 yw_admin
记录时间：2015-07-01 18:58:14,023 线程ID:[37] 日志级别：DEBUG 出错类：ApplicationInfoLog property:[(null)] - 错误描述：Marking transaction as complete
记录时间：2015-07-01 18:58:14,170 线程ID:[37] 日志级别：DEBUG 出错类：ApplicationInfoLog property:[(null)] - 错误描述：Final work for transaction being performed
记录时间：2015-07-01 18:58:14,170 线程ID:[37] 日志级别：DEBUG 出错类：ApplicationInfoLog property:[(null)] - 错误描述：Transaction disposed
记录时间：2015-07-01 18:58:14,403 线程ID:[26] 日志级别：DEBUG 出错类：ApplicationInfoLog property:[(null)] - 错误描述：Marking transaction as complete
记录时间：2015-07-01 18:58:14,403 线程ID:[26] 日志级别：DEBUG 出错类：ApplicationInfoLog property:[(null)] - 错误描述：Final work for transaction being performed
记录时间：2015-07-01 18:58:14,403 线程ID:[26] 日志级别：DEBUG 出错类：ApplicationInfoLog property:[(null)] - 错误描述：Transaction disposed
记录时间：2015-07-01 18:58:19,358 线程ID:[26] 日志级别：DEBUG 出错类：ApplicationInfoLog property:[(null)] - 错误描述：验证用户 yw_admin
记录时间：2015-07-01 18:58:19,365 线程ID:[26] 日志级别：DEBUG 出错类：ApplicationInfoLog property:[(null)] - 错误描述：Marking transaction as complete
记录时间：2015-07-01 18:58:19,365 线程ID:[26] 日志级别：DEBUG 出错类：ApplicationInfoLog property:[(null)] - 错误描述：Final work for transaction being performed
记录时间：2015-07-01 18:58:19,365 线程ID:[26] 日志级别：DEBUG 出错类：ApplicationInfoLog property:[(null)] - 错误描述：Transaction disposed
记录时间：2015-07-01 18:58:21,310 线程ID:[37] 日志级别：INFO  出错类：ApplicationInfoLog property:[(null)] - 错误描述：MenuService.GetMenus(IUser):IEnumerable<MenuEntry> : user:355000
记录时间：2015-07-01 18:58:21,317 线程ID:[37] 日志级别：DEBUG 出错类：ApplicationInfoLog property:[(null)] - 错误描述：Acquiring session for 
记录时间：2015-07-01 18:58:21,318 线程ID:[37] 日志级别：INFO  出错类：ApplicationInfoLog property:[(null)] - 错误描述：Openning database session
记录时间：2015-07-01 18:58:21,318 线程ID:[37] 日志级别：DEBUG 出错类：ApplicationInfoLog property:[(null)] - 错误描述：Creating transaction on Demand
记录时间：2015-07-01 18:58:21,896 线程ID:[37] 日志级别：DEBUG 出错类：ApplicationInfoLog property:[(null)] - 错误描述：Marking transaction as complete
记录时间：2015-07-01 18:58:21,896 线程ID:[37] 日志级别：DEBUG 出错类：ApplicationInfoLog property:[(null)] - 错误描述：Final work for transaction being performed
记录时间：2015-07-01 18:58:21,896 线程ID:[37] 日志级别：DEBUG 出错类：ApplicationInfoLog property:[(null)] - 错误描述：Transaction disposed
记录时间：2015-07-01 19:02:46,312 线程ID:[37] 日志级别：INFO  出错类：ApplicationInfoLog property:[(null)] - 错误描述：MenuService.GetMenus(IUser):IEnumerable<MenuEntry> : user:355000
记录时间：2015-07-01 19:02:46,313 线程ID:[37] 日志级别：DEBUG 出错类：ApplicationInfoLog property:[(null)] - 错误描述：Marking transaction as complete
记录时间：2015-07-01 19:02:46,313 线程ID:[37] 日志级别：DEBUG 出错类：ApplicationInfoLog property:[(null)] - 错误描述：Final work for transaction being performed
记录时间：2015-07-01 19:02:46,313 线程ID:[37] 日志级别：DEBUG 出错类：ApplicationInfoLog property:[(null)] - 错误描述：Transaction disposed
记录时间：2015-07-01 19:03:16,058 线程ID:[24] 日志级别：DEBUG 出错类：ApplicationInfoLog property:[(null)] - 错误描述：Marking transaction as complete
记录时间：2015-07-01 19:03:16,058 线程ID:[24] 日志级别：DEBUG 出错类：ApplicationInfoLog property:[(null)] - 错误描述：Final work for transaction being performed
记录时间：2015-07-01 19:03:16,058 线程ID:[24] 日志级别：DEBUG 出错类：ApplicationInfoLog property:[(null)] - 错误描述：Transaction disposed
记录时间：2015-07-01 19:03:16,076 线程ID:[26] 日志级别：DEBUG 出错类：ApplicationInfoLog property:[(null)] - 错误描述：Marking transaction as complete
记录时间：2015-07-01 19:03:16,076 线程ID:[26] 日志级别：DEBUG 出错类：ApplicationInfoLog property:[(null)] - 错误描述：Final work for transaction being performed
记录时间：2015-07-01 19:03:16,076 线程ID:[26] 日志级别：DEBUG 出错类：ApplicationInfoLog property:[(null)] - 错误描述：Transaction disposed
记录时间：2015-07-01 19:03:16,503 线程ID:[37] 日志级别：DEBUG 出错类：ApplicationInfoLog property:[(null)] - 错误描述：Marking transaction as complete
记录时间：2015-07-01 19:03:16,503 线程ID:[37] 日志级别：DEBUG 出错类：ApplicationInfoLog property:[(null)] - 错误描述：Final work for transaction being performed
记录时间：2015-07-01 19:03:16,503 线程ID:[37] 日志级别：DEBUG 出错类：ApplicationInfoLog property:[(null)] - 错误描述：Transaction disposed
记录时间：2015-07-01 19:03:22,620 线程ID:[12] 日志级别：DEBUG 出错类：ApplicationInfoLog property:[(null)] - 错误描述：验证用户 yw_admin
记录时间：2015-07-01 19:03:22,621 线程ID:[12] 日志级别：DEBUG 出错类：ApplicationInfoLog property:[(null)] - 错误描述：Marking transaction as complete
记录时间：2015-07-01 19:03:22,621 线程ID:[12] 日志级别：DEBUG 出错类：ApplicationInfoLog property:[(null)] - 错误描述：Final work for transaction being performed
记录时间：2015-07-01 19:03:22,621 线程ID:[12] 日志级别：DEBUG 出错类：ApplicationInfoLog property:[(null)] - 错误描述：Transaction disposed
记录时间：2015-07-01 19:03:22,637 线程ID:[36] 日志级别：INFO  出错类：ApplicationInfoLog property:[(null)] - 错误描述：MenuService.GetMenus(IUser):IEnumerable<MenuEntry> : user:355000
记录时间：2015-07-01 19:03:22,638 线程ID:[36] 日志级别：DEBUG 出错类：ApplicationInfoLog property:[(null)] - 错误描述：Marking transaction as complete
记录时间：2015-07-01 19:03:22,638 线程ID:[36] 日志级别：DEBUG 出错类：ApplicationInfoLog property:[(null)] - 错误描述：Final work for transaction being performed
记录时间：2015-07-01 19:03:22,638 线程ID:[36] 日志级别：DEBUG 出错类：ApplicationInfoLog property:[(null)] - 错误描述：Transaction disposed
记录时间：2015-07-01 19:03:29,907 线程ID:[34] 日志级别：DEBUG 出错类：ApplicationInfoLog property:[(null)] - 错误描述：Marking transaction as complete
记录时间：2015-07-01 19:03:29,907 线程ID:[34] 日志级别：DEBUG 出错类：ApplicationInfoLog property:[(null)] - 错误描述：Final work for transaction being performed
记录时间：2015-07-01 19:03:29,907 线程ID:[34] 日志级别：DEBUG 出错类：ApplicationInfoLog property:[(null)] - 错误描述：Transaction disposed
记录时间：2015-07-01 19:03:29,933 线程ID:[43] 日志级别：DEBUG 出错类：ApplicationInfoLog property:[(null)] - 错误描述：Marking transaction as complete
记录时间：2015-07-01 19:03:29,933 线程ID:[43] 日志级别：DEBUG 出错类：ApplicationInfoLog property:[(null)] - 错误描述：Final work for transaction being performed
记录时间：2015-07-01 19:03:29,933 线程ID:[43] 日志级别：DEBUG 出错类：ApplicationInfoLog property:[(null)] - 错误描述：Transaction disposed
记录时间：2015-07-01 19:03:30,262 线程ID:[26] 日志级别：DEBUG 出错类：ApplicationInfoLog property:[(null)] - 错误描述：Marking transaction as complete
记录时间：2015-07-01 19:03:30,262 线程ID:[26] 日志级别：DEBUG 出错类：ApplicationInfoLog property:[(null)] - 错误描述：Final work for transaction being performed
记录时间：2015-07-01 19:03:30,262 线程ID:[26] 日志级别：DEBUG 出错类：ApplicationInfoLog property:[(null)] - 错误描述：Transaction disposed
记录时间：2015-07-01 19:03:37,369 线程ID:[24] 日志级别：DEBUG 出错类：ApplicationInfoLog property:[(null)] - 错误描述：验证用户 yw_admin
记录时间：2015-07-01 19:03:37,389 线程ID:[24] 日志级别：INFO  出错类：ApplicationInfoLog property:[(null)] - 错误描述：检查client_id,client_id=eTrade,redirect-uri=http://192.168.251.152:8081/permission/ssoLoginCallback
记录时间：2015-07-01 19:03:37,391 线程ID:[24] 日志级别：DEBUG 出错类：ApplicationInfoLog property:[(null)] - 错误描述：Transaction cancelled flag set
记录时间：2015-07-01 19:03:37,395 线程ID:[24] 日志级别：ERROR 出错类：ApplicationInfoLog property:[(null)] - 错误描述：错误处理器
QsTech.Framework.QsTechException: 请求的应用不存在或者返回地址错误!
   在 QsTech.Authentication.Sso.Clients.ClientVerifier.Match(AuthorizeRequestModel model, Int32 userId) 位置 d:\NSource\NSource\QsTech.Framework.Web\Modules\QsTech.Authentication.Sso\Models\Clients\IClientVerifier.cs:行号 57
   在 QsTech.Authentication.Sso.Controllers.AccountController.CheckClient(AuthorizeRequestModel model, Int32 userId) 位置 d:\NSource\NSource\QsTech.Framework.Web\Modules\QsTech.Authentication.Sso\Controllers\AccountController.cs:行号 370
   在 QsTech.Authentication.Sso.Controllers.AccountController.LogOn(LogOnModel model, AuthorizeRequestModel requestModel) 位置 d:\NSource\NSource\QsTech.Framework.Web\Modules\QsTech.Authentication.Sso\Controllers\AccountController.cs:行号 150
   在 lambda_method(Closure , ControllerBase , Object[] )
   在 System.Web.Mvc.ReflectedActionDescriptor.Execute(ControllerContext controllerContext, IDictionary`2 parameters)
   在 System.Web.Mvc.ControllerActionInvoker.InvokeActionMethod(ControllerContext controllerContext, ActionDescriptor actionDescriptor, IDictionary`2 parameters)
   在 System.Web.Mvc.ControllerActionInvoker.<>c__DisplayClass13.<InvokeActionMethodWithFilters>b__10()
   在 System.Web.Mvc.ControllerActionInvoker.InvokeActionMethodFilter(IActionFilter filter, ActionExecutingContext preContext, Func`1 continuation)
   在 System.Web.Mvc.ControllerActionInvoker.InvokeActionMethodFilter(IActionFilter filter, ActionExecutingContext preContext, Func`1 continuation)
   在 System.Web.Mvc.ControllerActionInvoker.InvokeActionMethodWithFilters(ControllerContext controllerContext, IList`1 filters, ActionDescriptor actionDescriptor, IDictionary`2 parameters)
   在 System.Web.Mvc.ControllerActionInvoker.InvokeAction(ControllerContext controllerContext, String actionName)
记录时间：2015-07-01 19:03:37,408 线程ID:[24] 日志级别：DEBUG 出错类：ApplicationInfoLog property:[(null)] - 错误描述：Final work for transaction being performed
记录时间：2015-07-01 19:03:37,408 线程ID:[24] 日志级别：DEBUG 出错类：ApplicationInfoLog property:[(null)] - 错误描述：Transaction disposed
记录时间：2015-07-01 19:03:37,444 线程ID:[12] 日志级别：DEBUG 出错类：ApplicationInfoLog property:[(null)] - 错误描述：Marking transaction as complete
记录时间：2015-07-01 19:03:37,444 线程ID:[12] 日志级别：DEBUG 出错类：ApplicationInfoLog property:[(null)] - 错误描述：Final work for transaction being performed
记录时间：2015-07-01 19:03:37,444 线程ID:[12] 日志级别：DEBUG 出错类：ApplicationInfoLog property:[(null)] - 错误描述：Transaction disposed
记录时间：2015-07-01 19:04:24,199 线程ID:[34] 日志级别：DEBUG 出错类：ApplicationInfoLog property:[(null)] - 错误描述：Marking transaction as complete
记录时间：2015-07-01 19:04:24,273 线程ID:[34] 日志级别：DEBUG 出错类：ApplicationInfoLog property:[(null)] - 错误描述：Final work for transaction being performed
记录时间：2015-07-01 19:04:24,273 线程ID:[34] 日志级别：DEBUG 出错类：ApplicationInfoLog property:[(null)] - 错误描述：Transaction disposed
记录时间：2015-07-01 19:04:24,561 线程ID:[37] 日志级别：DEBUG 出错类：ApplicationInfoLog property:[(null)] - 错误描述：Marking transaction as complete
记录时间：2015-07-01 19:04:24,561 线程ID:[37] 日志级别：DEBUG 出错类：ApplicationInfoLog property:[(null)] - 错误描述：Final work for transaction being performed
记录时间：2015-07-01 19:04:24,561 线程ID:[37] 日志级别：DEBUG 出错类：ApplicationInfoLog property:[(null)] - 错误描述：Transaction disposed
记录时间：2015-07-01 19:04:30,229 线程ID:[43] 日志级别：DEBUG 出错类：ApplicationInfoLog property:[(null)] - 错误描述：Acquiring session for 
记录时间：2015-07-01 19:04:30,231 线程ID:[43] 日志级别：DEBUG 出错类：ApplicationInfoLog property:[(null)] - 错误描述：Building session factory
记录时间：2015-07-01 19:04:30,232 线程ID:[43] 日志级别：DEBUG 出错类：ApplicationInfoLog property:[(null)] - 错误描述：Building configuration
记录时间：2015-07-01 19:04:30,972 线程ID:[43] 日志级别：DEBUG 出错类：ApplicationInfoLog property:[(null)] - 错误描述：Done Building configuration
记录时间：2015-07-01 19:04:32,760 线程ID:[43] 日志级别：DEBUG 出错类：ApplicationInfoLog property:[(null)] - 错误描述：Done building session factory
记录时间：2015-07-01 19:04:32,761 线程ID:[43] 日志级别：INFO  出错类：ApplicationInfoLog property:[(null)] - 错误描述：Openning database session
记录时间：2015-07-01 19:04:32,793 线程ID:[43] 日志级别：DEBUG 出错类：ApplicationInfoLog property:[(null)] - 错误描述：Creating transaction on Demand
记录时间：2015-07-01 19:04:34,399 线程ID:[43] 日志级别：DEBUG 出错类：ApplicationInfoLog property:[(null)] - 错误描述：验证用户 yw_admin
记录时间：2015-07-01 19:04:34,418 线程ID:[43] 日志级别：INFO  出错类：ApplicationInfoLog property:[(null)] - 错误描述：检查client_id,client_id=eTrade,redirect-uri=http://192.168.251.152:8081/permission/ssoLoginCallback
记录时间：2015-07-01 19:04:34,422 线程ID:[43] 日志级别：DEBUG 出错类：ApplicationInfoLog property:[(null)] - 错误描述：Acquiring session for 
记录时间：2015-07-01 19:04:34,577 线程ID:[43] 日志级别：DEBUG 出错类：ApplicationInfoLog property:[(null)] - 错误描述：Marking transaction as complete
记录时间：2015-07-01 19:04:34,621 线程ID:[43] 日志级别：DEBUG 出错类：ApplicationInfoLog property:[(null)] - 错误描述：Final work for transaction being performed
记录时间：2015-07-01 19:04:34,621 线程ID:[43] 日志级别：DEBUG 出错类：ApplicationInfoLog property:[(null)] - 错误描述：Transaction disposed
记录时间：2015-07-01 19:04:34,660 线程ID:[24] 日志级别：DEBUG 出错类：ApplicationInfoLog property:[(null)] - 错误描述：Marking transaction as complete
记录时间：2015-07-01 19:04:34,660 线程ID:[24] 日志级别：DEBUG 出错类：ApplicationInfoLog property:[(null)] - 错误描述：Final work for transaction being performed
记录时间：2015-07-01 19:04:34,660 线程ID:[24] 日志级别：DEBUG 出错类：ApplicationInfoLog property:[(null)] - 错误描述：Transaction disposed
记录时间：2015-07-01 19:04:34,677 线程ID:[26] 日志级别：DEBUG 出错类：ApplicationInfoLog property:[(null)] - 错误描述：Marking transaction as complete
记录时间：2015-07-01 19:04:34,678 线程ID:[26] 日志级别：DEBUG 出错类：ApplicationInfoLog property:[(null)] - 错误描述：Final work for transaction being performed
记录时间：2015-07-01 19:04:34,678 线程ID:[26] 日志级别：DEBUG 出错类：ApplicationInfoLog property:[(null)] - 错误描述：Transaction disposed
记录时间：2015-07-01 19:04:39,015 线程ID:[43] 日志级别：DEBUG 出错类：ApplicationInfoLog property:[(null)] - 错误描述：Marking transaction as complete
记录时间：2015-07-01 19:04:39,016 线程ID:[43] 日志级别：DEBUG 出错类：ApplicationInfoLog property:[(null)] - 错误描述：Final work for transaction being performed
记录时间：2015-07-01 19:04:39,016 线程ID:[43] 日志级别：DEBUG 出错类：ApplicationInfoLog property:[(null)] - 错误描述：Transaction disposed
记录时间：2015-07-01 19:04:39,039 线程ID:[24] 日志级别：DEBUG 出错类：ApplicationInfoLog property:[(null)] - 错误描述：Marking transaction as complete
记录时间：2015-07-01 19:04:39,039 线程ID:[24] 日志级别：DEBUG 出错类：ApplicationInfoLog property:[(null)] - 错误描述：Final work for transaction being performed
记录时间：2015-07-01 19:04:39,039 线程ID:[24] 日志级别：DEBUG 出错类：ApplicationInfoLog property:[(null)] - 错误描述：Transaction disposed
记录时间：2015-07-01 19:04:39,354 线程ID:[26] 日志级别：DEBUG 出错类：ApplicationInfoLog property:[(null)] - 错误描述：Marking transaction as complete
记录时间：2015-07-01 19:04:39,355 线程ID:[26] 日志级别：DEBUG 出错类：ApplicationInfoLog property:[(null)] - 错误描述：Final work for transaction being performed
记录时间：2015-07-01 19:04:39,355 线程ID:[26] 日志级别：DEBUG 出错类：ApplicationInfoLog property:[(null)] - 错误描述：Transaction disposed
记录时间：2015-07-01 19:04:43,577 线程ID:[36] 日志级别：DEBUG 出错类：ApplicationInfoLog property:[(null)] - 错误描述：验证用户 hewj
记录时间：2015-07-01 19:04:43,577 线程ID:[36] 日志级别：INFO  出错类：ApplicationInfoLog property:[(null)] - 错误描述：检查client_id,client_id=eTrade,redirect-uri=http://192.168.251.152:8081/permission/ssoLoginCallback
记录时间：2015-07-01 19:04:43,578 线程ID:[36] 日志级别：DEBUG 出错类：ApplicationInfoLog property:[(null)] - 错误描述：Acquiring session for 
记录时间：2015-07-01 19:04:43,578 线程ID:[36] 日志级别：INFO  出错类：ApplicationInfoLog property:[(null)] - 错误描述：Openning database session
记录时间：2015-07-01 19:04:43,578 线程ID:[36] 日志级别：DEBUG 出错类：ApplicationInfoLog property:[(null)] - 错误描述：Creating transaction on Demand
记录时间：2015-07-01 19:04:43,585 线程ID:[36] 日志级别：DEBUG 出错类：ApplicationInfoLog property:[(null)] - 错误描述：Marking transaction as complete
记录时间：2015-07-01 19:04:43,586 线程ID:[36] 日志级别：DEBUG 出错类：ApplicationInfoLog property:[(null)] - 错误描述：Final work for transaction being performed
记录时间：2015-07-01 19:04:43,586 线程ID:[36] 日志级别：DEBUG 出错类：ApplicationInfoLog property:[(null)] - 错误描述：Transaction disposed
记录时间：2015-07-01 19:04:43,604 线程ID:[12] 日志级别：DEBUG 出错类：ApplicationInfoLog property:[(null)] - 错误描述：Marking transaction as complete
记录时间：2015-07-01 19:04:43,604 线程ID:[12] 日志级别：DEBUG 出错类：ApplicationInfoLog property:[(null)] - 错误描述：Final work for transaction being performed
记录时间：2015-07-01 19:04:43,605 线程ID:[12] 日志级别：DEBUG 出错类：ApplicationInfoLog property:[(null)] - 错误描述：Transaction disposed
记录时间：2015-07-01 19:04:43,613 线程ID:[14] 日志级别：DEBUG 出错类：ApplicationInfoLog property:[(null)] - 错误描述：Marking transaction as complete
记录时间：2015-07-01 19:04:43,613 线程ID:[14] 日志级别：DEBUG 出错类：ApplicationInfoLog property:[(null)] - 错误描述：Final work for transaction being performed
记录时间：2015-07-01 19:04:43,613 线程ID:[14] 日志级别：DEBUG 出错类：ApplicationInfoLog property:[(null)] - 错误描述：Transaction disposed
记录时间：2015-07-01 19:04:47,492 线程ID:[37] 日志级别：DEBUG 出错类：ApplicationInfoLog property:[(null)] - 错误描述：Marking transaction as complete
记录时间：2015-07-01 19:04:47,492 线程ID:[37] 日志级别：DEBUG 出错类：ApplicationInfoLog property:[(null)] - 错误描述：Final work for transaction being performed
记录时间：2015-07-01 19:04:47,492 线程ID:[37] 日志级别：DEBUG 出错类：ApplicationInfoLog property:[(null)] - 错误描述：Transaction disposed
记录时间：2015-07-01 19:04:47,515 线程ID:[24] 日志级别：DEBUG 出错类：ApplicationInfoLog property:[(null)] - 错误描述：Marking transaction as complete
记录时间：2015-07-01 19:04:47,515 线程ID:[24] 日志级别：DEBUG 出错类：ApplicationInfoLog property:[(null)] - 错误描述：Final work for transaction being performed
记录时间：2015-07-01 19:04:47,516 线程ID:[24] 日志级别：DEBUG 出错类：ApplicationInfoLog property:[(null)] - 错误描述：Transaction disposed
记录时间：2015-07-01 19:04:47,802 线程ID:[36] 日志级别：DEBUG 出错类：ApplicationInfoLog property:[(null)] - 错误描述：Marking transaction as complete
记录时间：2015-07-01 19:04:47,802 线程ID:[36] 日志级别：DEBUG 出错类：ApplicationInfoLog property:[(null)] - 错误描述：Final work for transaction being performed
记录时间：2015-07-01 19:04:47,802 线程ID:[36] 日志级别：DEBUG 出错类：ApplicationInfoLog property:[(null)] - 错误描述：Transaction disposed
记录时间：2015-07-01 19:05:00,399 线程ID:[24] 日志级别：DEBUG 出错类：ApplicationInfoLog property:[(null)] - 错误描述：Marking transaction as complete
记录时间：2015-07-01 19:05:00,399 线程ID:[24] 日志级别：DEBUG 出错类：ApplicationInfoLog property:[(null)] - 错误描述：Final work for transaction being performed
记录时间：2015-07-01 19:05:00,399 线程ID:[24] 日志级别：DEBUG 出错类：ApplicationInfoLog property:[(null)] - 错误描述：Transaction disposed
记录时间：2015-07-01 19:05:00,596 线程ID:[34] 日志级别：DEBUG 出错类：ApplicationInfoLog property:[(null)] - 错误描述：Marking transaction as complete
记录时间：2015-07-01 19:05:00,596 线程ID:[34] 日志级别：DEBUG 出错类：ApplicationInfoLog property:[(null)] - 错误描述：Final work for transaction being performed
记录时间：2015-07-01 19:05:00,596 线程ID:[34] 日志级别：DEBUG 出错类：ApplicationInfoLog property:[(null)] - 错误描述：Transaction disposed
记录时间：2015-07-01 19:05:00,753 线程ID:[26] 日志级别：DEBUG 出错类：ApplicationInfoLog property:[(null)] - 错误描述：Marking transaction as complete
记录时间：2015-07-01 19:05:00,753 线程ID:[26] 日志级别：DEBUG 出错类：ApplicationInfoLog property:[(null)] - 错误描述：Final work for transaction being performed
记录时间：2015-07-01 19:05:00,753 线程ID:[26] 日志级别：DEBUG 出错类：ApplicationInfoLog property:[(null)] - 错误描述：Transaction disposed
记录时间：2015-07-01 19:05:05,596 线程ID:[12] 日志级别：DEBUG 出错类：ApplicationInfoLog property:[(null)] - 错误描述：验证用户 xuby
记录时间：2015-07-01 19:05:05,596 线程ID:[12] 日志级别：INFO  出错类：ApplicationInfoLog property:[(null)] - 错误描述：检查client_id,client_id=eTrade,redirect-uri=http://www.yiwutongsc.com/permission/ssoLoginCallback
记录时间：2015-07-01 19:05:05,597 线程ID:[12] 日志级别：DEBUG 出错类：ApplicationInfoLog property:[(null)] - 错误描述：Acquiring session for 
记录时间：2015-07-01 19:05:05,597 线程ID:[12] 日志级别：INFO  出错类：ApplicationInfoLog property:[(null)] - 错误描述：Openning database session
记录时间：2015-07-01 19:05:05,597 线程ID:[12] 日志级别：DEBUG 出错类：ApplicationInfoLog property:[(null)] - 错误描述：Creating transaction on Demand
记录时间：2015-07-01 19:05:05,605 线程ID:[12] 日志级别：DEBUG 出错类：ApplicationInfoLog property:[(null)] - 错误描述：Marking transaction as complete
记录时间：2015-07-01 19:05:05,605 线程ID:[12] 日志级别：DEBUG 出错类：ApplicationInfoLog property:[(null)] - 错误描述：Final work for transaction being performed
记录时间：2015-07-01 19:05:05,605 线程ID:[12] 日志级别：DEBUG 出错类：ApplicationInfoLog property:[(null)] - 错误描述：Transaction disposed
记录时间：2015-07-01 19:05:05,625 线程ID:[36] 日志级别：DEBUG 出错类：ApplicationInfoLog property:[(null)] - 错误描述：Marking transaction as complete
记录时间：2015-07-01 19:05:05,626 线程ID:[36] 日志级别：DEBUG 出错类：ApplicationInfoLog property:[(null)] - 错误描述：Final work for transaction being performed
记录时间：2015-07-01 19:05:05,626 线程ID:[36] 日志级别：DEBUG 出错类：ApplicationInfoLog property:[(null)] - 错误描述：Transaction disposed
记录时间：2015-07-01 19:05:05,636 线程ID:[34] 日志级别：DEBUG 出错类：ApplicationInfoLog property:[(null)] - 错误描述：Marking transaction as complete
记录时间：2015-07-01 19:05:05,636 线程ID:[34] 日志级别：DEBUG 出错类：ApplicationInfoLog property:[(null)] - 错误描述：Final work for transaction being performed
记录时间：2015-07-01 19:05:05,636 线程ID:[34] 日志级别：DEBUG 出错类：ApplicationInfoLog property:[(null)] - 错误描述：Transaction disposed
记录时间：2015-07-01 19:05:10,491 线程ID:[24] 日志级别：DEBUG 出错类：ApplicationInfoLog property:[(null)] - 错误描述：Marking transaction as complete
记录时间：2015-07-01 19:05:10,491 线程ID:[24] 日志级别：DEBUG 出错类：ApplicationInfoLog property:[(null)] - 错误描述：Final work for transaction being performed
记录时间：2015-07-01 19:05:10,491 线程ID:[24] 日志级别：DEBUG 出错类：ApplicationInfoLog property:[(null)] - 错误描述：Transaction disposed
记录时间：2015-07-01 19:05:11,335 线程ID:[12] 日志级别：DEBUG 出错类：ApplicationInfoLog property:[(null)] - 错误描述：Marking transaction as complete
记录时间：2015-07-01 19:05:11,335 线程ID:[12] 日志级别：DEBUG 出错类：ApplicationInfoLog property:[(null)] - 错误描述：Final work for transaction being performed
记录时间：2015-07-01 19:05:11,336 线程ID:[12] 日志级别：DEBUG 出错类：ApplicationInfoLog property:[(null)] - 错误描述：Transaction disposed
记录时间：2015-07-01 19:05:21,999 线程ID:[26] 日志级别：DEBUG 出错类：ApplicationInfoLog property:[(null)] - 错误描述：Marking transaction as complete
记录时间：2015-07-01 19:05:21,999 线程ID:[26] 日志级别：DEBUG 出错类：ApplicationInfoLog property:[(null)] - 错误描述：Final work for transaction being performed
记录时间：2015-07-01 19:05:21,999 线程ID:[26] 日志级别：DEBUG 出错类：ApplicationInfoLog property:[(null)] - 错误描述：Transaction disposed
记录时间：2015-07-01 19:05:22,017 线程ID:[43] 日志级别：DEBUG 出错类：ApplicationInfoLog property:[(null)] - 错误描述：Marking transaction as complete
记录时间：2015-07-01 19:05:22,017 线程ID:[43] 日志级别：DEBUG 出错类：ApplicationInfoLog property:[(null)] - 错误描述：Final work for transaction being performed
记录时间：2015-07-01 19:05:22,017 线程ID:[43] 日志级别：DEBUG 出错类：ApplicationInfoLog property:[(null)] - 错误描述：Transaction disposed
记录时间：2015-07-01 19:05:25,642 线程ID:[36] 日志级别：DEBUG 出错类：ApplicationInfoLog property:[(null)] - 错误描述：Marking transaction as complete
记录时间：2015-07-01 19:05:25,642 线程ID:[36] 日志级别：DEBUG 出错类：ApplicationInfoLog property:[(null)] - 错误描述：Final work for transaction being performed
记录时间：2015-07-01 19:05:25,642 线程ID:[36] 日志级别：DEBUG 出错类：ApplicationInfoLog property:[(null)] - 错误描述：Transaction disposed
记录时间：2015-07-01 19:05:25,656 线程ID:[34] 日志级别：DEBUG 出错类：ApplicationInfoLog property:[(null)] - 错误描述：Marking transaction as complete
记录时间：2015-07-01 19:05:25,656 线程ID:[34] 日志级别：DEBUG 出错类：ApplicationInfoLog property:[(null)] - 错误描述：Final work for transaction being performed
记录时间：2015-07-01 19:05:25,656 线程ID:[34] 日志级别：DEBUG 出错类：ApplicationInfoLog property:[(null)] - 错误描述：Transaction disposed
记录时间：2015-07-01 19:05:28,834 线程ID:[43] 日志级别：DEBUG 出错类：ApplicationInfoLog property:[(null)] - 错误描述：Marking transaction as complete
记录时间：2015-07-01 19:05:28,834 线程ID:[43] 日志级别：DEBUG 出错类：ApplicationInfoLog property:[(null)] - 错误描述：Final work for transaction being performed
记录时间：2015-07-01 19:05:28,834 线程ID:[43] 日志级别：DEBUG 出错类：ApplicationInfoLog property:[(null)] - 错误描述：Transaction disposed
记录时间：2015-07-01 19:05:28,848 线程ID:[24] 日志级别：DEBUG 出错类：ApplicationInfoLog property:[(null)] - 错误描述：Marking transaction as complete
记录时间：2015-07-01 19:05:28,848 线程ID:[24] 日志级别：DEBUG 出错类：ApplicationInfoLog property:[(null)] - 错误描述：Final work for transaction being performed
记录时间：2015-07-01 19:05:28,848 线程ID:[24] 日志级别：DEBUG 出错类：ApplicationInfoLog property:[(null)] - 错误描述：Transaction disposed
记录时间：2015-07-01 19:10:05,294 线程ID:[14] 日志级别：DEBUG 出错类：ApplicationInfoLog property:[(null)] - 错误描述：Marking transaction as complete
记录时间：2015-07-01 19:10:05,294 线程ID:[14] 日志级别：DEBUG 出错类：ApplicationInfoLog property:[(null)] - 错误描述：Final work for transaction being performed
记录时间：2015-07-01 19:10:05,294 线程ID:[14] 日志级别：DEBUG 出错类：ApplicationInfoLog property:[(null)] - 错误描述：Transaction disposed
记录时间：2015-07-01 19:10:05,407 线程ID:[26] 日志级别：DEBUG 出错类：ApplicationInfoLog property:[(null)] - 错误描述：Marking transaction as complete
记录时间：2015-07-01 19:10:05,407 线程ID:[26] 日志级别：DEBUG 出错类：ApplicationInfoLog property:[(null)] - 错误描述：Final work for transaction being performed
记录时间：2015-07-01 19:10:05,407 线程ID:[26] 日志级别：DEBUG 出错类：ApplicationInfoLog property:[(null)] - 错误描述：Transaction disposed
