记录时间：2015-02-26 16:50:45,969 线程ID:[6] 日志级别：DEBUG 出错类：ApplicationInfoLog property:[(null)] - 错误描述：Marking transaction as complete
记录时间：2015-02-26 16:50:45,989 线程ID:[6] 日志级别：DEBUG 出错类：ApplicationInfoLog property:[(null)] - 错误描述：Final work for transaction being performed
记录时间：2015-02-26 16:50:45,989 线程ID:[6] 日志级别：DEBUG 出错类：ApplicationInfoLog property:[(null)] - 错误描述：Transaction disposed
记录时间：2015-02-26 16:50:47,284 线程ID:[5] 日志级别：DEBUG 出错类：ApplicationInfoLog property:[(null)] - 错误描述：Marking transaction as complete
记录时间：2015-02-26 16:50:47,284 线程ID:[5] 日志级别：DEBUG 出错类：ApplicationInfoLog property:[(null)] - 错误描述：Final work for transaction being performed
记录时间：2015-02-26 16:50:47,284 线程ID:[5] 日志级别：DEBUG 出错类：ApplicationInfoLog property:[(null)] - 错误描述：Transaction disposed
记录时间：2015-02-26 16:50:48,070 线程ID:[8] 日志级别：DEBUG 出错类：ApplicationInfoLog property:[(null)] - 错误描述：Marking transaction as complete
记录时间：2015-02-26 16:50:48,070 线程ID:[8] 日志级别：DEBUG 出错类：ApplicationInfoLog property:[(null)] - 错误描述：Final work for transaction being performed
记录时间：2015-02-26 16:50:48,070 线程ID:[8] 日志级别：DEBUG 出错类：ApplicationInfoLog property:[(null)] - 错误描述：Transaction disposed
记录时间：2015-02-26 16:53:41,653 线程ID:[6] 日志级别：DEBUG 出错类：ApplicationInfoLog property:[(null)] - 错误描述：Acquiring session for 
记录时间：2015-02-26 16:53:41,653 线程ID:[6] 日志级别：DEBUG 出错类：ApplicationInfoLog property:[(null)] - 错误描述：Building session factory
记录时间：2015-02-26 16:53:41,654 线程ID:[6] 日志级别：DEBUG 出错类：ApplicationInfoLog property:[(null)] - 错误描述：Building configuration
记录时间：2015-02-26 16:53:42,153 线程ID:[6] 日志级别：DEBUG 出错类：ApplicationInfoLog property:[(null)] - 错误描述：Done Building configuration
记录时间：2015-02-26 16:53:43,015 线程ID:[6] 日志级别：DEBUG 出错类：ApplicationInfoLog property:[(null)] - 错误描述：Done building session factory
记录时间：2015-02-26 16:53:43,015 线程ID:[6] 日志级别：INFO  出错类：ApplicationInfoLog property:[(null)] - 错误描述：Openning database session
记录时间：2015-02-26 16:53:43,047 线程ID:[6] 日志级别：DEBUG 出错类：ApplicationInfoLog property:[(null)] - 错误描述：Creating transaction on Demand
记录时间：2015-02-26 16:53:43,587 线程ID:[6] 日志级别：DEBUG 出错类：ApplicationInfoLog property:[(null)] - 错误描述：验证用户 qsadmin
记录时间：2015-02-26 16:53:43,604 线程ID:[6] 日志级别：DEBUG 出错类：ApplicationInfoLog property:[(null)] - 错误描述：Marking transaction as complete
记录时间：2015-02-26 16:53:43,660 线程ID:[6] 日志级别：DEBUG 出错类：ApplicationInfoLog property:[(null)] - 错误描述：Final work for transaction being performed
记录时间：2015-02-26 16:53:43,661 线程ID:[6] 日志级别：DEBUG 出错类：ApplicationInfoLog property:[(null)] - 错误描述：Transaction disposed
记录时间：2015-02-26 16:53:45,351 线程ID:[5] 日志级别：INFO  出错类：ApplicationInfoLog property:[(null)] - 错误描述：MenuService.GetMenus(IUser):IEnumerable<MenuEntry> : user:10
记录时间：2015-02-26 16:53:45,384 线程ID:[5] 日志级别：DEBUG 出错类：ApplicationInfoLog property:[(null)] - 错误描述：Acquiring session for 
记录时间：2015-02-26 16:53:45,384 线程ID:[5] 日志级别：INFO  出错类：ApplicationInfoLog property:[(null)] - 错误描述：Openning database session
记录时间：2015-02-26 16:53:45,384 线程ID:[5] 日志级别：DEBUG 出错类：ApplicationInfoLog property:[(null)] - 错误描述：Creating transaction on Demand
记录时间：2015-02-26 16:53:45,708 线程ID:[5] 日志级别：DEBUG 出错类：ApplicationInfoLog property:[(null)] - 错误描述：Marking transaction as complete
记录时间：2015-02-26 16:53:45,710 线程ID:[5] 日志级别：DEBUG 出错类：ApplicationInfoLog property:[(null)] - 错误描述：Final work for transaction being performed
记录时间：2015-02-26 16:53:45,710 线程ID:[5] 日志级别：DEBUG 出错类：ApplicationInfoLog property:[(null)] - 错误描述：Transaction disposed
记录时间：2015-02-26 16:53:50,650 线程ID:[7] 日志级别：INFO  出错类：ApplicationInfoLog property:[(null)] - 错误描述：MenuService.GetMenus(IUser):IEnumerable<MenuEntry> : user:10
记录时间：2015-02-26 16:53:50,651 线程ID:[7] 日志级别：DEBUG 出错类：ApplicationInfoLog property:[(null)] - 错误描述：Marking transaction as complete
记录时间：2015-02-26 16:53:50,651 线程ID:[7] 日志级别：DEBUG 出错类：ApplicationInfoLog property:[(null)] - 错误描述：Final work for transaction being performed
记录时间：2015-02-26 16:53:50,651 线程ID:[7] 日志级别：DEBUG 出错类：ApplicationInfoLog property:[(null)] - 错误描述：Transaction disposed
记录时间：2015-02-26 16:53:53,257 线程ID:[6] 日志级别：INFO  出错类：ApplicationInfoLog property:[(null)] - 错误描述：MenuService.GetMenus(IUser):IEnumerable<MenuEntry> : user:10
记录时间：2015-02-26 16:53:53,258 线程ID:[6] 日志级别：DEBUG 出错类：ApplicationInfoLog property:[(null)] - 错误描述：Marking transaction as complete
记录时间：2015-02-26 16:53:53,258 线程ID:[6] 日志级别：DEBUG 出错类：ApplicationInfoLog property:[(null)] - 错误描述：Final work for transaction being performed
记录时间：2015-02-26 16:53:53,258 线程ID:[6] 日志级别：DEBUG 出错类：ApplicationInfoLog property:[(null)] - 错误描述：Transaction disposed
记录时间：2015-02-26 16:54:00,356 线程ID:[5] 日志级别：DEBUG 出错类：ApplicationInfoLog property:[(null)] - 错误描述：Acquiring session for 
记录时间：2015-02-26 16:54:00,356 线程ID:[5] 日志级别：INFO  出错类：ApplicationInfoLog property:[(null)] - 错误描述：Openning database session
记录时间：2015-02-26 16:54:00,356 线程ID:[5] 日志级别：DEBUG 出错类：ApplicationInfoLog property:[(null)] - 错误描述：Creating transaction on Demand
记录时间：2015-02-26 16:54:00,377 线程ID:[5] 日志级别：DEBUG 出错类：ApplicationInfoLog property:[(null)] - 错误描述：Acquiring session for 
记录时间：2015-02-26 16:54:00,467 线程ID:[5] 日志级别：INFO  出错类：ApplicationInfoLog property:[(null)] - 错误描述：MenuService.GetMenus(IUser):IEnumerable<MenuEntry> : user:10
记录时间：2015-02-26 16:54:00,468 线程ID:[5] 日志级别：DEBUG 出错类：ApplicationInfoLog property:[(null)] - 错误描述：Marking transaction as complete
记录时间：2015-02-26 16:54:00,469 线程ID:[5] 日志级别：DEBUG 出错类：ApplicationInfoLog property:[(null)] - 错误描述：Final work for transaction being performed
记录时间：2015-02-26 16:54:00,469 线程ID:[5] 日志级别：DEBUG 出错类：ApplicationInfoLog property:[(null)] - 错误描述：Transaction disposed
