记录时间：2014-08-26 08:35:43,951 线程ID:[5] 日志级别：DEBUG 出错类：ApplicationInfoLog property:[(null)] - 错误描述：Marking transaction as complete
记录时间：2014-08-26 08:35:43,970 线程ID:[5] 日志级别：DEBUG 出错类：ApplicationInfoLog property:[(null)] - 错误描述：Final work for transaction being performed
记录时间：2014-08-26 08:35:43,970 线程ID:[5] 日志级别：DEBUG 出错类：ApplicationInfoLog property:[(null)] - 错误描述：Transaction disposed
记录时间：2014-08-26 08:35:43,995 线程ID:[4] 日志级别：ERROR 出错类：ApplicationInfoLog property:[(null)] - 错误描述：redirect_uri=
记录时间：2014-08-26 08:35:44,095 线程ID:[4] 日志级别：DEBUG 出错类：ApplicationInfoLog property:[(null)] - 错误描述：Marking transaction as complete
记录时间：2014-08-26 08:35:44,095 线程ID:[4] 日志级别：DEBUG 出错类：ApplicationInfoLog property:[(null)] - 错误描述：Final work for transaction being performed
记录时间：2014-08-26 08:35:44,095 线程ID:[4] 日志级别：DEBUG 出错类：ApplicationInfoLog property:[(null)] - 错误描述：Transaction disposed
记录时间：2014-08-26 08:35:45,001 线程ID:[4] 日志级别：DEBUG 出错类：ApplicationInfoLog property:[(null)] - 错误描述：Marking transaction as complete
记录时间：2014-08-26 08:35:45,001 线程ID:[4] 日志级别：DEBUG 出错类：ApplicationInfoLog property:[(null)] - 错误描述：Final work for transaction being performed
记录时间：2014-08-26 08:35:45,001 线程ID:[4] 日志级别：DEBUG 出错类：ApplicationInfoLog property:[(null)] - 错误描述：Transaction disposed
记录时间：2014-08-26 08:43:11,645 线程ID:[4] 日志级别：DEBUG 出错类：ApplicationInfoLog property:[(null)] - 错误描述：Marking transaction as complete
记录时间：2014-08-26 08:43:11,653 线程ID:[4] 日志级别：DEBUG 出错类：ApplicationInfoLog property:[(null)] - 错误描述：Final work for transaction being performed
记录时间：2014-08-26 08:43:11,654 线程ID:[4] 日志级别：DEBUG 出错类：ApplicationInfoLog property:[(null)] - 错误描述：Transaction disposed
记录时间：2014-08-26 08:43:11,721 线程ID:[5] 日志级别：ERROR 出错类：ApplicationInfoLog property:[(null)] - 错误描述：redirect_uri=
记录时间：2014-08-26 08:43:12,384 线程ID:[5] 日志级别：DEBUG 出错类：ApplicationInfoLog property:[(null)] - 错误描述：Marking transaction as complete
记录时间：2014-08-26 08:43:12,384 线程ID:[5] 日志级别：DEBUG 出错类：ApplicationInfoLog property:[(null)] - 错误描述：Final work for transaction being performed
记录时间：2014-08-26 08:43:12,384 线程ID:[5] 日志级别：DEBUG 出错类：ApplicationInfoLog property:[(null)] - 错误描述：Transaction disposed
记录时间：2014-08-26 08:43:13,270 线程ID:[11] 日志级别：DEBUG 出错类：ApplicationInfoLog property:[(null)] - 错误描述：Marking transaction as complete
记录时间：2014-08-26 08:43:13,270 线程ID:[11] 日志级别：DEBUG 出错类：ApplicationInfoLog property:[(null)] - 错误描述：Final work for transaction being performed
记录时间：2014-08-26 08:43:13,270 线程ID:[11] 日志级别：DEBUG 出错类：ApplicationInfoLog property:[(null)] - 错误描述：Transaction disposed
记录时间：2014-08-26 08:56:56,033 线程ID:[25] 日志级别：ERROR 出错类：ApplicationInfoLog property:[(null)] - 错误描述：redirect_uri=http://www.tradeserving.com:10010/permission/ssoLoginCallback?callback=http://www.tradeserving.com:10010/manage/
记录时间：2014-08-26 08:56:56,125 线程ID:[25] 日志级别：DEBUG 出错类：ApplicationInfoLog property:[(null)] - 错误描述：Marking transaction as complete
记录时间：2014-08-26 08:56:56,125 线程ID:[25] 日志级别：DEBUG 出错类：ApplicationInfoLog property:[(null)] - 错误描述：Final work for transaction being performed
记录时间：2014-08-26 08:56:56,125 线程ID:[25] 日志级别：DEBUG 出错类：ApplicationInfoLog property:[(null)] - 错误描述：Transaction disposed
记录时间：2014-08-26 08:56:57,030 线程ID:[26] 日志级别：DEBUG 出错类：ApplicationInfoLog property:[(null)] - 错误描述：Marking transaction as complete
记录时间：2014-08-26 08:56:57,031 线程ID:[26] 日志级别：DEBUG 出错类：ApplicationInfoLog property:[(null)] - 错误描述：Final work for transaction being performed
记录时间：2014-08-26 08:56:57,031 线程ID:[26] 日志级别：DEBUG 出错类：ApplicationInfoLog property:[(null)] - 错误描述：Transaction disposed
记录时间：2014-08-26 08:57:05,450 线程ID:[25] 日志级别：DEBUG 出错类：ApplicationInfoLog property:[(null)] - 错误描述：Acquiring session for 
记录时间：2014-08-26 08:57:05,451 线程ID:[25] 日志级别：DEBUG 出错类：ApplicationInfoLog property:[(null)] - 错误描述：Building session factory
记录时间：2014-08-26 08:57:05,451 线程ID:[25] 日志级别：DEBUG 出错类：ApplicationInfoLog property:[(null)] - 错误描述：Building configuration
记录时间：2014-08-26 08:57:06,507 线程ID:[25] 日志级别：DEBUG 出错类：ApplicationInfoLog property:[(null)] - 错误描述：Done Building configuration
记录时间：2014-08-26 08:57:07,452 线程ID:[25] 日志级别：DEBUG 出错类：ApplicationInfoLog property:[(null)] - 错误描述：Done building session factory
记录时间：2014-08-26 08:57:07,452 线程ID:[25] 日志级别：INFO  出错类：ApplicationInfoLog property:[(null)] - 错误描述：Openning database session
记录时间：2014-08-26 08:57:07,468 线程ID:[25] 日志级别：DEBUG 出错类：ApplicationInfoLog property:[(null)] - 错误描述：Creating transaction on Demand
记录时间：2014-08-26 08:57:08,009 线程ID:[25] 日志级别：DEBUG 出错类：ApplicationInfoLog property:[(null)] - 错误描述：验证用户 qsadmin
记录时间：2014-08-26 08:57:08,010 线程ID:[25] 日志级别：ERROR 出错类：ApplicationInfoLog property:[(null)] - 错误描述：访问的url=http://www.tradeserving.com:10010/permission/ssoLoginCallback?callback=http://www.tradeserving.com:10010/manage/
记录时间：2014-08-26 08:57:08,010 线程ID:[25] 日志级别：ERROR 出错类：ApplicationInfoLog property:[(null)] - 错误描述：url=http://www.tradeserving.com:10010/permission/ssoLoginCallback?callback=http://www.tradeserving.com:10010/manage/,currentUrl=http://localhost:2013
记录时间：2014-08-26 08:57:08,017 线程ID:[25] 日志级别：INFO  出错类：ApplicationInfoLog property:[(null)] - 错误描述：检查client_id,client_id=eTrade,redirect-uri=http://www.tradeserving.com:10010/permission/ssoLoginCallback
记录时间：2014-08-26 08:57:08,026 线程ID:[25] 日志级别：ERROR 出错类：ApplicationInfoLog property:[(null)] - 错误描述：访问的url=http://www.tradeserving.com:10010/permission/ssoLoginCallback?callback=http://www.tradeserving.com:10010/manage/
记录时间：2014-08-26 08:57:08,026 线程ID:[25] 日志级别：ERROR 出错类：ApplicationInfoLog property:[(null)] - 错误描述：url=http://www.tradeserving.com:10010/permission/ssoLoginCallback?callback=http://www.tradeserving.com:10010/manage/,currentUrl=http://localhost:2013
记录时间：2014-08-26 08:57:08,031 线程ID:[25] 日志级别：DEBUG 出错类：ApplicationInfoLog property:[(null)] - 错误描述：Marking transaction as complete
记录时间：2014-08-26 08:57:08,067 线程ID:[25] 日志级别：DEBUG 出错类：ApplicationInfoLog property:[(null)] - 错误描述：Final work for transaction being performed
记录时间：2014-08-26 08:57:08,067 线程ID:[25] 日志级别：DEBUG 出错类：ApplicationInfoLog property:[(null)] - 错误描述：Transaction disposed
记录时间：2014-08-26 09:07:08,533 线程ID:[4] 日志级别：DEBUG 出错类：ApplicationInfoLog property:[(null)] - 错误描述：Acquiring session for 
记录时间：2014-08-26 09:07:08,540 线程ID:[4] 日志级别：DEBUG 出错类：ApplicationInfoLog property:[(null)] - 错误描述：Building session factory
记录时间：2014-08-26 09:07:08,540 线程ID:[4] 日志级别：DEBUG 出错类：ApplicationInfoLog property:[(null)] - 错误描述：Building configuration
记录时间：2014-08-26 09:07:09,181 线程ID:[4] 日志级别：DEBUG 出错类：ApplicationInfoLog property:[(null)] - 错误描述：Done Building configuration
记录时间：2014-08-26 09:07:09,960 线程ID:[4] 日志级别：DEBUG 出错类：ApplicationInfoLog property:[(null)] - 错误描述：Done building session factory
记录时间：2014-08-26 09:07:09,960 线程ID:[4] 日志级别：INFO  出错类：ApplicationInfoLog property:[(null)] - 错误描述：Openning database session
记录时间：2014-08-26 09:07:09,976 线程ID:[4] 日志级别：DEBUG 出错类：ApplicationInfoLog property:[(null)] - 错误描述：Creating transaction on Demand
记录时间：2014-08-26 09:07:10,554 线程ID:[4] 日志级别：INFO  出错类：ApplicationInfoLog property:[(null)] - 错误描述：MenuService.GetMenus(IUser):IEnumerable<MenuEntry> : user:10
记录时间：2014-08-26 09:07:10,573 线程ID:[4] 日志级别：DEBUG 出错类：ApplicationInfoLog property:[(null)] - 错误描述：Acquiring session for 
记录时间：2014-08-26 09:07:11,299 线程ID:[4] 日志级别：INFO  出错类：ApplicationInfoLog property:[(null)] - 错误描述：MenuService.GetMenus(IUser):IEnumerable<MenuEntry> : user:10
记录时间：2014-08-26 09:07:11,368 线程ID:[4] 日志级别：DEBUG 出错类：ApplicationInfoLog property:[(null)] - 错误描述：Marking transaction as complete
记录时间：2014-08-26 09:07:11,393 线程ID:[4] 日志级别：DEBUG 出错类：ApplicationInfoLog property:[(null)] - 错误描述：Final work for transaction being performed
记录时间：2014-08-26 09:07:11,393 线程ID:[4] 日志级别：DEBUG 出错类：ApplicationInfoLog property:[(null)] - 错误描述：Transaction disposed
记录时间：2014-08-26 09:07:42,874 线程ID:[13] 日志级别：DEBUG 出错类：ApplicationInfoLog property:[(null)] - 错误描述：Marking transaction as complete
记录时间：2014-08-26 09:07:42,874 线程ID:[13] 日志级别：DEBUG 出错类：ApplicationInfoLog property:[(null)] - 错误描述：Final work for transaction being performed
记录时间：2014-08-26 09:07:42,874 线程ID:[13] 日志级别：DEBUG 出错类：ApplicationInfoLog property:[(null)] - 错误描述：Transaction disposed
记录时间：2014-08-26 09:07:43,098 线程ID:[11] 日志级别：ERROR 出错类：ApplicationInfoLog property:[(null)] - 错误描述：redirect_uri=
记录时间：2014-08-26 09:07:43,330 线程ID:[11] 日志级别：DEBUG 出错类：ApplicationInfoLog property:[(null)] - 错误描述：Marking transaction as complete
记录时间：2014-08-26 09:07:43,330 线程ID:[11] 日志级别：DEBUG 出错类：ApplicationInfoLog property:[(null)] - 错误描述：Final work for transaction being performed
记录时间：2014-08-26 09:07:43,330 线程ID:[11] 日志级别：DEBUG 出错类：ApplicationInfoLog property:[(null)] - 错误描述：Transaction disposed
记录时间：2014-08-26 09:07:44,128 线程ID:[11] 日志级别：DEBUG 出错类：ApplicationInfoLog property:[(null)] - 错误描述：Marking transaction as complete
记录时间：2014-08-26 09:07:44,128 线程ID:[11] 日志级别：DEBUG 出错类：ApplicationInfoLog property:[(null)] - 错误描述：Final work for transaction being performed
记录时间：2014-08-26 09:07:44,128 线程ID:[11] 日志级别：DEBUG 出错类：ApplicationInfoLog property:[(null)] - 错误描述：Transaction disposed
记录时间：2014-08-26 09:07:49,814 线程ID:[13] 日志级别：ERROR 出错类：ApplicationInfoLog property:[(null)] - 错误描述：redirect_uri=http://www.tradeserving.com:10010/permission/ssoLoginCallback?callback=http://www.tradeserving.com:10010/manage/
记录时间：2014-08-26 09:07:49,889 线程ID:[13] 日志级别：DEBUG 出错类：ApplicationInfoLog property:[(null)] - 错误描述：Marking transaction as complete
记录时间：2014-08-26 09:07:49,889 线程ID:[13] 日志级别：DEBUG 出错类：ApplicationInfoLog property:[(null)] - 错误描述：Final work for transaction being performed
记录时间：2014-08-26 09:07:49,889 线程ID:[13] 日志级别：DEBUG 出错类：ApplicationInfoLog property:[(null)] - 错误描述：Transaction disposed
记录时间：2014-08-26 09:07:50,169 线程ID:[13] 日志级别：DEBUG 出错类：ApplicationInfoLog property:[(null)] - 错误描述：Marking transaction as complete
记录时间：2014-08-26 09:07:50,169 线程ID:[13] 日志级别：DEBUG 出错类：ApplicationInfoLog property:[(null)] - 错误描述：Final work for transaction being performed
记录时间：2014-08-26 09:07:50,169 线程ID:[13] 日志级别：DEBUG 出错类：ApplicationInfoLog property:[(null)] - 错误描述：Transaction disposed
记录时间：2014-08-26 09:07:56,452 线程ID:[6] 日志级别：DEBUG 出错类：ApplicationInfoLog property:[(null)] - 错误描述：验证用户 qsadmin
记录时间：2014-08-26 09:07:56,453 线程ID:[6] 日志级别：ERROR 出错类：ApplicationInfoLog property:[(null)] - 错误描述：访问的url=http://www.tradeserving.com:10010/permission/ssoLoginCallback?callback=http://www.tradeserving.com:10010/manage/
记录时间：2014-08-26 09:07:56,453 线程ID:[6] 日志级别：ERROR 出错类：ApplicationInfoLog property:[(null)] - 错误描述：url=http://www.tradeserving.com:10010/permission/ssoLoginCallback?callback=http://www.tradeserving.com:10010/manage/,currentUrl=http://localhost:2013
记录时间：2014-08-26 09:07:56,460 线程ID:[6] 日志级别：INFO  出错类：ApplicationInfoLog property:[(null)] - 错误描述：检查client_id,client_id=eTrade,redirect-uri=http://www.tradeserving.com:10010/permission/ssoLoginCallback
记录时间：2014-08-26 09:07:56,665 线程ID:[6] 日志级别：DEBUG 出错类：ApplicationInfoLog property:[(null)] - 错误描述：Marking transaction as complete
记录时间：2014-08-26 09:07:56,665 线程ID:[6] 日志级别：DEBUG 出错类：ApplicationInfoLog property:[(null)] - 错误描述：Final work for transaction being performed
记录时间：2014-08-26 09:07:56,665 线程ID:[6] 日志级别：DEBUG 出错类：ApplicationInfoLog property:[(null)] - 错误描述：Transaction disposed
记录时间：2014-08-26 09:07:58,398 线程ID:[4] 日志级别：INFO  出错类：ApplicationInfoLog property:[(null)] - 错误描述：MenuService.GetMenus(IUser):IEnumerable<MenuEntry> : user:10
记录时间：2014-08-26 09:07:58,403 线程ID:[4] 日志级别：DEBUG 出错类：ApplicationInfoLog property:[(null)] - 错误描述：Marking transaction as complete
记录时间：2014-08-26 09:07:58,403 线程ID:[4] 日志级别：DEBUG 出错类：ApplicationInfoLog property:[(null)] - 错误描述：Final work for transaction being performed
记录时间：2014-08-26 09:07:58,403 线程ID:[4] 日志级别：DEBUG 出错类：ApplicationInfoLog property:[(null)] - 错误描述：Transaction disposed
记录时间：2014-08-26 09:09:57,430 线程ID:[10] 日志级别：INFO  出错类：ApplicationInfoLog property:[(null)] - 错误描述：MenuService.GetMenus(IUser):IEnumerable<MenuEntry> : user:10
记录时间：2014-08-26 09:09:57,433 线程ID:[10] 日志级别：DEBUG 出错类：ApplicationInfoLog property:[(null)] - 错误描述：Marking transaction as complete
记录时间：2014-08-26 09:09:57,433 线程ID:[10] 日志级别：DEBUG 出错类：ApplicationInfoLog property:[(null)] - 错误描述：Final work for transaction being performed
记录时间：2014-08-26 09:09:57,433 线程ID:[10] 日志级别：DEBUG 出错类：ApplicationInfoLog property:[(null)] - 错误描述：Transaction disposed
记录时间：2014-08-26 09:13:06,455 线程ID:[18] 日志级别：INFO  出错类：ApplicationInfoLog property:[(null)] - 错误描述：MenuService.GetMenus(IUser):IEnumerable<MenuEntry> : user:10
记录时间：2014-08-26 09:13:06,461 线程ID:[18] 日志级别：DEBUG 出错类：ApplicationInfoLog property:[(null)] - 错误描述：Marking transaction as complete
记录时间：2014-08-26 09:13:06,461 线程ID:[18] 日志级别：DEBUG 出错类：ApplicationInfoLog property:[(null)] - 错误描述：Final work for transaction being performed
记录时间：2014-08-26 09:13:06,461 线程ID:[18] 日志级别：DEBUG 出错类：ApplicationInfoLog property:[(null)] - 错误描述：Transaction disposed
记录时间：2014-08-26 09:17:23,203 线程ID:[23] 日志级别：INFO  出错类：ApplicationInfoLog property:[(null)] - 错误描述：MenuService.GetMenus(IUser):IEnumerable<MenuEntry> : user:10
记录时间：2014-08-26 09:17:23,209 线程ID:[23] 日志级别：DEBUG 出错类：ApplicationInfoLog property:[(null)] - 错误描述：Marking transaction as complete
记录时间：2014-08-26 09:17:23,209 线程ID:[23] 日志级别：DEBUG 出错类：ApplicationInfoLog property:[(null)] - 错误描述：Final work for transaction being performed
记录时间：2014-08-26 09:17:23,209 线程ID:[23] 日志级别：DEBUG 出错类：ApplicationInfoLog property:[(null)] - 错误描述：Transaction disposed
记录时间：2014-08-26 09:18:18,883 线程ID:[28] 日志级别：INFO  出错类：ApplicationInfoLog property:[(null)] - 错误描述：MenuService.GetMenus(IUser):IEnumerable<MenuEntry> : user:10
记录时间：2014-08-26 09:18:18,889 线程ID:[28] 日志级别：DEBUG 出错类：ApplicationInfoLog property:[(null)] - 错误描述：Marking transaction as complete
记录时间：2014-08-26 09:18:18,889 线程ID:[28] 日志级别：DEBUG 出错类：ApplicationInfoLog property:[(null)] - 错误描述：Final work for transaction being performed
记录时间：2014-08-26 09:18:18,889 线程ID:[28] 日志级别：DEBUG 出错类：ApplicationInfoLog property:[(null)] - 错误描述：Transaction disposed
记录时间：2014-08-26 10:05:17,179 线程ID:[4] 日志级别：DEBUG 出错类：ApplicationInfoLog property:[(null)] - 错误描述：Acquiring session for 
记录时间：2014-08-26 10:05:17,186 线程ID:[4] 日志级别：DEBUG 出错类：ApplicationInfoLog property:[(null)] - 错误描述：Building session factory
记录时间：2014-08-26 10:05:17,187 线程ID:[4] 日志级别：DEBUG 出错类：ApplicationInfoLog property:[(null)] - 错误描述：Building configuration
记录时间：2014-08-26 10:05:17,761 线程ID:[4] 日志级别：DEBUG 出错类：ApplicationInfoLog property:[(null)] - 错误描述：Done Building configuration
记录时间：2014-08-26 10:05:18,298 线程ID:[4] 日志级别：DEBUG 出错类：ApplicationInfoLog property:[(null)] - 错误描述：Done building session factory
记录时间：2014-08-26 10:05:18,298 线程ID:[4] 日志级别：INFO  出错类：ApplicationInfoLog property:[(null)] - 错误描述：Openning database session
记录时间：2014-08-26 10:05:18,325 线程ID:[4] 日志级别：DEBUG 出错类：ApplicationInfoLog property:[(null)] - 错误描述：Creating transaction on Demand
记录时间：2014-08-26 10:05:18,659 线程ID:[4] 日志级别：INFO  出错类：ApplicationInfoLog property:[(null)] - 错误描述：MenuService.GetMenus(IUser):IEnumerable<MenuEntry> : user:10
记录时间：2014-08-26 10:05:18,678 线程ID:[4] 日志级别：DEBUG 出错类：ApplicationInfoLog property:[(null)] - 错误描述：Acquiring session for 
记录时间：2014-08-26 10:05:18,982 线程ID:[4] 日志级别：INFO  出错类：ApplicationInfoLog property:[(null)] - 错误描述：MenuService.GetMenus(IUser):IEnumerable<MenuEntry> : user:10
记录时间：2014-08-26 10:05:19,030 线程ID:[4] 日志级别：DEBUG 出错类：ApplicationInfoLog property:[(null)] - 错误描述：Marking transaction as complete
记录时间：2014-08-26 10:05:19,042 线程ID:[4] 日志级别：DEBUG 出错类：ApplicationInfoLog property:[(null)] - 错误描述：Final work for transaction being performed
记录时间：2014-08-26 10:05:19,043 线程ID:[4] 日志级别：DEBUG 出错类：ApplicationInfoLog property:[(null)] - 错误描述：Transaction disposed
记录时间：2014-08-26 10:05:37,523 线程ID:[12] 日志级别：DEBUG 出错类：ApplicationInfoLog property:[(null)] - 错误描述：Marking transaction as complete
记录时间：2014-08-26 10:05:37,524 线程ID:[12] 日志级别：DEBUG 出错类：ApplicationInfoLog property:[(null)] - 错误描述：Final work for transaction being performed
记录时间：2014-08-26 10:05:37,524 线程ID:[12] 日志级别：DEBUG 出错类：ApplicationInfoLog property:[(null)] - 错误描述：Transaction disposed
记录时间：2014-08-26 10:05:37,746 线程ID:[6] 日志级别：ERROR 出错类：ApplicationInfoLog property:[(null)] - 错误描述：redirect_uri=
记录时间：2014-08-26 10:05:38,011 线程ID:[6] 日志级别：DEBUG 出错类：ApplicationInfoLog property:[(null)] - 错误描述：Marking transaction as complete
记录时间：2014-08-26 10:05:38,011 线程ID:[6] 日志级别：DEBUG 出错类：ApplicationInfoLog property:[(null)] - 错误描述：Final work for transaction being performed
记录时间：2014-08-26 10:05:38,011 线程ID:[6] 日志级别：DEBUG 出错类：ApplicationInfoLog property:[(null)] - 错误描述：Transaction disposed
记录时间：2014-08-26 10:05:38,857 线程ID:[10] 日志级别：DEBUG 出错类：ApplicationInfoLog property:[(null)] - 错误描述：Marking transaction as complete
记录时间：2014-08-26 10:05:38,857 线程ID:[10] 日志级别：DEBUG 出错类：ApplicationInfoLog property:[(null)] - 错误描述：Final work for transaction being performed
记录时间：2014-08-26 10:05:38,857 线程ID:[10] 日志级别：DEBUG 出错类：ApplicationInfoLog property:[(null)] - 错误描述：Transaction disposed
记录时间：2014-08-26 10:05:50,513 线程ID:[11] 日志级别：DEBUG 出错类：ApplicationInfoLog property:[(null)] - 错误描述：验证用户 qsadmin
记录时间：2014-08-26 10:05:50,611 线程ID:[11] 日志级别：DEBUG 出错类：ApplicationInfoLog property:[(null)] - 错误描述：Marking transaction as complete
记录时间：2014-08-26 10:05:50,611 线程ID:[11] 日志级别：DEBUG 出错类：ApplicationInfoLog property:[(null)] - 错误描述：Final work for transaction being performed
记录时间：2014-08-26 10:05:50,611 线程ID:[11] 日志级别：DEBUG 出错类：ApplicationInfoLog property:[(null)] - 错误描述：Transaction disposed
记录时间：2014-08-26 10:06:10,749 线程ID:[4] 日志级别：ERROR 出错类：ApplicationInfoLog property:[(null)] - 错误描述：错误处理器
System.NullReferenceException: 未将对象引用设置到对象的实例。
   在 QsTech.Authentication.Sso.Controllers.AccountController.ClientInfo() 位置 D:\开发\SSO\Source\QsTech.Framework.Web\Modules\QsTech.Authentication.Sso\Controllers\AccountController.cs:行号 132
   在 lambda_method(Closure , ControllerBase , Object[] )
   在 System.Web.Mvc.ActionMethodDispatcher.Execute(ControllerBase controller, Object[] parameters)
   在 System.Web.Mvc.ReflectedActionDescriptor.Execute(ControllerContext controllerContext, IDictionary`2 parameters)
   在 System.Web.Mvc.ControllerActionInvoker.InvokeActionMethod(ControllerContext controllerContext, ActionDescriptor actionDescriptor, IDictionary`2 parameters)
   在 System.Web.Mvc.ControllerActionInvoker.<>c__DisplayClass15.<InvokeActionMethodWithFilters>b__12()
   在 System.Web.Mvc.ControllerActionInvoker.InvokeActionMethodFilter(IActionFilter filter, ActionExecutingContext preContext, Func`1 continuation)
   在 System.Web.Mvc.ControllerActionInvoker.<>c__DisplayClass15.<>c__DisplayClass17.<InvokeActionMethodWithFilters>b__14()
   在 System.Web.Mvc.ControllerActionInvoker.InvokeActionMethodFilter(IActionFilter filter, ActionExecutingContext preContext, Func`1 continuation)
   在 System.Web.Mvc.ControllerActionInvoker.<>c__DisplayClass15.<>c__DisplayClass17.<InvokeActionMethodWithFilters>b__14()
   在 System.Web.Mvc.ControllerActionInvoker.InvokeActionMethodWithFilters(ControllerContext controllerContext, IList`1 filters, ActionDescriptor actionDescriptor, IDictionary`2 parameters)
   在 System.Web.Mvc.ControllerActionInvoker.InvokeAction(ControllerContext controllerContext, String actionName)
记录时间：2014-08-26 10:06:10,753 线程ID:[4] 日志级别：DEBUG 出错类：ApplicationInfoLog property:[(null)] - 错误描述：Transaction cancelled flag set
记录时间：2014-08-26 10:06:10,756 线程ID:[4] 日志级别：DEBUG 出错类：ApplicationInfoLog property:[(null)] - 错误描述：Final work for transaction being performed
记录时间：2014-08-26 10:06:10,757 线程ID:[4] 日志级别：DEBUG 出错类：ApplicationInfoLog property:[(null)] - 错误描述：Transaction disposed
记录时间：2014-08-26 10:06:11,224 线程ID:[10] 日志级别：DEBUG 出错类：ApplicationInfoLog property:[(null)] - 错误描述：Marking transaction as complete
记录时间：2014-08-26 10:06:11,224 线程ID:[10] 日志级别：DEBUG 出错类：ApplicationInfoLog property:[(null)] - 错误描述：Final work for transaction being performed
记录时间：2014-08-26 10:06:11,224 线程ID:[10] 日志级别：DEBUG 出错类：ApplicationInfoLog property:[(null)] - 错误描述：Transaction disposed
记录时间：2014-08-26 10:06:14,868 线程ID:[10] 日志级别：ERROR 出错类：ApplicationInfoLog property:[(null)] - 错误描述：redirect_uri=
记录时间：2014-08-26 10:06:14,868 线程ID:[10] 日志级别：INFO  出错类：ApplicationInfoLog property:[(null)] - 错误描述：10自动登录!
记录时间：2014-08-26 10:06:14,874 线程ID:[10] 日志级别：INFO  出错类：ApplicationInfoLog property:[(null)] - 错误描述：自动登录返回:/Core/Home/ManagerIndex
记录时间：2014-08-26 10:06:14,960 线程ID:[10] 日志级别：DEBUG 出错类：ApplicationInfoLog property:[(null)] - 错误描述：Marking transaction as complete
记录时间：2014-08-26 10:06:14,963 线程ID:[10] 日志级别：DEBUG 出错类：ApplicationInfoLog property:[(null)] - 错误描述：Final work for transaction being performed
记录时间：2014-08-26 10:06:14,963 线程ID:[10] 日志级别：DEBUG 出错类：ApplicationInfoLog property:[(null)] - 错误描述：Transaction disposed
记录时间：2014-08-26 10:06:15,041 线程ID:[5] 日志级别：INFO  出错类：ApplicationInfoLog property:[(null)] - 错误描述：MenuService.GetMenus(IUser):IEnumerable<MenuEntry> : user:10
记录时间：2014-08-26 10:06:15,042 线程ID:[5] 日志级别：DEBUG 出错类：ApplicationInfoLog property:[(null)] - 错误描述：Marking transaction as complete
记录时间：2014-08-26 10:06:15,042 线程ID:[5] 日志级别：DEBUG 出错类：ApplicationInfoLog property:[(null)] - 错误描述：Final work for transaction being performed
记录时间：2014-08-26 10:06:15,043 线程ID:[5] 日志级别：DEBUG 出错类：ApplicationInfoLog property:[(null)] - 错误描述：Transaction disposed
记录时间：2014-08-26 10:06:17,308 线程ID:[10] 日志级别：DEBUG 出错类：ApplicationInfoLog property:[(null)] - 错误描述：Marking transaction as complete
记录时间：2014-08-26 10:06:17,308 线程ID:[10] 日志级别：DEBUG 出错类：ApplicationInfoLog property:[(null)] - 错误描述：Final work for transaction being performed
记录时间：2014-08-26 10:06:17,308 线程ID:[10] 日志级别：DEBUG 出错类：ApplicationInfoLog property:[(null)] - 错误描述：Transaction disposed
记录时间：2014-08-26 10:06:17,621 线程ID:[5] 日志级别：ERROR 出错类：ApplicationInfoLog property:[(null)] - 错误描述：redirect_uri=
记录时间：2014-08-26 10:06:17,697 线程ID:[5] 日志级别：DEBUG 出错类：ApplicationInfoLog property:[(null)] - 错误描述：Marking transaction as complete
记录时间：2014-08-26 10:06:17,697 线程ID:[5] 日志级别：DEBUG 出错类：ApplicationInfoLog property:[(null)] - 错误描述：Final work for transaction being performed
记录时间：2014-08-26 10:06:17,697 线程ID:[5] 日志级别：DEBUG 出错类：ApplicationInfoLog property:[(null)] - 错误描述：Transaction disposed
记录时间：2014-08-26 10:06:18,230 线程ID:[13] 日志级别：DEBUG 出错类：ApplicationInfoLog property:[(null)] - 错误描述：Marking transaction as complete
记录时间：2014-08-26 10:06:18,231 线程ID:[13] 日志级别：DEBUG 出错类：ApplicationInfoLog property:[(null)] - 错误描述：Final work for transaction being performed
记录时间：2014-08-26 10:06:18,231 线程ID:[13] 日志级别：DEBUG 出错类：ApplicationInfoLog property:[(null)] - 错误描述：Transaction disposed
记录时间：2014-08-26 10:06:22,797 线程ID:[10] 日志级别：ERROR 出错类：ApplicationInfoLog property:[(null)] - 错误描述：redirect_uri=http://www.tradeserving.com:10010/permission/ssoLoginCallback?callback=http://www.tradeserving.com:10010/manage/
记录时间：2014-08-26 10:06:22,890 线程ID:[10] 日志级别：DEBUG 出错类：ApplicationInfoLog property:[(null)] - 错误描述：Marking transaction as complete
记录时间：2014-08-26 10:06:22,890 线程ID:[10] 日志级别：DEBUG 出错类：ApplicationInfoLog property:[(null)] - 错误描述：Final work for transaction being performed
记录时间：2014-08-26 10:06:22,890 线程ID:[10] 日志级别：DEBUG 出错类：ApplicationInfoLog property:[(null)] - 错误描述：Transaction disposed
记录时间：2014-08-26 10:06:23,098 线程ID:[10] 日志级别：DEBUG 出错类：ApplicationInfoLog property:[(null)] - 错误描述：Marking transaction as complete
记录时间：2014-08-26 10:06:23,098 线程ID:[10] 日志级别：DEBUG 出错类：ApplicationInfoLog property:[(null)] - 错误描述：Final work for transaction being performed
记录时间：2014-08-26 10:06:23,098 线程ID:[10] 日志级别：DEBUG 出错类：ApplicationInfoLog property:[(null)] - 错误描述：Transaction disposed
记录时间：2014-08-26 10:06:31,517 线程ID:[13] 日志级别：DEBUG 出错类：ApplicationInfoLog property:[(null)] - 错误描述：验证用户 qsadmin
记录时间：2014-08-26 10:06:31,518 线程ID:[13] 日志级别：ERROR 出错类：ApplicationInfoLog property:[(null)] - 错误描述：访问的url=http://www.tradeserving.com:10010/permission/ssoLoginCallback?callback=http://www.tradeserving.com:10010/manage/
记录时间：2014-08-26 10:06:31,518 线程ID:[13] 日志级别：ERROR 出错类：ApplicationInfoLog property:[(null)] - 错误描述：url=http://www.tradeserving.com:10010/permission/ssoLoginCallback?callback=http://www.tradeserving.com:10010/manage/,currentUrl=http://localhost:2013
记录时间：2014-08-26 10:06:31,519 线程ID:[13] 日志级别：INFO  出错类：ApplicationInfoLog property:[(null)] - 错误描述：检查client_id,client_id=eTrade,redirect-uri=http://www.tradeserving.com:10010/permission/ssoLoginCallback
记录时间：2014-08-26 10:06:31,546 线程ID:[13] 日志级别：DEBUG 出错类：ApplicationInfoLog property:[(null)] - 错误描述：Marking transaction as complete
记录时间：2014-08-26 10:06:31,546 线程ID:[13] 日志级别：DEBUG 出错类：ApplicationInfoLog property:[(null)] - 错误描述：Final work for transaction being performed
记录时间：2014-08-26 10:06:31,546 线程ID:[13] 日志级别：DEBUG 出错类：ApplicationInfoLog property:[(null)] - 错误描述：Transaction disposed
记录时间：2014-08-26 10:06:32,850 线程ID:[5] 日志级别：INFO  出错类：ApplicationInfoLog property:[(null)] - 错误描述：MenuService.GetMenus(IUser):IEnumerable<MenuEntry> : user:10
记录时间：2014-08-26 10:06:32,855 线程ID:[5] 日志级别：DEBUG 出错类：ApplicationInfoLog property:[(null)] - 错误描述：Marking transaction as complete
记录时间：2014-08-26 10:06:32,855 线程ID:[5] 日志级别：DEBUG 出错类：ApplicationInfoLog property:[(null)] - 错误描述：Final work for transaction being performed
记录时间：2014-08-26 10:06:32,855 线程ID:[5] 日志级别：DEBUG 出错类：ApplicationInfoLog property:[(null)] - 错误描述：Transaction disposed
记录时间：2014-08-26 10:10:05,395 线程ID:[7] 日志级别：INFO  出错类：ApplicationInfoLog property:[(null)] - 错误描述：MenuService.GetMenus(IUser):IEnumerable<MenuEntry> : user:10
记录时间：2014-08-26 10:10:05,401 线程ID:[7] 日志级别：DEBUG 出错类：ApplicationInfoLog property:[(null)] - 错误描述：Marking transaction as complete
记录时间：2014-08-26 10:10:05,402 线程ID:[7] 日志级别：DEBUG 出错类：ApplicationInfoLog property:[(null)] - 错误描述：Final work for transaction being performed
记录时间：2014-08-26 10:10:05,402 线程ID:[7] 日志级别：DEBUG 出错类：ApplicationInfoLog property:[(null)] - 错误描述：Transaction disposed
记录时间：2014-08-26 10:10:38,611 线程ID:[7] 日志级别：DEBUG 出错类：ApplicationInfoLog property:[(null)] - 错误描述：Marking transaction as complete
记录时间：2014-08-26 10:10:38,611 线程ID:[7] 日志级别：DEBUG 出错类：ApplicationInfoLog property:[(null)] - 错误描述：Final work for transaction being performed
记录时间：2014-08-26 10:10:38,611 线程ID:[7] 日志级别：DEBUG 出错类：ApplicationInfoLog property:[(null)] - 错误描述：Transaction disposed
记录时间：2014-08-26 10:14:02,103 线程ID:[5] 日志级别：DEBUG 出错类：ApplicationInfoLog property:[(null)] - 错误描述：Marking transaction as complete
记录时间：2014-08-26 10:14:02,122 线程ID:[5] 日志级别：DEBUG 出错类：ApplicationInfoLog property:[(null)] - 错误描述：Final work for transaction being performed
记录时间：2014-08-26 10:14:02,122 线程ID:[5] 日志级别：DEBUG 出错类：ApplicationInfoLog property:[(null)] - 错误描述：Transaction disposed
记录时间：2014-08-26 10:14:02,181 线程ID:[4] 日志级别：ERROR 出错类：ApplicationInfoLog property:[(null)] - 错误描述：redirect_uri=
记录时间：2014-08-26 10:14:03,277 线程ID:[4] 日志级别：DEBUG 出错类：ApplicationInfoLog property:[(null)] - 错误描述：Marking transaction as complete
记录时间：2014-08-26 10:14:03,278 线程ID:[4] 日志级别：DEBUG 出错类：ApplicationInfoLog property:[(null)] - 错误描述：Final work for transaction being performed
记录时间：2014-08-26 10:14:03,278 线程ID:[4] 日志级别：DEBUG 出错类：ApplicationInfoLog property:[(null)] - 错误描述：Transaction disposed
记录时间：2014-08-26 10:14:03,925 线程ID:[4] 日志级别：DEBUG 出错类：ApplicationInfoLog property:[(null)] - 错误描述：Marking transaction as complete
记录时间：2014-08-26 10:14:03,925 线程ID:[4] 日志级别：DEBUG 出错类：ApplicationInfoLog property:[(null)] - 错误描述：Final work for transaction being performed
记录时间：2014-08-26 10:14:03,925 线程ID:[4] 日志级别：DEBUG 出错类：ApplicationInfoLog property:[(null)] - 错误描述：Transaction disposed
记录时间：2014-08-26 10:14:08,733 线程ID:[6] 日志级别：DEBUG 出错类：ApplicationInfoLog property:[(null)] - 错误描述：Marking transaction as complete
记录时间：2014-08-26 10:14:08,733 线程ID:[6] 日志级别：DEBUG 出错类：ApplicationInfoLog property:[(null)] - 错误描述：Final work for transaction being performed
记录时间：2014-08-26 10:14:08,733 线程ID:[6] 日志级别：DEBUG 出错类：ApplicationInfoLog property:[(null)] - 错误描述：Transaction disposed
记录时间：2014-08-26 10:14:09,064 线程ID:[13] 日志级别：ERROR 出错类：ApplicationInfoLog property:[(null)] - 错误描述：redirect_uri=
记录时间：2014-08-26 10:14:09,159 线程ID:[13] 日志级别：DEBUG 出错类：ApplicationInfoLog property:[(null)] - 错误描述：Marking transaction as complete
记录时间：2014-08-26 10:14:09,159 线程ID:[13] 日志级别：DEBUG 出错类：ApplicationInfoLog property:[(null)] - 错误描述：Final work for transaction being performed
记录时间：2014-08-26 10:14:09,159 线程ID:[13] 日志级别：DEBUG 出错类：ApplicationInfoLog property:[(null)] - 错误描述：Transaction disposed
记录时间：2014-08-26 10:14:11,324 线程ID:[11] 日志级别：DEBUG 出错类：ApplicationInfoLog property:[(null)] - 错误描述：Marking transaction as complete
记录时间：2014-08-26 10:14:11,324 线程ID:[11] 日志级别：DEBUG 出错类：ApplicationInfoLog property:[(null)] - 错误描述：Final work for transaction being performed
记录时间：2014-08-26 10:14:11,324 线程ID:[11] 日志级别：DEBUG 出错类：ApplicationInfoLog property:[(null)] - 错误描述：Transaction disposed
记录时间：2014-08-26 10:14:11,629 线程ID:[13] 日志级别：ERROR 出错类：ApplicationInfoLog property:[(null)] - 错误描述：redirect_uri=
记录时间：2014-08-26 10:14:11,729 线程ID:[13] 日志级别：DEBUG 出错类：ApplicationInfoLog property:[(null)] - 错误描述：Marking transaction as complete
记录时间：2014-08-26 10:14:11,729 线程ID:[13] 日志级别：DEBUG 出错类：ApplicationInfoLog property:[(null)] - 错误描述：Final work for transaction being performed
记录时间：2014-08-26 10:14:11,729 线程ID:[13] 日志级别：DEBUG 出错类：ApplicationInfoLog property:[(null)] - 错误描述：Transaction disposed
记录时间：2014-08-26 10:14:12,627 线程ID:[6] 日志级别：DEBUG 出错类：ApplicationInfoLog property:[(null)] - 错误描述：Marking transaction as complete
记录时间：2014-08-26 10:14:12,627 线程ID:[6] 日志级别：DEBUG 出错类：ApplicationInfoLog property:[(null)] - 错误描述：Final work for transaction being performed
记录时间：2014-08-26 10:14:12,627 线程ID:[6] 日志级别：DEBUG 出错类：ApplicationInfoLog property:[(null)] - 错误描述：Transaction disposed
记录时间：2014-08-26 10:14:19,253 线程ID:[13] 日志级别：ERROR 出错类：ApplicationInfoLog property:[(null)] - 错误描述：redirect_uri=http://www.tradeserving.com:10010/permission/ssoLoginCallback?callback=http://www.tradeserving.com:10010/manage/
记录时间：2014-08-26 10:14:19,353 线程ID:[13] 日志级别：DEBUG 出错类：ApplicationInfoLog property:[(null)] - 错误描述：Marking transaction as complete
记录时间：2014-08-26 10:14:19,354 线程ID:[13] 日志级别：DEBUG 出错类：ApplicationInfoLog property:[(null)] - 错误描述：Final work for transaction being performed
记录时间：2014-08-26 10:14:19,354 线程ID:[13] 日志级别：DEBUG 出错类：ApplicationInfoLog property:[(null)] - 错误描述：Transaction disposed
记录时间：2014-08-26 10:14:20,199 线程ID:[5] 日志级别：DEBUG 出错类：ApplicationInfoLog property:[(null)] - 错误描述：Marking transaction as complete
记录时间：2014-08-26 10:14:20,199 线程ID:[5] 日志级别：DEBUG 出错类：ApplicationInfoLog property:[(null)] - 错误描述：Final work for transaction being performed
记录时间：2014-08-26 10:14:20,199 线程ID:[5] 日志级别：DEBUG 出错类：ApplicationInfoLog property:[(null)] - 错误描述：Transaction disposed
记录时间：2014-08-26 10:14:28,090 线程ID:[13] 日志级别：DEBUG 出错类：ApplicationInfoLog property:[(null)] - 错误描述：Acquiring session for 
记录时间：2014-08-26 10:14:28,092 线程ID:[13] 日志级别：DEBUG 出错类：ApplicationInfoLog property:[(null)] - 错误描述：Building session factory
记录时间：2014-08-26 10:14:28,094 线程ID:[13] 日志级别：DEBUG 出错类：ApplicationInfoLog property:[(null)] - 错误描述：Building configuration
记录时间：2014-08-26 10:14:28,671 线程ID:[13] 日志级别：DEBUG 出错类：ApplicationInfoLog property:[(null)] - 错误描述：Done Building configuration
记录时间：2014-08-26 10:14:29,488 线程ID:[13] 日志级别：DEBUG 出错类：ApplicationInfoLog property:[(null)] - 错误描述：Done building session factory
记录时间：2014-08-26 10:14:29,489 线程ID:[13] 日志级别：INFO  出错类：ApplicationInfoLog property:[(null)] - 错误描述：Openning database session
记录时间：2014-08-26 10:14:29,503 线程ID:[13] 日志级别：DEBUG 出错类：ApplicationInfoLog property:[(null)] - 错误描述：Creating transaction on Demand
记录时间：2014-08-26 10:14:29,977 线程ID:[13] 日志级别：DEBUG 出错类：ApplicationInfoLog property:[(null)] - 错误描述：验证用户 qsadmin
记录时间：2014-08-26 10:14:29,978 线程ID:[13] 日志级别：ERROR 出错类：ApplicationInfoLog property:[(null)] - 错误描述：访问的url=http://www.tradeserving.com:10010/permission/ssoLoginCallback?callback=http://www.tradeserving.com:10010/manage/
记录时间：2014-08-26 10:14:29,979 线程ID:[13] 日志级别：ERROR 出错类：ApplicationInfoLog property:[(null)] - 错误描述：url=http://www.tradeserving.com:10010/permission/ssoLoginCallback?callback=http://www.tradeserving.com:10010/manage/,currentUrl=http://localhost:2013
记录时间：2014-08-26 10:14:29,985 线程ID:[13] 日志级别：INFO  出错类：ApplicationInfoLog property:[(null)] - 错误描述：检查client_id,client_id=eTrade,redirect-uri=http://www.tradeserving.com:10010/permission/ssoLoginCallback
记录时间：2014-08-26 10:14:30,137 线程ID:[13] 日志级别：DEBUG 出错类：ApplicationInfoLog property:[(null)] - 错误描述：Marking transaction as complete
记录时间：2014-08-26 10:14:30,176 线程ID:[13] 日志级别：DEBUG 出错类：ApplicationInfoLog property:[(null)] - 错误描述：Final work for transaction being performed
记录时间：2014-08-26 10:14:30,176 线程ID:[13] 日志级别：DEBUG 出错类：ApplicationInfoLog property:[(null)] - 错误描述：Transaction disposed
记录时间：2014-08-26 10:14:32,590 线程ID:[12] 日志级别：INFO  出错类：ApplicationInfoLog property:[(null)] - 错误描述：MenuService.GetMenus(IUser):IEnumerable<MenuEntry> : user:10
记录时间：2014-08-26 10:14:32,607 线程ID:[12] 日志级别：DEBUG 出错类：ApplicationInfoLog property:[(null)] - 错误描述：Acquiring session for 
记录时间：2014-08-26 10:14:32,608 线程ID:[12] 日志级别：INFO  出错类：ApplicationInfoLog property:[(null)] - 错误描述：Openning database session
记录时间：2014-08-26 10:14:32,608 线程ID:[12] 日志级别：DEBUG 出错类：ApplicationInfoLog property:[(null)] - 错误描述：Creating transaction on Demand
记录时间：2014-08-26 10:14:32,995 线程ID:[12] 日志级别：DEBUG 出错类：ApplicationInfoLog property:[(null)] - 错误描述：Marking transaction as complete
记录时间：2014-08-26 10:14:32,999 线程ID:[12] 日志级别：DEBUG 出错类：ApplicationInfoLog property:[(null)] - 错误描述：Final work for transaction being performed
记录时间：2014-08-26 10:14:32,999 线程ID:[12] 日志级别：DEBUG 出错类：ApplicationInfoLog property:[(null)] - 错误描述：Transaction disposed
记录时间：2014-08-26 10:14:49,246 线程ID:[5] 日志级别：DEBUG 出错类：ApplicationInfoLog property:[(null)] - 错误描述：Marking transaction as complete
记录时间：2014-08-26 10:14:49,247 线程ID:[5] 日志级别：DEBUG 出错类：ApplicationInfoLog property:[(null)] - 错误描述：Final work for transaction being performed
记录时间：2014-08-26 10:14:49,247 线程ID:[5] 日志级别：DEBUG 出错类：ApplicationInfoLog property:[(null)] - 错误描述：Transaction disposed
记录时间：2014-08-26 10:15:04,099 线程ID:[12] 日志级别：ERROR 出错类：ApplicationInfoLog property:[(null)] - 错误描述：redirect_uri=
记录时间：2014-08-26 10:15:04,182 线程ID:[12] 日志级别：DEBUG 出错类：ApplicationInfoLog property:[(null)] - 错误描述：Marking transaction as complete
记录时间：2014-08-26 10:15:04,182 线程ID:[12] 日志级别：DEBUG 出错类：ApplicationInfoLog property:[(null)] - 错误描述：Final work for transaction being performed
记录时间：2014-08-26 10:15:04,182 线程ID:[12] 日志级别：DEBUG 出错类：ApplicationInfoLog property:[(null)] - 错误描述：Transaction disposed
记录时间：2014-08-26 10:15:05,181 线程ID:[13] 日志级别：DEBUG 出错类：ApplicationInfoLog property:[(null)] - 错误描述：Marking transaction as complete
记录时间：2014-08-26 10:15:05,181 线程ID:[13] 日志级别：DEBUG 出错类：ApplicationInfoLog property:[(null)] - 错误描述：Final work for transaction being performed
记录时间：2014-08-26 10:15:05,181 线程ID:[13] 日志级别：DEBUG 出错类：ApplicationInfoLog property:[(null)] - 错误描述：Transaction disposed
记录时间：2014-08-26 10:17:46,591 线程ID:[4] 日志级别：DEBUG 出错类：ApplicationInfoLog property:[(null)] - 错误描述：Marking transaction as complete
记录时间：2014-08-26 10:17:46,608 线程ID:[4] 日志级别：DEBUG 出错类：ApplicationInfoLog property:[(null)] - 错误描述：Final work for transaction being performed
记录时间：2014-08-26 10:17:46,608 线程ID:[4] 日志级别：DEBUG 出错类：ApplicationInfoLog property:[(null)] - 错误描述：Transaction disposed
记录时间：2014-08-26 10:17:46,646 线程ID:[5] 日志级别：ERROR 出错类：ApplicationInfoLog property:[(null)] - 错误描述：redirect_uri=
记录时间：2014-08-26 10:17:46,907 线程ID:[5] 日志级别：DEBUG 出错类：ApplicationInfoLog property:[(null)] - 错误描述：Marking transaction as complete
记录时间：2014-08-26 10:17:46,907 线程ID:[5] 日志级别：DEBUG 出错类：ApplicationInfoLog property:[(null)] - 错误描述：Final work for transaction being performed
记录时间：2014-08-26 10:17:46,907 线程ID:[5] 日志级别：DEBUG 出错类：ApplicationInfoLog property:[(null)] - 错误描述：Transaction disposed
记录时间：2014-08-26 10:17:47,892 线程ID:[4] 日志级别：DEBUG 出错类：ApplicationInfoLog property:[(null)] - 错误描述：Marking transaction as complete
记录时间：2014-08-26 10:17:47,892 线程ID:[4] 日志级别：DEBUG 出错类：ApplicationInfoLog property:[(null)] - 错误描述：Final work for transaction being performed
记录时间：2014-08-26 10:17:47,892 线程ID:[4] 日志级别：DEBUG 出错类：ApplicationInfoLog property:[(null)] - 错误描述：Transaction disposed
记录时间：2014-08-26 10:17:53,820 线程ID:[4] 日志级别：ERROR 出错类：ApplicationInfoLog property:[(null)] - 错误描述：redirect_uri=http://www.tradeserving.com:10010/permission/ssoLoginCallback?callback=http://www.tradeserving.com:10010/manage/
记录时间：2014-08-26 10:17:53,909 线程ID:[4] 日志级别：DEBUG 出错类：ApplicationInfoLog property:[(null)] - 错误描述：Marking transaction as complete
记录时间：2014-08-26 10:17:53,909 线程ID:[4] 日志级别：DEBUG 出错类：ApplicationInfoLog property:[(null)] - 错误描述：Final work for transaction being performed
记录时间：2014-08-26 10:17:53,909 线程ID:[4] 日志级别：DEBUG 出错类：ApplicationInfoLog property:[(null)] - 错误描述：Transaction disposed
记录时间：2014-08-26 10:17:54,770 线程ID:[6] 日志级别：DEBUG 出错类：ApplicationInfoLog property:[(null)] - 错误描述：Marking transaction as complete
记录时间：2014-08-26 10:17:54,770 线程ID:[6] 日志级别：DEBUG 出错类：ApplicationInfoLog property:[(null)] - 错误描述：Final work for transaction being performed
记录时间：2014-08-26 10:17:54,770 线程ID:[6] 日志级别：DEBUG 出错类：ApplicationInfoLog property:[(null)] - 错误描述：Transaction disposed
记录时间：2014-08-26 10:18:03,172 线程ID:[11] 日志级别：DEBUG 出错类：ApplicationInfoLog property:[(null)] - 错误描述：Acquiring session for 
记录时间：2014-08-26 10:18:03,173 线程ID:[11] 日志级别：DEBUG 出错类：ApplicationInfoLog property:[(null)] - 错误描述：Building session factory
记录时间：2014-08-26 10:18:03,173 线程ID:[11] 日志级别：DEBUG 出错类：ApplicationInfoLog property:[(null)] - 错误描述：Building configuration
记录时间：2014-08-26 10:18:03,755 线程ID:[11] 日志级别：DEBUG 出错类：ApplicationInfoLog property:[(null)] - 错误描述：Done Building configuration
记录时间：2014-08-26 10:18:04,456 线程ID:[11] 日志级别：DEBUG 出错类：ApplicationInfoLog property:[(null)] - 错误描述：Done building session factory
记录时间：2014-08-26 10:18:04,456 线程ID:[11] 日志级别：INFO  出错类：ApplicationInfoLog property:[(null)] - 错误描述：Openning database session
记录时间：2014-08-26 10:18:04,472 线程ID:[11] 日志级别：DEBUG 出错类：ApplicationInfoLog property:[(null)] - 错误描述：Creating transaction on Demand
记录时间：2014-08-26 10:18:04,971 线程ID:[11] 日志级别：DEBUG 出错类：ApplicationInfoLog property:[(null)] - 错误描述：验证用户 qsadmin
记录时间：2014-08-26 10:18:04,972 线程ID:[11] 日志级别：ERROR 出错类：ApplicationInfoLog property:[(null)] - 错误描述：访问的url=http://www.tradeserving.com:10010/permission/ssoLoginCallback?callback=http://www.tradeserving.com:10010/manage/
记录时间：2014-08-26 10:18:04,972 线程ID:[11] 日志级别：ERROR 出错类：ApplicationInfoLog property:[(null)] - 错误描述：url=http://www.tradeserving.com:10010/permission/ssoLoginCallback?callback=http://www.tradeserving.com:10010/manage/,currentUrl=http://localhost:2013
记录时间：2014-08-26 10:18:04,980 线程ID:[11] 日志级别：INFO  出错类：ApplicationInfoLog property:[(null)] - 错误描述：检查client_id,client_id=eTrade,redirect-uri=http://www.tradeserving.com:10010/permission/ssoLoginCallback
记录时间：2014-08-26 10:18:05,157 线程ID:[11] 日志级别：DEBUG 出错类：ApplicationInfoLog property:[(null)] - 错误描述：Marking transaction as complete
记录时间：2014-08-26 10:18:05,193 线程ID:[11] 日志级别：DEBUG 出错类：ApplicationInfoLog property:[(null)] - 错误描述：Final work for transaction being performed
记录时间：2014-08-26 10:18:05,193 线程ID:[11] 日志级别：DEBUG 出错类：ApplicationInfoLog property:[(null)] - 错误描述：Transaction disposed
记录时间：2014-08-26 10:18:06,090 线程ID:[6] 日志级别：INFO  出错类：ApplicationInfoLog property:[(null)] - 错误描述：MenuService.GetMenus(IUser):IEnumerable<MenuEntry> : user:10
记录时间：2014-08-26 10:18:06,107 线程ID:[6] 日志级别：DEBUG 出错类：ApplicationInfoLog property:[(null)] - 错误描述：Acquiring session for 
记录时间：2014-08-26 10:18:06,107 线程ID:[6] 日志级别：INFO  出错类：ApplicationInfoLog property:[(null)] - 错误描述：Openning database session
记录时间：2014-08-26 10:18:06,107 线程ID:[6] 日志级别：DEBUG 出错类：ApplicationInfoLog property:[(null)] - 错误描述：Creating transaction on Demand
记录时间：2014-08-26 10:18:06,184 线程ID:[6] 日志级别：DEBUG 出错类：ApplicationInfoLog property:[(null)] - 错误描述：Marking transaction as complete
记录时间：2014-08-26 10:18:06,186 线程ID:[6] 日志级别：DEBUG 出错类：ApplicationInfoLog property:[(null)] - 错误描述：Final work for transaction being performed
记录时间：2014-08-26 10:18:06,187 线程ID:[6] 日志级别：DEBUG 出错类：ApplicationInfoLog property:[(null)] - 错误描述：Transaction disposed
记录时间：2014-08-26 10:18:16,894 线程ID:[6] 日志级别：DEBUG 出错类：ApplicationInfoLog property:[(null)] - 错误描述：Marking transaction as complete
记录时间：2014-08-26 10:18:16,894 线程ID:[6] 日志级别：DEBUG 出错类：ApplicationInfoLog property:[(null)] - 错误描述：Final work for transaction being performed
记录时间：2014-08-26 10:18:16,894 线程ID:[6] 日志级别：DEBUG 出错类：ApplicationInfoLog property:[(null)] - 错误描述：Transaction disposed
记录时间：2014-08-26 10:18:17,217 线程ID:[11] 日志级别：ERROR 出错类：ApplicationInfoLog property:[(null)] - 错误描述：redirect_uri=http://www.tradeserving.com:10010/permission/ssoLoginCallback
记录时间：2014-08-26 10:18:17,310 线程ID:[11] 日志级别：DEBUG 出错类：ApplicationInfoLog property:[(null)] - 错误描述：Marking transaction as complete
记录时间：2014-08-26 10:18:17,310 线程ID:[11] 日志级别：DEBUG 出错类：ApplicationInfoLog property:[(null)] - 错误描述：Final work for transaction being performed
记录时间：2014-08-26 10:18:17,310 线程ID:[11] 日志级别：DEBUG 出错类：ApplicationInfoLog property:[(null)] - 错误描述：Transaction disposed
记录时间：2014-08-26 10:18:17,807 线程ID:[10] 日志级别：DEBUG 出错类：ApplicationInfoLog property:[(null)] - 错误描述：Marking transaction as complete
记录时间：2014-08-26 10:18:17,808 线程ID:[10] 日志级别：DEBUG 出错类：ApplicationInfoLog property:[(null)] - 错误描述：Final work for transaction being performed
记录时间：2014-08-26 10:18:17,808 线程ID:[10] 日志级别：DEBUG 出错类：ApplicationInfoLog property:[(null)] - 错误描述：Transaction disposed
记录时间：2014-08-26 10:18:32,673 线程ID:[11] 日志级别：DEBUG 出错类：ApplicationInfoLog property:[(null)] - 错误描述：验证用户 qsadmin
记录时间：2014-08-26 10:18:32,674 线程ID:[11] 日志级别：ERROR 出错类：ApplicationInfoLog property:[(null)] - 错误描述：访问的url=http://www.tradeserving.com:10010/permission/ssoLoginCallback
记录时间：2014-08-26 10:18:32,674 线程ID:[11] 日志级别：ERROR 出错类：ApplicationInfoLog property:[(null)] - 错误描述：url=http://www.tradeserving.com:10010/permission/ssoLoginCallback,currentUrl=http://localhost:2013
记录时间：2014-08-26 10:18:32,674 线程ID:[11] 日志级别：INFO  出错类：ApplicationInfoLog property:[(null)] - 错误描述：检查client_id,client_id=eTrade,redirect-uri=http://www.tradeserving.com:10010/permission/ssoLoginCallback
记录时间：2014-08-26 10:18:32,683 线程ID:[11] 日志级别：DEBUG 出错类：ApplicationInfoLog property:[(null)] - 错误描述：Marking transaction as complete
记录时间：2014-08-26 10:18:32,683 线程ID:[11] 日志级别：DEBUG 出错类：ApplicationInfoLog property:[(null)] - 错误描述：Final work for transaction being performed
记录时间：2014-08-26 10:18:32,683 线程ID:[11] 日志级别：DEBUG 出错类：ApplicationInfoLog property:[(null)] - 错误描述：Transaction disposed
记录时间：2014-08-26 10:18:32,933 线程ID:[6] 日志级别：INFO  出错类：ApplicationInfoLog property:[(null)] - 错误描述：MenuService.GetMenus(IUser):IEnumerable<MenuEntry> : user:10
记录时间：2014-08-26 10:18:32,936 线程ID:[6] 日志级别：DEBUG 出错类：ApplicationInfoLog property:[(null)] - 错误描述：Marking transaction as complete
记录时间：2014-08-26 10:18:32,936 线程ID:[6] 日志级别：DEBUG 出错类：ApplicationInfoLog property:[(null)] - 错误描述：Final work for transaction being performed
记录时间：2014-08-26 10:18:32,936 线程ID:[6] 日志级别：DEBUG 出错类：ApplicationInfoLog property:[(null)] - 错误描述：Transaction disposed
