记录时间：2015-02-27 10:06:39,267 线程ID:[41] 日志级别：DEBUG 出错类：ApplicationInfoLog property:[(null)] - 错误描述：Marking transaction as complete
记录时间：2015-02-27 10:06:39,286 线程ID:[41] 日志级别：DEBUG 出错类：ApplicationInfoLog property:[(null)] - 错误描述：Final work for transaction being performed
记录时间：2015-02-27 10:06:39,286 线程ID:[41] 日志级别：DEBUG 出错类：ApplicationInfoLog property:[(null)] - 错误描述：Transaction disposed
记录时间：2015-02-27 10:06:40,662 线程ID:[41] 日志级别：DEBUG 出错类：ApplicationInfoLog property:[(null)] - 错误描述：Marking transaction as complete
记录时间：2015-02-27 10:06:40,662 线程ID:[41] 日志级别：DEBUG 出错类：ApplicationInfoLog property:[(null)] - 错误描述：Final work for transaction being performed
记录时间：2015-02-27 10:06:40,662 线程ID:[41] 日志级别：DEBUG 出错类：ApplicationInfoLog property:[(null)] - 错误描述：Transaction disposed
记录时间：2015-02-27 10:06:41,225 线程ID:[43] 日志级别：DEBUG 出错类：ApplicationInfoLog property:[(null)] - 错误描述：Marking transaction as complete
记录时间：2015-02-27 10:06:41,225 线程ID:[43] 日志级别：DEBUG 出错类：ApplicationInfoLog property:[(null)] - 错误描述：Final work for transaction being performed
记录时间：2015-02-27 10:06:41,225 线程ID:[43] 日志级别：DEBUG 出错类：ApplicationInfoLog property:[(null)] - 错误描述：Transaction disposed
记录时间：2015-02-27 10:06:48,193 线程ID:[35] 日志级别：DEBUG 出错类：ApplicationInfoLog property:[(null)] - 错误描述：Acquiring session for 
记录时间：2015-02-27 10:06:48,193 线程ID:[35] 日志级别：DEBUG 出错类：ApplicationInfoLog property:[(null)] - 错误描述：Building session factory
记录时间：2015-02-27 10:06:48,194 线程ID:[35] 日志级别：DEBUG 出错类：ApplicationInfoLog property:[(null)] - 错误描述：Building configuration
记录时间：2015-02-27 10:06:48,677 线程ID:[35] 日志级别：DEBUG 出错类：ApplicationInfoLog property:[(null)] - 错误描述：Done Building configuration
记录时间：2015-02-27 10:06:49,506 线程ID:[35] 日志级别：DEBUG 出错类：ApplicationInfoLog property:[(null)] - 错误描述：Done building session factory
记录时间：2015-02-27 10:06:49,507 线程ID:[35] 日志级别：INFO  出错类：ApplicationInfoLog property:[(null)] - 错误描述：Openning database session
记录时间：2015-02-27 10:06:49,532 线程ID:[35] 日志级别：DEBUG 出错类：ApplicationInfoLog property:[(null)] - 错误描述：Creating transaction on Demand
记录时间：2015-02-27 10:06:49,978 线程ID:[35] 日志级别：DEBUG 出错类：ApplicationInfoLog property:[(null)] - 错误描述：验证用户 sf_admin
记录时间：2015-02-27 10:06:49,990 线程ID:[35] 日志级别：DEBUG 出错类：ApplicationInfoLog property:[(null)] - 错误描述：Marking transaction as complete
记录时间：2015-02-27 10:06:50,048 线程ID:[35] 日志级别：DEBUG 出错类：ApplicationInfoLog property:[(null)] - 错误描述：Final work for transaction being performed
记录时间：2015-02-27 10:06:50,048 线程ID:[35] 日志级别：DEBUG 出错类：ApplicationInfoLog property:[(null)] - 错误描述：Transaction disposed
记录时间：2015-02-27 10:06:51,730 线程ID:[41] 日志级别：INFO  出错类：ApplicationInfoLog property:[(null)] - 错误描述：MenuService.GetMenus(IUser):IEnumerable<MenuEntry> : user:156014
记录时间：2015-02-27 10:06:51,732 线程ID:[41] 日志级别：DEBUG 出错类：ApplicationInfoLog property:[(null)] - 错误描述：Acquiring session for 
记录时间：2015-02-27 10:06:51,732 线程ID:[41] 日志级别：INFO  出错类：ApplicationInfoLog property:[(null)] - 错误描述：Openning database session
记录时间：2015-02-27 10:06:51,732 线程ID:[41] 日志级别：DEBUG 出错类：ApplicationInfoLog property:[(null)] - 错误描述：Creating transaction on Demand
记录时间：2015-02-27 10:06:51,868 线程ID:[41] 日志级别：DEBUG 出错类：ApplicationInfoLog property:[(null)] - 错误描述：Acquiring session for 
记录时间：2015-02-27 10:06:52,191 线程ID:[41] 日志级别：DEBUG 出错类：ApplicationInfoLog property:[(null)] - 错误描述：Marking transaction as complete
记录时间：2015-02-27 10:06:52,193 线程ID:[41] 日志级别：DEBUG 出错类：ApplicationInfoLog property:[(null)] - 错误描述：Final work for transaction being performed
记录时间：2015-02-27 10:06:52,193 线程ID:[41] 日志级别：DEBUG 出错类：ApplicationInfoLog property:[(null)] - 错误描述：Transaction disposed
记录时间：2015-02-27 10:06:58,863 线程ID:[43] 日志级别：INFO  出错类：ApplicationInfoLog property:[(null)] - 错误描述：MenuService.GetMenus(IUser):IEnumerable<MenuEntry> : user:156014
记录时间：2015-02-27 10:06:58,881 线程ID:[43] 日志级别：INFO  出错类：ApplicationInfoLog property:[(null)] - 错误描述：MenuService.GetMenus(IUser):IEnumerable<MenuEntry> : user:156014
记录时间：2015-02-27 10:06:58,882 线程ID:[43] 日志级别：DEBUG 出错类：ApplicationInfoLog property:[(null)] - 错误描述：Marking transaction as complete
记录时间：2015-02-27 10:06:58,882 线程ID:[43] 日志级别：DEBUG 出错类：ApplicationInfoLog property:[(null)] - 错误描述：Final work for transaction being performed
记录时间：2015-02-27 10:06:58,882 线程ID:[43] 日志级别：DEBUG 出错类：ApplicationInfoLog property:[(null)] - 错误描述：Transaction disposed
记录时间：2015-02-27 10:07:02,904 线程ID:[35] 日志级别：INFO  出错类：ApplicationInfoLog property:[(null)] - 错误描述：MenuService.GetMenus(IUser):IEnumerable<MenuEntry> : user:156014
记录时间：2015-02-27 10:07:02,905 线程ID:[35] 日志级别：DEBUG 出错类：ApplicationInfoLog property:[(null)] - 错误描述：Marking transaction as complete
记录时间：2015-02-27 10:07:02,905 线程ID:[35] 日志级别：DEBUG 出错类：ApplicationInfoLog property:[(null)] - 错误描述：Final work for transaction being performed
记录时间：2015-02-27 10:07:02,905 线程ID:[35] 日志级别：DEBUG 出错类：ApplicationInfoLog property:[(null)] - 错误描述：Transaction disposed
记录时间：2015-02-27 10:07:05,036 线程ID:[47] 日志级别：INFO  出错类：ApplicationInfoLog property:[(null)] - 错误描述：MenuService.GetMenus(IUser):IEnumerable<MenuEntry> : user:156014
记录时间：2015-02-27 10:07:05,042 线程ID:[47] 日志级别：INFO  出错类：ApplicationInfoLog property:[(null)] - 错误描述：MenuService.GetMenus(IUser):IEnumerable<MenuEntry> : user:156014
记录时间：2015-02-27 10:07:05,043 线程ID:[47] 日志级别：DEBUG 出错类：ApplicationInfoLog property:[(null)] - 错误描述：Marking transaction as complete
记录时间：2015-02-27 10:07:05,043 线程ID:[47] 日志级别：DEBUG 出错类：ApplicationInfoLog property:[(null)] - 错误描述：Final work for transaction being performed
记录时间：2015-02-27 10:07:05,043 线程ID:[47] 日志级别：DEBUG 出错类：ApplicationInfoLog property:[(null)] - 错误描述：Transaction disposed
记录时间：2015-02-27 10:07:05,998 线程ID:[35] 日志级别：INFO  出错类：ApplicationInfoLog property:[(null)] - 错误描述：MenuService.GetMenus(IUser):IEnumerable<MenuEntry> : user:156014
记录时间：2015-02-27 10:07:05,999 线程ID:[35] 日志级别：DEBUG 出错类：ApplicationInfoLog property:[(null)] - 错误描述：Marking transaction as complete
记录时间：2015-02-27 10:07:05,999 线程ID:[35] 日志级别：DEBUG 出错类：ApplicationInfoLog property:[(null)] - 错误描述：Final work for transaction being performed
记录时间：2015-02-27 10:07:05,999 线程ID:[35] 日志级别：DEBUG 出错类：ApplicationInfoLog property:[(null)] - 错误描述：Transaction disposed
记录时间：2015-02-27 10:20:23,633 线程ID:[35] 日志级别：DEBUG 出错类：ApplicationInfoLog property:[(null)] - 错误描述：Marking transaction as complete
记录时间：2015-02-27 10:20:23,633 线程ID:[35] 日志级别：DEBUG 出错类：ApplicationInfoLog property:[(null)] - 错误描述：Final work for transaction being performed
记录时间：2015-02-27 10:20:23,633 线程ID:[35] 日志级别：DEBUG 出错类：ApplicationInfoLog property:[(null)] - 错误描述：Transaction disposed
记录时间：2015-02-27 10:20:23,649 线程ID:[47] 日志级别：DEBUG 出错类：ApplicationInfoLog property:[(null)] - 错误描述：Marking transaction as complete
记录时间：2015-02-27 10:20:23,649 线程ID:[47] 日志级别：DEBUG 出错类：ApplicationInfoLog property:[(null)] - 错误描述：Final work for transaction being performed
记录时间：2015-02-27 10:20:23,649 线程ID:[47] 日志级别：DEBUG 出错类：ApplicationInfoLog property:[(null)] - 错误描述：Transaction disposed
记录时间：2015-02-27 10:20:24,041 线程ID:[41] 日志级别：DEBUG 出错类：ApplicationInfoLog property:[(null)] - 错误描述：Marking transaction as complete
记录时间：2015-02-27 10:20:24,041 线程ID:[41] 日志级别：DEBUG 出错类：ApplicationInfoLog property:[(null)] - 错误描述：Final work for transaction being performed
记录时间：2015-02-27 10:20:24,041 线程ID:[41] 日志级别：DEBUG 出错类：ApplicationInfoLog property:[(null)] - 错误描述：Transaction disposed
记录时间：2015-02-27 10:20:33,677 线程ID:[43] 日志级别：DEBUG 出错类：ApplicationInfoLog property:[(null)] - 错误描述：验证用户 qsadmin
记录时间：2015-02-27 10:20:33,678 线程ID:[43] 日志级别：DEBUG 出错类：ApplicationInfoLog property:[(null)] - 错误描述：Marking transaction as complete
记录时间：2015-02-27 10:20:33,678 线程ID:[43] 日志级别：DEBUG 出错类：ApplicationInfoLog property:[(null)] - 错误描述：Final work for transaction being performed
记录时间：2015-02-27 10:20:33,678 线程ID:[43] 日志级别：DEBUG 出错类：ApplicationInfoLog property:[(null)] - 错误描述：Transaction disposed
记录时间：2015-02-27 10:20:33,697 线程ID:[41] 日志级别：INFO  出错类：ApplicationInfoLog property:[(null)] - 错误描述：MenuService.GetMenus(IUser):IEnumerable<MenuEntry> : user:10
记录时间：2015-02-27 10:20:33,701 线程ID:[41] 日志级别：DEBUG 出错类：ApplicationInfoLog property:[(null)] - 错误描述：Acquiring session for 
记录时间：2015-02-27 10:20:33,701 线程ID:[41] 日志级别：INFO  出错类：ApplicationInfoLog property:[(null)] - 错误描述：Openning database session
记录时间：2015-02-27 10:20:33,702 线程ID:[41] 日志级别：DEBUG 出错类：ApplicationInfoLog property:[(null)] - 错误描述：Creating transaction on Demand
记录时间：2015-02-27 10:20:33,834 线程ID:[41] 日志级别：DEBUG 出错类：ApplicationInfoLog property:[(null)] - 错误描述：Marking transaction as complete
记录时间：2015-02-27 10:20:33,836 线程ID:[41] 日志级别：DEBUG 出错类：ApplicationInfoLog property:[(null)] - 错误描述：Final work for transaction being performed
记录时间：2015-02-27 10:20:33,836 线程ID:[41] 日志级别：DEBUG 出错类：ApplicationInfoLog property:[(null)] - 错误描述：Transaction disposed
记录时间：2015-02-27 10:20:37,713 线程ID:[43] 日志级别：INFO  出错类：ApplicationInfoLog property:[(null)] - 错误描述：MenuService.GetMenus(IUser):IEnumerable<MenuEntry> : user:10
记录时间：2015-02-27 10:20:37,714 线程ID:[43] 日志级别：DEBUG 出错类：ApplicationInfoLog property:[(null)] - 错误描述：Marking transaction as complete
记录时间：2015-02-27 10:20:37,714 线程ID:[43] 日志级别：DEBUG 出错类：ApplicationInfoLog property:[(null)] - 错误描述：Final work for transaction being performed
记录时间：2015-02-27 10:20:37,714 线程ID:[43] 日志级别：DEBUG 出错类：ApplicationInfoLog property:[(null)] - 错误描述：Transaction disposed
记录时间：2015-02-27 10:20:39,743 线程ID:[35] 日志级别：INFO  出错类：ApplicationInfoLog property:[(null)] - 错误描述：MenuService.GetMenus(IUser):IEnumerable<MenuEntry> : user:10
记录时间：2015-02-27 10:20:39,744 线程ID:[35] 日志级别：DEBUG 出错类：ApplicationInfoLog property:[(null)] - 错误描述：Marking transaction as complete
记录时间：2015-02-27 10:20:39,744 线程ID:[35] 日志级别：DEBUG 出错类：ApplicationInfoLog property:[(null)] - 错误描述：Final work for transaction being performed
记录时间：2015-02-27 10:20:39,744 线程ID:[35] 日志级别：DEBUG 出错类：ApplicationInfoLog property:[(null)] - 错误描述：Transaction disposed
记录时间：2015-02-27 10:20:41,083 线程ID:[43] 日志级别：INFO  出错类：ApplicationInfoLog property:[(null)] - 错误描述：MenuService.GetMenus(IUser):IEnumerable<MenuEntry> : user:10
记录时间：2015-02-27 10:20:41,084 线程ID:[43] 日志级别：DEBUG 出错类：ApplicationInfoLog property:[(null)] - 错误描述：Marking transaction as complete
记录时间：2015-02-27 10:20:41,084 线程ID:[43] 日志级别：DEBUG 出错类：ApplicationInfoLog property:[(null)] - 错误描述：Final work for transaction being performed
记录时间：2015-02-27 10:20:41,084 线程ID:[43] 日志级别：DEBUG 出错类：ApplicationInfoLog property:[(null)] - 错误描述：Transaction disposed
记录时间：2015-02-27 12:42:46,653 线程ID:[147] 日志级别：DEBUG 出错类：ApplicationInfoLog property:[(null)] - 错误描述：Acquiring session for 
记录时间：2015-02-27 12:42:46,671 线程ID:[147] 日志级别：DEBUG 出错类：ApplicationInfoLog property:[(null)] - 错误描述：Building session factory
记录时间：2015-02-27 12:42:46,671 线程ID:[147] 日志级别：DEBUG 出错类：ApplicationInfoLog property:[(null)] - 错误描述：Building configuration
记录时间：2015-02-27 12:42:47,110 线程ID:[147] 日志级别：DEBUG 出错类：ApplicationInfoLog property:[(null)] - 错误描述：Done Building configuration
记录时间：2015-02-27 12:42:47,841 线程ID:[147] 日志级别：DEBUG 出错类：ApplicationInfoLog property:[(null)] - 错误描述：Done building session factory
记录时间：2015-02-27 12:42:47,841 线程ID:[147] 日志级别：INFO  出错类：ApplicationInfoLog property:[(null)] - 错误描述：Openning database session
记录时间：2015-02-27 12:42:47,850 线程ID:[147] 日志级别：DEBUG 出错类：ApplicationInfoLog property:[(null)] - 错误描述：Creating transaction on Demand
记录时间：2015-02-27 12:42:48,263 线程ID:[147] 日志级别：INFO  出错类：ApplicationInfoLog property:[(null)] - 错误描述：MenuService.GetMenus(IUser):IEnumerable<MenuEntry> : user:10
记录时间：2015-02-27 12:42:50,602 线程ID:[147] 日志级别：INFO  出错类：ApplicationInfoLog property:[(null)] - 错误描述：MenuService.GetMenus(IUser):IEnumerable<MenuEntry> : user:10
记录时间：2015-02-27 12:42:50,947 线程ID:[147] 日志级别：DEBUG 出错类：ApplicationInfoLog property:[(null)] - 错误描述：Marking transaction as complete
记录时间：2015-02-27 12:42:51,005 线程ID:[147] 日志级别：DEBUG 出错类：ApplicationInfoLog property:[(null)] - 错误描述：Final work for transaction being performed
记录时间：2015-02-27 12:42:51,005 线程ID:[147] 日志级别：DEBUG 出错类：ApplicationInfoLog property:[(null)] - 错误描述：Transaction disposed
记录时间：2015-02-27 12:42:54,159 线程ID:[150] 日志级别：INFO  出错类：ApplicationInfoLog property:[(null)] - 错误描述：MenuService.GetMenus(IUser):IEnumerable<MenuEntry> : user:10
记录时间：2015-02-27 12:42:54,161 线程ID:[150] 日志级别：DEBUG 出错类：ApplicationInfoLog property:[(null)] - 错误描述：Marking transaction as complete
记录时间：2015-02-27 12:42:54,161 线程ID:[150] 日志级别：DEBUG 出错类：ApplicationInfoLog property:[(null)] - 错误描述：Final work for transaction being performed
记录时间：2015-02-27 12:42:54,161 线程ID:[150] 日志级别：DEBUG 出错类：ApplicationInfoLog property:[(null)] - 错误描述：Transaction disposed
记录时间：2015-02-27 12:42:56,263 线程ID:[149] 日志级别：INFO  出错类：ApplicationInfoLog property:[(null)] - 错误描述：MenuService.GetMenus(IUser):IEnumerable<MenuEntry> : user:10
记录时间：2015-02-27 12:42:56,264 线程ID:[149] 日志级别：DEBUG 出错类：ApplicationInfoLog property:[(null)] - 错误描述：Marking transaction as complete
记录时间：2015-02-27 12:42:56,264 线程ID:[149] 日志级别：DEBUG 出错类：ApplicationInfoLog property:[(null)] - 错误描述：Final work for transaction being performed
记录时间：2015-02-27 12:42:56,264 线程ID:[149] 日志级别：DEBUG 出错类：ApplicationInfoLog property:[(null)] - 错误描述：Transaction disposed
记录时间：2015-02-27 12:43:06,433 线程ID:[147] 日志级别：DEBUG 出错类：ApplicationInfoLog property:[(null)] - 错误描述：Acquiring session for 
记录时间：2015-02-27 12:43:06,433 线程ID:[147] 日志级别：INFO  出错类：ApplicationInfoLog property:[(null)] - 错误描述：Openning database session
记录时间：2015-02-27 12:43:06,434 线程ID:[147] 日志级别：DEBUG 出错类：ApplicationInfoLog property:[(null)] - 错误描述：Creating transaction on Demand
记录时间：2015-02-27 12:43:06,442 线程ID:[147] 日志级别：DEBUG 出错类：ApplicationInfoLog property:[(null)] - 错误描述：Acquiring session for 
记录时间：2015-02-27 12:43:06,528 线程ID:[147] 日志级别：INFO  出错类：ApplicationInfoLog property:[(null)] - 错误描述：MenuService.GetMenus(IUser):IEnumerable<MenuEntry> : user:10
记录时间：2015-02-27 12:43:06,529 线程ID:[147] 日志级别：DEBUG 出错类：ApplicationInfoLog property:[(null)] - 错误描述：Marking transaction as complete
记录时间：2015-02-27 12:43:06,531 线程ID:[147] 日志级别：DEBUG 出错类：ApplicationInfoLog property:[(null)] - 错误描述：Final work for transaction being performed
记录时间：2015-02-27 12:43:06,531 线程ID:[147] 日志级别：DEBUG 出错类：ApplicationInfoLog property:[(null)] - 错误描述：Transaction disposed
记录时间：2015-02-27 12:43:08,618 线程ID:[147] 日志级别：INFO  出错类：ApplicationInfoLog property:[(null)] - 错误描述：MenuService.GetMenus(IUser):IEnumerable<MenuEntry> : user:10
记录时间：2015-02-27 12:43:08,619 线程ID:[147] 日志级别：DEBUG 出错类：ApplicationInfoLog property:[(null)] - 错误描述：Marking transaction as complete
记录时间：2015-02-27 12:43:08,619 线程ID:[147] 日志级别：DEBUG 出错类：ApplicationInfoLog property:[(null)] - 错误描述：Final work for transaction being performed
记录时间：2015-02-27 12:43:08,619 线程ID:[147] 日志级别：DEBUG 出错类：ApplicationInfoLog property:[(null)] - 错误描述：Transaction disposed
记录时间：2015-02-27 12:43:10,408 线程ID:[148] 日志级别：INFO  出错类：ApplicationInfoLog property:[(null)] - 错误描述：MenuService.GetMenus(IUser):IEnumerable<MenuEntry> : user:10
记录时间：2015-02-27 12:43:10,409 线程ID:[148] 日志级别：DEBUG 出错类：ApplicationInfoLog property:[(null)] - 错误描述：Marking transaction as complete
记录时间：2015-02-27 12:43:10,409 线程ID:[148] 日志级别：DEBUG 出错类：ApplicationInfoLog property:[(null)] - 错误描述：Final work for transaction being performed
记录时间：2015-02-27 12:43:10,409 线程ID:[148] 日志级别：DEBUG 出错类：ApplicationInfoLog property:[(null)] - 错误描述：Transaction disposed
记录时间：2015-02-27 12:43:13,889 线程ID:[149] 日志级别：DEBUG 出错类：ApplicationInfoLog property:[(null)] - 错误描述：Acquiring session for 
记录时间：2015-02-27 12:43:13,889 线程ID:[149] 日志级别：INFO  出错类：ApplicationInfoLog property:[(null)] - 错误描述：Openning database session
记录时间：2015-02-27 12:43:13,889 线程ID:[149] 日志级别：DEBUG 出错类：ApplicationInfoLog property:[(null)] - 错误描述：Creating transaction on Demand
记录时间：2015-02-27 12:43:13,894 线程ID:[149] 日志级别：DEBUG 出错类：ApplicationInfoLog property:[(null)] - 错误描述：Acquiring session for 
记录时间：2015-02-27 12:43:13,909 线程ID:[149] 日志级别：INFO  出错类：ApplicationInfoLog property:[(null)] - 错误描述：MenuService.GetMenus(IUser):IEnumerable<MenuEntry> : user:10
记录时间：2015-02-27 12:43:13,910 线程ID:[149] 日志级别：DEBUG 出错类：ApplicationInfoLog property:[(null)] - 错误描述：Marking transaction as complete
记录时间：2015-02-27 12:43:13,912 线程ID:[149] 日志级别：DEBUG 出错类：ApplicationInfoLog property:[(null)] - 错误描述：Final work for transaction being performed
记录时间：2015-02-27 12:43:13,912 线程ID:[149] 日志级别：DEBUG 出错类：ApplicationInfoLog property:[(null)] - 错误描述：Transaction disposed
记录时间：2015-02-27 12:43:22,162 线程ID:[150] 日志级别：INFO  出错类：ApplicationInfoLog property:[(null)] - 错误描述：MenuService.GetMenus(IUser):IEnumerable<MenuEntry> : user:10
记录时间：2015-02-27 12:43:22,163 线程ID:[150] 日志级别：DEBUG 出错类：ApplicationInfoLog property:[(null)] - 错误描述：Marking transaction as complete
记录时间：2015-02-27 12:43:22,163 线程ID:[150] 日志级别：DEBUG 出错类：ApplicationInfoLog property:[(null)] - 错误描述：Final work for transaction being performed
记录时间：2015-02-27 12:43:22,163 线程ID:[150] 日志级别：DEBUG 出错类：ApplicationInfoLog property:[(null)] - 错误描述：Transaction disposed
记录时间：2015-02-27 12:43:23,802 线程ID:[150] 日志级别：INFO  出错类：ApplicationInfoLog property:[(null)] - 错误描述：MenuService.GetMenus(IUser):IEnumerable<MenuEntry> : user:10
记录时间：2015-02-27 12:43:23,804 线程ID:[150] 日志级别：DEBUG 出错类：ApplicationInfoLog property:[(null)] - 错误描述：Marking transaction as complete
记录时间：2015-02-27 12:43:23,804 线程ID:[150] 日志级别：DEBUG 出错类：ApplicationInfoLog property:[(null)] - 错误描述：Final work for transaction being performed
记录时间：2015-02-27 12:43:23,804 线程ID:[150] 日志级别：DEBUG 出错类：ApplicationInfoLog property:[(null)] - 错误描述：Transaction disposed
记录时间：2015-02-27 12:43:36,081 线程ID:[149] 日志级别：DEBUG 出错类：ApplicationInfoLog property:[(null)] - 错误描述：Create QsTech.Accounts.Models.Accounts.Account
记录时间：2015-02-27 12:43:36,081 线程ID:[149] 日志级别：DEBUG 出错类：ApplicationInfoLog property:[(null)] - 错误描述：Acquiring session for 
记录时间：2015-02-27 12:43:36,081 线程ID:[149] 日志级别：INFO  出错类：ApplicationInfoLog property:[(null)] - 错误描述：Openning database session
记录时间：2015-02-27 12:43:36,081 线程ID:[149] 日志级别：DEBUG 出错类：ApplicationInfoLog property:[(null)] - 错误描述：Creating transaction on Demand
记录时间：2015-02-27 12:43:36,108 线程ID:[149] 日志级别：DEBUG 出错类：ApplicationInfoLog property:[(null)] - 错误描述：Marking transaction as complete
记录时间：2015-02-27 12:43:36,172 线程ID:[149] 日志级别：DEBUG 出错类：ApplicationInfoLog property:[(null)] - 错误描述：Final work for transaction being performed
记录时间：2015-02-27 12:43:36,172 线程ID:[149] 日志级别：DEBUG 出错类：ApplicationInfoLog property:[(null)] - 错误描述：Transaction disposed
记录时间：2015-02-27 12:43:36,184 线程ID:[148] 日志级别：DEBUG 出错类：ApplicationInfoLog property:[(null)] - 错误描述：Acquiring session for 
记录时间：2015-02-27 12:43:36,184 线程ID:[148] 日志级别：INFO  出错类：ApplicationInfoLog property:[(null)] - 错误描述：Openning database session
记录时间：2015-02-27 12:43:36,184 线程ID:[148] 日志级别：DEBUG 出错类：ApplicationInfoLog property:[(null)] - 错误描述：Creating transaction on Demand
记录时间：2015-02-27 12:43:36,200 线程ID:[148] 日志级别：DEBUG 出错类：ApplicationInfoLog property:[(null)] - 错误描述：Acquiring session for 
记录时间：2015-02-27 12:43:36,235 线程ID:[148] 日志级别：DEBUG 出错类：ApplicationInfoLog property:[(null)] - 错误描述：Acquiring session for 
记录时间：2015-02-27 12:43:36,273 线程ID:[148] 日志级别：INFO  出错类：ApplicationInfoLog property:[(null)] - 错误描述：MenuService.GetMenus(IUser):IEnumerable<MenuEntry> : user:10
记录时间：2015-02-27 12:43:36,275 线程ID:[148] 日志级别：DEBUG 出错类：ApplicationInfoLog property:[(null)] - 错误描述：Marking transaction as complete
记录时间：2015-02-27 12:43:36,301 线程ID:[148] 日志级别：DEBUG 出错类：ApplicationInfoLog property:[(null)] - 错误描述：Final work for transaction being performed
记录时间：2015-02-27 12:43:36,301 线程ID:[148] 日志级别：DEBUG 出错类：ApplicationInfoLog property:[(null)] - 错误描述：Transaction disposed
记录时间：2015-02-27 12:43:39,926 线程ID:[149] 日志级别：DEBUG 出错类：ApplicationInfoLog property:[(null)] - 错误描述：Update QsTech.Accounts.Models.Accounts.Account
记录时间：2015-02-27 12:43:39,926 线程ID:[149] 日志级别：DEBUG 出错类：ApplicationInfoLog property:[(null)] - 错误描述：Acquiring session for 
记录时间：2015-02-27 12:43:39,926 线程ID:[149] 日志级别：INFO  出错类：ApplicationInfoLog property:[(null)] - 错误描述：Openning database session
记录时间：2015-02-27 12:43:39,926 线程ID:[149] 日志级别：DEBUG 出错类：ApplicationInfoLog property:[(null)] - 错误描述：Creating transaction on Demand
记录时间：2015-02-27 12:43:39,978 线程ID:[149] 日志级别：DEBUG 出错类：ApplicationInfoLog property:[(null)] - 错误描述：Marking transaction as complete
记录时间：2015-02-27 12:43:40,000 线程ID:[149] 日志级别：DEBUG 出错类：ApplicationInfoLog property:[(null)] - 错误描述：Final work for transaction being performed
记录时间：2015-02-27 12:43:40,000 线程ID:[149] 日志级别：DEBUG 出错类：ApplicationInfoLog property:[(null)] - 错误描述：Transaction disposed
记录时间：2015-02-27 12:43:40,641 线程ID:[147] 日志级别：DEBUG 出错类：ApplicationInfoLog property:[(null)] - 错误描述：Acquiring session for 
记录时间：2015-02-27 12:43:40,641 线程ID:[147] 日志级别：INFO  出错类：ApplicationInfoLog property:[(null)] - 错误描述：Openning database session
记录时间：2015-02-27 12:43:40,641 线程ID:[147] 日志级别：DEBUG 出错类：ApplicationInfoLog property:[(null)] - 错误描述：Creating transaction on Demand
记录时间：2015-02-27 12:43:40,649 线程ID:[147] 日志级别：DEBUG 出错类：ApplicationInfoLog property:[(null)] - 错误描述：Delete QsTech.Accounts.Models.Accounts.AccountClient
记录时间：2015-02-27 12:43:40,649 线程ID:[147] 日志级别：DEBUG 出错类：ApplicationInfoLog property:[(null)] - 错误描述：Acquiring session for 
记录时间：2015-02-27 12:43:40,654 线程ID:[147] 日志级别：DEBUG 出错类：ApplicationInfoLog property:[(null)] - 错误描述：Marking transaction as complete
记录时间：2015-02-27 12:43:40,666 线程ID:[147] 日志级别：DEBUG 出错类：ApplicationInfoLog property:[(null)] - 错误描述：Final work for transaction being performed
记录时间：2015-02-27 12:43:40,667 线程ID:[147] 日志级别：DEBUG 出错类：ApplicationInfoLog property:[(null)] - 错误描述：Transaction disposed
记录时间：2015-02-27 12:43:41,121 线程ID:[148] 日志级别：DEBUG 出错类：ApplicationInfoLog property:[(null)] - 错误描述：Acquiring session for 
记录时间：2015-02-27 12:43:41,121 线程ID:[148] 日志级别：INFO  出错类：ApplicationInfoLog property:[(null)] - 错误描述：Openning database session
记录时间：2015-02-27 12:43:41,122 线程ID:[148] 日志级别：DEBUG 出错类：ApplicationInfoLog property:[(null)] - 错误描述：Creating transaction on Demand
记录时间：2015-02-27 12:43:41,136 线程ID:[148] 日志级别：DEBUG 出错类：ApplicationInfoLog property:[(null)] - 错误描述：Update QsTech.Accounts.Models.Accounts.Account
记录时间：2015-02-27 12:43:41,136 线程ID:[148] 日志级别：DEBUG 出错类：ApplicationInfoLog property:[(null)] - 错误描述：Acquiring session for 
记录时间：2015-02-27 12:43:41,150 线程ID:[148] 日志级别：DEBUG 出错类：ApplicationInfoLog property:[(null)] - 错误描述：Marking transaction as complete
记录时间：2015-02-27 12:43:41,180 线程ID:[148] 日志级别：DEBUG 出错类：ApplicationInfoLog property:[(null)] - 错误描述：Final work for transaction being performed
记录时间：2015-02-27 12:43:41,180 线程ID:[148] 日志级别：DEBUG 出错类：ApplicationInfoLog property:[(null)] - 错误描述：Transaction disposed
记录时间：2015-02-27 12:43:41,618 线程ID:[150] 日志级别：DEBUG 出错类：ApplicationInfoLog property:[(null)] - 错误描述：Acquiring session for 
记录时间：2015-02-27 12:43:41,618 线程ID:[150] 日志级别：INFO  出错类：ApplicationInfoLog property:[(null)] - 错误描述：Openning database session
记录时间：2015-02-27 12:43:41,618 线程ID:[150] 日志级别：DEBUG 出错类：ApplicationInfoLog property:[(null)] - 错误描述：Creating transaction on Demand
记录时间：2015-02-27 12:43:41,623 线程ID:[150] 日志级别：DEBUG 出错类：ApplicationInfoLog property:[(null)] - 错误描述：Delete QsTech.Accounts.Models.Accounts.AccountClient
记录时间：2015-02-27 12:43:41,623 线程ID:[150] 日志级别：DEBUG 出错类：ApplicationInfoLog property:[(null)] - 错误描述：Acquiring session for 
记录时间：2015-02-27 12:43:41,623 线程ID:[150] 日志级别：DEBUG 出错类：ApplicationInfoLog property:[(null)] - 错误描述：Marking transaction as complete
记录时间：2015-02-27 12:43:41,629 线程ID:[150] 日志级别：DEBUG 出错类：ApplicationInfoLog property:[(null)] - 错误描述：Final work for transaction being performed
记录时间：2015-02-27 12:43:41,629 线程ID:[150] 日志级别：DEBUG 出错类：ApplicationInfoLog property:[(null)] - 错误描述：Transaction disposed
记录时间：2015-02-27 12:44:40,548 线程ID:[150] 日志级别：DEBUG 出错类：ApplicationInfoLog property:[(null)] - 错误描述：Acquiring session for 
记录时间：2015-02-27 12:44:40,566 线程ID:[150] 日志级别：DEBUG 出错类：ApplicationInfoLog property:[(null)] - 错误描述：Building session factory
记录时间：2015-02-27 12:44:40,566 线程ID:[150] 日志级别：DEBUG 出错类：ApplicationInfoLog property:[(null)] - 错误描述：Building configuration
记录时间：2015-02-27 12:44:41,221 线程ID:[150] 日志级别：DEBUG 出错类：ApplicationInfoLog property:[(null)] - 错误描述：Done Building configuration
记录时间：2015-02-27 12:44:41,878 线程ID:[150] 日志级别：DEBUG 出错类：ApplicationInfoLog property:[(null)] - 错误描述：Done building session factory
记录时间：2015-02-27 12:44:41,878 线程ID:[150] 日志级别：INFO  出错类：ApplicationInfoLog property:[(null)] - 错误描述：Openning database session
记录时间：2015-02-27 12:44:41,886 线程ID:[150] 日志级别：DEBUG 出错类：ApplicationInfoLog property:[(null)] - 错误描述：Creating transaction on Demand
记录时间：2015-02-27 12:44:42,279 线程ID:[150] 日志级别：INFO  出错类：ApplicationInfoLog property:[(null)] - 错误描述：MenuService.GetMenus(IUser):IEnumerable<MenuEntry> : user:10
记录时间：2015-02-27 12:44:44,028 线程ID:[150] 日志级别：INFO  出错类：ApplicationInfoLog property:[(null)] - 错误描述：MenuService.GetMenus(IUser):IEnumerable<MenuEntry> : user:10
记录时间：2015-02-27 12:44:44,366 线程ID:[150] 日志级别：DEBUG 出错类：ApplicationInfoLog property:[(null)] - 错误描述：Marking transaction as complete
记录时间：2015-02-27 12:44:44,423 线程ID:[150] 日志级别：DEBUG 出错类：ApplicationInfoLog property:[(null)] - 错误描述：Final work for transaction being performed
记录时间：2015-02-27 12:44:44,423 线程ID:[150] 日志级别：DEBUG 出错类：ApplicationInfoLog property:[(null)] - 错误描述：Transaction disposed
记录时间：2015-02-27 12:44:47,281 线程ID:[147] 日志级别：INFO  出错类：ApplicationInfoLog property:[(null)] - 错误描述：MenuService.GetMenus(IUser):IEnumerable<MenuEntry> : user:10
记录时间：2015-02-27 12:44:47,289 线程ID:[147] 日志级别：INFO  出错类：ApplicationInfoLog property:[(null)] - 错误描述：MenuService.GetMenus(IUser):IEnumerable<MenuEntry> : user:10
记录时间：2015-02-27 12:44:47,291 线程ID:[147] 日志级别：DEBUG 出错类：ApplicationInfoLog property:[(null)] - 错误描述：Marking transaction as complete
记录时间：2015-02-27 12:44:47,291 线程ID:[147] 日志级别：DEBUG 出错类：ApplicationInfoLog property:[(null)] - 错误描述：Final work for transaction being performed
记录时间：2015-02-27 12:44:47,291 线程ID:[147] 日志级别：DEBUG 出错类：ApplicationInfoLog property:[(null)] - 错误描述：Transaction disposed
记录时间：2015-02-27 12:44:48,948 线程ID:[150] 日志级别：INFO  出错类：ApplicationInfoLog property:[(null)] - 错误描述：MenuService.GetMenus(IUser):IEnumerable<MenuEntry> : user:10
记录时间：2015-02-27 12:44:48,949 线程ID:[150] 日志级别：DEBUG 出错类：ApplicationInfoLog property:[(null)] - 错误描述：Marking transaction as complete
记录时间：2015-02-27 12:44:48,949 线程ID:[150] 日志级别：DEBUG 出错类：ApplicationInfoLog property:[(null)] - 错误描述：Final work for transaction being performed
记录时间：2015-02-27 12:44:48,949 线程ID:[150] 日志级别：DEBUG 出错类：ApplicationInfoLog property:[(null)] - 错误描述：Transaction disposed
记录时间：2015-02-27 12:44:50,719 线程ID:[147] 日志级别：DEBUG 出错类：ApplicationInfoLog property:[(null)] - 错误描述：Acquiring session for 
记录时间：2015-02-27 12:44:50,719 线程ID:[147] 日志级别：INFO  出错类：ApplicationInfoLog property:[(null)] - 错误描述：Openning database session
记录时间：2015-02-27 12:44:50,719 线程ID:[147] 日志级别：DEBUG 出错类：ApplicationInfoLog property:[(null)] - 错误描述：Creating transaction on Demand
记录时间：2015-02-27 12:44:50,735 线程ID:[147] 日志级别：DEBUG 出错类：ApplicationInfoLog property:[(null)] - 错误描述：Acquiring session for 
记录时间：2015-02-27 12:44:50,858 线程ID:[147] 日志级别：INFO  出错类：ApplicationInfoLog property:[(null)] - 错误描述：MenuService.GetMenus(IUser):IEnumerable<MenuEntry> : user:10
记录时间：2015-02-27 12:44:50,859 线程ID:[147] 日志级别：DEBUG 出错类：ApplicationInfoLog property:[(null)] - 错误描述：Marking transaction as complete
记录时间：2015-02-27 12:44:50,863 线程ID:[147] 日志级别：DEBUG 出错类：ApplicationInfoLog property:[(null)] - 错误描述：Final work for transaction being performed
记录时间：2015-02-27 12:44:50,863 线程ID:[147] 日志级别：DEBUG 出错类：ApplicationInfoLog property:[(null)] - 错误描述：Transaction disposed
记录时间：2015-02-27 12:45:35,837 线程ID:[150] 日志级别：DEBUG 出错类：ApplicationInfoLog property:[(null)] - 错误描述：Acquiring session for 
记录时间：2015-02-27 12:45:35,854 线程ID:[150] 日志级别：DEBUG 出错类：ApplicationInfoLog property:[(null)] - 错误描述：Building session factory
记录时间：2015-02-27 12:45:35,854 线程ID:[150] 日志级别：DEBUG 出错类：ApplicationInfoLog property:[(null)] - 错误描述：Building configuration
记录时间：2015-02-27 12:45:36,289 线程ID:[150] 日志级别：DEBUG 出错类：ApplicationInfoLog property:[(null)] - 错误描述：Done Building configuration
记录时间：2015-02-27 12:45:36,924 线程ID:[150] 日志级别：DEBUG 出错类：ApplicationInfoLog property:[(null)] - 错误描述：Done building session factory
记录时间：2015-02-27 12:45:36,924 线程ID:[150] 日志级别：INFO  出错类：ApplicationInfoLog property:[(null)] - 错误描述：Openning database session
记录时间：2015-02-27 12:45:36,933 线程ID:[150] 日志级别：DEBUG 出错类：ApplicationInfoLog property:[(null)] - 错误描述：Creating transaction on Demand
记录时间：2015-02-27 12:45:37,312 线程ID:[150] 日志级别：INFO  出错类：ApplicationInfoLog property:[(null)] - 错误描述：MenuService.GetMenus(IUser):IEnumerable<MenuEntry> : user:10
记录时间：2015-02-27 12:45:39,171 线程ID:[150] 日志级别：INFO  出错类：ApplicationInfoLog property:[(null)] - 错误描述：MenuService.GetMenus(IUser):IEnumerable<MenuEntry> : user:10
记录时间：2015-02-27 12:45:39,539 线程ID:[150] 日志级别：DEBUG 出错类：ApplicationInfoLog property:[(null)] - 错误描述：Marking transaction as complete
记录时间：2015-02-27 12:45:39,595 线程ID:[150] 日志级别：DEBUG 出错类：ApplicationInfoLog property:[(null)] - 错误描述：Final work for transaction being performed
记录时间：2015-02-27 12:45:39,596 线程ID:[150] 日志级别：DEBUG 出错类：ApplicationInfoLog property:[(null)] - 错误描述：Transaction disposed
记录时间：2015-02-27 12:45:42,412 线程ID:[148] 日志级别：INFO  出错类：ApplicationInfoLog property:[(null)] - 错误描述：MenuService.GetMenus(IUser):IEnumerable<MenuEntry> : user:10
记录时间：2015-02-27 12:45:42,413 线程ID:[148] 日志级别：DEBUG 出错类：ApplicationInfoLog property:[(null)] - 错误描述：Marking transaction as complete
记录时间：2015-02-27 12:45:42,413 线程ID:[148] 日志级别：DEBUG 出错类：ApplicationInfoLog property:[(null)] - 错误描述：Final work for transaction being performed
记录时间：2015-02-27 12:45:42,413 线程ID:[148] 日志级别：DEBUG 出错类：ApplicationInfoLog property:[(null)] - 错误描述：Transaction disposed
记录时间：2015-02-27 12:45:44,949 线程ID:[149] 日志级别：DEBUG 出错类：ApplicationInfoLog property:[(null)] - 错误描述：Acquiring session for 
记录时间：2015-02-27 12:45:44,949 线程ID:[149] 日志级别：INFO  出错类：ApplicationInfoLog property:[(null)] - 错误描述：Openning database session
记录时间：2015-02-27 12:45:44,949 线程ID:[149] 日志级别：DEBUG 出错类：ApplicationInfoLog property:[(null)] - 错误描述：Creating transaction on Demand
记录时间：2015-02-27 12:45:45,333 线程ID:[149] 日志级别：INFO  出错类：ApplicationInfoLog property:[(null)] - 错误描述：MenuService.GetMenus(IUser):IEnumerable<MenuEntry> : user:10
记录时间：2015-02-27 12:45:45,334 线程ID:[149] 日志级别：DEBUG 出错类：ApplicationInfoLog property:[(null)] - 错误描述：Marking transaction as complete
记录时间：2015-02-27 12:45:45,337 线程ID:[149] 日志级别：DEBUG 出错类：ApplicationInfoLog property:[(null)] - 错误描述：Final work for transaction being performed
记录时间：2015-02-27 12:45:45,338 线程ID:[149] 日志级别：DEBUG 出错类：ApplicationInfoLog property:[(null)] - 错误描述：Transaction disposed
记录时间：2015-02-27 12:45:47,037 线程ID:[149] 日志级别：INFO  出错类：ApplicationInfoLog property:[(null)] - 错误描述：MenuService.GetMenus(IUser):IEnumerable<MenuEntry> : user:10
记录时间：2015-02-27 12:45:47,038 线程ID:[149] 日志级别：DEBUG 出错类：ApplicationInfoLog property:[(null)] - 错误描述：Marking transaction as complete
记录时间：2015-02-27 12:45:47,038 线程ID:[149] 日志级别：DEBUG 出错类：ApplicationInfoLog property:[(null)] - 错误描述：Final work for transaction being performed
记录时间：2015-02-27 12:45:47,038 线程ID:[149] 日志级别：DEBUG 出错类：ApplicationInfoLog property:[(null)] - 错误描述：Transaction disposed
记录时间：2015-02-27 12:45:57,926 线程ID:[147] 日志级别：INFO  出错类：ApplicationInfoLog property:[(null)] - 错误描述：MenuService.GetMenus(IUser):IEnumerable<MenuEntry> : user:10
记录时间：2015-02-27 12:45:57,927 线程ID:[147] 日志级别：DEBUG 出错类：ApplicationInfoLog property:[(null)] - 错误描述：Marking transaction as complete
记录时间：2015-02-27 12:45:57,927 线程ID:[147] 日志级别：DEBUG 出错类：ApplicationInfoLog property:[(null)] - 错误描述：Final work for transaction being performed
记录时间：2015-02-27 12:45:57,927 线程ID:[147] 日志级别：DEBUG 出错类：ApplicationInfoLog property:[(null)] - 错误描述：Transaction disposed
记录时间：2015-02-27 12:46:05,908 线程ID:[147] 日志级别：ERROR 出错类：ApplicationInfoLog property:[(null)] - 错误描述：accountId:10修改密码
记录时间：2015-02-27 12:46:05,913 线程ID:[147] 日志级别：INFO  出错类：ApplicationInfoLog property:[(null)] - 错误描述：MenuService.GetMenus(IUser):IEnumerable<MenuEntry> : user:10
记录时间：2015-02-27 12:46:05,914 线程ID:[147] 日志级别：DEBUG 出错类：ApplicationInfoLog property:[(null)] - 错误描述：Marking transaction as complete
记录时间：2015-02-27 12:46:05,914 线程ID:[147] 日志级别：DEBUG 出错类：ApplicationInfoLog property:[(null)] - 错误描述：Final work for transaction being performed
记录时间：2015-02-27 12:46:05,914 线程ID:[147] 日志级别：DEBUG 出错类：ApplicationInfoLog property:[(null)] - 错误描述：Transaction disposed
记录时间：2015-02-27 12:49:17,070 线程ID:[150] 日志级别：DEBUG 出错类：ApplicationInfoLog property:[(null)] - 错误描述：Acquiring session for 
记录时间：2015-02-27 12:49:17,089 线程ID:[150] 日志级别：DEBUG 出错类：ApplicationInfoLog property:[(null)] - 错误描述：Building session factory
记录时间：2015-02-27 12:49:17,089 线程ID:[150] 日志级别：DEBUG 出错类：ApplicationInfoLog property:[(null)] - 错误描述：Building configuration
记录时间：2015-02-27 12:49:17,665 线程ID:[150] 日志级别：DEBUG 出错类：ApplicationInfoLog property:[(null)] - 错误描述：Done Building configuration
记录时间：2015-02-27 12:49:18,393 线程ID:[150] 日志级别：DEBUG 出错类：ApplicationInfoLog property:[(null)] - 错误描述：Done building session factory
记录时间：2015-02-27 12:49:18,393 线程ID:[150] 日志级别：INFO  出错类：ApplicationInfoLog property:[(null)] - 错误描述：Openning database session
记录时间：2015-02-27 12:49:18,402 线程ID:[150] 日志级别：DEBUG 出错类：ApplicationInfoLog property:[(null)] - 错误描述：Creating transaction on Demand
记录时间：2015-02-27 12:49:18,814 线程ID:[150] 日志级别：INFO  出错类：ApplicationInfoLog property:[(null)] - 错误描述：MenuService.GetMenus(IUser):IEnumerable<MenuEntry> : user:10
记录时间：2015-02-27 12:49:20,689 线程ID:[150] 日志级别：INFO  出错类：ApplicationInfoLog property:[(null)] - 错误描述：MenuService.GetMenus(IUser):IEnumerable<MenuEntry> : user:10
记录时间：2015-02-27 12:49:21,041 线程ID:[150] 日志级别：DEBUG 出错类：ApplicationInfoLog property:[(null)] - 错误描述：Marking transaction as complete
记录时间：2015-02-27 12:49:21,117 线程ID:[150] 日志级别：DEBUG 出错类：ApplicationInfoLog property:[(null)] - 错误描述：Final work for transaction being performed
记录时间：2015-02-27 12:49:21,117 线程ID:[150] 日志级别：DEBUG 出错类：ApplicationInfoLog property:[(null)] - 错误描述：Transaction disposed
记录时间：2015-02-27 12:49:24,450 线程ID:[147] 日志级别：INFO  出错类：ApplicationInfoLog property:[(null)] - 错误描述：MenuService.GetMenus(IUser):IEnumerable<MenuEntry> : user:10
记录时间：2015-02-27 12:49:24,451 线程ID:[147] 日志级别：DEBUG 出错类：ApplicationInfoLog property:[(null)] - 错误描述：Marking transaction as complete
记录时间：2015-02-27 12:49:24,451 线程ID:[147] 日志级别：DEBUG 出错类：ApplicationInfoLog property:[(null)] - 错误描述：Final work for transaction being performed
记录时间：2015-02-27 12:49:24,451 线程ID:[147] 日志级别：DEBUG 出错类：ApplicationInfoLog property:[(null)] - 错误描述：Transaction disposed
记录时间：2015-02-27 12:49:26,390 线程ID:[150] 日志级别：INFO  出错类：ApplicationInfoLog property:[(null)] - 错误描述：MenuService.GetMenus(IUser):IEnumerable<MenuEntry> : user:10
记录时间：2015-02-27 12:49:26,392 线程ID:[150] 日志级别：DEBUG 出错类：ApplicationInfoLog property:[(null)] - 错误描述：Marking transaction as complete
记录时间：2015-02-27 12:49:26,392 线程ID:[150] 日志级别：DEBUG 出错类：ApplicationInfoLog property:[(null)] - 错误描述：Final work for transaction being performed
记录时间：2015-02-27 12:49:26,392 线程ID:[150] 日志级别：DEBUG 出错类：ApplicationInfoLog property:[(null)] - 错误描述：Transaction disposed
记录时间：2015-02-27 12:49:28,291 线程ID:[150] 日志级别：INFO  出错类：ApplicationInfoLog property:[(null)] - 错误描述：MenuService.GetMenus(IUser):IEnumerable<MenuEntry> : user:10
记录时间：2015-02-27 12:49:28,292 线程ID:[150] 日志级别：DEBUG 出错类：ApplicationInfoLog property:[(null)] - 错误描述：Marking transaction as complete
记录时间：2015-02-27 12:49:28,293 线程ID:[150] 日志级别：DEBUG 出错类：ApplicationInfoLog property:[(null)] - 错误描述：Final work for transaction being performed
记录时间：2015-02-27 12:49:28,293 线程ID:[150] 日志级别：DEBUG 出错类：ApplicationInfoLog property:[(null)] - 错误描述：Transaction disposed
记录时间：2015-02-27 12:49:29,792 线程ID:[147] 日志级别：INFO  出错类：ApplicationInfoLog property:[(null)] - 错误描述：MenuService.GetMenus(IUser):IEnumerable<MenuEntry> : user:10
记录时间：2015-02-27 12:49:29,793 线程ID:[147] 日志级别：DEBUG 出错类：ApplicationInfoLog property:[(null)] - 错误描述：Marking transaction as complete
记录时间：2015-02-27 12:49:29,793 线程ID:[147] 日志级别：DEBUG 出错类：ApplicationInfoLog property:[(null)] - 错误描述：Final work for transaction being performed
记录时间：2015-02-27 12:49:29,793 线程ID:[147] 日志级别：DEBUG 出错类：ApplicationInfoLog property:[(null)] - 错误描述：Transaction disposed
记录时间：2015-02-27 12:49:30,971 线程ID:[150] 日志级别：INFO  出错类：ApplicationInfoLog property:[(null)] - 错误描述：MenuService.GetMenus(IUser):IEnumerable<MenuEntry> : user:10
记录时间：2015-02-27 12:49:30,972 线程ID:[150] 日志级别：DEBUG 出错类：ApplicationInfoLog property:[(null)] - 错误描述：Marking transaction as complete
记录时间：2015-02-27 12:49:30,972 线程ID:[150] 日志级别：DEBUG 出错类：ApplicationInfoLog property:[(null)] - 错误描述：Final work for transaction being performed
记录时间：2015-02-27 12:49:30,972 线程ID:[150] 日志级别：DEBUG 出错类：ApplicationInfoLog property:[(null)] - 错误描述：Transaction disposed
记录时间：2015-02-27 12:49:45,937 线程ID:[149] 日志级别：DEBUG 出错类：ApplicationInfoLog property:[(null)] - 错误描述：Create QsTech.Accounts.Models.Accounts.Account
记录时间：2015-02-27 12:49:45,937 线程ID:[149] 日志级别：DEBUG 出错类：ApplicationInfoLog property:[(null)] - 错误描述：Acquiring session for 
记录时间：2015-02-27 12:49:45,937 线程ID:[149] 日志级别：INFO  出错类：ApplicationInfoLog property:[(null)] - 错误描述：Openning database session
记录时间：2015-02-27 12:49:45,938 线程ID:[149] 日志级别：DEBUG 出错类：ApplicationInfoLog property:[(null)] - 错误描述：Creating transaction on Demand
记录时间：2015-02-27 12:49:45,975 线程ID:[149] 日志级别：DEBUG 出错类：ApplicationInfoLog property:[(null)] - 错误描述：Marking transaction as complete
记录时间：2015-02-27 12:49:45,992 线程ID:[149] 日志级别：DEBUG 出错类：ApplicationInfoLog property:[(null)] - 错误描述：Final work for transaction being performed
记录时间：2015-02-27 12:49:45,993 线程ID:[149] 日志级别：DEBUG 出错类：ApplicationInfoLog property:[(null)] - 错误描述：Transaction disposed
记录时间：2015-02-27 12:49:46,008 线程ID:[148] 日志级别：DEBUG 出错类：ApplicationInfoLog property:[(null)] - 错误描述：Acquiring session for 
记录时间：2015-02-27 12:49:46,008 线程ID:[148] 日志级别：INFO  出错类：ApplicationInfoLog property:[(null)] - 错误描述：Openning database session
记录时间：2015-02-27 12:49:46,008 线程ID:[148] 日志级别：DEBUG 出错类：ApplicationInfoLog property:[(null)] - 错误描述：Creating transaction on Demand
记录时间：2015-02-27 12:49:46,065 线程ID:[148] 日志级别：DEBUG 出错类：ApplicationInfoLog property:[(null)] - 错误描述：Acquiring session for 
记录时间：2015-02-27 12:49:46,107 线程ID:[148] 日志级别：DEBUG 出错类：ApplicationInfoLog property:[(null)] - 错误描述：Acquiring session for 
记录时间：2015-02-27 12:49:46,216 线程ID:[148] 日志级别：INFO  出错类：ApplicationInfoLog property:[(null)] - 错误描述：MenuService.GetMenus(IUser):IEnumerable<MenuEntry> : user:10
记录时间：2015-02-27 12:49:46,216 线程ID:[148] 日志级别：DEBUG 出错类：ApplicationInfoLog property:[(null)] - 错误描述：Marking transaction as complete
记录时间：2015-02-27 12:49:46,248 线程ID:[148] 日志级别：DEBUG 出错类：ApplicationInfoLog property:[(null)] - 错误描述：Final work for transaction being performed
记录时间：2015-02-27 12:49:46,248 线程ID:[148] 日志级别：DEBUG 出错类：ApplicationInfoLog property:[(null)] - 错误描述：Transaction disposed
记录时间：2015-02-27 14:11:45,332 线程ID:[79] 日志级别：DEBUG 出错类：ApplicationInfoLog property:[(null)] - 错误描述：Acquiring session for 
记录时间：2015-02-27 14:11:45,349 线程ID:[79] 日志级别：DEBUG 出错类：ApplicationInfoLog property:[(null)] - 错误描述：Building session factory
记录时间：2015-02-27 14:11:45,349 线程ID:[79] 日志级别：DEBUG 出错类：ApplicationInfoLog property:[(null)] - 错误描述：Building configuration
记录时间：2015-02-27 14:11:45,789 线程ID:[79] 日志级别：DEBUG 出错类：ApplicationInfoLog property:[(null)] - 错误描述：Done Building configuration
记录时间：2015-02-27 14:11:46,504 线程ID:[79] 日志级别：DEBUG 出错类：ApplicationInfoLog property:[(null)] - 错误描述：Done building session factory
记录时间：2015-02-27 14:11:46,505 线程ID:[79] 日志级别：INFO  出错类：ApplicationInfoLog property:[(null)] - 错误描述：Openning database session
记录时间：2015-02-27 14:11:46,518 线程ID:[79] 日志级别：DEBUG 出错类：ApplicationInfoLog property:[(null)] - 错误描述：Creating transaction on Demand
记录时间：2015-02-27 14:11:46,973 线程ID:[79] 日志级别：INFO  出错类：ApplicationInfoLog property:[(null)] - 错误描述：MenuService.GetMenus(IUser):IEnumerable<MenuEntry> : user:10
记录时间：2015-02-27 14:11:48,794 线程ID:[79] 日志级别：INFO  出错类：ApplicationInfoLog property:[(null)] - 错误描述：MenuService.GetMenus(IUser):IEnumerable<MenuEntry> : user:10
记录时间：2015-02-27 14:11:49,196 线程ID:[79] 日志级别：DEBUG 出错类：ApplicationInfoLog property:[(null)] - 错误描述：Marking transaction as complete
记录时间：2015-02-27 14:11:49,274 线程ID:[79] 日志级别：DEBUG 出错类：ApplicationInfoLog property:[(null)] - 错误描述：Final work for transaction being performed
记录时间：2015-02-27 14:11:49,275 线程ID:[79] 日志级别：DEBUG 出错类：ApplicationInfoLog property:[(null)] - 错误描述：Transaction disposed
记录时间：2015-02-27 14:12:10,365 线程ID:[6] 日志级别：DEBUG 出错类：ApplicationInfoLog property:[(null)] - 错误描述：Acquiring session for 
记录时间：2015-02-27 14:12:10,383 线程ID:[6] 日志级别：DEBUG 出错类：ApplicationInfoLog property:[(null)] - 错误描述：Building session factory
记录时间：2015-02-27 14:12:10,383 线程ID:[6] 日志级别：DEBUG 出错类：ApplicationInfoLog property:[(null)] - 错误描述：Building configuration
记录时间：2015-02-27 14:12:11,045 线程ID:[6] 日志级别：DEBUG 出错类：ApplicationInfoLog property:[(null)] - 错误描述：Done Building configuration
记录时间：2015-02-27 14:12:11,779 线程ID:[6] 日志级别：DEBUG 出错类：ApplicationInfoLog property:[(null)] - 错误描述：Done building session factory
记录时间：2015-02-27 14:12:11,779 线程ID:[6] 日志级别：INFO  出错类：ApplicationInfoLog property:[(null)] - 错误描述：Openning database session
记录时间：2015-02-27 14:12:11,794 线程ID:[6] 日志级别：DEBUG 出错类：ApplicationInfoLog property:[(null)] - 错误描述：Creating transaction on Demand
记录时间：2015-02-27 14:12:12,422 线程ID:[6] 日志级别：INFO  出错类：ApplicationInfoLog property:[(null)] - 错误描述：MenuService.GetMenus(IUser):IEnumerable<MenuEntry> : user:10
记录时间：2015-02-27 14:12:12,606 线程ID:[6] 日志级别：INFO  出错类：ApplicationInfoLog property:[(null)] - 错误描述：MenuService.GetMenus(IUser):IEnumerable<MenuEntry> : user:10
记录时间：2015-02-27 14:12:12,620 线程ID:[6] 日志级别：DEBUG 出错类：ApplicationInfoLog property:[(null)] - 错误描述：Marking transaction as complete
记录时间：2015-02-27 14:12:12,686 线程ID:[6] 日志级别：DEBUG 出错类：ApplicationInfoLog property:[(null)] - 错误描述：Final work for transaction being performed
记录时间：2015-02-27 14:12:12,686 线程ID:[6] 日志级别：DEBUG 出错类：ApplicationInfoLog property:[(null)] - 错误描述：Transaction disposed
记录时间：2015-02-27 14:12:36,697 线程ID:[7] 日志级别：DEBUG 出错类：ApplicationInfoLog property:[(null)] - 错误描述：Acquiring session for 
记录时间：2015-02-27 14:12:36,703 线程ID:[7] 日志级别：DEBUG 出错类：ApplicationInfoLog property:[(null)] - 错误描述：Building session factory
记录时间：2015-02-27 14:12:36,703 线程ID:[7] 日志级别：DEBUG 出错类：ApplicationInfoLog property:[(null)] - 错误描述：Building configuration
记录时间：2015-02-27 14:12:37,324 线程ID:[7] 日志级别：DEBUG 出错类：ApplicationInfoLog property:[(null)] - 错误描述：Done Building configuration
记录时间：2015-02-27 14:12:37,752 线程ID:[7] 日志级别：DEBUG 出错类：ApplicationInfoLog property:[(null)] - 错误描述：Done building session factory
记录时间：2015-02-27 14:12:37,752 线程ID:[7] 日志级别：INFO  出错类：ApplicationInfoLog property:[(null)] - 错误描述：Openning database session
记录时间：2015-02-27 14:12:37,757 线程ID:[7] 日志级别：DEBUG 出错类：ApplicationInfoLog property:[(null)] - 错误描述：Creating transaction on Demand
记录时间：2015-02-27 14:12:38,169 线程ID:[7] 日志级别：INFO  出错类：ApplicationInfoLog property:[(null)] - 错误描述：MenuService.GetMenus(IUser):IEnumerable<MenuEntry> : user:10
记录时间：2015-02-27 14:12:38,800 线程ID:[7] 日志级别：INFO  出错类：ApplicationInfoLog property:[(null)] - 错误描述：MenuService.GetMenus(IUser):IEnumerable<MenuEntry> : user:10
记录时间：2015-02-27 14:12:38,891 线程ID:[7] 日志级别：DEBUG 出错类：ApplicationInfoLog property:[(null)] - 错误描述：Marking transaction as complete
记录时间：2015-02-27 14:12:38,939 线程ID:[7] 日志级别：DEBUG 出错类：ApplicationInfoLog property:[(null)] - 错误描述：Final work for transaction being performed
记录时间：2015-02-27 14:12:38,940 线程ID:[7] 日志级别：DEBUG 出错类：ApplicationInfoLog property:[(null)] - 错误描述：Transaction disposed
记录时间：2015-02-27 14:13:33,998 线程ID:[7] 日志级别：DEBUG 出错类：ApplicationInfoLog property:[(null)] - 错误描述：Acquiring session for 
记录时间：2015-02-27 14:13:34,006 线程ID:[7] 日志级别：DEBUG 出错类：ApplicationInfoLog property:[(null)] - 错误描述：Building session factory
记录时间：2015-02-27 14:13:34,006 线程ID:[7] 日志级别：DEBUG 出错类：ApplicationInfoLog property:[(null)] - 错误描述：Building configuration
记录时间：2015-02-27 14:13:34,613 线程ID:[7] 日志级别：DEBUG 出错类：ApplicationInfoLog property:[(null)] - 错误描述：Done Building configuration
记录时间：2015-02-27 14:13:35,026 线程ID:[7] 日志级别：DEBUG 出错类：ApplicationInfoLog property:[(null)] - 错误描述：Done building session factory
记录时间：2015-02-27 14:13:35,027 线程ID:[7] 日志级别：INFO  出错类：ApplicationInfoLog property:[(null)] - 错误描述：Openning database session
记录时间：2015-02-27 14:13:35,031 线程ID:[7] 日志级别：DEBUG 出错类：ApplicationInfoLog property:[(null)] - 错误描述：Creating transaction on Demand
记录时间：2015-02-27 14:13:35,385 线程ID:[7] 日志级别：INFO  出错类：ApplicationInfoLog property:[(null)] - 错误描述：MenuService.GetMenus(IUser):IEnumerable<MenuEntry> : user:10
记录时间：2015-02-27 14:13:35,802 线程ID:[7] 日志级别：INFO  出错类：ApplicationInfoLog property:[(null)] - 错误描述：MenuService.GetMenus(IUser):IEnumerable<MenuEntry> : user:10
记录时间：2015-02-27 14:13:35,881 线程ID:[7] 日志级别：DEBUG 出错类：ApplicationInfoLog property:[(null)] - 错误描述：Marking transaction as complete
记录时间：2015-02-27 14:13:35,933 线程ID:[7] 日志级别：DEBUG 出错类：ApplicationInfoLog property:[(null)] - 错误描述：Final work for transaction being performed
记录时间：2015-02-27 14:13:35,933 线程ID:[7] 日志级别：DEBUG 出错类：ApplicationInfoLog property:[(null)] - 错误描述：Transaction disposed
记录时间：2015-02-27 14:16:20,346 线程ID:[7] 日志级别：DEBUG 出错类：ApplicationInfoLog property:[(null)] - 错误描述：Acquiring session for 
记录时间：2015-02-27 14:16:20,351 线程ID:[7] 日志级别：DEBUG 出错类：ApplicationInfoLog property:[(null)] - 错误描述：Building session factory
记录时间：2015-02-27 14:16:20,351 线程ID:[7] 日志级别：DEBUG 出错类：ApplicationInfoLog property:[(null)] - 错误描述：Building configuration
记录时间：2015-02-27 14:16:20,956 线程ID:[7] 日志级别：DEBUG 出错类：ApplicationInfoLog property:[(null)] - 错误描述：Done Building configuration
记录时间：2015-02-27 14:16:21,389 线程ID:[7] 日志级别：DEBUG 出错类：ApplicationInfoLog property:[(null)] - 错误描述：Done building session factory
记录时间：2015-02-27 14:16:21,389 线程ID:[7] 日志级别：INFO  出错类：ApplicationInfoLog property:[(null)] - 错误描述：Openning database session
记录时间：2015-02-27 14:16:21,394 线程ID:[7] 日志级别：DEBUG 出错类：ApplicationInfoLog property:[(null)] - 错误描述：Creating transaction on Demand
记录时间：2015-02-27 14:16:21,758 线程ID:[7] 日志级别：INFO  出错类：ApplicationInfoLog property:[(null)] - 错误描述：MenuService.GetMenus(IUser):IEnumerable<MenuEntry> : user:10
记录时间：2015-02-27 14:16:22,192 线程ID:[7] 日志级别：INFO  出错类：ApplicationInfoLog property:[(null)] - 错误描述：MenuService.GetMenus(IUser):IEnumerable<MenuEntry> : user:10
记录时间：2015-02-27 14:16:22,274 线程ID:[7] 日志级别：DEBUG 出错类：ApplicationInfoLog property:[(null)] - 错误描述：Marking transaction as complete
记录时间：2015-02-27 14:16:22,331 线程ID:[7] 日志级别：DEBUG 出错类：ApplicationInfoLog property:[(null)] - 错误描述：Final work for transaction being performed
记录时间：2015-02-27 14:16:22,331 线程ID:[7] 日志级别：DEBUG 出错类：ApplicationInfoLog property:[(null)] - 错误描述：Transaction disposed
记录时间：2015-02-27 14:16:34,218 线程ID:[7] 日志级别：INFO  出错类：ApplicationInfoLog property:[(null)] - 错误描述：MenuService.GetMenus(IUser):IEnumerable<MenuEntry> : user:10
记录时间：2015-02-27 14:16:34,226 线程ID:[7] 日志级别：INFO  出错类：ApplicationInfoLog property:[(null)] - 错误描述：MenuService.GetMenus(IUser):IEnumerable<MenuEntry> : user:10
记录时间：2015-02-27 14:16:34,228 线程ID:[7] 日志级别：DEBUG 出错类：ApplicationInfoLog property:[(null)] - 错误描述：Marking transaction as complete
记录时间：2015-02-27 14:16:34,228 线程ID:[7] 日志级别：DEBUG 出错类：ApplicationInfoLog property:[(null)] - 错误描述：Final work for transaction being performed
记录时间：2015-02-27 14:16:34,228 线程ID:[7] 日志级别：DEBUG 出错类：ApplicationInfoLog property:[(null)] - 错误描述：Transaction disposed
记录时间：2015-02-27 14:16:59,998 线程ID:[7] 日志级别：DEBUG 出错类：ApplicationInfoLog property:[(null)] - 错误描述：Acquiring session for 
记录时间：2015-02-27 14:17:00,005 线程ID:[7] 日志级别：DEBUG 出错类：ApplicationInfoLog property:[(null)] - 错误描述：Building session factory
记录时间：2015-02-27 14:17:00,005 线程ID:[7] 日志级别：DEBUG 出错类：ApplicationInfoLog property:[(null)] - 错误描述：Building configuration
记录时间：2015-02-27 14:17:00,721 线程ID:[7] 日志级别：DEBUG 出错类：ApplicationInfoLog property:[(null)] - 错误描述：Done Building configuration
记录时间：2015-02-27 14:17:01,169 线程ID:[7] 日志级别：DEBUG 出错类：ApplicationInfoLog property:[(null)] - 错误描述：Done building session factory
记录时间：2015-02-27 14:17:01,169 线程ID:[7] 日志级别：INFO  出错类：ApplicationInfoLog property:[(null)] - 错误描述：Openning database session
记录时间：2015-02-27 14:17:01,172 线程ID:[7] 日志级别：DEBUG 出错类：ApplicationInfoLog property:[(null)] - 错误描述：Creating transaction on Demand
记录时间：2015-02-27 14:17:01,583 线程ID:[7] 日志级别：INFO  出错类：ApplicationInfoLog property:[(null)] - 错误描述：MenuService.GetMenus(IUser):IEnumerable<MenuEntry> : user:10
记录时间：2015-02-27 14:17:09,845 线程ID:[7] 日志级别：INFO  出错类：ApplicationInfoLog property:[(null)] - 错误描述：MenuService.GetMenus(IUser):IEnumerable<MenuEntry> : user:10
记录时间：2015-02-27 14:17:09,856 线程ID:[7] 日志级别：DEBUG 出错类：ApplicationInfoLog property:[(null)] - 错误描述：Marking transaction as complete
记录时间：2015-02-27 14:17:09,929 线程ID:[7] 日志级别：DEBUG 出错类：ApplicationInfoLog property:[(null)] - 错误描述：Final work for transaction being performed
记录时间：2015-02-27 14:17:09,930 线程ID:[7] 日志级别：DEBUG 出错类：ApplicationInfoLog property:[(null)] - 错误描述：Transaction disposed
记录时间：2015-02-27 14:22:56,490 线程ID:[7] 日志级别：DEBUG 出错类：ApplicationInfoLog property:[(null)] - 错误描述：Acquiring session for 
记录时间：2015-02-27 14:22:56,529 线程ID:[7] 日志级别：DEBUG 出错类：ApplicationInfoLog property:[(null)] - 错误描述：Building session factory
记录时间：2015-02-27 14:22:56,529 线程ID:[7] 日志级别：DEBUG 出错类：ApplicationInfoLog property:[(null)] - 错误描述：Building configuration
记录时间：2015-02-27 14:22:57,413 线程ID:[7] 日志级别：DEBUG 出错类：ApplicationInfoLog property:[(null)] - 错误描述：Done Building configuration
记录时间：2015-02-27 14:22:58,544 线程ID:[7] 日志级别：DEBUG 出错类：ApplicationInfoLog property:[(null)] - 错误描述：Done building session factory
记录时间：2015-02-27 14:22:58,544 线程ID:[7] 日志级别：INFO  出错类：ApplicationInfoLog property:[(null)] - 错误描述：Openning database session
记录时间：2015-02-27 14:22:58,565 线程ID:[7] 日志级别：DEBUG 出错类：ApplicationInfoLog property:[(null)] - 错误描述：Creating transaction on Demand
记录时间：2015-02-27 14:22:59,190 线程ID:[7] 日志级别：INFO  出错类：ApplicationInfoLog property:[(null)] - 错误描述：MenuService.GetMenus(IUser):IEnumerable<MenuEntry> : user:10
记录时间：2015-02-27 14:23:06,829 线程ID:[7] 日志级别：INFO  出错类：ApplicationInfoLog property:[(null)] - 错误描述：MenuService.GetMenus(IUser):IEnumerable<MenuEntry> : user:10
记录时间：2015-02-27 14:23:07,399 线程ID:[7] 日志级别：DEBUG 出错类：ApplicationInfoLog property:[(null)] - 错误描述：Marking transaction as complete
记录时间：2015-02-27 14:23:07,497 线程ID:[7] 日志级别：DEBUG 出错类：ApplicationInfoLog property:[(null)] - 错误描述：Final work for transaction being performed
记录时间：2015-02-27 14:23:07,497 线程ID:[7] 日志级别：DEBUG 出错类：ApplicationInfoLog property:[(null)] - 错误描述：Transaction disposed
记录时间：2015-02-27 14:24:34,423 线程ID:[7] 日志级别：DEBUG 出错类：ApplicationInfoLog property:[(null)] - 错误描述：Marking transaction as complete
记录时间：2015-02-27 14:24:34,423 线程ID:[7] 日志级别：DEBUG 出错类：ApplicationInfoLog property:[(null)] - 错误描述：Final work for transaction being performed
记录时间：2015-02-27 14:24:34,423 线程ID:[7] 日志级别：DEBUG 出错类：ApplicationInfoLog property:[(null)] - 错误描述：Transaction disposed
记录时间：2015-02-27 14:24:35,370 线程ID:[5] 日志级别：DEBUG 出错类：ApplicationInfoLog property:[(null)] - 错误描述：Marking transaction as complete
记录时间：2015-02-27 14:24:35,370 线程ID:[5] 日志级别：DEBUG 出错类：ApplicationInfoLog property:[(null)] - 错误描述：Final work for transaction being performed
记录时间：2015-02-27 14:24:35,370 线程ID:[5] 日志级别：DEBUG 出错类：ApplicationInfoLog property:[(null)] - 错误描述：Transaction disposed
记录时间：2015-02-27 14:24:35,726 线程ID:[8] 日志级别：DEBUG 出错类：ApplicationInfoLog property:[(null)] - 错误描述：Marking transaction as complete
记录时间：2015-02-27 14:24:35,727 线程ID:[8] 日志级别：DEBUG 出错类：ApplicationInfoLog property:[(null)] - 错误描述：Final work for transaction being performed
记录时间：2015-02-27 14:24:35,727 线程ID:[8] 日志级别：DEBUG 出错类：ApplicationInfoLog property:[(null)] - 错误描述：Transaction disposed
记录时间：2015-02-27 14:27:01,713 线程ID:[6] 日志级别：DEBUG 出错类：ApplicationInfoLog property:[(null)] - 错误描述：Marking transaction as complete
记录时间：2015-02-27 14:27:01,730 线程ID:[6] 日志级别：DEBUG 出错类：ApplicationInfoLog property:[(null)] - 错误描述：Final work for transaction being performed
记录时间：2015-02-27 14:27:01,730 线程ID:[6] 日志级别：DEBUG 出错类：ApplicationInfoLog property:[(null)] - 错误描述：Transaction disposed
记录时间：2015-02-27 14:27:03,480 线程ID:[8] 日志级别：DEBUG 出错类：ApplicationInfoLog property:[(null)] - 错误描述：Marking transaction as complete
记录时间：2015-02-27 14:27:03,480 线程ID:[8] 日志级别：DEBUG 出错类：ApplicationInfoLog property:[(null)] - 错误描述：Final work for transaction being performed
记录时间：2015-02-27 14:27:03,480 线程ID:[8] 日志级别：DEBUG 出错类：ApplicationInfoLog property:[(null)] - 错误描述：Transaction disposed
记录时间：2015-02-27 14:27:03,853 线程ID:[7] 日志级别：DEBUG 出错类：ApplicationInfoLog property:[(null)] - 错误描述：Marking transaction as complete
记录时间：2015-02-27 14:27:03,853 线程ID:[7] 日志级别：DEBUG 出错类：ApplicationInfoLog property:[(null)] - 错误描述：Final work for transaction being performed
记录时间：2015-02-27 14:27:03,853 线程ID:[7] 日志级别：DEBUG 出错类：ApplicationInfoLog property:[(null)] - 错误描述：Transaction disposed
记录时间：2015-02-27 14:27:17,695 线程ID:[6] 日志级别：DEBUG 出错类：ApplicationInfoLog property:[(null)] - 错误描述：Acquiring session for 
记录时间：2015-02-27 14:27:17,696 线程ID:[6] 日志级别：DEBUG 出错类：ApplicationInfoLog property:[(null)] - 错误描述：Building session factory
记录时间：2015-02-27 14:27:17,697 线程ID:[6] 日志级别：DEBUG 出错类：ApplicationInfoLog property:[(null)] - 错误描述：Building configuration
记录时间：2015-02-27 14:27:18,270 线程ID:[6] 日志级别：DEBUG 出错类：ApplicationInfoLog property:[(null)] - 错误描述：Done Building configuration
记录时间：2015-02-27 14:27:18,888 线程ID:[6] 日志级别：DEBUG 出错类：ApplicationInfoLog property:[(null)] - 错误描述：Done building session factory
记录时间：2015-02-27 14:27:18,888 线程ID:[6] 日志级别：INFO  出错类：ApplicationInfoLog property:[(null)] - 错误描述：Openning database session
记录时间：2015-02-27 14:27:18,902 线程ID:[6] 日志级别：DEBUG 出错类：ApplicationInfoLog property:[(null)] - 错误描述：Creating transaction on Demand
记录时间：2015-02-27 14:27:19,361 线程ID:[6] 日志级别：DEBUG 出错类：ApplicationInfoLog property:[(null)] - 错误描述：验证用户 qsadmin
记录时间：2015-02-27 14:27:19,375 线程ID:[6] 日志级别：DEBUG 出错类：ApplicationInfoLog property:[(null)] - 错误描述：Marking transaction as complete
记录时间：2015-02-27 14:27:19,435 线程ID:[6] 日志级别：DEBUG 出错类：ApplicationInfoLog property:[(null)] - 错误描述：Final work for transaction being performed
记录时间：2015-02-27 14:27:19,435 线程ID:[6] 日志级别：DEBUG 出错类：ApplicationInfoLog property:[(null)] - 错误描述：Transaction disposed
记录时间：2015-02-27 14:27:30,563 线程ID:[8] 日志级别：INFO  出错类：ApplicationInfoLog property:[(null)] - 错误描述：MenuService.GetMenus(IUser):IEnumerable<MenuEntry> : user:10
记录时间：2015-02-27 14:27:30,988 线程ID:[8] 日志级别：DEBUG 出错类：ApplicationInfoLog property:[(null)] - 错误描述：Marking transaction as complete
记录时间：2015-02-27 14:27:30,988 线程ID:[8] 日志级别：DEBUG 出错类：ApplicationInfoLog property:[(null)] - 错误描述：Final work for transaction being performed
记录时间：2015-02-27 14:27:30,988 线程ID:[8] 日志级别：DEBUG 出错类：ApplicationInfoLog property:[(null)] - 错误描述：Transaction disposed
记录时间：2015-02-27 14:27:45,929 线程ID:[6] 日志级别：DEBUG 出错类：ApplicationInfoLog property:[(null)] - 错误描述：Marking transaction as complete
记录时间：2015-02-27 14:27:45,930 线程ID:[6] 日志级别：DEBUG 出错类：ApplicationInfoLog property:[(null)] - 错误描述：Final work for transaction being performed
记录时间：2015-02-27 14:27:45,930 线程ID:[6] 日志级别：DEBUG 出错类：ApplicationInfoLog property:[(null)] - 错误描述：Transaction disposed
记录时间：2015-02-27 14:32:00,407 线程ID:[7] 日志级别：DEBUG 出错类：ApplicationInfoLog property:[(null)] - 错误描述：Marking transaction as complete
记录时间：2015-02-27 14:32:00,425 线程ID:[7] 日志级别：DEBUG 出错类：ApplicationInfoLog property:[(null)] - 错误描述：Final work for transaction being performed
记录时间：2015-02-27 14:32:00,425 线程ID:[7] 日志级别：DEBUG 出错类：ApplicationInfoLog property:[(null)] - 错误描述：Transaction disposed
记录时间：2015-02-27 14:32:02,040 线程ID:[7] 日志级别：DEBUG 出错类：ApplicationInfoLog property:[(null)] - 错误描述：Marking transaction as complete
记录时间：2015-02-27 14:32:02,041 线程ID:[7] 日志级别：DEBUG 出错类：ApplicationInfoLog property:[(null)] - 错误描述：Final work for transaction being performed
记录时间：2015-02-27 14:32:02,041 线程ID:[7] 日志级别：DEBUG 出错类：ApplicationInfoLog property:[(null)] - 错误描述：Transaction disposed
记录时间：2015-02-27 14:32:02,673 线程ID:[9] 日志级别：DEBUG 出错类：ApplicationInfoLog property:[(null)] - 错误描述：Marking transaction as complete
记录时间：2015-02-27 14:32:02,673 线程ID:[9] 日志级别：DEBUG 出错类：ApplicationInfoLog property:[(null)] - 错误描述：Final work for transaction being performed
记录时间：2015-02-27 14:32:02,673 线程ID:[9] 日志级别：DEBUG 出错类：ApplicationInfoLog property:[(null)] - 错误描述：Transaction disposed
记录时间：2015-02-27 14:32:08,896 线程ID:[7] 日志级别：DEBUG 出错类：ApplicationInfoLog property:[(null)] - 错误描述：Acquiring session for 
记录时间：2015-02-27 14:32:08,896 线程ID:[7] 日志级别：DEBUG 出错类：ApplicationInfoLog property:[(null)] - 错误描述：Building session factory
记录时间：2015-02-27 14:32:08,897 线程ID:[7] 日志级别：DEBUG 出错类：ApplicationInfoLog property:[(null)] - 错误描述：Building configuration
记录时间：2015-02-27 14:32:09,474 线程ID:[7] 日志级别：DEBUG 出错类：ApplicationInfoLog property:[(null)] - 错误描述：Done Building configuration
记录时间：2015-02-27 14:32:10,125 线程ID:[7] 日志级别：DEBUG 出错类：ApplicationInfoLog property:[(null)] - 错误描述：Done building session factory
记录时间：2015-02-27 14:32:10,125 线程ID:[7] 日志级别：INFO  出错类：ApplicationInfoLog property:[(null)] - 错误描述：Openning database session
记录时间：2015-02-27 14:32:10,138 线程ID:[7] 日志级别：DEBUG 出错类：ApplicationInfoLog property:[(null)] - 错误描述：Creating transaction on Demand
记录时间：2015-02-27 14:32:10,615 线程ID:[7] 日志级别：DEBUG 出错类：ApplicationInfoLog property:[(null)] - 错误描述：验证用户 qsadmin
记录时间：2015-02-27 14:32:10,629 线程ID:[7] 日志级别：DEBUG 出错类：ApplicationInfoLog property:[(null)] - 错误描述：Marking transaction as complete
记录时间：2015-02-27 14:32:10,693 线程ID:[7] 日志级别：DEBUG 出错类：ApplicationInfoLog property:[(null)] - 错误描述：Final work for transaction being performed
记录时间：2015-02-27 14:32:10,693 线程ID:[7] 日志级别：DEBUG 出错类：ApplicationInfoLog property:[(null)] - 错误描述：Transaction disposed
记录时间：2015-02-27 14:32:12,760 线程ID:[9] 日志级别：INFO  出错类：ApplicationInfoLog property:[(null)] - 错误描述：MenuService.GetMenus(IUser):IEnumerable<MenuEntry> : user:10
记录时间：2015-02-27 14:32:13,192 线程ID:[9] 日志级别：DEBUG 出错类：ApplicationInfoLog property:[(null)] - 错误描述：Marking transaction as complete
记录时间：2015-02-27 14:32:13,192 线程ID:[9] 日志级别：DEBUG 出错类：ApplicationInfoLog property:[(null)] - 错误描述：Final work for transaction being performed
记录时间：2015-02-27 14:32:13,192 线程ID:[9] 日志级别：DEBUG 出错类：ApplicationInfoLog property:[(null)] - 错误描述：Transaction disposed
记录时间：2015-02-27 14:32:16,641 线程ID:[7] 日志级别：DEBUG 出错类：ApplicationInfoLog property:[(null)] - 错误描述：Marking transaction as complete
记录时间：2015-02-27 14:32:16,641 线程ID:[7] 日志级别：DEBUG 出错类：ApplicationInfoLog property:[(null)] - 错误描述：Final work for transaction being performed
记录时间：2015-02-27 14:32:16,642 线程ID:[7] 日志级别：DEBUG 出错类：ApplicationInfoLog property:[(null)] - 错误描述：Transaction disposed
记录时间：2015-02-27 14:32:16,788 线程ID:[7] 日志级别：DEBUG 出错类：ApplicationInfoLog property:[(null)] - 错误描述：Marking transaction as complete
记录时间：2015-02-27 14:32:16,788 线程ID:[7] 日志级别：DEBUG 出错类：ApplicationInfoLog property:[(null)] - 错误描述：Final work for transaction being performed
记录时间：2015-02-27 14:32:16,788 线程ID:[7] 日志级别：DEBUG 出错类：ApplicationInfoLog property:[(null)] - 错误描述：Transaction disposed
记录时间：2015-02-27 14:32:17,039 线程ID:[10] 日志级别：DEBUG 出错类：ApplicationInfoLog property:[(null)] - 错误描述：Marking transaction as complete
记录时间：2015-02-27 14:32:17,039 线程ID:[10] 日志级别：DEBUG 出错类：ApplicationInfoLog property:[(null)] - 错误描述：Final work for transaction being performed
记录时间：2015-02-27 14:32:17,039 线程ID:[10] 日志级别：DEBUG 出错类：ApplicationInfoLog property:[(null)] - 错误描述：Transaction disposed
记录时间：2015-02-27 14:32:30,111 线程ID:[7] 日志级别：DEBUG 出错类：ApplicationInfoLog property:[(null)] - 错误描述：验证用户 qsadmin
记录时间：2015-02-27 14:32:30,120 线程ID:[7] 日志级别：DEBUG 出错类：ApplicationInfoLog property:[(null)] - 错误描述：Marking transaction as complete
记录时间：2015-02-27 14:32:30,120 线程ID:[7] 日志级别：DEBUG 出错类：ApplicationInfoLog property:[(null)] - 错误描述：Final work for transaction being performed
记录时间：2015-02-27 14:32:30,120 线程ID:[7] 日志级别：DEBUG 出错类：ApplicationInfoLog property:[(null)] - 错误描述：Transaction disposed
记录时间：2015-02-27 14:32:30,142 线程ID:[9] 日志级别：INFO  出错类：ApplicationInfoLog property:[(null)] - 错误描述：MenuService.GetMenus(IUser):IEnumerable<MenuEntry> : user:10
记录时间：2015-02-27 14:32:30,144 线程ID:[9] 日志级别：DEBUG 出错类：ApplicationInfoLog property:[(null)] - 错误描述：Marking transaction as complete
记录时间：2015-02-27 14:32:30,144 线程ID:[9] 日志级别：DEBUG 出错类：ApplicationInfoLog property:[(null)] - 错误描述：Final work for transaction being performed
记录时间：2015-02-27 14:32:30,144 线程ID:[9] 日志级别：DEBUG 出错类：ApplicationInfoLog property:[(null)] - 错误描述：Transaction disposed
记录时间：2015-02-27 14:32:33,319 线程ID:[7] 日志级别：DEBUG 出错类：ApplicationInfoLog property:[(null)] - 错误描述：Acquiring session for 
记录时间：2015-02-27 14:32:33,319 线程ID:[7] 日志级别：INFO  出错类：ApplicationInfoLog property:[(null)] - 错误描述：Openning database session
记录时间：2015-02-27 14:32:33,319 线程ID:[7] 日志级别：DEBUG 出错类：ApplicationInfoLog property:[(null)] - 错误描述：Creating transaction on Demand
记录时间：2015-02-27 14:32:33,963 线程ID:[7] 日志级别：INFO  出错类：ApplicationInfoLog property:[(null)] - 错误描述：MenuService.GetMenus(IUser):IEnumerable<MenuEntry> : user:10
记录时间：2015-02-27 14:32:33,964 线程ID:[7] 日志级别：DEBUG 出错类：ApplicationInfoLog property:[(null)] - 错误描述：Marking transaction as complete
记录时间：2015-02-27 14:32:33,967 线程ID:[7] 日志级别：DEBUG 出错类：ApplicationInfoLog property:[(null)] - 错误描述：Final work for transaction being performed
记录时间：2015-02-27 14:32:33,967 线程ID:[7] 日志级别：DEBUG 出错类：ApplicationInfoLog property:[(null)] - 错误描述：Transaction disposed
记录时间：2015-02-27 14:32:35,729 线程ID:[7] 日志级别：INFO  出错类：ApplicationInfoLog property:[(null)] - 错误描述：MenuService.GetMenus(IUser):IEnumerable<MenuEntry> : user:10
记录时间：2015-02-27 14:32:35,784 线程ID:[7] 日志级别：DEBUG 出错类：ApplicationInfoLog property:[(null)] - 错误描述：Marking transaction as complete
记录时间：2015-02-27 14:32:35,784 线程ID:[7] 日志级别：DEBUG 出错类：ApplicationInfoLog property:[(null)] - 错误描述：Final work for transaction being performed
记录时间：2015-02-27 14:32:35,784 线程ID:[7] 日志级别：DEBUG 出错类：ApplicationInfoLog property:[(null)] - 错误描述：Transaction disposed
记录时间：2015-02-27 14:32:37,356 线程ID:[5] 日志级别：DEBUG 出错类：ApplicationInfoLog property:[(null)] - 错误描述：Marking transaction as complete
记录时间：2015-02-27 14:32:37,356 线程ID:[5] 日志级别：DEBUG 出错类：ApplicationInfoLog property:[(null)] - 错误描述：Final work for transaction being performed
记录时间：2015-02-27 14:32:37,356 线程ID:[5] 日志级别：DEBUG 出错类：ApplicationInfoLog property:[(null)] - 错误描述：Transaction disposed
记录时间：2015-02-27 14:32:37,569 线程ID:[8] 日志级别：DEBUG 出错类：ApplicationInfoLog property:[(null)] - 错误描述：Marking transaction as complete
记录时间：2015-02-27 14:32:37,570 线程ID:[8] 日志级别：DEBUG 出错类：ApplicationInfoLog property:[(null)] - 错误描述：Final work for transaction being performed
记录时间：2015-02-27 14:32:37,570 线程ID:[8] 日志级别：DEBUG 出错类：ApplicationInfoLog property:[(null)] - 错误描述：Transaction disposed
记录时间：2015-02-27 14:32:37,771 线程ID:[9] 日志级别：DEBUG 出错类：ApplicationInfoLog property:[(null)] - 错误描述：Marking transaction as complete
记录时间：2015-02-27 14:32:37,771 线程ID:[9] 日志级别：DEBUG 出错类：ApplicationInfoLog property:[(null)] - 错误描述：Final work for transaction being performed
记录时间：2015-02-27 14:32:37,771 线程ID:[9] 日志级别：DEBUG 出错类：ApplicationInfoLog property:[(null)] - 错误描述：Transaction disposed
