记录时间：2014-10-30 09:04:01,127 线程ID:[5] 日志级别：DEBUG 出错类：ApplicationInfoLog property:[(null)] - 错误描述：Marking transaction as complete
记录时间：2014-10-30 09:04:01,171 线程ID:[5] 日志级别：DEBUG 出错类：ApplicationInfoLog property:[(null)] - 错误描述：Final work for transaction being performed
记录时间：2014-10-30 09:04:01,171 线程ID:[5] 日志级别：DEBUG 出错类：ApplicationInfoLog property:[(null)] - 错误描述：Transaction disposed
记录时间：2014-10-30 09:04:01,269 线程ID:[4] 日志级别：ERROR 出错类：ApplicationInfoLog property:[(null)] - 错误描述：redirect_uri=
记录时间：2014-10-30 09:04:01,550 线程ID:[4] 日志级别：DEBUG 出错类：ApplicationInfoLog property:[(null)] - 错误描述：Marking transaction as complete
记录时间：2014-10-30 09:04:01,550 线程ID:[4] 日志级别：DEBUG 出错类：ApplicationInfoLog property:[(null)] - 错误描述：Final work for transaction being performed
记录时间：2014-10-30 09:04:01,550 线程ID:[4] 日志级别：DEBUG 出错类：ApplicationInfoLog property:[(null)] - 错误描述：Transaction disposed
记录时间：2014-10-30 09:04:02,824 线程ID:[6] 日志级别：DEBUG 出错类：ApplicationInfoLog property:[(null)] - 错误描述：Marking transaction as complete
记录时间：2014-10-30 09:04:02,824 线程ID:[6] 日志级别：DEBUG 出错类：ApplicationInfoLog property:[(null)] - 错误描述：Final work for transaction being performed
记录时间：2014-10-30 09:04:02,824 线程ID:[6] 日志级别：DEBUG 出错类：ApplicationInfoLog property:[(null)] - 错误描述：Transaction disposed
记录时间：2014-10-30 09:04:45,879 线程ID:[5] 日志级别：DEBUG 出错类：ApplicationInfoLog property:[(null)] - 错误描述：Acquiring session for 
记录时间：2014-10-30 09:04:45,889 线程ID:[5] 日志级别：DEBUG 出错类：ApplicationInfoLog property:[(null)] - 错误描述：Building session factory
记录时间：2014-10-30 09:04:45,890 线程ID:[5] 日志级别：DEBUG 出错类：ApplicationInfoLog property:[(null)] - 错误描述：Building configuration
记录时间：2014-10-30 09:04:46,608 线程ID:[5] 日志级别：DEBUG 出错类：ApplicationInfoLog property:[(null)] - 错误描述：Done Building configuration
记录时间：2014-10-30 09:04:47,670 线程ID:[5] 日志级别：DEBUG 出错类：ApplicationInfoLog property:[(null)] - 错误描述：Done building session factory
记录时间：2014-10-30 09:04:47,670 线程ID:[5] 日志级别：INFO  出错类：ApplicationInfoLog property:[(null)] - 错误描述：Openning database session
记录时间：2014-10-30 09:04:47,695 线程ID:[5] 日志级别：DEBUG 出错类：ApplicationInfoLog property:[(null)] - 错误描述：Creating transaction on Demand
记录时间：2014-10-30 09:04:48,392 线程ID:[5] 日志级别：ERROR 出错类：ApplicationInfoLog property:[(null)] - 错误描述：错误处理器
System.InvalidOperationException: 此请求已被阻止，因为当用在 GET 请求中时，会将敏感信息透漏给第三方网站。若要允许 GET 请求，请将 JsonRequestBehavior 设置为 AllowGet。
   在 System.Web.Mvc.JsonResult.ExecuteResult(ControllerContext context)
   在 System.Web.Mvc.ControllerActionInvoker.InvokeActionResult(ControllerContext controllerContext, ActionResult actionResult)
   在 System.Web.Mvc.ControllerActionInvoker.<>c__DisplayClass1c.<InvokeActionResultWithFilters>b__19()
   在 System.Web.Mvc.ControllerActionInvoker.InvokeActionResultFilter(IResultFilter filter, ResultExecutingContext preContext, Func`1 continuation)
   在 System.Web.Mvc.ControllerActionInvoker.<>c__DisplayClass1c.<>c__DisplayClass1e.<InvokeActionResultWithFilters>b__1b()
   在 System.Web.Mvc.ControllerActionInvoker.InvokeActionResultFilter(IResultFilter filter, ResultExecutingContext preContext, Func`1 continuation)
   在 System.Web.Mvc.ControllerActionInvoker.<>c__DisplayClass1c.<>c__DisplayClass1e.<InvokeActionResultWithFilters>b__1b()
   在 System.Web.Mvc.ControllerActionInvoker.InvokeActionResultWithFilters(ControllerContext controllerContext, IList`1 filters, ActionResult actionResult)
   在 System.Web.Mvc.ControllerActionInvoker.InvokeAction(ControllerContext controllerContext, String actionName)
记录时间：2014-10-30 09:04:48,408 线程ID:[5] 日志级别：DEBUG 出错类：ApplicationInfoLog property:[(null)] - 错误描述：Transaction cancelled flag set
记录时间：2014-10-30 09:04:48,413 线程ID:[5] 日志级别：DEBUG 出错类：ApplicationInfoLog property:[(null)] - 错误描述：Final work for transaction being performed
记录时间：2014-10-30 09:04:48,413 线程ID:[5] 日志级别：DEBUG 出错类：ApplicationInfoLog property:[(null)] - 错误描述：Transaction disposed
记录时间：2014-10-30 09:04:48,577 线程ID:[6] 日志级别：DEBUG 出错类：ApplicationInfoLog property:[(null)] - 错误描述：Marking transaction as complete
记录时间：2014-10-30 09:04:48,577 线程ID:[6] 日志级别：DEBUG 出错类：ApplicationInfoLog property:[(null)] - 错误描述：Final work for transaction being performed
记录时间：2014-10-30 09:04:48,577 线程ID:[6] 日志级别：DEBUG 出错类：ApplicationInfoLog property:[(null)] - 错误描述：Transaction disposed
记录时间：2014-10-30 09:22:47,674 线程ID:[4] 日志级别：DEBUG 出错类：ApplicationInfoLog property:[(null)] - 错误描述：Marking transaction as complete
记录时间：2014-10-30 09:22:47,680 线程ID:[4] 日志级别：DEBUG 出错类：ApplicationInfoLog property:[(null)] - 错误描述：Final work for transaction being performed
记录时间：2014-10-30 09:22:47,680 线程ID:[4] 日志级别：DEBUG 出错类：ApplicationInfoLog property:[(null)] - 错误描述：Transaction disposed
记录时间：2014-10-30 09:22:47,742 线程ID:[5] 日志级别：ERROR 出错类：ApplicationInfoLog property:[(null)] - 错误描述：redirect_uri=
记录时间：2014-10-30 09:22:48,349 线程ID:[5] 日志级别：DEBUG 出错类：ApplicationInfoLog property:[(null)] - 错误描述：Marking transaction as complete
记录时间：2014-10-30 09:22:48,349 线程ID:[5] 日志级别：DEBUG 出错类：ApplicationInfoLog property:[(null)] - 错误描述：Final work for transaction being performed
记录时间：2014-10-30 09:22:48,349 线程ID:[5] 日志级别：DEBUG 出错类：ApplicationInfoLog property:[(null)] - 错误描述：Transaction disposed
记录时间：2014-10-30 09:22:49,242 线程ID:[12] 日志级别：DEBUG 出错类：ApplicationInfoLog property:[(null)] - 错误描述：Marking transaction as complete
记录时间：2014-10-30 09:22:49,242 线程ID:[12] 日志级别：DEBUG 出错类：ApplicationInfoLog property:[(null)] - 错误描述：Final work for transaction being performed
记录时间：2014-10-30 09:22:49,242 线程ID:[12] 日志级别：DEBUG 出错类：ApplicationInfoLog property:[(null)] - 错误描述：Transaction disposed
记录时间：2014-10-30 09:23:49,132 线程ID:[7] 日志级别：DEBUG 出错类：ApplicationInfoLog property:[(null)] - 错误描述：Acquiring session for 
记录时间：2014-10-30 09:23:49,133 线程ID:[7] 日志级别：DEBUG 出错类：ApplicationInfoLog property:[(null)] - 错误描述：Building session factory
记录时间：2014-10-30 09:23:49,134 线程ID:[7] 日志级别：DEBUG 出错类：ApplicationInfoLog property:[(null)] - 错误描述：Building configuration
记录时间：2014-10-30 09:23:49,753 线程ID:[7] 日志级别：DEBUG 出错类：ApplicationInfoLog property:[(null)] - 错误描述：Done Building configuration
记录时间：2014-10-30 09:23:50,555 线程ID:[7] 日志级别：DEBUG 出错类：ApplicationInfoLog property:[(null)] - 错误描述：Done building session factory
记录时间：2014-10-30 09:23:50,556 线程ID:[7] 日志级别：INFO  出错类：ApplicationInfoLog property:[(null)] - 错误描述：Openning database session
记录时间：2014-10-30 09:23:50,571 线程ID:[7] 日志级别：DEBUG 出错类：ApplicationInfoLog property:[(null)] - 错误描述：Creating transaction on Demand
记录时间：2014-10-30 09:23:51,143 线程ID:[7] 日志级别：ERROR 出错类：ApplicationInfoLog property:[(null)] - 错误描述：错误处理器
System.InvalidOperationException: 此请求已被阻止，因为当用在 GET 请求中时，会将敏感信息透漏给第三方网站。若要允许 GET 请求，请将 JsonRequestBehavior 设置为 AllowGet。
   在 System.Web.Mvc.JsonResult.ExecuteResult(ControllerContext context)
   在 System.Web.Mvc.ControllerActionInvoker.InvokeActionResult(ControllerContext controllerContext, ActionResult actionResult)
   在 System.Web.Mvc.ControllerActionInvoker.<>c__DisplayClass1c.<InvokeActionResultWithFilters>b__19()
   在 System.Web.Mvc.ControllerActionInvoker.InvokeActionResultFilter(IResultFilter filter, ResultExecutingContext preContext, Func`1 continuation)
   在 System.Web.Mvc.ControllerActionInvoker.<>c__DisplayClass1c.<>c__DisplayClass1e.<InvokeActionResultWithFilters>b__1b()
   在 System.Web.Mvc.ControllerActionInvoker.InvokeActionResultFilter(IResultFilter filter, ResultExecutingContext preContext, Func`1 continuation)
   在 System.Web.Mvc.ControllerActionInvoker.<>c__DisplayClass1c.<>c__DisplayClass1e.<InvokeActionResultWithFilters>b__1b()
   在 System.Web.Mvc.ControllerActionInvoker.InvokeActionResultWithFilters(ControllerContext controllerContext, IList`1 filters, ActionResult actionResult)
   在 System.Web.Mvc.ControllerActionInvoker.InvokeAction(ControllerContext controllerContext, String actionName)
记录时间：2014-10-30 09:23:51,145 线程ID:[7] 日志级别：DEBUG 出错类：ApplicationInfoLog property:[(null)] - 错误描述：Transaction cancelled flag set
记录时间：2014-10-30 09:23:51,155 线程ID:[7] 日志级别：DEBUG 出错类：ApplicationInfoLog property:[(null)] - 错误描述：Final work for transaction being performed
记录时间：2014-10-30 09:23:51,155 线程ID:[7] 日志级别：DEBUG 出错类：ApplicationInfoLog property:[(null)] - 错误描述：Transaction disposed
记录时间：2014-10-30 09:23:51,343 线程ID:[11] 日志级别：DEBUG 出错类：ApplicationInfoLog property:[(null)] - 错误描述：Marking transaction as complete
记录时间：2014-10-30 09:23:51,343 线程ID:[11] 日志级别：DEBUG 出错类：ApplicationInfoLog property:[(null)] - 错误描述：Final work for transaction being performed
记录时间：2014-10-30 09:23:51,343 线程ID:[11] 日志级别：DEBUG 出错类：ApplicationInfoLog property:[(null)] - 错误描述：Transaction disposed
记录时间：2014-10-30 09:24:54,490 线程ID:[7] 日志级别：ERROR 出错类：ApplicationInfoLog property:[(null)] - 错误描述：错误处理器
System.InvalidOperationException: 此请求已被阻止，因为当用在 GET 请求中时，会将敏感信息透漏给第三方网站。若要允许 GET 请求，请将 JsonRequestBehavior 设置为 AllowGet。
   在 System.Web.Mvc.JsonResult.ExecuteResult(ControllerContext context)
   在 System.Web.Mvc.ControllerActionInvoker.InvokeActionResult(ControllerContext controllerContext, ActionResult actionResult)
   在 System.Web.Mvc.ControllerActionInvoker.<>c__DisplayClass1c.<InvokeActionResultWithFilters>b__19()
   在 System.Web.Mvc.ControllerActionInvoker.InvokeActionResultFilter(IResultFilter filter, ResultExecutingContext preContext, Func`1 continuation)
   在 System.Web.Mvc.ControllerActionInvoker.<>c__DisplayClass1c.<>c__DisplayClass1e.<InvokeActionResultWithFilters>b__1b()
   在 System.Web.Mvc.ControllerActionInvoker.InvokeActionResultFilter(IResultFilter filter, ResultExecutingContext preContext, Func`1 continuation)
   在 System.Web.Mvc.ControllerActionInvoker.<>c__DisplayClass1c.<>c__DisplayClass1e.<InvokeActionResultWithFilters>b__1b()
   在 System.Web.Mvc.ControllerActionInvoker.InvokeActionResultWithFilters(ControllerContext controllerContext, IList`1 filters, ActionResult actionResult)
   在 System.Web.Mvc.ControllerActionInvoker.InvokeAction(ControllerContext controllerContext, String actionName)
记录时间：2014-10-30 09:24:54,491 线程ID:[7] 日志级别：DEBUG 出错类：ApplicationInfoLog property:[(null)] - 错误描述：Transaction cancelled flag set
记录时间：2014-10-30 09:24:54,494 线程ID:[7] 日志级别：DEBUG 出错类：ApplicationInfoLog property:[(null)] - 错误描述：Final work for transaction being performed
记录时间：2014-10-30 09:24:54,494 线程ID:[7] 日志级别：DEBUG 出错类：ApplicationInfoLog property:[(null)] - 错误描述：Transaction disposed
记录时间：2014-10-30 09:24:54,811 线程ID:[10] 日志级别：DEBUG 出错类：ApplicationInfoLog property:[(null)] - 错误描述：Marking transaction as complete
记录时间：2014-10-30 09:24:54,811 线程ID:[10] 日志级别：DEBUG 出错类：ApplicationInfoLog property:[(null)] - 错误描述：Final work for transaction being performed
记录时间：2014-10-30 09:24:54,811 线程ID:[10] 日志级别：DEBUG 出错类：ApplicationInfoLog property:[(null)] - 错误描述：Transaction disposed
记录时间：2014-10-30 09:26:00,854 线程ID:[12] 日志级别：DEBUG 出错类：ApplicationInfoLog property:[(null)] - 错误描述：Marking transaction as complete
记录时间：2014-10-30 09:26:00,868 线程ID:[12] 日志级别：DEBUG 出错类：ApplicationInfoLog property:[(null)] - 错误描述：Final work for transaction being performed
记录时间：2014-10-30 09:26:00,869 线程ID:[12] 日志级别：DEBUG 出错类：ApplicationInfoLog property:[(null)] - 错误描述：Transaction disposed
记录时间：2014-10-30 09:26:00,887 线程ID:[10] 日志级别：ERROR 出错类：ApplicationInfoLog property:[(null)] - 错误描述：redirect_uri=
记录时间：2014-10-30 09:26:01,931 线程ID:[10] 日志级别：DEBUG 出错类：ApplicationInfoLog property:[(null)] - 错误描述：Marking transaction as complete
记录时间：2014-10-30 09:26:01,931 线程ID:[10] 日志级别：DEBUG 出错类：ApplicationInfoLog property:[(null)] - 错误描述：Final work for transaction being performed
记录时间：2014-10-30 09:26:01,931 线程ID:[10] 日志级别：DEBUG 出错类：ApplicationInfoLog property:[(null)] - 错误描述：Transaction disposed
记录时间：2014-10-30 09:26:02,889 线程ID:[5] 日志级别：DEBUG 出错类：ApplicationInfoLog property:[(null)] - 错误描述：Marking transaction as complete
记录时间：2014-10-30 09:26:02,889 线程ID:[5] 日志级别：DEBUG 出错类：ApplicationInfoLog property:[(null)] - 错误描述：Final work for transaction being performed
记录时间：2014-10-30 09:26:02,890 线程ID:[5] 日志级别：DEBUG 出错类：ApplicationInfoLog property:[(null)] - 错误描述：Transaction disposed
记录时间：2014-10-30 09:26:21,175 线程ID:[11] 日志级别：DEBUG 出错类：ApplicationInfoLog property:[(null)] - 错误描述：Acquiring session for 
记录时间：2014-10-30 09:26:21,175 线程ID:[11] 日志级别：DEBUG 出错类：ApplicationInfoLog property:[(null)] - 错误描述：Building session factory
记录时间：2014-10-30 09:26:21,176 线程ID:[11] 日志级别：DEBUG 出错类：ApplicationInfoLog property:[(null)] - 错误描述：Building configuration
记录时间：2014-10-30 09:26:21,683 线程ID:[11] 日志级别：DEBUG 出错类：ApplicationInfoLog property:[(null)] - 错误描述：Done Building configuration
记录时间：2014-10-30 09:26:22,268 线程ID:[11] 日志级别：DEBUG 出错类：ApplicationInfoLog property:[(null)] - 错误描述：Done building session factory
记录时间：2014-10-30 09:26:22,268 线程ID:[11] 日志级别：INFO  出错类：ApplicationInfoLog property:[(null)] - 错误描述：Openning database session
记录时间：2014-10-30 09:26:22,278 线程ID:[11] 日志级别：DEBUG 出错类：ApplicationInfoLog property:[(null)] - 错误描述：Creating transaction on Demand
记录时间：2014-10-30 09:26:22,818 线程ID:[11] 日志级别：DEBUG 出错类：ApplicationInfoLog property:[(null)] - 错误描述：Marking transaction as complete
记录时间：2014-10-30 09:26:22,853 线程ID:[11] 日志级别：DEBUG 出错类：ApplicationInfoLog property:[(null)] - 错误描述：Final work for transaction being performed
记录时间：2014-10-30 09:26:22,853 线程ID:[11] 日志级别：DEBUG 出错类：ApplicationInfoLog property:[(null)] - 错误描述：Transaction disposed
记录时间：2014-10-30 09:26:29,451 线程ID:[10] 日志级别：DEBUG 出错类：ApplicationInfoLog property:[(null)] - 错误描述：Marking transaction as complete
记录时间：2014-10-30 09:26:29,452 线程ID:[10] 日志级别：DEBUG 出错类：ApplicationInfoLog property:[(null)] - 错误描述：Final work for transaction being performed
记录时间：2014-10-30 09:26:29,452 线程ID:[10] 日志级别：DEBUG 出错类：ApplicationInfoLog property:[(null)] - 错误描述：Transaction disposed
记录时间：2014-10-30 09:26:36,356 线程ID:[5] 日志级别：DEBUG 出错类：ApplicationInfoLog property:[(null)] - 错误描述：Marking transaction as complete
记录时间：2014-10-30 09:26:36,357 线程ID:[5] 日志级别：DEBUG 出错类：ApplicationInfoLog property:[(null)] - 错误描述：Final work for transaction being performed
记录时间：2014-10-30 09:26:36,357 线程ID:[5] 日志级别：DEBUG 出错类：ApplicationInfoLog property:[(null)] - 错误描述：Transaction disposed
记录时间：2014-10-30 09:26:39,821 线程ID:[6] 日志级别：DEBUG 出错类：ApplicationInfoLog property:[(null)] - 错误描述：Marking transaction as complete
记录时间：2014-10-30 09:26:39,821 线程ID:[6] 日志级别：DEBUG 出错类：ApplicationInfoLog property:[(null)] - 错误描述：Final work for transaction being performed
记录时间：2014-10-30 09:26:39,821 线程ID:[6] 日志级别：DEBUG 出错类：ApplicationInfoLog property:[(null)] - 错误描述：Transaction disposed
