记录时间：2015-06-25 16:34:00,054 线程ID:[6] 日志级别：DEBUG 出错类：ApplicationInfoLog property:[(null)] - 错误描述：Marking transaction as complete
记录时间：2015-06-25 16:34:00,077 线程ID:[6] 日志级别：DEBUG 出错类：ApplicationInfoLog property:[(null)] - 错误描述：Final work for transaction being performed
记录时间：2015-06-25 16:34:00,077 线程ID:[6] 日志级别：DEBUG 出错类：ApplicationInfoLog property:[(null)] - 错误描述：Transaction disposed
记录时间：2015-06-25 16:34:00,660 线程ID:[11] 日志级别：DEBUG 出错类：ApplicationInfoLog property:[(null)] - 错误描述：Marking transaction as complete
记录时间：2015-06-25 16:34:00,661 线程ID:[11] 日志级别：DEBUG 出错类：ApplicationInfoLog property:[(null)] - 错误描述：Final work for transaction being performed
记录时间：2015-06-25 16:34:00,661 线程ID:[11] 日志级别：DEBUG 出错类：ApplicationInfoLog property:[(null)] - 错误描述：Transaction disposed
记录时间：2015-06-25 16:34:01,273 线程ID:[6] 日志级别：DEBUG 出错类：ApplicationInfoLog property:[(null)] - 错误描述：Marking transaction as complete
记录时间：2015-06-25 16:34:01,273 线程ID:[6] 日志级别：DEBUG 出错类：ApplicationInfoLog property:[(null)] - 错误描述：Final work for transaction being performed
记录时间：2015-06-25 16:34:01,273 线程ID:[6] 日志级别：DEBUG 出错类：ApplicationInfoLog property:[(null)] - 错误描述：Transaction disposed
记录时间：2015-06-25 16:34:08,201 线程ID:[10] 日志级别：DEBUG 出错类：ApplicationInfoLog property:[(null)] - 错误描述：Acquiring session for 
记录时间：2015-06-25 16:34:08,211 线程ID:[10] 日志级别：DEBUG 出错类：ApplicationInfoLog property:[(null)] - 错误描述：Building session factory
记录时间：2015-06-25 16:34:08,212 线程ID:[10] 日志级别：DEBUG 出错类：ApplicationInfoLog property:[(null)] - 错误描述：Building configuration
记录时间：2015-06-25 16:34:08,792 线程ID:[10] 日志级别：DEBUG 出错类：ApplicationInfoLog property:[(null)] - 错误描述：Done Building configuration
记录时间：2015-06-25 16:34:42,271 线程ID:[6] 日志级别：DEBUG 出错类：ApplicationInfoLog property:[(null)] - 错误描述：Marking transaction as complete
记录时间：2015-06-25 16:34:42,296 线程ID:[6] 日志级别：DEBUG 出错类：ApplicationInfoLog property:[(null)] - 错误描述：Final work for transaction being performed
记录时间：2015-06-25 16:34:42,296 线程ID:[6] 日志级别：DEBUG 出错类：ApplicationInfoLog property:[(null)] - 错误描述：Transaction disposed
记录时间：2015-06-25 16:34:42,826 线程ID:[6] 日志级别：DEBUG 出错类：ApplicationInfoLog property:[(null)] - 错误描述：Marking transaction as complete
记录时间：2015-06-25 16:34:42,826 线程ID:[6] 日志级别：DEBUG 出错类：ApplicationInfoLog property:[(null)] - 错误描述：Final work for transaction being performed
记录时间：2015-06-25 16:34:42,826 线程ID:[6] 日志级别：DEBUG 出错类：ApplicationInfoLog property:[(null)] - 错误描述：Transaction disposed
记录时间：2015-06-25 16:34:48,090 线程ID:[6] 日志级别：DEBUG 出错类：ApplicationInfoLog property:[(null)] - 错误描述：Marking transaction as complete
记录时间：2015-06-25 16:34:48,090 线程ID:[6] 日志级别：DEBUG 出错类：ApplicationInfoLog property:[(null)] - 错误描述：Final work for transaction being performed
记录时间：2015-06-25 16:34:48,090 线程ID:[6] 日志级别：DEBUG 出错类：ApplicationInfoLog property:[(null)] - 错误描述：Transaction disposed
记录时间：2015-06-25 16:34:48,496 线程ID:[6] 日志级别：DEBUG 出错类：ApplicationInfoLog property:[(null)] - 错误描述：Marking transaction as complete
记录时间：2015-06-25 16:34:48,496 线程ID:[6] 日志级别：DEBUG 出错类：ApplicationInfoLog property:[(null)] - 错误描述：Final work for transaction being performed
记录时间：2015-06-25 16:34:48,496 线程ID:[6] 日志级别：DEBUG 出错类：ApplicationInfoLog property:[(null)] - 错误描述：Transaction disposed
记录时间：2015-06-25 16:34:48,889 线程ID:[8] 日志级别：DEBUG 出错类：ApplicationInfoLog property:[(null)] - 错误描述：Marking transaction as complete
记录时间：2015-06-25 16:34:48,889 线程ID:[8] 日志级别：DEBUG 出错类：ApplicationInfoLog property:[(null)] - 错误描述：Final work for transaction being performed
记录时间：2015-06-25 16:34:48,889 线程ID:[8] 日志级别：DEBUG 出错类：ApplicationInfoLog property:[(null)] - 错误描述：Transaction disposed
记录时间：2015-06-25 16:34:55,269 线程ID:[6] 日志级别：DEBUG 出错类：ApplicationInfoLog property:[(null)] - 错误描述：Marking transaction as complete
记录时间：2015-06-25 16:34:55,269 线程ID:[6] 日志级别：DEBUG 出错类：ApplicationInfoLog property:[(null)] - 错误描述：Final work for transaction being performed
记录时间：2015-06-25 16:34:55,269 线程ID:[6] 日志级别：DEBUG 出错类：ApplicationInfoLog property:[(null)] - 错误描述：Transaction disposed
记录时间：2015-06-25 16:34:55,534 线程ID:[8] 日志级别：DEBUG 出错类：ApplicationInfoLog property:[(null)] - 错误描述：Marking transaction as complete
记录时间：2015-06-25 16:34:55,534 线程ID:[8] 日志级别：DEBUG 出错类：ApplicationInfoLog property:[(null)] - 错误描述：Final work for transaction being performed
记录时间：2015-06-25 16:34:55,534 线程ID:[8] 日志级别：DEBUG 出错类：ApplicationInfoLog property:[(null)] - 错误描述：Transaction disposed
记录时间：2015-06-25 16:41:09,792 线程ID:[6] 日志级别：DEBUG 出错类：ApplicationInfoLog property:[(null)] - 错误描述：Marking transaction as complete
记录时间：2015-06-25 16:41:09,813 线程ID:[6] 日志级别：DEBUG 出错类：ApplicationInfoLog property:[(null)] - 错误描述：Final work for transaction being performed
记录时间：2015-06-25 16:41:09,813 线程ID:[6] 日志级别：DEBUG 出错类：ApplicationInfoLog property:[(null)] - 错误描述：Transaction disposed
记录时间：2015-06-25 16:41:56,737 线程ID:[6] 日志级别：DEBUG 出错类：ApplicationInfoLog property:[(null)] - 错误描述：Marking transaction as complete
记录时间：2015-06-25 16:41:56,737 线程ID:[6] 日志级别：DEBUG 出错类：ApplicationInfoLog property:[(null)] - 错误描述：Final work for transaction being performed
记录时间：2015-06-25 16:41:56,737 线程ID:[6] 日志级别：DEBUG 出错类：ApplicationInfoLog property:[(null)] - 错误描述：Transaction disposed
记录时间：2015-06-25 16:41:57,075 线程ID:[8] 日志级别：DEBUG 出错类：ApplicationInfoLog property:[(null)] - 错误描述：Marking transaction as complete
记录时间：2015-06-25 16:41:57,075 线程ID:[8] 日志级别：DEBUG 出错类：ApplicationInfoLog property:[(null)] - 错误描述：Final work for transaction being performed
记录时间：2015-06-25 16:41:57,075 线程ID:[8] 日志级别：DEBUG 出错类：ApplicationInfoLog property:[(null)] - 错误描述：Transaction disposed
记录时间：2015-06-25 16:42:01,395 线程ID:[6] 日志级别：DEBUG 出错类：ApplicationInfoLog property:[(null)] - 错误描述：Acquiring session for 
记录时间：2015-06-25 16:42:01,396 线程ID:[6] 日志级别：DEBUG 出错类：ApplicationInfoLog property:[(null)] - 错误描述：Building session factory
记录时间：2015-06-25 16:42:01,396 线程ID:[6] 日志级别：DEBUG 出错类：ApplicationInfoLog property:[(null)] - 错误描述：Building configuration
记录时间：2015-06-25 16:42:02,089 线程ID:[6] 日志级别：DEBUG 出错类：ApplicationInfoLog property:[(null)] - 错误描述：Done Building configuration
记录时间：2015-06-25 16:42:03,002 线程ID:[6] 日志级别：DEBUG 出错类：ApplicationInfoLog property:[(null)] - 错误描述：Done building session factory
记录时间：2015-06-25 16:42:03,003 线程ID:[6] 日志级别：INFO  出错类：ApplicationInfoLog property:[(null)] - 错误描述：Openning database session
记录时间：2015-06-25 16:42:03,042 线程ID:[6] 日志级别：DEBUG 出错类：ApplicationInfoLog property:[(null)] - 错误描述：Creating transaction on Demand
记录时间：2015-06-25 16:42:03,839 线程ID:[6] 日志级别：DEBUG 出错类：ApplicationInfoLog property:[(null)] - 错误描述：验证用户 qsadmin
记录时间：2015-06-25 16:42:03,867 线程ID:[6] 日志级别：DEBUG 出错类：ApplicationInfoLog property:[(null)] - 错误描述：Marking transaction as complete
记录时间：2015-06-25 16:42:03,981 线程ID:[6] 日志级别：DEBUG 出错类：ApplicationInfoLog property:[(null)] - 错误描述：Final work for transaction being performed
记录时间：2015-06-25 16:42:03,981 线程ID:[6] 日志级别：DEBUG 出错类：ApplicationInfoLog property:[(null)] - 错误描述：Transaction disposed
记录时间：2015-06-25 16:42:06,180 线程ID:[8] 日志级别：INFO  出错类：ApplicationInfoLog property:[(null)] - 错误描述：MenuService.GetMenus(IUser):IEnumerable<MenuEntry> : user:10
记录时间：2015-06-25 16:42:06,590 线程ID:[8] 日志级别：DEBUG 出错类：ApplicationInfoLog property:[(null)] - 错误描述：Marking transaction as complete
记录时间：2015-06-25 16:42:06,591 线程ID:[8] 日志级别：DEBUG 出错类：ApplicationInfoLog property:[(null)] - 错误描述：Final work for transaction being performed
记录时间：2015-06-25 16:42:06,591 线程ID:[8] 日志级别：DEBUG 出错类：ApplicationInfoLog property:[(null)] - 错误描述：Transaction disposed
记录时间：2015-06-25 16:42:11,219 线程ID:[8] 日志级别：INFO  出错类：ApplicationInfoLog property:[(null)] - 错误描述：MenuService.GetMenus(IUser):IEnumerable<MenuEntry> : user:10
记录时间：2015-06-25 16:42:11,220 线程ID:[8] 日志级别：DEBUG 出错类：ApplicationInfoLog property:[(null)] - 错误描述：Marking transaction as complete
记录时间：2015-06-25 16:42:11,220 线程ID:[8] 日志级别：DEBUG 出错类：ApplicationInfoLog property:[(null)] - 错误描述：Final work for transaction being performed
记录时间：2015-06-25 16:42:11,220 线程ID:[8] 日志级别：DEBUG 出错类：ApplicationInfoLog property:[(null)] - 错误描述：Transaction disposed
记录时间：2015-06-25 16:42:12,608 线程ID:[8] 日志级别：INFO  出错类：ApplicationInfoLog property:[(null)] - 错误描述：MenuService.GetMenus(IUser):IEnumerable<MenuEntry> : user:10
记录时间：2015-06-25 16:42:12,609 线程ID:[8] 日志级别：DEBUG 出错类：ApplicationInfoLog property:[(null)] - 错误描述：Marking transaction as complete
记录时间：2015-06-25 16:42:12,610 线程ID:[8] 日志级别：DEBUG 出错类：ApplicationInfoLog property:[(null)] - 错误描述：Final work for transaction being performed
记录时间：2015-06-25 16:42:12,610 线程ID:[8] 日志级别：DEBUG 出错类：ApplicationInfoLog property:[(null)] - 错误描述：Transaction disposed
记录时间：2015-06-25 16:42:42,707 线程ID:[6] 日志级别：INFO  出错类：ApplicationInfoLog property:[(null)] - 错误描述：MenuService.GetMenus(IUser):IEnumerable<MenuEntry> : user:10
记录时间：2015-06-25 16:42:42,709 线程ID:[6] 日志级别：DEBUG 出错类：ApplicationInfoLog property:[(null)] - 错误描述：Marking transaction as complete
记录时间：2015-06-25 16:42:42,709 线程ID:[6] 日志级别：DEBUG 出错类：ApplicationInfoLog property:[(null)] - 错误描述：Final work for transaction being performed
记录时间：2015-06-25 16:42:42,709 线程ID:[6] 日志级别：DEBUG 出错类：ApplicationInfoLog property:[(null)] - 错误描述：Transaction disposed
记录时间：2015-06-25 16:42:46,604 线程ID:[6] 日志级别：INFO  出错类：ApplicationInfoLog property:[(null)] - 错误描述：MenuService.GetMenus(IUser):IEnumerable<MenuEntry> : user:10
记录时间：2015-06-25 16:42:46,604 线程ID:[6] 日志级别：DEBUG 出错类：ApplicationInfoLog property:[(null)] - 错误描述：Marking transaction as complete
记录时间：2015-06-25 16:42:46,605 线程ID:[6] 日志级别：DEBUG 出错类：ApplicationInfoLog property:[(null)] - 错误描述：Final work for transaction being performed
记录时间：2015-06-25 16:42:46,605 线程ID:[6] 日志级别：DEBUG 出错类：ApplicationInfoLog property:[(null)] - 错误描述：Transaction disposed
记录时间：2015-06-25 16:43:04,278 线程ID:[6] 日志级别：INFO  出错类：ApplicationInfoLog property:[(null)] - 错误描述：MenuService.GetMenus(IUser):IEnumerable<MenuEntry> : user:10
记录时间：2015-06-25 16:43:04,293 线程ID:[6] 日志级别：INFO  出错类：ApplicationInfoLog property:[(null)] - 错误描述：MenuService.GetMenus(IUser):IEnumerable<MenuEntry> : user:10
记录时间：2015-06-25 16:43:04,294 线程ID:[6] 日志级别：DEBUG 出错类：ApplicationInfoLog property:[(null)] - 错误描述：Marking transaction as complete
记录时间：2015-06-25 16:43:04,294 线程ID:[6] 日志级别：DEBUG 出错类：ApplicationInfoLog property:[(null)] - 错误描述：Final work for transaction being performed
记录时间：2015-06-25 16:43:04,294 线程ID:[6] 日志级别：DEBUG 出错类：ApplicationInfoLog property:[(null)] - 错误描述：Transaction disposed
记录时间：2015-06-25 16:43:21,437 线程ID:[6] 日志级别：INFO  出错类：ApplicationInfoLog property:[(null)] - 错误描述：MenuService.GetMenus(IUser):IEnumerable<MenuEntry> : user:10
记录时间：2015-06-25 16:43:21,438 线程ID:[6] 日志级别：DEBUG 出错类：ApplicationInfoLog property:[(null)] - 错误描述：Marking transaction as complete
记录时间：2015-06-25 16:43:21,438 线程ID:[6] 日志级别：DEBUG 出错类：ApplicationInfoLog property:[(null)] - 错误描述：Final work for transaction being performed
记录时间：2015-06-25 16:43:21,438 线程ID:[6] 日志级别：DEBUG 出错类：ApplicationInfoLog property:[(null)] - 错误描述：Transaction disposed
记录时间：2015-06-25 16:43:24,104 线程ID:[6] 日志级别：INFO  出错类：ApplicationInfoLog property:[(null)] - 错误描述：MenuService.GetMenus(IUser):IEnumerable<MenuEntry> : user:10
记录时间：2015-06-25 16:43:24,105 线程ID:[6] 日志级别：DEBUG 出错类：ApplicationInfoLog property:[(null)] - 错误描述：Marking transaction as complete
记录时间：2015-06-25 16:43:24,105 线程ID:[6] 日志级别：DEBUG 出错类：ApplicationInfoLog property:[(null)] - 错误描述：Final work for transaction being performed
记录时间：2015-06-25 16:43:24,105 线程ID:[6] 日志级别：DEBUG 出错类：ApplicationInfoLog property:[(null)] - 错误描述：Transaction disposed
记录时间：2015-06-25 16:43:25,806 线程ID:[10] 日志级别：INFO  出错类：ApplicationInfoLog property:[(null)] - 错误描述：MenuService.GetMenus(IUser):IEnumerable<MenuEntry> : user:10
记录时间：2015-06-25 16:43:25,807 线程ID:[10] 日志级别：DEBUG 出错类：ApplicationInfoLog property:[(null)] - 错误描述：Marking transaction as complete
记录时间：2015-06-25 16:43:25,807 线程ID:[10] 日志级别：DEBUG 出错类：ApplicationInfoLog property:[(null)] - 错误描述：Final work for transaction being performed
记录时间：2015-06-25 16:43:25,807 线程ID:[10] 日志级别：DEBUG 出错类：ApplicationInfoLog property:[(null)] - 错误描述：Transaction disposed
记录时间：2015-06-25 16:43:27,013 线程ID:[6] 日志级别：INFO  出错类：ApplicationInfoLog property:[(null)] - 错误描述：MenuService.GetMenus(IUser):IEnumerable<MenuEntry> : user:10
记录时间：2015-06-25 16:43:27,015 线程ID:[6] 日志级别：DEBUG 出错类：ApplicationInfoLog property:[(null)] - 错误描述：Marking transaction as complete
记录时间：2015-06-25 16:43:27,015 线程ID:[6] 日志级别：DEBUG 出错类：ApplicationInfoLog property:[(null)] - 错误描述：Final work for transaction being performed
记录时间：2015-06-25 16:43:27,016 线程ID:[6] 日志级别：DEBUG 出错类：ApplicationInfoLog property:[(null)] - 错误描述：Transaction disposed
记录时间：2015-06-25 16:43:58,450 线程ID:[6] 日志级别：DEBUG 出错类：ApplicationInfoLog property:[(null)] - 错误描述：Marking transaction as complete
记录时间：2015-06-25 16:43:58,467 线程ID:[6] 日志级别：DEBUG 出错类：ApplicationInfoLog property:[(null)] - 错误描述：Final work for transaction being performed
记录时间：2015-06-25 16:43:58,467 线程ID:[6] 日志级别：DEBUG 出错类：ApplicationInfoLog property:[(null)] - 错误描述：Transaction disposed
记录时间：2015-06-25 16:43:59,989 线程ID:[6] 日志级别：DEBUG 出错类：ApplicationInfoLog property:[(null)] - 错误描述：Marking transaction as complete
记录时间：2015-06-25 16:43:59,989 线程ID:[6] 日志级别：DEBUG 出错类：ApplicationInfoLog property:[(null)] - 错误描述：Final work for transaction being performed
记录时间：2015-06-25 16:43:59,989 线程ID:[6] 日志级别：DEBUG 出错类：ApplicationInfoLog property:[(null)] - 错误描述：Transaction disposed
记录时间：2015-06-25 16:44:00,823 线程ID:[7] 日志级别：DEBUG 出错类：ApplicationInfoLog property:[(null)] - 错误描述：Marking transaction as complete
记录时间：2015-06-25 16:44:00,823 线程ID:[7] 日志级别：DEBUG 出错类：ApplicationInfoLog property:[(null)] - 错误描述：Final work for transaction being performed
记录时间：2015-06-25 16:44:00,823 线程ID:[7] 日志级别：DEBUG 出错类：ApplicationInfoLog property:[(null)] - 错误描述：Transaction disposed
记录时间：2015-06-25 16:44:12,955 线程ID:[6] 日志级别：DEBUG 出错类：ApplicationInfoLog property:[(null)] - 错误描述：Acquiring session for 
记录时间：2015-06-25 16:44:12,956 线程ID:[6] 日志级别：DEBUG 出错类：ApplicationInfoLog property:[(null)] - 错误描述：Building session factory
记录时间：2015-06-25 16:44:12,958 线程ID:[6] 日志级别：DEBUG 出错类：ApplicationInfoLog property:[(null)] - 错误描述：Building configuration
记录时间：2015-06-25 16:44:13,514 线程ID:[6] 日志级别：DEBUG 出错类：ApplicationInfoLog property:[(null)] - 错误描述：Done Building configuration
记录时间：2015-06-25 16:44:14,234 线程ID:[6] 日志级别：DEBUG 出错类：ApplicationInfoLog property:[(null)] - 错误描述：Done building session factory
记录时间：2015-06-25 16:44:14,234 线程ID:[6] 日志级别：INFO  出错类：ApplicationInfoLog property:[(null)] - 错误描述：Openning database session
记录时间：2015-06-25 16:44:14,247 线程ID:[6] 日志级别：DEBUG 出错类：ApplicationInfoLog property:[(null)] - 错误描述：Creating transaction on Demand
记录时间：2015-06-25 16:44:15,076 线程ID:[6] 日志级别：DEBUG 出错类：ApplicationInfoLog property:[(null)] - 错误描述：验证用户 qsadmin
记录时间：2015-06-25 16:44:15,094 线程ID:[6] 日志级别：DEBUG 出错类：ApplicationInfoLog property:[(null)] - 错误描述：Marking transaction as complete
记录时间：2015-06-25 16:44:15,204 线程ID:[6] 日志级别：DEBUG 出错类：ApplicationInfoLog property:[(null)] - 错误描述：Final work for transaction being performed
记录时间：2015-06-25 16:44:15,204 线程ID:[6] 日志级别：DEBUG 出错类：ApplicationInfoLog property:[(null)] - 错误描述：Transaction disposed
记录时间：2015-06-25 16:44:17,244 线程ID:[8] 日志级别：INFO  出错类：ApplicationInfoLog property:[(null)] - 错误描述：MenuService.GetMenus(IUser):IEnumerable<MenuEntry> : user:10
记录时间：2015-06-25 16:44:17,759 线程ID:[8] 日志级别：DEBUG 出错类：ApplicationInfoLog property:[(null)] - 错误描述：Marking transaction as complete
记录时间：2015-06-25 16:44:17,760 线程ID:[8] 日志级别：DEBUG 出错类：ApplicationInfoLog property:[(null)] - 错误描述：Final work for transaction being performed
记录时间：2015-06-25 16:44:17,760 线程ID:[8] 日志级别：DEBUG 出错类：ApplicationInfoLog property:[(null)] - 错误描述：Transaction disposed
记录时间：2015-06-25 16:46:55,745 线程ID:[8] 日志级别：INFO  出错类：ApplicationInfoLog property:[(null)] - 错误描述：MenuService.GetMenus(IUser):IEnumerable<MenuEntry> : user:10
记录时间：2015-06-25 16:46:55,747 线程ID:[8] 日志级别：DEBUG 出错类：ApplicationInfoLog property:[(null)] - 错误描述：Marking transaction as complete
记录时间：2015-06-25 16:46:55,747 线程ID:[8] 日志级别：DEBUG 出错类：ApplicationInfoLog property:[(null)] - 错误描述：Final work for transaction being performed
记录时间：2015-06-25 16:46:55,747 线程ID:[8] 日志级别：DEBUG 出错类：ApplicationInfoLog property:[(null)] - 错误描述：Transaction disposed
