记录时间：2014-05-30 17:33:25,710 线程ID:[4] 日志级别：DEBUG 出错类：ApplicationInfoLog property:[(null)] - 错误描述：Marking transaction as complete
记录时间：2014-05-30 17:33:25,728 线程ID:[4] 日志级别：DEBUG 出错类：ApplicationInfoLog property:[(null)] - 错误描述：Final work for transaction being performed
记录时间：2014-05-30 17:33:25,728 线程ID:[4] 日志级别：DEBUG 出错类：ApplicationInfoLog property:[(null)] - 错误描述：Transaction disposed
记录时间：2014-05-30 17:33:25,766 线程ID:[5] 日志级别：ERROR 出错类：ApplicationInfoLog property:[(null)] - 错误描述：redirect_uri=
记录时间：2014-05-30 17:33:26,485 线程ID:[5] 日志级别：DEBUG 出错类：ApplicationInfoLog property:[(null)] - 错误描述：Marking transaction as complete
记录时间：2014-05-30 17:33:26,485 线程ID:[5] 日志级别：DEBUG 出错类：ApplicationInfoLog property:[(null)] - 错误描述：Final work for transaction being performed
记录时间：2014-05-30 17:33:26,485 线程ID:[5] 日志级别：DEBUG 出错类：ApplicationInfoLog property:[(null)] - 错误描述：Transaction disposed
记录时间：2014-05-30 17:33:26,809 线程ID:[6] 日志级别：DEBUG 出错类：ApplicationInfoLog property:[(null)] - 错误描述：Marking transaction as complete
记录时间：2014-05-30 17:33:26,809 线程ID:[6] 日志级别：DEBUG 出错类：ApplicationInfoLog property:[(null)] - 错误描述：Final work for transaction being performed
记录时间：2014-05-30 17:33:26,809 线程ID:[6] 日志级别：DEBUG 出错类：ApplicationInfoLog property:[(null)] - 错误描述：Transaction disposed
记录时间：2014-05-30 17:33:31,062 线程ID:[6] 日志级别：ERROR 出错类：ApplicationInfoLog property:[(null)] - 错误描述：redirect_uri=
记录时间：2014-05-30 17:33:31,126 线程ID:[6] 日志级别：DEBUG 出错类：ApplicationInfoLog property:[(null)] - 错误描述：Marking transaction as complete
记录时间：2014-05-30 17:33:31,126 线程ID:[6] 日志级别：DEBUG 出错类：ApplicationInfoLog property:[(null)] - 错误描述：Final work for transaction being performed
记录时间：2014-05-30 17:33:31,126 线程ID:[6] 日志级别：DEBUG 出错类：ApplicationInfoLog property:[(null)] - 错误描述：Transaction disposed
记录时间：2014-05-30 17:33:31,221 线程ID:[4] 日志级别：DEBUG 出错类：ApplicationInfoLog property:[(null)] - 错误描述：Marking transaction as complete
记录时间：2014-05-30 17:33:31,221 线程ID:[4] 日志级别：DEBUG 出错类：ApplicationInfoLog property:[(null)] - 错误描述：Final work for transaction being performed
记录时间：2014-05-30 17:33:31,221 线程ID:[4] 日志级别：DEBUG 出错类：ApplicationInfoLog property:[(null)] - 错误描述：Transaction disposed
记录时间：2014-05-30 17:34:21,833 线程ID:[13] 日志级别：DEBUG 出错类：ApplicationInfoLog property:[(null)] - 错误描述：Acquiring session for 
记录时间：2014-05-30 17:34:21,834 线程ID:[13] 日志级别：DEBUG 出错类：ApplicationInfoLog property:[(null)] - 错误描述：Building session factory
记录时间：2014-05-30 17:34:21,835 线程ID:[13] 日志级别：DEBUG 出错类：ApplicationInfoLog property:[(null)] - 错误描述：Building configuration
记录时间：2014-05-30 17:34:21,889 线程ID:[13] 日志级别：DEBUG 出错类：ApplicationInfoLog property:[(null)] - 错误描述：Done Building configuration
记录时间：2014-05-30 17:34:22,149 线程ID:[13] 日志级别：INFO  出错类：NHibernate.Dialect.Dialect property:[(null)] - 错误描述：Using dialect: NHibernate.Dialect.MsSql2008Dialect
记录时间：2014-05-30 17:34:22,178 线程ID:[13] 日志级别：INFO  出错类：NHibernate.Cfg.XmlHbmBinding.Binder property:[(null)] - 错误描述：Mapping class: QsTech.Accounts.Models.Accounts.Account -> ACCOUNT
记录时间：2014-05-30 17:34:22,203 线程ID:[13] 日志级别：INFO  出错类：NHibernate.Cfg.XmlHbmBinding.Binder property:[(null)] - 错误描述：Mapping collection: QsTech.Accounts.Models.Accounts.Account.Roles -> ACCOUNT_ROLE
记录时间：2014-05-30 17:34:22,208 线程ID:[13] 日志级别：INFO  出错类：NHibernate.Cfg.XmlHbmBinding.Binder property:[(null)] - 错误描述：Mapping class: QsTech.Accounts.Models.Accounts.AccountClient -> ACCOUNT_CLIENT
记录时间：2014-05-30 17:34:22,209 线程ID:[13] 日志级别：INFO  出错类：NHibernate.Cfg.XmlHbmBinding.Binder property:[(null)] - 错误描述：Mapping class: QsTech.Authentication.Sso.Clients.UserClient -> USER_CLIENT
记录时间：2014-05-30 17:34:22,210 线程ID:[13] 日志级别：INFO  出错类：NHibernate.Cfg.XmlHbmBinding.Binder property:[(null)] - 错误描述：Mapping class: QsTech.Core.Models.ActionStatus -> ACTION_STATUS
记录时间：2014-05-30 17:34:22,210 线程ID:[13] 日志级别：INFO  出错类：NHibernate.Cfg.XmlHbmBinding.Binder property:[(null)] - 错误描述：Mapping class: QsTech.Core.Models.Roles.Role -> ROLE
记录时间：2014-05-30 17:34:22,211 线程ID:[13] 日志级别：INFO  出错类：NHibernate.Cfg.XmlHbmBinding.Binder property:[(null)] - 错误描述：Mapping collection: QsTech.Core.Models.Roles.Role.Owners -> ACCOUNT_ROLE
记录时间：2014-05-30 17:34:22,211 线程ID:[13] 日志级别：INFO  出错类：NHibernate.Cfg.XmlHbmBinding.Binder property:[(null)] - 错误描述：Mapping collection: QsTech.Core.Models.Roles.Role.Permissions -> ROLE_PERMISSION
记录时间：2014-05-30 17:34:22,211 线程ID:[13] 日志级别：INFO  出错类：NHibernate.Cfg.XmlHbmBinding.Binder property:[(null)] - 错误描述：Mapping class: QsTech.Core.Interface.GlobalSetting -> GLOBAL_SETTING
记录时间：2014-05-30 17:34:22,211 线程ID:[13] 日志级别：INFO  出错类：NHibernate.Cfg.XmlHbmBinding.Binder property:[(null)] - 错误描述：Mapping class: QsTech.Core.Interface.Account.AccountUser -> ACCOUNT_USER
记录时间：2014-05-30 17:34:22,211 线程ID:[13] 日志级别：INFO  出错类：NHibernate.Cfg.XmlHbmBinding.Binder property:[(null)] - 错误描述：Mapping class: QsTech.Core.Interface.Entities.DicPort -> DIC_PORT
记录时间：2014-05-30 17:34:22,212 线程ID:[13] 日志级别：INFO  出错类：NHibernate.Cfg.XmlHbmBinding.Binder property:[(null)] - 错误描述：Mapping class: QsTech.Core.Interface.AccountRegister.AccountRegisterInfo -> ACCOUNT_REGISTER_INFO
记录时间：2014-05-30 17:34:22,213 线程ID:[13] 日志级别：INFO  出错类：NHibernate.Cfg.XmlHbmBinding.Binder property:[(null)] - 错误描述：Mapping class: QsTech.Enterprises.Models.OrganizationRecord -> ORGANIZATION_RECORD
记录时间：2014-05-30 17:34:22,213 线程ID:[13] 日志级别：INFO  出错类：NHibernate.Cfg.XmlHbmBinding.Binder property:[(null)] - 错误描述：Mapping class: QsTech.Enterprises.Interface.EnterpriseUser -> ENTERPRISE_USER
记录时间：2014-05-30 17:34:22,213 线程ID:[13] 日志级别：INFO  出错类：NHibernate.Cfg.XmlHbmBinding.Binder property:[(null)] - 错误描述：Mapping class: QsTech.Enterprises.Interface.Enterprise -> ENTERPRISE
记录时间：2014-05-30 17:34:22,218 线程ID:[13] 日志级别：INFO  出错类：NHibernate.Cfg.XmlHbmBinding.Binder property:[(null)] - 错误描述：Mapping class: QsTech.Files.Interface.FileRecord -> FILE_RECORD
记录时间：2014-05-30 17:34:22,220 线程ID:[13] 日志级别：INFO  出错类：NHibernate.Cfg.XmlHbmBinding.Binder property:[(null)] - 错误描述：Mapping class: QsTech.Users.Models.User -> USER
记录时间：2014-05-30 17:34:22,220 线程ID:[13] 日志级别：INFO  出错类：NHibernate.Cfg.XmlHbmBinding.Binder property:[(null)] - 错误描述：Mapping collection: QsTech.Users.Models.User.Roles -> USER_ROLE
记录时间：2014-05-30 17:34:22,221 线程ID:[13] 日志级别：INFO  出错类：NHibernate.Cfg.XmlHbmBinding.Binder property:[(null)] - 错误描述：Mapping class: QsTech.Users.Models.UserProperty -> USER_SETTING
记录时间：2014-05-30 17:34:22,224 线程ID:[13] 日志级别：INFO  出错类：NHibernate.Cfg.Configuration property:[(null)] - 错误描述：checking mappings queue
记录时间：2014-05-30 17:34:22,225 线程ID:[13] 日志级别：INFO  出错类：NHibernate.Cfg.Configuration property:[(null)] - 错误描述：processing one-to-many association mappings
记录时间：2014-05-30 17:34:22,232 线程ID:[13] 日志级别：INFO  出错类：NHibernate.Cfg.XmlHbmBinding.Binder property:[(null)] - 错误描述：mapping collection: QsTech.Accounts.Models.Accounts.Account.Clients -> ACCOUNT_CLIENT
记录时间：2014-05-30 17:34:22,232 线程ID:[13] 日志级别：INFO  出错类：NHibernate.Cfg.XmlHbmBinding.Binder property:[(null)] - 错误描述：mapping collection: QsTech.Users.Models.User.Accounts -> ACCOUNT_USER
记录时间：2014-05-30 17:34:22,232 线程ID:[13] 日志级别：INFO  出错类：NHibernate.Cfg.Configuration property:[(null)] - 错误描述：processing one-to-one association property references
记录时间：2014-05-30 17:34:22,232 线程ID:[13] 日志级别：INFO  出错类：NHibernate.Cfg.Configuration property:[(null)] - 错误描述：processing foreign key constraints
记录时间：2014-05-30 17:34:22,234 线程ID:[13] 日志级别：INFO  出错类：NHibernate.Cfg.Configuration property:[(null)] - 错误描述：processing filters (second pass)
记录时间：2014-05-30 17:34:22,277 线程ID:[13] 日志级别：INFO  出错类：NHibernate.Dialect.Dialect property:[(null)] - 错误描述：Using dialect: NHibernate.Dialect.MsSql2008Dialect
记录时间：2014-05-30 17:34:22,279 线程ID:[13] 日志级别：INFO  出错类：NHibernate.Dialect.Dialect property:[(null)] - 错误描述：Using dialect: NHibernate.Dialect.MsSql2008Dialect
记录时间：2014-05-30 17:34:22,332 线程ID:[13] 日志级别：INFO  出错类：NHibernate.Exceptions.SQLExceptionConverterFactory property:[(null)] - 错误描述：Using dialect defined converter
记录时间：2014-05-30 17:34:22,333 线程ID:[13] 日志级别：INFO  出错类：NHibernate.Cfg.SettingsFactory property:[(null)] - 错误描述：Generate SQL with comments: disabled
记录时间：2014-05-30 17:34:22,333 线程ID:[13] 日志级别：INFO  出错类：NHibernate.Connection.ConnectionProviderFactory property:[(null)] - 错误描述：Initializing connection provider: NHibernate.Connection.DriverConnectionProvider
记录时间：2014-05-30 17:34:22,333 线程ID:[13] 日志级别：INFO  出错类：NHibernate.Connection.ConnectionProvider property:[(null)] - 错误描述：Configuring ConnectionProvider
记录时间：2014-05-30 17:34:22,334 线程ID:[13] 日志级别：INFO  出错类：NHibernate.Cfg.SettingsFactory property:[(null)] - 错误描述：Transaction factory: NHibernate.Transaction.AdoNetWithDistributedTransactionFactory
记录时间：2014-05-30 17:34:22,334 线程ID:[13] 日志级别：INFO  出错类：NHibernate.Cfg.SettingsFactory property:[(null)] - 错误描述：Optimize cache for minimal puts: False
记录时间：2014-05-30 17:34:22,334 线程ID:[13] 日志级别：INFO  出错类：NHibernate.Cfg.SettingsFactory property:[(null)] - 错误描述：Connection release mode: auto
记录时间：2014-05-30 17:34:22,334 线程ID:[13] 日志级别：INFO  出错类：NHibernate.Cfg.SettingsFactory property:[(null)] - 错误描述：Default batch fetch size: 1
记录时间：2014-05-30 17:34:22,334 线程ID:[13] 日志级别：INFO  出错类：NHibernate.Cfg.SettingsFactory property:[(null)] - 错误描述：echoing all SQL to stdout
记录时间：2014-05-30 17:34:22,334 线程ID:[13] 日志级别：INFO  出错类：NHibernate.Cfg.SettingsFactory property:[(null)] - 错误描述：Statistics: disabled
记录时间：2014-05-30 17:34:22,334 线程ID:[13] 日志级别：INFO  出错类：NHibernate.Cfg.SettingsFactory property:[(null)] - 错误描述：Deleted entity synthetic identifier rollback: disabled
记录时间：2014-05-30 17:34:22,335 线程ID:[13] 日志级别：INFO  出错类：NHibernate.Cfg.SettingsFactory property:[(null)] - 错误描述：Query translator: NHibernate.Hql.Ast.ANTLR.ASTQueryTranslatorFactory
记录时间：2014-05-30 17:34:22,336 线程ID:[13] 日志级别：INFO  出错类：NHibernate.Cfg.SettingsFactory property:[(null)] - 错误描述：Query language substitutions: {'true'='1', 'false'='0', 'yes'=''Y'', 'no'=''N''}
记录时间：2014-05-30 17:34:22,337 线程ID:[13] 日志级别：INFO  出错类：NHibernate.Cfg.SettingsFactory property:[(null)] - 错误描述：cache provider: NHibernate.Cache.NoCacheProvider, NHibernate, Version=3.3.1.4000, Culture=neutral, PublicKeyToken=aa95f207798dfdb4
记录时间：2014-05-30 17:34:22,337 线程ID:[13] 日志级别：INFO  出错类：NHibernate.Cfg.SettingsFactory property:[(null)] - 错误描述：Order SQL inserts for batching: enabled
记录时间：2014-05-30 17:34:22,338 线程ID:[13] 日志级别：INFO  出错类：NHibernate.Cfg.SettingsFactory property:[(null)] - 错误描述：Batcher factory: NHibernate.AdoNet.SqlClientBatchingBatcherFactory, NHibernate, Version=3.3.1.4000, Culture=neutral, PublicKeyToken=aa95f207798dfdb4
记录时间：2014-05-30 17:34:22,338 线程ID:[13] 日志级别：INFO  出错类：NHibernate.Cfg.SettingsFactory property:[(null)] - 错误描述：Default entity-mode: Poco
记录时间：2014-05-30 17:34:22,338 线程ID:[13] 日志级别：INFO  出错类：NHibernate.Cfg.SettingsFactory property:[(null)] - 错误描述：Named query checking : enabled
记录时间：2014-05-30 17:34:22,347 线程ID:[13] 日志级别：INFO  出错类：NHibernate.Impl.SessionFactoryImpl property:[(null)] - 错误描述：building session factory
记录时间：2014-05-30 17:34:22,674 线程ID:[13] 日志级别：INFO  出错类：NHibernate.Impl.SessionFactoryObjectFactory property:[(null)] - 错误描述：no name configured
记录时间：2014-05-30 17:34:22,677 线程ID:[13] 日志级别：DEBUG 出错类：ApplicationInfoLog property:[(null)] - 错误描述：Done building session factory
记录时间：2014-05-30 17:34:22,678 线程ID:[13] 日志级别：INFO  出错类：ApplicationInfoLog property:[(null)] - 错误描述：Openning database session
记录时间：2014-05-30 17:34:22,698 线程ID:[13] 日志级别：DEBUG 出错类：ApplicationInfoLog property:[(null)] - 错误描述：Creating transaction on Demand
记录时间：2014-05-30 17:34:23,132 线程ID:[13] 日志级别：INFO  出错类：NHibernate.Hql.Ast.ANTLR.Tree.FromElement property:[(null)] - 错误描述：handling property dereference [QsTech.Accounts.Models.Accounts.Account (m) -> Deleted (Class)]
记录时间：2014-05-30 17:34:23,142 线程ID:[13] 日志级别：INFO  出错类：NHibernate.Hql.Ast.ANTLR.Tree.FromElement property:[(null)] - 错误描述：handling property dereference [QsTech.Accounts.Models.Accounts.Account (m) -> State (Class)]
记录时间：2014-05-30 17:34:23,221 线程ID:[13] 日志级别：INFO  出错类：NHibernate.Loader.Loader property:[(null)] - 错误描述：select account0_.ID as ID0_, account0_.[NAME] as NAME2_0_, account0_.[AGE] as AGE3_0_, account0_.[GENDER] as GENDER4_0_, account0_.[TELEPHONE] as TELEPHONE5_0_, account0_.[MOBILE] as MOBILE6_0_, account0_.[EMAIL] as EMAIL7_0_, account0_.[BIRTHDAY] as BIRTHDAY8_0_, account0_.[ACCOUNT_NAME] as ACCOUNT9_0_, account0_.[PASSWORD] as PASSWORD10_0_, account0_.[LAST_LOGIN_TIME] as LAST11_0_, account0_.[LATEST_LOGIN_TIME] as LATEST12_0_, account0_.[DELETED] as DELETED13_0_, account0_.[ANTI_PHISHING] as ANTI14_0_, account0_.[JOB_NUMBER] as JOB15_0_, account0_.[POST] as POST16_0_, account0_.[PHOTO_ID] as PHOTO17_0_, account0_.[NICK_NAME] as NICK18_0_, account0_.[STATE] as STATE19_0_, account0_.[REMARK] as REMARK20_0_, account0_.[CREATE_TIME] as CREATE21_0_ from [ACCOUNT] account0_ where  not (account0_.[DELETED]='Y') and account0_.[STATE]=@p0
记录时间：2014-05-30 17:34:45,206 线程ID:[13] 日志级别：ERROR 出错类：ApplicationInfoLog property:[(null)] - 错误描述：错误处理器
QsTech.Framework.QsTechException: 获取帐户列表失败!
   在 QsTech.Accounts.Controllers.ApiController.GetAccountsDataList(AccountSearchNParameter searchParameter) 位置 D:\开发\SSO\Source\QsTech.Framework.Web\Modules\QsTech.Accounts\Controllers\ApiController.cs:行号 85
   在 lambda_method(Closure , ControllerBase , Object[] )
   在 System.Web.Mvc.ActionMethodDispatcher.Execute(ControllerBase controller, Object[] parameters)
   在 System.Web.Mvc.ReflectedActionDescriptor.Execute(ControllerContext controllerContext, IDictionary`2 parameters)
   在 System.Web.Mvc.ControllerActionInvoker.InvokeActionMethod(ControllerContext controllerContext, ActionDescriptor actionDescriptor, IDictionary`2 parameters)
   在 System.Web.Mvc.ControllerActionInvoker.<>c__DisplayClass15.<InvokeActionMethodWithFilters>b__12()
   在 System.Web.Mvc.ControllerActionInvoker.InvokeActionMethodFilter(IActionFilter filter, ActionExecutingContext preContext, Func`1 continuation)
   在 System.Web.Mvc.ControllerActionInvoker.<>c__DisplayClass15.<>c__DisplayClass17.<InvokeActionMethodWithFilters>b__14()
   在 System.Web.Mvc.ControllerActionInvoker.InvokeActionMethodFilter(IActionFilter filter, ActionExecutingContext preContext, Func`1 continuation)
   在 System.Web.Mvc.ControllerActionInvoker.<>c__DisplayClass15.<>c__DisplayClass17.<InvokeActionMethodWithFilters>b__14()
   在 System.Web.Mvc.ControllerActionInvoker.InvokeActionMethodWithFilters(ControllerContext controllerContext, IList`1 filters, ActionDescriptor actionDescriptor, IDictionary`2 parameters)
   在 System.Web.Mvc.ControllerActionInvoker.InvokeAction(ControllerContext controllerContext, String actionName)
记录时间：2014-05-30 17:34:45,207 线程ID:[13] 日志级别：DEBUG 出错类：ApplicationInfoLog property:[(null)] - 错误描述：Transaction cancelled flag set
记录时间：2014-05-30 17:34:45,225 线程ID:[13] 日志级别：DEBUG 出错类：ApplicationInfoLog property:[(null)] - 错误描述：Final work for transaction being performed
记录时间：2014-05-30 17:34:45,225 线程ID:[13] 日志级别：DEBUG 出错类：ApplicationInfoLog property:[(null)] - 错误描述：Transaction disposed
记录时间：2014-05-30 17:34:47,351 线程ID:[7] 日志级别：DEBUG 出错类：ApplicationInfoLog property:[(null)] - 错误描述：Transaction cancelled flag set
记录时间：2014-05-30 17:34:47,370 线程ID:[7] 日志级别：ERROR 出错类：ApplicationInfoLog property:[(null)] - 错误描述：错误处理器
System.Web.HttpException (0x80004005): 执行处理程序“System.Web.Mvc.HttpHandlerUtil+ServerExecuteHttpHandlerAsyncWrapper”的子请求时出错。 ---> System.InvalidOperationException: 不允许子操作执行重定向操作。
   在 System.Web.Mvc.RedirectResult.ExecuteResult(ControllerContext context)
   在 System.Web.Mvc.ControllerActionInvoker.InvokeActionResult(ControllerContext controllerContext, ActionResult actionResult)
   在 System.Web.Mvc.ControllerActionInvoker.InvokeAction(ControllerContext controllerContext, String actionName)
   在 System.Web.Mvc.Controller.ExecuteCore()
   在 System.Web.Mvc.ControllerBase.Execute(RequestContext requestContext)
   在 System.Web.Mvc.ControllerBase.System.Web.Mvc.IController.Execute(RequestContext requestContext)
   在 System.Web.Mvc.MvcHandler.<>c__DisplayClass6.<>c__DisplayClassb.<BeginProcessRequest>b__5()
   在 System.Web.Mvc.Async.AsyncResultWrapper.<>c__DisplayClass1.<MakeVoidDelegate>b__0()
   在 System.Web.Mvc.Async.AsyncResultWrapper.<>c__DisplayClass8`1.<BeginSynchronous>b__7(IAsyncResult _)
   在 System.Web.Mvc.Async.AsyncResultWrapper.WrappedAsyncResult`1.End()
   在 System.Web.Mvc.MvcHandler.<>c__DisplayClasse.<EndProcessRequest>b__d()
   在 System.Web.Mvc.SecurityUtil.<GetCallInAppTrustThunk>b__0(Action f)
   在 System.Web.Mvc.SecurityUtil.ProcessInApplicationTrust(Action action)
   在 System.Web.Mvc.MvcHandler.EndProcessRequest(IAsyncResult asyncResult)
   在 System.Web.Mvc.MvcHandler.System.Web.IHttpAsyncHandler.EndProcessRequest(IAsyncResult result)
   在 System.Web.Mvc.HttpHandlerUtil.ServerExecuteHttpHandlerAsyncWrapper.<>c__DisplayClassa.<EndProcessRequest>b__9()
   在 System.Web.Mvc.HttpHandlerUtil.ServerExecuteHttpHandlerWrapper.<>c__DisplayClass4.<Wrap>b__3()
   在 System.Web.Mvc.HttpHandlerUtil.ServerExecuteHttpHandlerWrapper.Wrap[TResult](Func`1 func)
   在 System.Web.Mvc.HttpHandlerUtil.ServerExecuteHttpHandlerWrapper.Wrap(Action action)
   在 System.Web.Mvc.HttpHandlerUtil.ServerExecuteHttpHandlerAsyncWrapper.EndProcessRequest(IAsyncResult result)
   在 System.Web.HttpServerUtility.ExecuteInternal(IHttpHandler handler, TextWriter writer, Boolean preserveForm, Boolean setPreviousPage, VirtualPath path, VirtualPath filePath, String physPath, Exception error, String queryStringOverride)
   在 System.Web.HttpServerUtility.ExecuteInternal(IHttpHandler handler, TextWriter writer, Boolean preserveForm, Boolean setPreviousPage, VirtualPath path, VirtualPath filePath, String physPath, Exception error, String queryStringOverride)
   在 System.Web.HttpServerUtility.Execute(IHttpHandler handler, TextWriter writer, Boolean preserveForm, Boolean setPreviousPage)
   在 System.Web.HttpServerUtility.Execute(IHttpHandler handler, TextWriter writer, Boolean preserveForm)
   在 System.Web.HttpServerUtilityWrapper.Execute(IHttpHandler handler, TextWriter writer, Boolean preserveForm)
   在 System.Web.Mvc.Html.ChildActionExtensions.ActionHelper(HtmlHelper htmlHelper, String actionName, String controllerName, RouteValueDictionary routeValues, TextWriter textWriter)
   在 System.Web.Mvc.Html.ChildActionExtensions.Action(HtmlHelper htmlHelper, String actionName, String controllerName, RouteValueDictionary routeValues)
   在 QsTech.Framework.Mvc.HtmlExtension.Action(HtmlHelper source, String action, String controller, String moduleId, RouteValueDictionary routeValues) 位置 D:\开发\SSO\Source\QsTech.Framework\Mvc\HtmlExtension.cs:行号 30
   在 ASP._Page_Modules_QsTech_Core_Views_Shared_Layout_cshtml.Execute() 位置 d:\开发\SSO\Source\QsTech.Framework.Web\Modules\QsTech.Core\Views\Shared\Layout.cshtml:行号 47
   在 System.Web.WebPages.WebPageBase.ExecutePageHierarchy()
   在 System.Web.Mvc.WebViewPage.ExecutePageHierarchy()
   在 System.Web.WebPages.WebPageBase.ExecutePageHierarchy(WebPageContext pageContext, TextWriter writer, WebPageRenderingBase startPage)
   在 System.Web.WebPages.WebPageBase.<>c__DisplayClass7.<RenderPageCore>b__6(TextWriter writer)
   在 System.Web.WebPages.HelperResult.WriteTo(TextWriter writer)
   在 System.Web.WebPages.WebPageBase.Write(HelperResult result)
   在 System.Web.WebPages.WebPageBase.RenderSurrounding(String partialViewName, Action`1 body)
   在 System.Web.WebPages.WebPageBase.PopContext()
   在 System.Web.WebPages.WebPageBase.ExecutePageHierarchy(WebPageContext pageContext, TextWriter writer, WebPageRenderingBase startPage)
   在 System.Web.WebPages.WebPageBase.<>c__DisplayClass7.<RenderPageCore>b__6(TextWriter writer)
   在 System.Web.WebPages.HelperResult.WriteTo(TextWriter writer)
   在 System.Web.WebPages.WebPageBase.Write(HelperResult result)
   在 System.Web.WebPages.WebPageBase.RenderSurrounding(String partialViewName, Action`1 body)
   在 System.Web.WebPages.WebPageBase.PopContext()
   在 System.Web.WebPages.WebPageBase.ExecutePageHierarchy(WebPageContext pageContext, TextWriter writer, WebPageRenderingBase startPage)
   在 System.Web.Mvc.RazorView.RenderView(ViewContext viewContext, TextWriter writer, Object instance)
   在 System.Web.Mvc.BuildManagerCompiledView.Render(ViewContext viewContext, TextWriter writer)
   在 System.Web.Mvc.ViewResultBase.ExecuteResult(ControllerContext context)
   在 System.Web.Mvc.ControllerActionInvoker.InvokeActionResult(ControllerContext controllerContext, ActionResult actionResult)
   在 System.Web.Mvc.ControllerActionInvoker.<>c__DisplayClass1c.<InvokeActionResultWithFilters>b__19()
   在 System.Web.Mvc.ControllerActionInvoker.InvokeActionResultFilter(IResultFilter filter, ResultExecutingContext preContext, Func`1 continuation)
   在 System.Web.Mvc.ControllerActionInvoker.<>c__DisplayClass1c.<>c__DisplayClass1e.<InvokeActionResultWithFilters>b__1b()
   在 System.Web.Mvc.ControllerActionInvoker.InvokeActionResultFilter(IResultFilter filter, ResultExecutingContext preContext, Func`1 continuation)
   在 System.Web.Mvc.ControllerActionInvoker.<>c__DisplayClass1c.<>c__DisplayClass1e.<InvokeActionResultWithFilters>b__1b()
   在 System.Web.Mvc.ControllerActionInvoker.InvokeActionResultWithFilters(ControllerContext controllerContext, IList`1 filters, ActionResult actionResult)
   在 System.Web.Mvc.ControllerActionInvoker.InvokeAction(ControllerContext controllerContext, String actionName)
记录时间：2014-05-30 17:34:47,428 线程ID:[7] 日志级别：DEBUG 出错类：ApplicationInfoLog property:[(null)] - 错误描述：Transaction cancelled flag set
记录时间：2014-05-30 17:34:47,429 线程ID:[7] 日志级别：DEBUG 出错类：ApplicationInfoLog property:[(null)] - 错误描述：Final work for transaction being performed
记录时间：2014-05-30 17:34:47,429 线程ID:[7] 日志级别：DEBUG 出错类：ApplicationInfoLog property:[(null)] - 错误描述：Transaction disposed
记录时间：2014-05-30 17:34:47,721 线程ID:[5] 日志级别：DEBUG 出错类：ApplicationInfoLog property:[(null)] - 错误描述：Marking transaction as complete
记录时间：2014-05-30 17:34:47,721 线程ID:[5] 日志级别：DEBUG 出错类：ApplicationInfoLog property:[(null)] - 错误描述：Final work for transaction being performed
记录时间：2014-05-30 17:34:47,721 线程ID:[5] 日志级别：DEBUG 出错类：ApplicationInfoLog property:[(null)] - 错误描述：Transaction disposed
记录时间：2014-05-30 17:34:55,862 线程ID:[7] 日志级别：DEBUG 出错类：ApplicationInfoLog property:[(null)] - 错误描述：Marking transaction as complete
记录时间：2014-05-30 17:34:55,862 线程ID:[7] 日志级别：DEBUG 出错类：ApplicationInfoLog property:[(null)] - 错误描述：Final work for transaction being performed
记录时间：2014-05-30 17:34:55,862 线程ID:[7] 日志级别：DEBUG 出错类：ApplicationInfoLog property:[(null)] - 错误描述：Transaction disposed
记录时间：2014-05-30 17:34:55,867 线程ID:[5] 日志级别：ERROR 出错类：ApplicationInfoLog property:[(null)] - 错误描述：redirect_uri=
记录时间：2014-05-30 17:34:55,976 线程ID:[5] 日志级别：DEBUG 出错类：ApplicationInfoLog property:[(null)] - 错误描述：Marking transaction as complete
记录时间：2014-05-30 17:34:55,976 线程ID:[5] 日志级别：DEBUG 出错类：ApplicationInfoLog property:[(null)] - 错误描述：Final work for transaction being performed
记录时间：2014-05-30 17:34:55,976 线程ID:[5] 日志级别：DEBUG 出错类：ApplicationInfoLog property:[(null)] - 错误描述：Transaction disposed
记录时间：2014-05-30 17:34:56,117 线程ID:[13] 日志级别：DEBUG 出错类：ApplicationInfoLog property:[(null)] - 错误描述：Marking transaction as complete
记录时间：2014-05-30 17:34:56,118 线程ID:[13] 日志级别：DEBUG 出错类：ApplicationInfoLog property:[(null)] - 错误描述：Final work for transaction being performed
记录时间：2014-05-30 17:34:56,118 线程ID:[13] 日志级别：DEBUG 出错类：ApplicationInfoLog property:[(null)] - 错误描述：Transaction disposed
记录时间：2014-05-30 17:35:09,382 线程ID:[17] 日志级别：ERROR 出错类：ApplicationInfoLog property:[(null)] - 错误描述：错误处理器
QsTech.Framework.QsTechException: 获取帐户列表失败!
   在 QsTech.Accounts.Controllers.ApiController.GetAccountsDataList(AccountSearchNParameter searchParameter) 位置 D:\开发\SSO\Source\QsTech.Framework.Web\Modules\QsTech.Accounts\Controllers\ApiController.cs:行号 85
   在 lambda_method(Closure , ControllerBase , Object[] )
   在 System.Web.Mvc.ActionMethodDispatcher.Execute(ControllerBase controller, Object[] parameters)
   在 System.Web.Mvc.ReflectedActionDescriptor.Execute(ControllerContext controllerContext, IDictionary`2 parameters)
   在 System.Web.Mvc.ControllerActionInvoker.InvokeActionMethod(ControllerContext controllerContext, ActionDescriptor actionDescriptor, IDictionary`2 parameters)
   在 System.Web.Mvc.ControllerActionInvoker.<>c__DisplayClass15.<InvokeActionMethodWithFilters>b__12()
   在 System.Web.Mvc.ControllerActionInvoker.InvokeActionMethodFilter(IActionFilter filter, ActionExecutingContext preContext, Func`1 continuation)
   在 System.Web.Mvc.ControllerActionInvoker.<>c__DisplayClass15.<>c__DisplayClass17.<InvokeActionMethodWithFilters>b__14()
   在 System.Web.Mvc.ControllerActionInvoker.InvokeActionMethodFilter(IActionFilter filter, ActionExecutingContext preContext, Func`1 continuation)
   在 System.Web.Mvc.ControllerActionInvoker.<>c__DisplayClass15.<>c__DisplayClass17.<InvokeActionMethodWithFilters>b__14()
   在 System.Web.Mvc.ControllerActionInvoker.InvokeActionMethodWithFilters(ControllerContext controllerContext, IList`1 filters, ActionDescriptor actionDescriptor, IDictionary`2 parameters)
   在 System.Web.Mvc.ControllerActionInvoker.InvokeAction(ControllerContext controllerContext, String actionName)
记录时间：2014-05-30 17:35:09,382 线程ID:[17] 日志级别：DEBUG 出错类：ApplicationInfoLog property:[(null)] - 错误描述：Transaction cancelled flag set
记录时间：2014-05-30 17:35:09,382 线程ID:[17] 日志级别：DEBUG 出错类：ApplicationInfoLog property:[(null)] - 错误描述：Final work for transaction being performed
记录时间：2014-05-30 17:35:09,382 线程ID:[17] 日志级别：DEBUG 出错类：ApplicationInfoLog property:[(null)] - 错误描述：Transaction disposed
记录时间：2014-05-30 17:35:09,394 线程ID:[17] 日志级别：DEBUG 出错类：ApplicationInfoLog property:[(null)] - 错误描述：Transaction cancelled flag set
记录时间：2014-05-30 17:35:09,397 线程ID:[17] 日志级别：ERROR 出错类：ApplicationInfoLog property:[(null)] - 错误描述：错误处理器
System.Web.HttpException (0x80004005): 执行处理程序“System.Web.Mvc.HttpHandlerUtil+ServerExecuteHttpHandlerAsyncWrapper”的子请求时出错。 ---> System.InvalidOperationException: 不允许子操作执行重定向操作。
   在 System.Web.Mvc.RedirectResult.ExecuteResult(ControllerContext context)
   在 System.Web.Mvc.ControllerActionInvoker.InvokeActionResult(ControllerContext controllerContext, ActionResult actionResult)
   在 System.Web.Mvc.ControllerActionInvoker.InvokeAction(ControllerContext controllerContext, String actionName)
   在 System.Web.Mvc.Controller.ExecuteCore()
   在 System.Web.Mvc.ControllerBase.Execute(RequestContext requestContext)
   在 System.Web.Mvc.ControllerBase.System.Web.Mvc.IController.Execute(RequestContext requestContext)
   在 System.Web.Mvc.MvcHandler.<>c__DisplayClass6.<>c__DisplayClassb.<BeginProcessRequest>b__5()
   在 System.Web.Mvc.Async.AsyncResultWrapper.<>c__DisplayClass1.<MakeVoidDelegate>b__0()
   在 System.Web.Mvc.Async.AsyncResultWrapper.<>c__DisplayClass8`1.<BeginSynchronous>b__7(IAsyncResult _)
   在 System.Web.Mvc.Async.AsyncResultWrapper.WrappedAsyncResult`1.End()
   在 System.Web.Mvc.MvcHandler.<>c__DisplayClasse.<EndProcessRequest>b__d()
   在 System.Web.Mvc.SecurityUtil.<GetCallInAppTrustThunk>b__0(Action f)
   在 System.Web.Mvc.SecurityUtil.ProcessInApplicationTrust(Action action)
   在 System.Web.Mvc.MvcHandler.EndProcessRequest(IAsyncResult asyncResult)
   在 System.Web.Mvc.MvcHandler.System.Web.IHttpAsyncHandler.EndProcessRequest(IAsyncResult result)
   在 System.Web.Mvc.HttpHandlerUtil.ServerExecuteHttpHandlerAsyncWrapper.<>c__DisplayClassa.<EndProcessRequest>b__9()
   在 System.Web.Mvc.HttpHandlerUtil.ServerExecuteHttpHandlerWrapper.<>c__DisplayClass4.<Wrap>b__3()
   在 System.Web.Mvc.HttpHandlerUtil.ServerExecuteHttpHandlerWrapper.Wrap[TResult](Func`1 func)
   在 System.Web.Mvc.HttpHandlerUtil.ServerExecuteHttpHandlerWrapper.Wrap(Action action)
   在 System.Web.Mvc.HttpHandlerUtil.ServerExecuteHttpHandlerAsyncWrapper.EndProcessRequest(IAsyncResult result)
   在 System.Web.HttpServerUtility.ExecuteInternal(IHttpHandler handler, TextWriter writer, Boolean preserveForm, Boolean setPreviousPage, VirtualPath path, VirtualPath filePath, String physPath, Exception error, String queryStringOverride)
   在 System.Web.HttpServerUtility.ExecuteInternal(IHttpHandler handler, TextWriter writer, Boolean preserveForm, Boolean setPreviousPage, VirtualPath path, VirtualPath filePath, String physPath, Exception error, String queryStringOverride)
   在 System.Web.HttpServerUtility.Execute(IHttpHandler handler, TextWriter writer, Boolean preserveForm, Boolean setPreviousPage)
   在 System.Web.HttpServerUtility.Execute(IHttpHandler handler, TextWriter writer, Boolean preserveForm)
   在 System.Web.HttpServerUtilityWrapper.Execute(IHttpHandler handler, TextWriter writer, Boolean preserveForm)
   在 System.Web.Mvc.Html.ChildActionExtensions.ActionHelper(HtmlHelper htmlHelper, String actionName, String controllerName, RouteValueDictionary routeValues, TextWriter textWriter)
   在 System.Web.Mvc.Html.ChildActionExtensions.Action(HtmlHelper htmlHelper, String actionName, String controllerName, RouteValueDictionary routeValues)
   在 QsTech.Framework.Mvc.HtmlExtension.Action(HtmlHelper source, String action, String controller, String moduleId, RouteValueDictionary routeValues) 位置 D:\开发\SSO\Source\QsTech.Framework\Mvc\HtmlExtension.cs:行号 30
   在 ASP._Page_Modules_QsTech_Core_Views_Shared_Layout_cshtml.Execute() 位置 d:\开发\SSO\Source\QsTech.Framework.Web\Modules\QsTech.Core\Views\Shared\Layout.cshtml:行号 47
   在 System.Web.WebPages.WebPageBase.ExecutePageHierarchy()
   在 System.Web.Mvc.WebViewPage.ExecutePageHierarchy()
   在 System.Web.WebPages.WebPageBase.ExecutePageHierarchy(WebPageContext pageContext, TextWriter writer, WebPageRenderingBase startPage)
   在 System.Web.WebPages.WebPageBase.<>c__DisplayClass7.<RenderPageCore>b__6(TextWriter writer)
   在 System.Web.WebPages.HelperResult.WriteTo(TextWriter writer)
   在 System.Web.WebPages.WebPageBase.Write(HelperResult result)
   在 System.Web.WebPages.WebPageBase.RenderSurrounding(String partialViewName, Action`1 body)
   在 System.Web.WebPages.WebPageBase.PopContext()
   在 System.Web.WebPages.WebPageBase.ExecutePageHierarchy(WebPageContext pageContext, TextWriter writer, WebPageRenderingBase startPage)
   在 System.Web.WebPages.WebPageBase.<>c__DisplayClass7.<RenderPageCore>b__6(TextWriter writer)
   在 System.Web.WebPages.HelperResult.WriteTo(TextWriter writer)
   在 System.Web.WebPages.WebPageBase.Write(HelperResult result)
   在 System.Web.WebPages.WebPageBase.RenderSurrounding(String partialViewName, Action`1 body)
   在 System.Web.WebPages.WebPageBase.PopContext()
   在 System.Web.WebPages.WebPageBase.ExecutePageHierarchy(WebPageContext pageContext, TextWriter writer, WebPageRenderingBase startPage)
   在 System.Web.Mvc.RazorView.RenderView(ViewContext viewContext, TextWriter writer, Object instance)
   在 System.Web.Mvc.BuildManagerCompiledView.Render(ViewContext viewContext, TextWriter writer)
   在 System.Web.Mvc.ViewResultBase.ExecuteResult(ControllerContext context)
   在 System.Web.Mvc.ControllerActionInvoker.InvokeActionResult(ControllerContext controllerContext, ActionResult actionResult)
   在 System.Web.Mvc.ControllerActionInvoker.<>c__DisplayClass1c.<InvokeActionResultWithFilters>b__19()
   在 System.Web.Mvc.ControllerActionInvoker.InvokeActionResultFilter(IResultFilter filter, ResultExecutingContext preContext, Func`1 continuation)
   在 System.Web.Mvc.ControllerActionInvoker.<>c__DisplayClass1c.<>c__DisplayClass1e.<InvokeActionResultWithFilters>b__1b()
   在 System.Web.Mvc.ControllerActionInvoker.InvokeActionResultFilter(IResultFilter filter, ResultExecutingContext preContext, Func`1 continuation)
   在 System.Web.Mvc.ControllerActionInvoker.<>c__DisplayClass1c.<>c__DisplayClass1e.<InvokeActionResultWithFilters>b__1b()
   在 System.Web.Mvc.ControllerActionInvoker.InvokeActionResultWithFilters(ControllerContext controllerContext, IList`1 filters, ActionResult actionResult)
   在 System.Web.Mvc.ControllerActionInvoker.InvokeAction(ControllerContext controllerContext, String actionName)
记录时间：2014-05-30 17:35:09,399 线程ID:[17] 日志级别：DEBUG 出错类：ApplicationInfoLog property:[(null)] - 错误描述：Transaction cancelled flag set
记录时间：2014-05-30 17:35:09,399 线程ID:[17] 日志级别：DEBUG 出错类：ApplicationInfoLog property:[(null)] - 错误描述：Final work for transaction being performed
记录时间：2014-05-30 17:35:09,399 线程ID:[17] 日志级别：DEBUG 出错类：ApplicationInfoLog property:[(null)] - 错误描述：Transaction disposed
记录时间：2014-05-30 17:35:09,713 线程ID:[17] 日志级别：DEBUG 出错类：ApplicationInfoLog property:[(null)] - 错误描述：Marking transaction as complete
记录时间：2014-05-30 17:35:09,713 线程ID:[17] 日志级别：DEBUG 出错类：ApplicationInfoLog property:[(null)] - 错误描述：Final work for transaction being performed
记录时间：2014-05-30 17:35:09,713 线程ID:[17] 日志级别：DEBUG 出错类：ApplicationInfoLog property:[(null)] - 错误描述：Transaction disposed
记录时间：2014-05-30 17:37:31,827 线程ID:[13] 日志级别：DEBUG 出错类：ApplicationInfoLog property:[(null)] - 错误描述：Acquiring session for 
记录时间：2014-05-30 17:37:31,841 线程ID:[13] 日志级别：DEBUG 出错类：ApplicationInfoLog property:[(null)] - 错误描述：Building session factory
记录时间：2014-05-30 17:37:31,841 线程ID:[13] 日志级别：DEBUG 出错类：ApplicationInfoLog property:[(null)] - 错误描述：Building configuration
记录时间：2014-05-30 17:37:31,866 线程ID:[13] 日志级别：DEBUG 出错类：ApplicationInfoLog property:[(null)] - 错误描述：Done Building configuration
记录时间：2014-05-30 17:37:31,884 线程ID:[13] 日志级别：INFO  出错类：ApplicationInfoLog property:[(null)] - 错误描述：Start looking for extensions in 'D:\开发\SSO\Source\QsTech.Framework.Web\Modules'...
记录时间：2014-05-30 17:37:31,885 线程ID:[13] 日志级别：INFO  出错类：ApplicationInfoLog property:[(null)] - 错误描述：Done looking for extensions in 'D:\开发\SSO\Source\QsTech.Framework.Web\Modules': QsTech.Accounts, QsTech.Authentication.Sso, QsTech.Core, QsTech.Enterprises, QsTech.Files, QsTech.Users
记录时间：2014-05-30 17:37:31,885 线程ID:[13] 日志级别：INFO  出错类：ApplicationInfoLog property:[(null)] - 错误描述：模块 QsTech.Accounts 中的 Client 不可用. 因为该特性已禁用.
记录时间：2014-05-30 17:37:31,885 线程ID:[13] 日志级别：INFO  出错类：ApplicationInfoLog property:[(null)] - 错误描述：模块 QsTech.Authentication.Sso 中的 Client 不可用. 因为该特性已禁用.
记录时间：2014-05-30 17:37:31,885 线程ID:[13] 日志级别：INFO  出错类：ApplicationInfoLog property:[(null)] - 错误描述：模块 QsTech.Authentication.Sso 中的 StringValidateCodeBuilder 不可用. 因为该特性已禁用.
记录时间：2014-05-30 17:37:31,885 线程ID:[13] 日志级别：INFO  出错类：ApplicationInfoLog property:[(null)] - 错误描述：模块 QsTech.Enterprises 中的 OrientGroupAuthProvider 不可用. 因为该特性已禁用.
记录时间：2014-05-30 17:37:31,885 线程ID:[13] 日志级别：INFO  出错类：ApplicationInfoLog property:[(null)] - 错误描述：模块 QsTech.Enterprises 中的 BeifaGroupAuthProvider 不可用. 因为该特性已禁用.
记录时间：2014-05-30 17:37:31,885 线程ID:[13] 日志级别：INFO  出错类：ApplicationInfoLog property:[(null)] - 错误描述：模块 QsTech.Enterprises 中的 DefaultEnterpriseService 不可用. 因为该特性已禁用.
记录时间：2014-05-30 17:37:31,885 线程ID:[13] 日志级别：INFO  出错类：ApplicationInfoLog property:[(null)] - 错误描述：模块 QsTech.Enterprises 中的 RemoteEnterpriseService 不可用. 因为该特性已禁用.
记录时间：2014-05-30 17:37:31,885 线程ID:[13] 日志级别：INFO  出错类：ApplicationInfoLog property:[(null)] - 错误描述：模块 QsTech.Enterprises 中的 RemoteEmployeeService 不可用. 因为该特性已禁用.
记录时间：2014-05-30 17:37:31,885 线程ID:[13] 日志级别：INFO  出错类：ApplicationInfoLog property:[(null)] - 错误描述：模块 QsTech.Users 中的 DefaultUserManager 不可用. 因为该特性已禁用.
记录时间：2014-05-30 17:37:31,885 线程ID:[13] 日志级别：INFO  出错类：ApplicationInfoLog property:[(null)] - 错误描述：模块 QsTech.Users 中的 SynchronousUserManager 不可用. 因为该特性已禁用.
记录时间：2014-05-30 17:37:32,044 线程ID:[13] 日志级别：INFO  出错类：NHibernate.Dialect.Dialect property:[(null)] - 错误描述：Using dialect: NHibernate.Dialect.MsSql2008Dialect
记录时间：2014-05-30 17:37:32,073 线程ID:[13] 日志级别：INFO  出错类：NHibernate.Cfg.XmlHbmBinding.Binder property:[(null)] - 错误描述：Mapping class: QsTech.Accounts.Models.Accounts.Account -> ACCOUNT
记录时间：2014-05-30 17:37:32,098 线程ID:[13] 日志级别：INFO  出错类：NHibernate.Cfg.XmlHbmBinding.Binder property:[(null)] - 错误描述：Mapping collection: QsTech.Accounts.Models.Accounts.Account.Roles -> ACCOUNT_ROLE
记录时间：2014-05-30 17:37:32,102 线程ID:[13] 日志级别：INFO  出错类：NHibernate.Cfg.XmlHbmBinding.Binder property:[(null)] - 错误描述：Mapping class: QsTech.Accounts.Models.Accounts.AccountClient -> ACCOUNT_CLIENT
记录时间：2014-05-30 17:37:32,103 线程ID:[13] 日志级别：INFO  出错类：NHibernate.Cfg.XmlHbmBinding.Binder property:[(null)] - 错误描述：Mapping class: QsTech.Authentication.Sso.Clients.UserClient -> USER_CLIENT
记录时间：2014-05-30 17:37:32,104 线程ID:[13] 日志级别：INFO  出错类：NHibernate.Cfg.XmlHbmBinding.Binder property:[(null)] - 错误描述：Mapping class: QsTech.Core.Models.ActionStatus -> ACTION_STATUS
记录时间：2014-05-30 17:37:32,104 线程ID:[13] 日志级别：INFO  出错类：NHibernate.Cfg.XmlHbmBinding.Binder property:[(null)] - 错误描述：Mapping class: QsTech.Core.Models.Roles.Role -> ROLE
记录时间：2014-05-30 17:37:32,104 线程ID:[13] 日志级别：INFO  出错类：NHibernate.Cfg.XmlHbmBinding.Binder property:[(null)] - 错误描述：Mapping collection: QsTech.Core.Models.Roles.Role.Owners -> ACCOUNT_ROLE
记录时间：2014-05-30 17:37:32,104 线程ID:[13] 日志级别：INFO  出错类：NHibernate.Cfg.XmlHbmBinding.Binder property:[(null)] - 错误描述：Mapping collection: QsTech.Core.Models.Roles.Role.Permissions -> ROLE_PERMISSION
记录时间：2014-05-30 17:37:32,105 线程ID:[13] 日志级别：INFO  出错类：NHibernate.Cfg.XmlHbmBinding.Binder property:[(null)] - 错误描述：Mapping class: QsTech.Core.Interface.GlobalSetting -> GLOBAL_SETTING
记录时间：2014-05-30 17:37:32,105 线程ID:[13] 日志级别：INFO  出错类：NHibernate.Cfg.XmlHbmBinding.Binder property:[(null)] - 错误描述：Mapping class: QsTech.Core.Interface.Account.AccountUser -> ACCOUNT_USER
记录时间：2014-05-30 17:37:32,105 线程ID:[13] 日志级别：INFO  出错类：NHibernate.Cfg.XmlHbmBinding.Binder property:[(null)] - 错误描述：Mapping class: QsTech.Core.Interface.Entities.DicPort -> DIC_PORT
记录时间：2014-05-30 17:37:32,105 线程ID:[13] 日志级别：INFO  出错类：NHibernate.Cfg.XmlHbmBinding.Binder property:[(null)] - 错误描述：Mapping class: QsTech.Core.Interface.AccountRegister.AccountRegisterInfo -> ACCOUNT_REGISTER_INFO
记录时间：2014-05-30 17:37:32,107 线程ID:[13] 日志级别：INFO  出错类：NHibernate.Cfg.XmlHbmBinding.Binder property:[(null)] - 错误描述：Mapping class: QsTech.Enterprises.Models.OrganizationRecord -> ORGANIZATION_RECORD
记录时间：2014-05-30 17:37:32,107 线程ID:[13] 日志级别：INFO  出错类：NHibernate.Cfg.XmlHbmBinding.Binder property:[(null)] - 错误描述：Mapping class: QsTech.Enterprises.Interface.EnterpriseUser -> ENTERPRISE_USER
记录时间：2014-05-30 17:37:32,108 线程ID:[13] 日志级别：INFO  出错类：NHibernate.Cfg.XmlHbmBinding.Binder property:[(null)] - 错误描述：Mapping class: QsTech.Enterprises.Interface.Enterprise -> ENTERPRISE
记录时间：2014-05-30 17:37:32,112 线程ID:[13] 日志级别：INFO  出错类：NHibernate.Cfg.XmlHbmBinding.Binder property:[(null)] - 错误描述：Mapping class: QsTech.Files.Interface.FileRecord -> FILE_RECORD
记录时间：2014-05-30 17:37:32,113 线程ID:[13] 日志级别：INFO  出错类：NHibernate.Cfg.XmlHbmBinding.Binder property:[(null)] - 错误描述：Mapping class: QsTech.Users.Models.User -> USER
记录时间：2014-05-30 17:37:32,114 线程ID:[13] 日志级别：INFO  出错类：NHibernate.Cfg.XmlHbmBinding.Binder property:[(null)] - 错误描述：Mapping collection: QsTech.Users.Models.User.Roles -> USER_ROLE
记录时间：2014-05-30 17:37:32,114 线程ID:[13] 日志级别：INFO  出错类：NHibernate.Cfg.XmlHbmBinding.Binder property:[(null)] - 错误描述：Mapping class: QsTech.Users.Models.UserProperty -> USER_SETTING
记录时间：2014-05-30 17:37:32,118 线程ID:[13] 日志级别：INFO  出错类：NHibernate.Cfg.Configuration property:[(null)] - 错误描述：checking mappings queue
记录时间：2014-05-30 17:37:32,118 线程ID:[13] 日志级别：INFO  出错类：NHibernate.Cfg.Configuration property:[(null)] - 错误描述：processing one-to-many association mappings
记录时间：2014-05-30 17:37:32,126 线程ID:[13] 日志级别：INFO  出错类：NHibernate.Cfg.XmlHbmBinding.Binder property:[(null)] - 错误描述：mapping collection: QsTech.Accounts.Models.Accounts.Account.Clients -> ACCOUNT_CLIENT
记录时间：2014-05-30 17:37:32,126 线程ID:[13] 日志级别：INFO  出错类：NHibernate.Cfg.XmlHbmBinding.Binder property:[(null)] - 错误描述：mapping collection: QsTech.Users.Models.User.Accounts -> ACCOUNT_USER
记录时间：2014-05-30 17:37:32,126 线程ID:[13] 日志级别：INFO  出错类：NHibernate.Cfg.Configuration property:[(null)] - 错误描述：processing one-to-one association property references
记录时间：2014-05-30 17:37:32,126 线程ID:[13] 日志级别：INFO  出错类：NHibernate.Cfg.Configuration property:[(null)] - 错误描述：processing foreign key constraints
记录时间：2014-05-30 17:37:32,128 线程ID:[13] 日志级别：INFO  出错类：NHibernate.Cfg.Configuration property:[(null)] - 错误描述：processing filters (second pass)
记录时间：2014-05-30 17:37:32,162 线程ID:[13] 日志级别：INFO  出错类：NHibernate.Dialect.Dialect property:[(null)] - 错误描述：Using dialect: NHibernate.Dialect.MsSql2008Dialect
记录时间：2014-05-30 17:37:32,165 线程ID:[13] 日志级别：INFO  出错类：NHibernate.Dialect.Dialect property:[(null)] - 错误描述：Using dialect: NHibernate.Dialect.MsSql2008Dialect
记录时间：2014-05-30 17:37:32,183 线程ID:[13] 日志级别：INFO  出错类：NHibernate.Exceptions.SQLExceptionConverterFactory property:[(null)] - 错误描述：Using dialect defined converter
记录时间：2014-05-30 17:37:32,183 线程ID:[13] 日志级别：INFO  出错类：NHibernate.Cfg.SettingsFactory property:[(null)] - 错误描述：Generate SQL with comments: disabled
记录时间：2014-05-30 17:37:32,183 线程ID:[13] 日志级别：INFO  出错类：NHibernate.Connection.ConnectionProviderFactory property:[(null)] - 错误描述：Initializing connection provider: NHibernate.Connection.DriverConnectionProvider
记录时间：2014-05-30 17:37:32,184 线程ID:[13] 日志级别：INFO  出错类：NHibernate.Connection.ConnectionProvider property:[(null)] - 错误描述：Configuring ConnectionProvider
记录时间：2014-05-30 17:37:32,185 线程ID:[13] 日志级别：INFO  出错类：NHibernate.Cfg.SettingsFactory property:[(null)] - 错误描述：Transaction factory: NHibernate.Transaction.AdoNetWithDistributedTransactionFactory
记录时间：2014-05-30 17:37:32,185 线程ID:[13] 日志级别：INFO  出错类：NHibernate.Cfg.SettingsFactory property:[(null)] - 错误描述：Optimize cache for minimal puts: False
记录时间：2014-05-30 17:37:32,185 线程ID:[13] 日志级别：INFO  出错类：NHibernate.Cfg.SettingsFactory property:[(null)] - 错误描述：Connection release mode: auto
记录时间：2014-05-30 17:37:32,185 线程ID:[13] 日志级别：INFO  出错类：NHibernate.Cfg.SettingsFactory property:[(null)] - 错误描述：Default batch fetch size: 1
记录时间：2014-05-30 17:37:32,185 线程ID:[13] 日志级别：INFO  出错类：NHibernate.Cfg.SettingsFactory property:[(null)] - 错误描述：echoing all SQL to stdout
记录时间：2014-05-30 17:37:32,185 线程ID:[13] 日志级别：INFO  出错类：NHibernate.Cfg.SettingsFactory property:[(null)] - 错误描述：Statistics: disabled
记录时间：2014-05-30 17:37:32,185 线程ID:[13] 日志级别：INFO  出错类：NHibernate.Cfg.SettingsFactory property:[(null)] - 错误描述：Deleted entity synthetic identifier rollback: disabled
记录时间：2014-05-30 17:37:32,185 线程ID:[13] 日志级别：INFO  出错类：NHibernate.Cfg.SettingsFactory property:[(null)] - 错误描述：Query translator: NHibernate.Hql.Ast.ANTLR.ASTQueryTranslatorFactory
记录时间：2014-05-30 17:37:32,187 线程ID:[13] 日志级别：INFO  出错类：NHibernate.Cfg.SettingsFactory property:[(null)] - 错误描述：Query language substitutions: {'true'='1', 'false'='0', 'yes'=''Y'', 'no'=''N''}
记录时间：2014-05-30 17:37:32,187 线程ID:[13] 日志级别：INFO  出错类：NHibernate.Cfg.SettingsFactory property:[(null)] - 错误描述：cache provider: NHibernate.Cache.NoCacheProvider, NHibernate, Version=3.3.1.4000, Culture=neutral, PublicKeyToken=aa95f207798dfdb4
记录时间：2014-05-30 17:37:32,188 线程ID:[13] 日志级别：INFO  出错类：NHibernate.Cfg.SettingsFactory property:[(null)] - 错误描述：Order SQL inserts for batching: enabled
记录时间：2014-05-30 17:37:32,188 线程ID:[13] 日志级别：INFO  出错类：NHibernate.Cfg.SettingsFactory property:[(null)] - 错误描述：Batcher factory: NHibernate.AdoNet.SqlClientBatchingBatcherFactory, NHibernate, Version=3.3.1.4000, Culture=neutral, PublicKeyToken=aa95f207798dfdb4
记录时间：2014-05-30 17:37:32,188 线程ID:[13] 日志级别：INFO  出错类：NHibernate.Cfg.SettingsFactory property:[(null)] - 错误描述：Default entity-mode: Poco
记录时间：2014-05-30 17:37:32,188 线程ID:[13] 日志级别：INFO  出错类：NHibernate.Cfg.SettingsFactory property:[(null)] - 错误描述：Named query checking : enabled
记录时间：2014-05-30 17:37:32,197 线程ID:[13] 日志级别：INFO  出错类：NHibernate.Impl.SessionFactoryImpl property:[(null)] - 错误描述：building session factory
记录时间：2014-05-30 17:37:32,600 线程ID:[13] 日志级别：INFO  出错类：NHibernate.Impl.SessionFactoryObjectFactory property:[(null)] - 错误描述：no name configured
记录时间：2014-05-30 17:37:32,602 线程ID:[13] 日志级别：DEBUG 出错类：ApplicationInfoLog property:[(null)] - 错误描述：Done building session factory
记录时间：2014-05-30 17:37:32,602 线程ID:[13] 日志级别：INFO  出错类：ApplicationInfoLog property:[(null)] - 错误描述：Openning database session
记录时间：2014-05-30 17:37:32,611 线程ID:[13] 日志级别：DEBUG 出错类：ApplicationInfoLog property:[(null)] - 错误描述：Creating transaction on Demand
记录时间：2014-05-30 17:37:33,133 线程ID:[13] 日志级别：INFO  出错类：NHibernate.Hql.Ast.ANTLR.Tree.FromElement property:[(null)] - 错误描述：handling property dereference [QsTech.Accounts.Models.Accounts.Account (m) -> Deleted (Class)]
记录时间：2014-05-30 17:37:33,146 线程ID:[13] 日志级别：INFO  出错类：NHibernate.Hql.Ast.ANTLR.Tree.FromElement property:[(null)] - 错误描述：handling property dereference [QsTech.Accounts.Models.Accounts.Account (m) -> State (Class)]
记录时间：2014-05-30 17:37:33,233 线程ID:[13] 日志级别：INFO  出错类：NHibernate.Loader.Loader property:[(null)] - 错误描述：select account0_.ID as ID0_, account0_.[NAME] as NAME2_0_, account0_.[AGE] as AGE3_0_, account0_.[GENDER] as GENDER4_0_, account0_.[TELEPHONE] as TELEPHONE5_0_, account0_.[MOBILE] as MOBILE6_0_, account0_.[EMAIL] as EMAIL7_0_, account0_.[BIRTHDAY] as BIRTHDAY8_0_, account0_.[ACCOUNT_NAME] as ACCOUNT9_0_, account0_.[PASSWORD] as PASSWORD10_0_, account0_.[LAST_LOGIN_TIME] as LAST11_0_, account0_.[LATEST_LOGIN_TIME] as LATEST12_0_, account0_.[DELETED] as DELETED13_0_, account0_.[ANTI_PHISHING] as ANTI14_0_, account0_.[JOB_NUMBER] as JOB15_0_, account0_.[POST] as POST16_0_, account0_.[PHOTO_ID] as PHOTO17_0_, account0_.[NICK_NAME] as NICK18_0_, account0_.[STATE] as STATE19_0_, account0_.[REMARK] as REMARK20_0_, account0_.[CREATE_TIME] as CREATE21_0_ from [ACCOUNT] account0_ where  not (account0_.[DELETED]='Y') and account0_.[STATE]=@p0
记录时间：2014-05-30 17:37:33,445 线程ID:[13] 日志级别：DEBUG 出错类：ApplicationInfoLog property:[(null)] - 错误描述：Marking transaction as complete
记录时间：2014-05-30 17:37:33,450 线程ID:[13] 日志级别：INFO  出错类：NHibernate.Engine.Cascade property:[(null)] - 错误描述：processing cascade NHibernate.Engine.CascadingAction+SaveUpdateCascadingAction for: QsTech.Accounts.Models.Accounts.Account
记录时间：2014-05-30 17:37:33,452 线程ID:[13] 日志级别：INFO  出错类：NHibernate.Engine.Cascade property:[(null)] - 错误描述：cascade NHibernate.Engine.CascadingAction+SaveUpdateCascadingAction for collection: QsTech.Accounts.Models.Accounts.Account.Clients
记录时间：2014-05-30 17:37:33,453 线程ID:[13] 日志级别：INFO  出错类：NHibernate.Engine.Cascade property:[(null)] - 错误描述：done cascade NHibernate.Engine.CascadingAction+SaveUpdateCascadingAction for collection: QsTech.Accounts.Models.Accounts.Account.Clients
记录时间：2014-05-30 17:37:33,453 线程ID:[13] 日志级别：INFO  出错类：NHibernate.Engine.Cascade property:[(null)] - 错误描述：deleting orphans for collection: QsTech.Accounts.Models.Accounts.Account.Clients
记录时间：2014-05-30 17:37:33,454 线程ID:[13] 日志级别：INFO  出错类：NHibernate.Engine.Cascade property:[(null)] - 错误描述：done deleting orphans for collection: QsTech.Accounts.Models.Accounts.Account.Clients
记录时间：2014-05-30 17:37:33,454 线程ID:[13] 日志级别：INFO  出错类：NHibernate.Engine.Cascade property:[(null)] - 错误描述：done processing cascade NHibernate.Engine.CascadingAction+SaveUpdateCascadingAction for: QsTech.Accounts.Models.Accounts.Account
记录时间：2014-05-30 17:37:33,454 线程ID:[13] 日志级别：INFO  出错类：NHibernate.Engine.Cascade property:[(null)] - 错误描述：processing cascade NHibernate.Engine.CascadingAction+SaveUpdateCascadingAction for: QsTech.Accounts.Models.Accounts.Account
记录时间：2014-05-30 17:37:33,454 线程ID:[13] 日志级别：INFO  出错类：NHibernate.Engine.Cascade property:[(null)] - 错误描述：cascade NHibernate.Engine.CascadingAction+SaveUpdateCascadingAction for collection: QsTech.Accounts.Models.Accounts.Account.Clients
记录时间：2014-05-30 17:37:33,454 线程ID:[13] 日志级别：INFO  出错类：NHibernate.Engine.Cascade property:[(null)] - 错误描述：done cascade NHibernate.Engine.CascadingAction+SaveUpdateCascadingAction for collection: QsTech.Accounts.Models.Accounts.Account.Clients
记录时间：2014-05-30 17:37:33,454 线程ID:[13] 日志级别：INFO  出错类：NHibernate.Engine.Cascade property:[(null)] - 错误描述：deleting orphans for collection: QsTech.Accounts.Models.Accounts.Account.Clients
记录时间：2014-05-30 17:37:33,454 线程ID:[13] 日志级别：INFO  出错类：NHibernate.Engine.Cascade property:[(null)] - 错误描述：done deleting orphans for collection: QsTech.Accounts.Models.Accounts.Account.Clients
记录时间：2014-05-30 17:37:33,454 线程ID:[13] 日志级别：INFO  出错类：NHibernate.Engine.Cascade property:[(null)] - 错误描述：done processing cascade NHibernate.Engine.CascadingAction+SaveUpdateCascadingAction for: QsTech.Accounts.Models.Accounts.Account
记录时间：2014-05-30 17:37:33,454 线程ID:[13] 日志级别：INFO  出错类：NHibernate.Engine.Cascade property:[(null)] - 错误描述：processing cascade NHibernate.Engine.CascadingAction+SaveUpdateCascadingAction for: QsTech.Accounts.Models.Accounts.Account
记录时间：2014-05-30 17:37:33,454 线程ID:[13] 日志级别：INFO  出错类：NHibernate.Engine.Cascade property:[(null)] - 错误描述：cascade NHibernate.Engine.CascadingAction+SaveUpdateCascadingAction for collection: QsTech.Accounts.Models.Accounts.Account.Clients
记录时间：2014-05-30 17:37:33,454 线程ID:[13] 日志级别：INFO  出错类：NHibernate.Engine.Cascade property:[(null)] - 错误描述：done cascade NHibernate.Engine.CascadingAction+SaveUpdateCascadingAction for collection: QsTech.Accounts.Models.Accounts.Account.Clients
记录时间：2014-05-30 17:37:33,454 线程ID:[13] 日志级别：INFO  出错类：NHibernate.Engine.Cascade property:[(null)] - 错误描述：deleting orphans for collection: QsTech.Accounts.Models.Accounts.Account.Clients
记录时间：2014-05-30 17:37:33,455 线程ID:[13] 日志级别：INFO  出错类：NHibernate.Engine.Cascade property:[(null)] - 错误描述：done deleting orphans for collection: QsTech.Accounts.Models.Accounts.Account.Clients
记录时间：2014-05-30 17:37:33,455 线程ID:[13] 日志级别：INFO  出错类：NHibernate.Engine.Cascade property:[(null)] - 错误描述：done processing cascade NHibernate.Engine.CascadingAction+SaveUpdateCascadingAction for: QsTech.Accounts.Models.Accounts.Account
记录时间：2014-05-30 17:37:33,455 线程ID:[13] 日志级别：INFO  出错类：NHibernate.Engine.Cascade property:[(null)] - 错误描述：processing cascade NHibernate.Engine.CascadingAction+SaveUpdateCascadingAction for: QsTech.Accounts.Models.Accounts.Account
记录时间：2014-05-30 17:37:33,455 线程ID:[13] 日志级别：INFO  出错类：NHibernate.Engine.Cascade property:[(null)] - 错误描述：cascade NHibernate.Engine.CascadingAction+SaveUpdateCascadingAction for collection: QsTech.Accounts.Models.Accounts.Account.Clients
记录时间：2014-05-30 17:37:33,455 线程ID:[13] 日志级别：INFO  出错类：NHibernate.Engine.Cascade property:[(null)] - 错误描述：done cascade NHibernate.Engine.CascadingAction+SaveUpdateCascadingAction for collection: QsTech.Accounts.Models.Accounts.Account.Clients
记录时间：2014-05-30 17:37:33,455 线程ID:[13] 日志级别：INFO  出错类：NHibernate.Engine.Cascade property:[(null)] - 错误描述：deleting orphans for collection: QsTech.Accounts.Models.Accounts.Account.Clients
记录时间：2014-05-30 17:37:33,455 线程ID:[13] 日志级别：INFO  出错类：NHibernate.Engine.Cascade property:[(null)] - 错误描述：done deleting orphans for collection: QsTech.Accounts.Models.Accounts.Account.Clients
记录时间：2014-05-30 17:37:33,455 线程ID:[13] 日志级别：INFO  出错类：NHibernate.Engine.Cascade property:[(null)] - 错误描述：done processing cascade NHibernate.Engine.CascadingAction+SaveUpdateCascadingAction for: QsTech.Accounts.Models.Accounts.Account
记录时间：2014-05-30 17:37:33,475 线程ID:[13] 日志级别：DEBUG 出错类：ApplicationInfoLog property:[(null)] - 错误描述：Final work for transaction being performed
记录时间：2014-05-30 17:37:33,475 线程ID:[13] 日志级别：DEBUG 出错类：ApplicationInfoLog property:[(null)] - 错误描述：Transaction disposed
