记录时间：2014-06-09 10:31:40,274 线程ID:[6] 日志级别：DEBUG 出错类：ApplicationInfoLog property:[(null)] - 错误描述：Marking transaction as complete
记录时间：2014-06-09 10:31:40,292 线程ID:[6] 日志级别：DEBUG 出错类：ApplicationInfoLog property:[(null)] - 错误描述：Final work for transaction being performed
记录时间：2014-06-09 10:31:40,292 线程ID:[6] 日志级别：DEBUG 出错类：ApplicationInfoLog property:[(null)] - 错误描述：Transaction disposed
记录时间：2014-06-09 10:31:40,344 线程ID:[5] 日志级别：ERROR 出错类：ApplicationInfoLog property:[(null)] - 错误描述：redirect_uri=
记录时间：2014-06-09 10:31:41,237 线程ID:[5] 日志级别：DEBUG 出错类：ApplicationInfoLog property:[(null)] - 错误描述：Marking transaction as complete
记录时间：2014-06-09 10:31:41,238 线程ID:[5] 日志级别：DEBUG 出错类：ApplicationInfoLog property:[(null)] - 错误描述：Final work for transaction being performed
记录时间：2014-06-09 10:31:41,238 线程ID:[5] 日志级别：DEBUG 出错类：ApplicationInfoLog property:[(null)] - 错误描述：Transaction disposed
记录时间：2014-06-09 10:31:41,434 线程ID:[6] 日志级别：DEBUG 出错类：ApplicationInfoLog property:[(null)] - 错误描述：Marking transaction as complete
记录时间：2014-06-09 10:31:41,434 线程ID:[6] 日志级别：DEBUG 出错类：ApplicationInfoLog property:[(null)] - 错误描述：Final work for transaction being performed
记录时间：2014-06-09 10:31:41,434 线程ID:[6] 日志级别：DEBUG 出错类：ApplicationInfoLog property:[(null)] - 错误描述：Transaction disposed
记录时间：2014-06-09 10:32:01,713 线程ID:[14] 日志级别：DEBUG 出错类：ApplicationInfoLog property:[(null)] - 错误描述：Acquiring session for 
记录时间：2014-06-09 10:32:01,714 线程ID:[14] 日志级别：DEBUG 出错类：ApplicationInfoLog property:[(null)] - 错误描述：Building session factory
记录时间：2014-06-09 10:32:01,714 线程ID:[14] 日志级别：DEBUG 出错类：ApplicationInfoLog property:[(null)] - 错误描述：Building configuration
记录时间：2014-06-09 10:32:01,763 线程ID:[14] 日志级别：DEBUG 出错类：ApplicationInfoLog property:[(null)] - 错误描述：Done Building configuration
记录时间：2014-06-09 10:32:02,080 线程ID:[14] 日志级别：INFO  出错类：NHibernate.Dialect.Dialect property:[(null)] - 错误描述：Using dialect: NHibernate.Dialect.MsSql2008Dialect
记录时间：2014-06-09 10:32:02,112 线程ID:[14] 日志级别：INFO  出错类：NHibernate.Cfg.XmlHbmBinding.Binder property:[(null)] - 错误描述：Mapping class: QsTech.Accounts.Models.Accounts.Account -> ACCOUNT
记录时间：2014-06-09 10:32:02,138 线程ID:[14] 日志级别：INFO  出错类：NHibernate.Cfg.XmlHbmBinding.Binder property:[(null)] - 错误描述：Mapping collection: QsTech.Accounts.Models.Accounts.Account.Roles -> ACCOUNT_ROLE
记录时间：2014-06-09 10:32:02,144 线程ID:[14] 日志级别：INFO  出错类：NHibernate.Cfg.XmlHbmBinding.Binder property:[(null)] - 错误描述：Mapping class: QsTech.Accounts.Models.Accounts.AccountClient -> ACCOUNT_CLIENT
记录时间：2014-06-09 10:32:02,144 线程ID:[14] 日志级别：INFO  出错类：NHibernate.Cfg.XmlHbmBinding.Binder property:[(null)] - 错误描述：Mapping class: QsTech.Authentication.Sso.Clients.UserClient -> USER_CLIENT
记录时间：2014-06-09 10:32:02,145 线程ID:[14] 日志级别：INFO  出错类：NHibernate.Cfg.XmlHbmBinding.Binder property:[(null)] - 错误描述：Mapping class: QsTech.Core.Models.ActionStatus -> ACTION_STATUS
记录时间：2014-06-09 10:32:02,145 线程ID:[14] 日志级别：INFO  出错类：NHibernate.Cfg.XmlHbmBinding.Binder property:[(null)] - 错误描述：Mapping class: QsTech.Core.Models.Roles.Role -> ROLE
记录时间：2014-06-09 10:32:02,146 线程ID:[14] 日志级别：INFO  出错类：NHibernate.Cfg.XmlHbmBinding.Binder property:[(null)] - 错误描述：Mapping collection: QsTech.Core.Models.Roles.Role.Owners -> ACCOUNT_ROLE
记录时间：2014-06-09 10:32:02,146 线程ID:[14] 日志级别：INFO  出错类：NHibernate.Cfg.XmlHbmBinding.Binder property:[(null)] - 错误描述：Mapping collection: QsTech.Core.Models.Roles.Role.Permissions -> ROLE_PERMISSION
记录时间：2014-06-09 10:32:02,146 线程ID:[14] 日志级别：INFO  出错类：NHibernate.Cfg.XmlHbmBinding.Binder property:[(null)] - 错误描述：Mapping class: QsTech.Core.Interface.GlobalSetting -> GLOBAL_SETTING
记录时间：2014-06-09 10:32:02,146 线程ID:[14] 日志级别：INFO  出错类：NHibernate.Cfg.XmlHbmBinding.Binder property:[(null)] - 错误描述：Mapping class: QsTech.Core.Interface.Account.AccountUser -> ACCOUNT_USER
记录时间：2014-06-09 10:32:02,146 线程ID:[14] 日志级别：INFO  出错类：NHibernate.Cfg.XmlHbmBinding.Binder property:[(null)] - 错误描述：Mapping class: QsTech.Core.Interface.Entities.DicPort -> DIC_PORT
记录时间：2014-06-09 10:32:02,146 线程ID:[14] 日志级别：INFO  出错类：NHibernate.Cfg.XmlHbmBinding.Binder property:[(null)] - 错误描述：Mapping class: QsTech.Core.Interface.AccountRegister.AccountRegisterInfo -> ACCOUNT_REGISTER_INFO
记录时间：2014-06-09 10:32:02,147 线程ID:[14] 日志级别：INFO  出错类：NHibernate.Cfg.XmlHbmBinding.Binder property:[(null)] - 错误描述：Mapping class: QsTech.Enterprises.Models.OrganizationRecord -> ORGANIZATION_RECORD
记录时间：2014-06-09 10:32:02,148 线程ID:[14] 日志级别：INFO  出错类：NHibernate.Cfg.XmlHbmBinding.Binder property:[(null)] - 错误描述：Mapping class: QsTech.Enterprises.Interface.EnterpriseUser -> ENTERPRISE_USER
记录时间：2014-06-09 10:32:02,148 线程ID:[14] 日志级别：INFO  出错类：NHibernate.Cfg.XmlHbmBinding.Binder property:[(null)] - 错误描述：Mapping class: QsTech.Enterprises.Interface.Enterprise -> ENTERPRISE
记录时间：2014-06-09 10:32:02,152 线程ID:[14] 日志级别：INFO  出错类：NHibernate.Cfg.XmlHbmBinding.Binder property:[(null)] - 错误描述：Mapping class: QsTech.Files.Interface.FileRecord -> FILE_RECORD
记录时间：2014-06-09 10:32:02,153 线程ID:[14] 日志级别：INFO  出错类：NHibernate.Cfg.XmlHbmBinding.Binder property:[(null)] - 错误描述：Mapping class: QsTech.Users.Models.User -> USER
记录时间：2014-06-09 10:32:02,153 线程ID:[14] 日志级别：INFO  出错类：NHibernate.Cfg.XmlHbmBinding.Binder property:[(null)] - 错误描述：Mapping collection: QsTech.Users.Models.User.Roles -> USER_ROLE
记录时间：2014-06-09 10:32:02,153 线程ID:[14] 日志级别：INFO  出错类：NHibernate.Cfg.XmlHbmBinding.Binder property:[(null)] - 错误描述：Mapping class: QsTech.Users.Models.UserProperty -> USER_SETTING
记录时间：2014-06-09 10:32:02,159 线程ID:[14] 日志级别：INFO  出错类：NHibernate.Cfg.Configuration property:[(null)] - 错误描述：checking mappings queue
记录时间：2014-06-09 10:32:02,159 线程ID:[14] 日志级别：INFO  出错类：NHibernate.Cfg.Configuration property:[(null)] - 错误描述：processing one-to-many association mappings
记录时间：2014-06-09 10:32:02,175 线程ID:[14] 日志级别：INFO  出错类：NHibernate.Cfg.XmlHbmBinding.Binder property:[(null)] - 错误描述：mapping collection: QsTech.Accounts.Models.Accounts.Account.Clients -> ACCOUNT_CLIENT
记录时间：2014-06-09 10:32:02,175 线程ID:[14] 日志级别：INFO  出错类：NHibernate.Cfg.XmlHbmBinding.Binder property:[(null)] - 错误描述：mapping collection: QsTech.Users.Models.User.Accounts -> ACCOUNT_USER
记录时间：2014-06-09 10:32:02,175 线程ID:[14] 日志级别：INFO  出错类：NHibernate.Cfg.Configuration property:[(null)] - 错误描述：processing one-to-one association property references
记录时间：2014-06-09 10:32:02,175 线程ID:[14] 日志级别：INFO  出错类：NHibernate.Cfg.Configuration property:[(null)] - 错误描述：processing foreign key constraints
记录时间：2014-06-09 10:32:02,177 线程ID:[14] 日志级别：INFO  出错类：NHibernate.Cfg.Configuration property:[(null)] - 错误描述：processing filters (second pass)
记录时间：2014-06-09 10:32:02,217 线程ID:[14] 日志级别：INFO  出错类：NHibernate.Dialect.Dialect property:[(null)] - 错误描述：Using dialect: NHibernate.Dialect.MsSql2008Dialect
记录时间：2014-06-09 10:32:02,220 线程ID:[14] 日志级别：INFO  出错类：NHibernate.Dialect.Dialect property:[(null)] - 错误描述：Using dialect: NHibernate.Dialect.MsSql2008Dialect
记录时间：2014-06-09 10:32:02,241 线程ID:[14] 日志级别：INFO  出错类：NHibernate.Exceptions.SQLExceptionConverterFactory property:[(null)] - 错误描述：Using dialect defined converter
记录时间：2014-06-09 10:32:02,241 线程ID:[14] 日志级别：INFO  出错类：NHibernate.Cfg.SettingsFactory property:[(null)] - 错误描述：Generate SQL with comments: disabled
记录时间：2014-06-09 10:32:02,242 线程ID:[14] 日志级别：INFO  出错类：NHibernate.Connection.ConnectionProviderFactory property:[(null)] - 错误描述：Initializing connection provider: NHibernate.Connection.DriverConnectionProvider
记录时间：2014-06-09 10:32:02,242 线程ID:[14] 日志级别：INFO  出错类：NHibernate.Connection.ConnectionProvider property:[(null)] - 错误描述：Configuring ConnectionProvider
记录时间：2014-06-09 10:32:02,243 线程ID:[14] 日志级别：INFO  出错类：NHibernate.Cfg.SettingsFactory property:[(null)] - 错误描述：Transaction factory: NHibernate.Transaction.AdoNetWithDistributedTransactionFactory
记录时间：2014-06-09 10:32:02,243 线程ID:[14] 日志级别：INFO  出错类：NHibernate.Cfg.SettingsFactory property:[(null)] - 错误描述：Optimize cache for minimal puts: False
记录时间：2014-06-09 10:32:02,243 线程ID:[14] 日志级别：INFO  出错类：NHibernate.Cfg.SettingsFactory property:[(null)] - 错误描述：Connection release mode: auto
记录时间：2014-06-09 10:32:02,243 线程ID:[14] 日志级别：INFO  出错类：NHibernate.Cfg.SettingsFactory property:[(null)] - 错误描述：Default batch fetch size: 1
记录时间：2014-06-09 10:32:02,243 线程ID:[14] 日志级别：INFO  出错类：NHibernate.Cfg.SettingsFactory property:[(null)] - 错误描述：echoing all SQL to stdout
记录时间：2014-06-09 10:32:02,243 线程ID:[14] 日志级别：INFO  出错类：NHibernate.Cfg.SettingsFactory property:[(null)] - 错误描述：Statistics: disabled
记录时间：2014-06-09 10:32:02,243 线程ID:[14] 日志级别：INFO  出错类：NHibernate.Cfg.SettingsFactory property:[(null)] - 错误描述：Deleted entity synthetic identifier rollback: disabled
记录时间：2014-06-09 10:32:02,244 线程ID:[14] 日志级别：INFO  出错类：NHibernate.Cfg.SettingsFactory property:[(null)] - 错误描述：Query translator: NHibernate.Hql.Ast.ANTLR.ASTQueryTranslatorFactory
记录时间：2014-06-09 10:32:02,245 线程ID:[14] 日志级别：INFO  出错类：NHibernate.Cfg.SettingsFactory property:[(null)] - 错误描述：Query language substitutions: {'true'='1', 'false'='0', 'yes'=''Y'', 'no'=''N''}
记录时间：2014-06-09 10:32:02,246 线程ID:[14] 日志级别：INFO  出错类：NHibernate.Cfg.SettingsFactory property:[(null)] - 错误描述：cache provider: NHibernate.Cache.NoCacheProvider, NHibernate, Version=3.3.1.4000, Culture=neutral, PublicKeyToken=aa95f207798dfdb4
记录时间：2014-06-09 10:32:02,246 线程ID:[14] 日志级别：INFO  出错类：NHibernate.Cfg.SettingsFactory property:[(null)] - 错误描述：Order SQL inserts for batching: enabled
记录时间：2014-06-09 10:32:02,246 线程ID:[14] 日志级别：INFO  出错类：NHibernate.Cfg.SettingsFactory property:[(null)] - 错误描述：Batcher factory: NHibernate.AdoNet.SqlClientBatchingBatcherFactory, NHibernate, Version=3.3.1.4000, Culture=neutral, PublicKeyToken=aa95f207798dfdb4
记录时间：2014-06-09 10:32:02,246 线程ID:[14] 日志级别：INFO  出错类：NHibernate.Cfg.SettingsFactory property:[(null)] - 错误描述：Default entity-mode: Poco
记录时间：2014-06-09 10:32:02,246 线程ID:[14] 日志级别：INFO  出错类：NHibernate.Cfg.SettingsFactory property:[(null)] - 错误描述：Named query checking : enabled
记录时间：2014-06-09 10:32:02,256 线程ID:[14] 日志级别：INFO  出错类：NHibernate.Impl.SessionFactoryImpl property:[(null)] - 错误描述：building session factory
记录时间：2014-06-09 10:32:02,477 线程ID:[14] 日志级别：INFO  出错类：NHibernate.Impl.SessionFactoryObjectFactory property:[(null)] - 错误描述：no name configured
记录时间：2014-06-09 10:32:02,480 线程ID:[14] 日志级别：DEBUG 出错类：ApplicationInfoLog property:[(null)] - 错误描述：Done building session factory
记录时间：2014-06-09 10:32:02,480 线程ID:[14] 日志级别：INFO  出错类：ApplicationInfoLog property:[(null)] - 错误描述：Openning database session
记录时间：2014-06-09 10:32:02,492 线程ID:[14] 日志级别：DEBUG 出错类：ApplicationInfoLog property:[(null)] - 错误描述：Creating transaction on Demand
记录时间：2014-06-09 10:32:02,752 线程ID:[14] 日志级别：INFO  出错类：NHibernate.Hql.Ast.ANTLR.Tree.FromElement property:[(null)] - 错误描述：handling property dereference [QsTech.Accounts.Models.Accounts.Account (m) -> Deleted (Class)]
记录时间：2014-06-09 10:32:02,766 线程ID:[14] 日志级别：INFO  出错类：NHibernate.Hql.Ast.ANTLR.Tree.FromElement property:[(null)] - 错误描述：handling property dereference [QsTech.Accounts.Models.Accounts.Account (m) -> State (Class)]
记录时间：2014-06-09 10:32:02,858 线程ID:[14] 日志级别：INFO  出错类：NHibernate.Loader.Loader property:[(null)] - 错误描述：select account0_.ID as ID0_, account0_.[NAME] as NAME2_0_, account0_.[AGE] as AGE3_0_, account0_.[GENDER] as GENDER4_0_, account0_.[TELEPHONE] as TELEPHONE5_0_, account0_.[MOBILE] as MOBILE6_0_, account0_.[EMAIL] as EMAIL7_0_, account0_.[BIRTHDAY] as BIRTHDAY8_0_, account0_.[ACCOUNT_NAME] as ACCOUNT9_0_, account0_.[PASSWORD] as PASSWORD10_0_, account0_.[LAST_LOGIN_TIME] as LAST11_0_, account0_.[LATEST_LOGIN_TIME] as LATEST12_0_, account0_.[DELETED] as DELETED13_0_, account0_.[ANTI_PHISHING] as ANTI14_0_, account0_.[JOB_NUMBER] as JOB15_0_, account0_.[POST] as POST16_0_, account0_.[PHOTO_ID] as PHOTO17_0_, account0_.[NICK_NAME] as NICK18_0_, account0_.[STATE] as STATE19_0_, account0_.[REMARK] as REMARK20_0_, account0_.[CREATE_TIME] as CREATE21_0_ from [ACCOUNT] account0_ where  not (account0_.[DELETED]='Y') and account0_.[STATE]=@p0
记录时间：2014-06-09 10:32:02,995 线程ID:[14] 日志级别：DEBUG 出错类：ApplicationInfoLog property:[(null)] - 错误描述：Marking transaction as complete
记录时间：2014-06-09 10:32:03,000 线程ID:[14] 日志级别：INFO  出错类：NHibernate.Engine.Cascade property:[(null)] - 错误描述：processing cascade NHibernate.Engine.CascadingAction+SaveUpdateCascadingAction for: QsTech.Accounts.Models.Accounts.Account
记录时间：2014-06-09 10:32:03,002 线程ID:[14] 日志级别：INFO  出错类：NHibernate.Engine.Cascade property:[(null)] - 错误描述：cascade NHibernate.Engine.CascadingAction+SaveUpdateCascadingAction for collection: QsTech.Accounts.Models.Accounts.Account.Clients
记录时间：2014-06-09 10:32:03,003 线程ID:[14] 日志级别：INFO  出错类：NHibernate.Engine.Cascade property:[(null)] - 错误描述：done cascade NHibernate.Engine.CascadingAction+SaveUpdateCascadingAction for collection: QsTech.Accounts.Models.Accounts.Account.Clients
记录时间：2014-06-09 10:32:03,003 线程ID:[14] 日志级别：INFO  出错类：NHibernate.Engine.Cascade property:[(null)] - 错误描述：deleting orphans for collection: QsTech.Accounts.Models.Accounts.Account.Clients
记录时间：2014-06-09 10:32:03,004 线程ID:[14] 日志级别：INFO  出错类：NHibernate.Engine.Cascade property:[(null)] - 错误描述：done deleting orphans for collection: QsTech.Accounts.Models.Accounts.Account.Clients
记录时间：2014-06-09 10:32:03,004 线程ID:[14] 日志级别：INFO  出错类：NHibernate.Engine.Cascade property:[(null)] - 错误描述：done processing cascade NHibernate.Engine.CascadingAction+SaveUpdateCascadingAction for: QsTech.Accounts.Models.Accounts.Account
记录时间：2014-06-09 10:32:03,004 线程ID:[14] 日志级别：INFO  出错类：NHibernate.Engine.Cascade property:[(null)] - 错误描述：processing cascade NHibernate.Engine.CascadingAction+SaveUpdateCascadingAction for: QsTech.Accounts.Models.Accounts.Account
记录时间：2014-06-09 10:32:03,005 线程ID:[14] 日志级别：INFO  出错类：NHibernate.Engine.Cascade property:[(null)] - 错误描述：cascade NHibernate.Engine.CascadingAction+SaveUpdateCascadingAction for collection: QsTech.Accounts.Models.Accounts.Account.Clients
记录时间：2014-06-09 10:32:03,005 线程ID:[14] 日志级别：INFO  出错类：NHibernate.Engine.Cascade property:[(null)] - 错误描述：done cascade NHibernate.Engine.CascadingAction+SaveUpdateCascadingAction for collection: QsTech.Accounts.Models.Accounts.Account.Clients
记录时间：2014-06-09 10:32:03,005 线程ID:[14] 日志级别：INFO  出错类：NHibernate.Engine.Cascade property:[(null)] - 错误描述：deleting orphans for collection: QsTech.Accounts.Models.Accounts.Account.Clients
记录时间：2014-06-09 10:32:03,005 线程ID:[14] 日志级别：INFO  出错类：NHibernate.Engine.Cascade property:[(null)] - 错误描述：done deleting orphans for collection: QsTech.Accounts.Models.Accounts.Account.Clients
记录时间：2014-06-09 10:32:03,005 线程ID:[14] 日志级别：INFO  出错类：NHibernate.Engine.Cascade property:[(null)] - 错误描述：done processing cascade NHibernate.Engine.CascadingAction+SaveUpdateCascadingAction for: QsTech.Accounts.Models.Accounts.Account
记录时间：2014-06-09 10:32:03,005 线程ID:[14] 日志级别：INFO  出错类：NHibernate.Engine.Cascade property:[(null)] - 错误描述：processing cascade NHibernate.Engine.CascadingAction+SaveUpdateCascadingAction for: QsTech.Accounts.Models.Accounts.Account
记录时间：2014-06-09 10:32:03,005 线程ID:[14] 日志级别：INFO  出错类：NHibernate.Engine.Cascade property:[(null)] - 错误描述：cascade NHibernate.Engine.CascadingAction+SaveUpdateCascadingAction for collection: QsTech.Accounts.Models.Accounts.Account.Clients
记录时间：2014-06-09 10:32:03,005 线程ID:[14] 日志级别：INFO  出错类：NHibernate.Engine.Cascade property:[(null)] - 错误描述：done cascade NHibernate.Engine.CascadingAction+SaveUpdateCascadingAction for collection: QsTech.Accounts.Models.Accounts.Account.Clients
记录时间：2014-06-09 10:32:03,005 线程ID:[14] 日志级别：INFO  出错类：NHibernate.Engine.Cascade property:[(null)] - 错误描述：deleting orphans for collection: QsTech.Accounts.Models.Accounts.Account.Clients
记录时间：2014-06-09 10:32:03,005 线程ID:[14] 日志级别：INFO  出错类：NHibernate.Engine.Cascade property:[(null)] - 错误描述：done deleting orphans for collection: QsTech.Accounts.Models.Accounts.Account.Clients
记录时间：2014-06-09 10:32:03,005 线程ID:[14] 日志级别：INFO  出错类：NHibernate.Engine.Cascade property:[(null)] - 错误描述：done processing cascade NHibernate.Engine.CascadingAction+SaveUpdateCascadingAction for: QsTech.Accounts.Models.Accounts.Account
记录时间：2014-06-09 10:32:03,005 线程ID:[14] 日志级别：INFO  出错类：NHibernate.Engine.Cascade property:[(null)] - 错误描述：processing cascade NHibernate.Engine.CascadingAction+SaveUpdateCascadingAction for: QsTech.Accounts.Models.Accounts.Account
记录时间：2014-06-09 10:32:03,005 线程ID:[14] 日志级别：INFO  出错类：NHibernate.Engine.Cascade property:[(null)] - 错误描述：cascade NHibernate.Engine.CascadingAction+SaveUpdateCascadingAction for collection: QsTech.Accounts.Models.Accounts.Account.Clients
记录时间：2014-06-09 10:32:03,005 线程ID:[14] 日志级别：INFO  出错类：NHibernate.Engine.Cascade property:[(null)] - 错误描述：done cascade NHibernate.Engine.CascadingAction+SaveUpdateCascadingAction for collection: QsTech.Accounts.Models.Accounts.Account.Clients
记录时间：2014-06-09 10:32:03,005 线程ID:[14] 日志级别：INFO  出错类：NHibernate.Engine.Cascade property:[(null)] - 错误描述：deleting orphans for collection: QsTech.Accounts.Models.Accounts.Account.Clients
记录时间：2014-06-09 10:32:03,005 线程ID:[14] 日志级别：INFO  出错类：NHibernate.Engine.Cascade property:[(null)] - 错误描述：done deleting orphans for collection: QsTech.Accounts.Models.Accounts.Account.Clients
记录时间：2014-06-09 10:32:03,005 线程ID:[14] 日志级别：INFO  出错类：NHibernate.Engine.Cascade property:[(null)] - 错误描述：done processing cascade NHibernate.Engine.CascadingAction+SaveUpdateCascadingAction for: QsTech.Accounts.Models.Accounts.Account
记录时间：2014-06-09 10:32:03,005 线程ID:[14] 日志级别：INFO  出错类：NHibernate.Engine.Cascade property:[(null)] - 错误描述：processing cascade NHibernate.Engine.CascadingAction+SaveUpdateCascadingAction for: QsTech.Accounts.Models.Accounts.Account
记录时间：2014-06-09 10:32:03,005 线程ID:[14] 日志级别：INFO  出错类：NHibernate.Engine.Cascade property:[(null)] - 错误描述：cascade NHibernate.Engine.CascadingAction+SaveUpdateCascadingAction for collection: QsTech.Accounts.Models.Accounts.Account.Clients
记录时间：2014-06-09 10:32:03,005 线程ID:[14] 日志级别：INFO  出错类：NHibernate.Engine.Cascade property:[(null)] - 错误描述：done cascade NHibernate.Engine.CascadingAction+SaveUpdateCascadingAction for collection: QsTech.Accounts.Models.Accounts.Account.Clients
记录时间：2014-06-09 10:32:03,005 线程ID:[14] 日志级别：INFO  出错类：NHibernate.Engine.Cascade property:[(null)] - 错误描述：deleting orphans for collection: QsTech.Accounts.Models.Accounts.Account.Clients
记录时间：2014-06-09 10:32:03,005 线程ID:[14] 日志级别：INFO  出错类：NHibernate.Engine.Cascade property:[(null)] - 错误描述：done deleting orphans for collection: QsTech.Accounts.Models.Accounts.Account.Clients
记录时间：2014-06-09 10:32:03,005 线程ID:[14] 日志级别：INFO  出错类：NHibernate.Engine.Cascade property:[(null)] - 错误描述：done processing cascade NHibernate.Engine.CascadingAction+SaveUpdateCascadingAction for: QsTech.Accounts.Models.Accounts.Account
记录时间：2014-06-09 10:32:03,005 线程ID:[14] 日志级别：INFO  出错类：NHibernate.Engine.Cascade property:[(null)] - 错误描述：processing cascade NHibernate.Engine.CascadingAction+SaveUpdateCascadingAction for: QsTech.Accounts.Models.Accounts.Account
记录时间：2014-06-09 10:32:03,005 线程ID:[14] 日志级别：INFO  出错类：NHibernate.Engine.Cascade property:[(null)] - 错误描述：cascade NHibernate.Engine.CascadingAction+SaveUpdateCascadingAction for collection: QsTech.Accounts.Models.Accounts.Account.Clients
记录时间：2014-06-09 10:32:03,005 线程ID:[14] 日志级别：INFO  出错类：NHibernate.Engine.Cascade property:[(null)] - 错误描述：done cascade NHibernate.Engine.CascadingAction+SaveUpdateCascadingAction for collection: QsTech.Accounts.Models.Accounts.Account.Clients
记录时间：2014-06-09 10:32:03,005 线程ID:[14] 日志级别：INFO  出错类：NHibernate.Engine.Cascade property:[(null)] - 错误描述：deleting orphans for collection: QsTech.Accounts.Models.Accounts.Account.Clients
记录时间：2014-06-09 10:32:03,005 线程ID:[14] 日志级别：INFO  出错类：NHibernate.Engine.Cascade property:[(null)] - 错误描述：done deleting orphans for collection: QsTech.Accounts.Models.Accounts.Account.Clients
记录时间：2014-06-09 10:32:03,005 线程ID:[14] 日志级别：INFO  出错类：NHibernate.Engine.Cascade property:[(null)] - 错误描述：done processing cascade NHibernate.Engine.CascadingAction+SaveUpdateCascadingAction for: QsTech.Accounts.Models.Accounts.Account
记录时间：2014-06-09 10:32:03,005 线程ID:[14] 日志级别：INFO  出错类：NHibernate.Engine.Cascade property:[(null)] - 错误描述：processing cascade NHibernate.Engine.CascadingAction+SaveUpdateCascadingAction for: QsTech.Accounts.Models.Accounts.Account
记录时间：2014-06-09 10:32:03,005 线程ID:[14] 日志级别：INFO  出错类：NHibernate.Engine.Cascade property:[(null)] - 错误描述：cascade NHibernate.Engine.CascadingAction+SaveUpdateCascadingAction for collection: QsTech.Accounts.Models.Accounts.Account.Clients
记录时间：2014-06-09 10:32:03,005 线程ID:[14] 日志级别：INFO  出错类：NHibernate.Engine.Cascade property:[(null)] - 错误描述：done cascade NHibernate.Engine.CascadingAction+SaveUpdateCascadingAction for collection: QsTech.Accounts.Models.Accounts.Account.Clients
记录时间：2014-06-09 10:32:03,005 线程ID:[14] 日志级别：INFO  出错类：NHibernate.Engine.Cascade property:[(null)] - 错误描述：deleting orphans for collection: QsTech.Accounts.Models.Accounts.Account.Clients
记录时间：2014-06-09 10:32:03,005 线程ID:[14] 日志级别：INFO  出错类：NHibernate.Engine.Cascade property:[(null)] - 错误描述：done deleting orphans for collection: QsTech.Accounts.Models.Accounts.Account.Clients
记录时间：2014-06-09 10:32:03,005 线程ID:[14] 日志级别：INFO  出错类：NHibernate.Engine.Cascade property:[(null)] - 错误描述：done processing cascade NHibernate.Engine.CascadingAction+SaveUpdateCascadingAction for: QsTech.Accounts.Models.Accounts.Account
记录时间：2014-06-09 10:32:03,005 线程ID:[14] 日志级别：INFO  出错类：NHibernate.Engine.Cascade property:[(null)] - 错误描述：processing cascade NHibernate.Engine.CascadingAction+SaveUpdateCascadingAction for: QsTech.Accounts.Models.Accounts.Account
记录时间：2014-06-09 10:32:03,005 线程ID:[14] 日志级别：INFO  出错类：NHibernate.Engine.Cascade property:[(null)] - 错误描述：cascade NHibernate.Engine.CascadingAction+SaveUpdateCascadingAction for collection: QsTech.Accounts.Models.Accounts.Account.Clients
记录时间：2014-06-09 10:32:03,005 线程ID:[14] 日志级别：INFO  出错类：NHibernate.Engine.Cascade property:[(null)] - 错误描述：done cascade NHibernate.Engine.CascadingAction+SaveUpdateCascadingAction for collection: QsTech.Accounts.Models.Accounts.Account.Clients
记录时间：2014-06-09 10:32:03,005 线程ID:[14] 日志级别：INFO  出错类：NHibernate.Engine.Cascade property:[(null)] - 错误描述：deleting orphans for collection: QsTech.Accounts.Models.Accounts.Account.Clients
记录时间：2014-06-09 10:32:03,005 线程ID:[14] 日志级别：INFO  出错类：NHibernate.Engine.Cascade property:[(null)] - 错误描述：done deleting orphans for collection: QsTech.Accounts.Models.Accounts.Account.Clients
记录时间：2014-06-09 10:32:03,005 线程ID:[14] 日志级别：INFO  出错类：NHibernate.Engine.Cascade property:[(null)] - 错误描述：done processing cascade NHibernate.Engine.CascadingAction+SaveUpdateCascadingAction for: QsTech.Accounts.Models.Accounts.Account
记录时间：2014-06-09 10:32:03,005 线程ID:[14] 日志级别：INFO  出错类：NHibernate.Engine.Cascade property:[(null)] - 错误描述：processing cascade NHibernate.Engine.CascadingAction+SaveUpdateCascadingAction for: QsTech.Accounts.Models.Accounts.Account
记录时间：2014-06-09 10:32:03,005 线程ID:[14] 日志级别：INFO  出错类：NHibernate.Engine.Cascade property:[(null)] - 错误描述：cascade NHibernate.Engine.CascadingAction+SaveUpdateCascadingAction for collection: QsTech.Accounts.Models.Accounts.Account.Clients
记录时间：2014-06-09 10:32:03,005 线程ID:[14] 日志级别：INFO  出错类：NHibernate.Engine.Cascade property:[(null)] - 错误描述：done cascade NHibernate.Engine.CascadingAction+SaveUpdateCascadingAction for collection: QsTech.Accounts.Models.Accounts.Account.Clients
记录时间：2014-06-09 10:32:03,005 线程ID:[14] 日志级别：INFO  出错类：NHibernate.Engine.Cascade property:[(null)] - 错误描述：deleting orphans for collection: QsTech.Accounts.Models.Accounts.Account.Clients
记录时间：2014-06-09 10:32:03,005 线程ID:[14] 日志级别：INFO  出错类：NHibernate.Engine.Cascade property:[(null)] - 错误描述：done deleting orphans for collection: QsTech.Accounts.Models.Accounts.Account.Clients
记录时间：2014-06-09 10:32:03,005 线程ID:[14] 日志级别：INFO  出错类：NHibernate.Engine.Cascade property:[(null)] - 错误描述：done processing cascade NHibernate.Engine.CascadingAction+SaveUpdateCascadingAction for: QsTech.Accounts.Models.Accounts.Account
记录时间：2014-06-09 10:32:03,005 线程ID:[14] 日志级别：INFO  出错类：NHibernate.Engine.Cascade property:[(null)] - 错误描述：processing cascade NHibernate.Engine.CascadingAction+SaveUpdateCascadingAction for: QsTech.Accounts.Models.Accounts.Account
记录时间：2014-06-09 10:32:03,005 线程ID:[14] 日志级别：INFO  出错类：NHibernate.Engine.Cascade property:[(null)] - 错误描述：cascade NHibernate.Engine.CascadingAction+SaveUpdateCascadingAction for collection: QsTech.Accounts.Models.Accounts.Account.Clients
记录时间：2014-06-09 10:32:03,005 线程ID:[14] 日志级别：INFO  出错类：NHibernate.Engine.Cascade property:[(null)] - 错误描述：done cascade NHibernate.Engine.CascadingAction+SaveUpdateCascadingAction for collection: QsTech.Accounts.Models.Accounts.Account.Clients
记录时间：2014-06-09 10:32:03,005 线程ID:[14] 日志级别：INFO  出错类：NHibernate.Engine.Cascade property:[(null)] - 错误描述：deleting orphans for collection: QsTech.Accounts.Models.Accounts.Account.Clients
记录时间：2014-06-09 10:32:03,005 线程ID:[14] 日志级别：INFO  出错类：NHibernate.Engine.Cascade property:[(null)] - 错误描述：done deleting orphans for collection: QsTech.Accounts.Models.Accounts.Account.Clients
记录时间：2014-06-09 10:32:03,005 线程ID:[14] 日志级别：INFO  出错类：NHibernate.Engine.Cascade property:[(null)] - 错误描述：done processing cascade NHibernate.Engine.CascadingAction+SaveUpdateCascadingAction for: QsTech.Accounts.Models.Accounts.Account
记录时间：2014-06-09 10:32:03,005 线程ID:[14] 日志级别：INFO  出错类：NHibernate.Engine.Cascade property:[(null)] - 错误描述：processing cascade NHibernate.Engine.CascadingAction+SaveUpdateCascadingAction for: QsTech.Accounts.Models.Accounts.Account
记录时间：2014-06-09 10:32:03,005 线程ID:[14] 日志级别：INFO  出错类：NHibernate.Engine.Cascade property:[(null)] - 错误描述：cascade NHibernate.Engine.CascadingAction+SaveUpdateCascadingAction for collection: QsTech.Accounts.Models.Accounts.Account.Clients
记录时间：2014-06-09 10:32:03,005 线程ID:[14] 日志级别：INFO  出错类：NHibernate.Engine.Cascade property:[(null)] - 错误描述：done cascade NHibernate.Engine.CascadingAction+SaveUpdateCascadingAction for collection: QsTech.Accounts.Models.Accounts.Account.Clients
记录时间：2014-06-09 10:32:03,005 线程ID:[14] 日志级别：INFO  出错类：NHibernate.Engine.Cascade property:[(null)] - 错误描述：deleting orphans for collection: QsTech.Accounts.Models.Accounts.Account.Clients
记录时间：2014-06-09 10:32:03,005 线程ID:[14] 日志级别：INFO  出错类：NHibernate.Engine.Cascade property:[(null)] - 错误描述：done deleting orphans for collection: QsTech.Accounts.Models.Accounts.Account.Clients
记录时间：2014-06-09 10:32:03,005 线程ID:[14] 日志级别：INFO  出错类：NHibernate.Engine.Cascade property:[(null)] - 错误描述：done processing cascade NHibernate.Engine.CascadingAction+SaveUpdateCascadingAction for: QsTech.Accounts.Models.Accounts.Account
记录时间：2014-06-09 10:32:03,005 线程ID:[14] 日志级别：INFO  出错类：NHibernate.Engine.Cascade property:[(null)] - 错误描述：processing cascade NHibernate.Engine.CascadingAction+SaveUpdateCascadingAction for: QsTech.Accounts.Models.Accounts.Account
记录时间：2014-06-09 10:32:03,005 线程ID:[14] 日志级别：INFO  出错类：NHibernate.Engine.Cascade property:[(null)] - 错误描述：cascade NHibernate.Engine.CascadingAction+SaveUpdateCascadingAction for collection: QsTech.Accounts.Models.Accounts.Account.Clients
记录时间：2014-06-09 10:32:03,005 线程ID:[14] 日志级别：INFO  出错类：NHibernate.Engine.Cascade property:[(null)] - 错误描述：done cascade NHibernate.Engine.CascadingAction+SaveUpdateCascadingAction for collection: QsTech.Accounts.Models.Accounts.Account.Clients
记录时间：2014-06-09 10:32:03,005 线程ID:[14] 日志级别：INFO  出错类：NHibernate.Engine.Cascade property:[(null)] - 错误描述：deleting orphans for collection: QsTech.Accounts.Models.Accounts.Account.Clients
记录时间：2014-06-09 10:32:03,005 线程ID:[14] 日志级别：INFO  出错类：NHibernate.Engine.Cascade property:[(null)] - 错误描述：done deleting orphans for collection: QsTech.Accounts.Models.Accounts.Account.Clients
记录时间：2014-06-09 10:32:03,005 线程ID:[14] 日志级别：INFO  出错类：NHibernate.Engine.Cascade property:[(null)] - 错误描述：done processing cascade NHibernate.Engine.CascadingAction+SaveUpdateCascadingAction for: QsTech.Accounts.Models.Accounts.Account
记录时间：2014-06-09 10:32:03,005 线程ID:[14] 日志级别：INFO  出错类：NHibernate.Engine.Cascade property:[(null)] - 错误描述：processing cascade NHibernate.Engine.CascadingAction+SaveUpdateCascadingAction for: QsTech.Accounts.Models.Accounts.Account
记录时间：2014-06-09 10:32:03,005 线程ID:[14] 日志级别：INFO  出错类：NHibernate.Engine.Cascade property:[(null)] - 错误描述：cascade NHibernate.Engine.CascadingAction+SaveUpdateCascadingAction for collection: QsTech.Accounts.Models.Accounts.Account.Clients
记录时间：2014-06-09 10:32:03,005 线程ID:[14] 日志级别：INFO  出错类：NHibernate.Engine.Cascade property:[(null)] - 错误描述：done cascade NHibernate.Engine.CascadingAction+SaveUpdateCascadingAction for collection: QsTech.Accounts.Models.Accounts.Account.Clients
记录时间：2014-06-09 10:32:03,005 线程ID:[14] 日志级别：INFO  出错类：NHibernate.Engine.Cascade property:[(null)] - 错误描述：deleting orphans for collection: QsTech.Accounts.Models.Accounts.Account.Clients
记录时间：2014-06-09 10:32:03,005 线程ID:[14] 日志级别：INFO  出错类：NHibernate.Engine.Cascade property:[(null)] - 错误描述：done deleting orphans for collection: QsTech.Accounts.Models.Accounts.Account.Clients
记录时间：2014-06-09 10:32:03,005 线程ID:[14] 日志级别：INFO  出错类：NHibernate.Engine.Cascade property:[(null)] - 错误描述：done processing cascade NHibernate.Engine.CascadingAction+SaveUpdateCascadingAction for: QsTech.Accounts.Models.Accounts.Account
记录时间：2014-06-09 10:32:03,005 线程ID:[14] 日志级别：INFO  出错类：NHibernate.Engine.Cascade property:[(null)] - 错误描述：processing cascade NHibernate.Engine.CascadingAction+SaveUpdateCascadingAction for: QsTech.Accounts.Models.Accounts.Account
记录时间：2014-06-09 10:32:03,005 线程ID:[14] 日志级别：INFO  出错类：NHibernate.Engine.Cascade property:[(null)] - 错误描述：cascade NHibernate.Engine.CascadingAction+SaveUpdateCascadingAction for collection: QsTech.Accounts.Models.Accounts.Account.Clients
记录时间：2014-06-09 10:32:03,005 线程ID:[14] 日志级别：INFO  出错类：NHibernate.Engine.Cascade property:[(null)] - 错误描述：done cascade NHibernate.Engine.CascadingAction+SaveUpdateCascadingAction for collection: QsTech.Accounts.Models.Accounts.Account.Clients
记录时间：2014-06-09 10:32:03,005 线程ID:[14] 日志级别：INFO  出错类：NHibernate.Engine.Cascade property:[(null)] - 错误描述：deleting orphans for collection: QsTech.Accounts.Models.Accounts.Account.Clients
记录时间：2014-06-09 10:32:03,005 线程ID:[14] 日志级别：INFO  出错类：NHibernate.Engine.Cascade property:[(null)] - 错误描述：done deleting orphans for collection: QsTech.Accounts.Models.Accounts.Account.Clients
记录时间：2014-06-09 10:32:03,005 线程ID:[14] 日志级别：INFO  出错类：NHibernate.Engine.Cascade property:[(null)] - 错误描述：done processing cascade NHibernate.Engine.CascadingAction+SaveUpdateCascadingAction for: QsTech.Accounts.Models.Accounts.Account
记录时间：2014-06-09 10:32:03,005 线程ID:[14] 日志级别：INFO  出错类：NHibernate.Engine.Cascade property:[(null)] - 错误描述：processing cascade NHibernate.Engine.CascadingAction+SaveUpdateCascadingAction for: QsTech.Accounts.Models.Accounts.Account
记录时间：2014-06-09 10:32:03,005 线程ID:[14] 日志级别：INFO  出错类：NHibernate.Engine.Cascade property:[(null)] - 错误描述：cascade NHibernate.Engine.CascadingAction+SaveUpdateCascadingAction for collection: QsTech.Accounts.Models.Accounts.Account.Clients
记录时间：2014-06-09 10:32:03,005 线程ID:[14] 日志级别：INFO  出错类：NHibernate.Engine.Cascade property:[(null)] - 错误描述：done cascade NHibernate.Engine.CascadingAction+SaveUpdateCascadingAction for collection: QsTech.Accounts.Models.Accounts.Account.Clients
记录时间：2014-06-09 10:32:03,005 线程ID:[14] 日志级别：INFO  出错类：NHibernate.Engine.Cascade property:[(null)] - 错误描述：deleting orphans for collection: QsTech.Accounts.Models.Accounts.Account.Clients
记录时间：2014-06-09 10:32:03,005 线程ID:[14] 日志级别：INFO  出错类：NHibernate.Engine.Cascade property:[(null)] - 错误描述：done deleting orphans for collection: QsTech.Accounts.Models.Accounts.Account.Clients
记录时间：2014-06-09 10:32:03,005 线程ID:[14] 日志级别：INFO  出错类：NHibernate.Engine.Cascade property:[(null)] - 错误描述：done processing cascade NHibernate.Engine.CascadingAction+SaveUpdateCascadingAction for: QsTech.Accounts.Models.Accounts.Account
记录时间：2014-06-09 10:32:03,005 线程ID:[14] 日志级别：INFO  出错类：NHibernate.Engine.Cascade property:[(null)] - 错误描述：processing cascade NHibernate.Engine.CascadingAction+SaveUpdateCascadingAction for: QsTech.Accounts.Models.Accounts.Account
记录时间：2014-06-09 10:32:03,005 线程ID:[14] 日志级别：INFO  出错类：NHibernate.Engine.Cascade property:[(null)] - 错误描述：cascade NHibernate.Engine.CascadingAction+SaveUpdateCascadingAction for collection: QsTech.Accounts.Models.Accounts.Account.Clients
记录时间：2014-06-09 10:32:03,005 线程ID:[14] 日志级别：INFO  出错类：NHibernate.Engine.Cascade property:[(null)] - 错误描述：done cascade NHibernate.Engine.CascadingAction+SaveUpdateCascadingAction for collection: QsTech.Accounts.Models.Accounts.Account.Clients
记录时间：2014-06-09 10:32:03,005 线程ID:[14] 日志级别：INFO  出错类：NHibernate.Engine.Cascade property:[(null)] - 错误描述：deleting orphans for collection: QsTech.Accounts.Models.Accounts.Account.Clients
记录时间：2014-06-09 10:32:03,005 线程ID:[14] 日志级别：INFO  出错类：NHibernate.Engine.Cascade property:[(null)] - 错误描述：done deleting orphans for collection: QsTech.Accounts.Models.Accounts.Account.Clients
记录时间：2014-06-09 10:32:03,006 线程ID:[14] 日志级别：INFO  出错类：NHibernate.Engine.Cascade property:[(null)] - 错误描述：done processing cascade NHibernate.Engine.CascadingAction+SaveUpdateCascadingAction for: QsTech.Accounts.Models.Accounts.Account
记录时间：2014-06-09 10:32:03,006 线程ID:[14] 日志级别：INFO  出错类：NHibernate.Engine.Cascade property:[(null)] - 错误描述：processing cascade NHibernate.Engine.CascadingAction+SaveUpdateCascadingAction for: QsTech.Accounts.Models.Accounts.Account
记录时间：2014-06-09 10:32:03,006 线程ID:[14] 日志级别：INFO  出错类：NHibernate.Engine.Cascade property:[(null)] - 错误描述：cascade NHibernate.Engine.CascadingAction+SaveUpdateCascadingAction for collection: QsTech.Accounts.Models.Accounts.Account.Clients
记录时间：2014-06-09 10:32:03,006 线程ID:[14] 日志级别：INFO  出错类：NHibernate.Engine.Cascade property:[(null)] - 错误描述：done cascade NHibernate.Engine.CascadingAction+SaveUpdateCascadingAction for collection: QsTech.Accounts.Models.Accounts.Account.Clients
记录时间：2014-06-09 10:32:03,006 线程ID:[14] 日志级别：INFO  出错类：NHibernate.Engine.Cascade property:[(null)] - 错误描述：deleting orphans for collection: QsTech.Accounts.Models.Accounts.Account.Clients
记录时间：2014-06-09 10:32:03,006 线程ID:[14] 日志级别：INFO  出错类：NHibernate.Engine.Cascade property:[(null)] - 错误描述：done deleting orphans for collection: QsTech.Accounts.Models.Accounts.Account.Clients
记录时间：2014-06-09 10:32:03,006 线程ID:[14] 日志级别：INFO  出错类：NHibernate.Engine.Cascade property:[(null)] - 错误描述：done processing cascade NHibernate.Engine.CascadingAction+SaveUpdateCascadingAction for: QsTech.Accounts.Models.Accounts.Account
记录时间：2014-06-09 10:32:03,006 线程ID:[14] 日志级别：INFO  出错类：NHibernate.Engine.Cascade property:[(null)] - 错误描述：processing cascade NHibernate.Engine.CascadingAction+SaveUpdateCascadingAction for: QsTech.Accounts.Models.Accounts.Account
记录时间：2014-06-09 10:32:03,006 线程ID:[14] 日志级别：INFO  出错类：NHibernate.Engine.Cascade property:[(null)] - 错误描述：cascade NHibernate.Engine.CascadingAction+SaveUpdateCascadingAction for collection: QsTech.Accounts.Models.Accounts.Account.Clients
记录时间：2014-06-09 10:32:03,006 线程ID:[14] 日志级别：INFO  出错类：NHibernate.Engine.Cascade property:[(null)] - 错误描述：done cascade NHibernate.Engine.CascadingAction+SaveUpdateCascadingAction for collection: QsTech.Accounts.Models.Accounts.Account.Clients
记录时间：2014-06-09 10:32:03,006 线程ID:[14] 日志级别：INFO  出错类：NHibernate.Engine.Cascade property:[(null)] - 错误描述：deleting orphans for collection: QsTech.Accounts.Models.Accounts.Account.Clients
记录时间：2014-06-09 10:32:03,006 线程ID:[14] 日志级别：INFO  出错类：NHibernate.Engine.Cascade property:[(null)] - 错误描述：done deleting orphans for collection: QsTech.Accounts.Models.Accounts.Account.Clients
记录时间：2014-06-09 10:32:03,006 线程ID:[14] 日志级别：INFO  出错类：NHibernate.Engine.Cascade property:[(null)] - 错误描述：done processing cascade NHibernate.Engine.CascadingAction+SaveUpdateCascadingAction for: QsTech.Accounts.Models.Accounts.Account
记录时间：2014-06-09 10:32:03,006 线程ID:[14] 日志级别：INFO  出错类：NHibernate.Engine.Cascade property:[(null)] - 错误描述：processing cascade NHibernate.Engine.CascadingAction+SaveUpdateCascadingAction for: QsTech.Accounts.Models.Accounts.Account
记录时间：2014-06-09 10:32:03,006 线程ID:[14] 日志级别：INFO  出错类：NHibernate.Engine.Cascade property:[(null)] - 错误描述：cascade NHibernate.Engine.CascadingAction+SaveUpdateCascadingAction for collection: QsTech.Accounts.Models.Accounts.Account.Clients
记录时间：2014-06-09 10:32:03,006 线程ID:[14] 日志级别：INFO  出错类：NHibernate.Engine.Cascade property:[(null)] - 错误描述：done cascade NHibernate.Engine.CascadingAction+SaveUpdateCascadingAction for collection: QsTech.Accounts.Models.Accounts.Account.Clients
记录时间：2014-06-09 10:32:03,006 线程ID:[14] 日志级别：INFO  出错类：NHibernate.Engine.Cascade property:[(null)] - 错误描述：deleting orphans for collection: QsTech.Accounts.Models.Accounts.Account.Clients
记录时间：2014-06-09 10:32:03,006 线程ID:[14] 日志级别：INFO  出错类：NHibernate.Engine.Cascade property:[(null)] - 错误描述：done deleting orphans for collection: QsTech.Accounts.Models.Accounts.Account.Clients
记录时间：2014-06-09 10:32:03,006 线程ID:[14] 日志级别：INFO  出错类：NHibernate.Engine.Cascade property:[(null)] - 错误描述：done processing cascade NHibernate.Engine.CascadingAction+SaveUpdateCascadingAction for: QsTech.Accounts.Models.Accounts.Account
记录时间：2014-06-09 10:32:03,006 线程ID:[14] 日志级别：INFO  出错类：NHibernate.Engine.Cascade property:[(null)] - 错误描述：processing cascade NHibernate.Engine.CascadingAction+SaveUpdateCascadingAction for: QsTech.Accounts.Models.Accounts.Account
记录时间：2014-06-09 10:32:03,006 线程ID:[14] 日志级别：INFO  出错类：NHibernate.Engine.Cascade property:[(null)] - 错误描述：cascade NHibernate.Engine.CascadingAction+SaveUpdateCascadingAction for collection: QsTech.Accounts.Models.Accounts.Account.Clients
记录时间：2014-06-09 10:32:03,006 线程ID:[14] 日志级别：INFO  出错类：NHibernate.Engine.Cascade property:[(null)] - 错误描述：done cascade NHibernate.Engine.CascadingAction+SaveUpdateCascadingAction for collection: QsTech.Accounts.Models.Accounts.Account.Clients
记录时间：2014-06-09 10:32:03,006 线程ID:[14] 日志级别：INFO  出错类：NHibernate.Engine.Cascade property:[(null)] - 错误描述：deleting orphans for collection: QsTech.Accounts.Models.Accounts.Account.Clients
记录时间：2014-06-09 10:32:03,006 线程ID:[14] 日志级别：INFO  出错类：NHibernate.Engine.Cascade property:[(null)] - 错误描述：done deleting orphans for collection: QsTech.Accounts.Models.Accounts.Account.Clients
记录时间：2014-06-09 10:32:03,006 线程ID:[14] 日志级别：INFO  出错类：NHibernate.Engine.Cascade property:[(null)] - 错误描述：done processing cascade NHibernate.Engine.CascadingAction+SaveUpdateCascadingAction for: QsTech.Accounts.Models.Accounts.Account
记录时间：2014-06-09 10:32:03,006 线程ID:[14] 日志级别：INFO  出错类：NHibernate.Engine.Cascade property:[(null)] - 错误描述：processing cascade NHibernate.Engine.CascadingAction+SaveUpdateCascadingAction for: QsTech.Accounts.Models.Accounts.Account
记录时间：2014-06-09 10:32:03,006 线程ID:[14] 日志级别：INFO  出错类：NHibernate.Engine.Cascade property:[(null)] - 错误描述：cascade NHibernate.Engine.CascadingAction+SaveUpdateCascadingAction for collection: QsTech.Accounts.Models.Accounts.Account.Clients
记录时间：2014-06-09 10:32:03,006 线程ID:[14] 日志级别：INFO  出错类：NHibernate.Engine.Cascade property:[(null)] - 错误描述：done cascade NHibernate.Engine.CascadingAction+SaveUpdateCascadingAction for collection: QsTech.Accounts.Models.Accounts.Account.Clients
记录时间：2014-06-09 10:32:03,006 线程ID:[14] 日志级别：INFO  出错类：NHibernate.Engine.Cascade property:[(null)] - 错误描述：deleting orphans for collection: QsTech.Accounts.Models.Accounts.Account.Clients
记录时间：2014-06-09 10:32:03,006 线程ID:[14] 日志级别：INFO  出错类：NHibernate.Engine.Cascade property:[(null)] - 错误描述：done deleting orphans for collection: QsTech.Accounts.Models.Accounts.Account.Clients
记录时间：2014-06-09 10:32:03,006 线程ID:[14] 日志级别：INFO  出错类：NHibernate.Engine.Cascade property:[(null)] - 错误描述：done processing cascade NHibernate.Engine.CascadingAction+SaveUpdateCascadingAction for: QsTech.Accounts.Models.Accounts.Account
记录时间：2014-06-09 10:32:03,028 线程ID:[14] 日志级别：DEBUG 出错类：ApplicationInfoLog property:[(null)] - 错误描述：Final work for transaction being performed
记录时间：2014-06-09 10:32:03,029 线程ID:[14] 日志级别：DEBUG 出错类：ApplicationInfoLog property:[(null)] - 错误描述：Transaction disposed
记录时间：2014-06-09 10:32:10,536 线程ID:[4] 日志级别：DEBUG 出错类：ApplicationInfoLog property:[(null)] - 错误描述：Marking transaction as complete
记录时间：2014-06-09 10:32:10,536 线程ID:[4] 日志级别：DEBUG 出错类：ApplicationInfoLog property:[(null)] - 错误描述：Final work for transaction being performed
记录时间：2014-06-09 10:32:10,536 线程ID:[4] 日志级别：DEBUG 出错类：ApplicationInfoLog property:[(null)] - 错误描述：Transaction disposed
记录时间：2014-06-09 10:32:11,931 线程ID:[5] 日志级别：DEBUG 出错类：ApplicationInfoLog property:[(null)] - 错误描述：Marking transaction as complete
记录时间：2014-06-09 10:32:11,931 线程ID:[5] 日志级别：DEBUG 出错类：ApplicationInfoLog property:[(null)] - 错误描述：Final work for transaction being performed
记录时间：2014-06-09 10:32:11,931 线程ID:[5] 日志级别：DEBUG 出错类：ApplicationInfoLog property:[(null)] - 错误描述：Transaction disposed
记录时间：2014-06-09 10:32:13,635 线程ID:[11] 日志级别：DEBUG 出错类：ApplicationInfoLog property:[(null)] - 错误描述：Marking transaction as complete
记录时间：2014-06-09 10:32:13,635 线程ID:[11] 日志级别：DEBUG 出错类：ApplicationInfoLog property:[(null)] - 错误描述：Final work for transaction being performed
记录时间：2014-06-09 10:32:13,636 线程ID:[11] 日志级别：DEBUG 出错类：ApplicationInfoLog property:[(null)] - 错误描述：Transaction disposed
记录时间：2014-06-09 10:32:15,667 线程ID:[14] 日志级别：DEBUG 出错类：ApplicationInfoLog property:[(null)] - 错误描述：Marking transaction as complete
记录时间：2014-06-09 10:32:15,667 线程ID:[14] 日志级别：DEBUG 出错类：ApplicationInfoLog property:[(null)] - 错误描述：Final work for transaction being performed
记录时间：2014-06-09 10:32:15,667 线程ID:[14] 日志级别：DEBUG 出错类：ApplicationInfoLog property:[(null)] - 错误描述：Transaction disposed
