记录时间：2014-06-25 09:33:20,894 线程ID:[5] 日志级别：DEBUG 出错类：ApplicationInfoLog property:[(null)] - 错误描述：Marking transaction as complete
记录时间：2014-06-25 09:33:20,919 线程ID:[5] 日志级别：DEBUG 出错类：ApplicationInfoLog property:[(null)] - 错误描述：Final work for transaction being performed
记录时间：2014-06-25 09:33:20,919 线程ID:[5] 日志级别：DEBUG 出错类：ApplicationInfoLog property:[(null)] - 错误描述：Transaction disposed
记录时间：2014-06-25 09:33:21,011 线程ID:[10] 日志级别：ERROR 出错类：ApplicationInfoLog property:[(null)] - 错误描述：redirect_uri=
记录时间：2014-06-25 09:33:21,864 线程ID:[10] 日志级别：DEBUG 出错类：ApplicationInfoLog property:[(null)] - 错误描述：Marking transaction as complete
记录时间：2014-06-25 09:33:21,865 线程ID:[10] 日志级别：DEBUG 出错类：ApplicationInfoLog property:[(null)] - 错误描述：Final work for transaction being performed
记录时间：2014-06-25 09:33:21,865 线程ID:[10] 日志级别：DEBUG 出错类：ApplicationInfoLog property:[(null)] - 错误描述：Transaction disposed
记录时间：2014-06-25 09:33:22,110 线程ID:[4] 日志级别：DEBUG 出错类：ApplicationInfoLog property:[(null)] - 错误描述：Marking transaction as complete
记录时间：2014-06-25 09:33:22,110 线程ID:[4] 日志级别：DEBUG 出错类：ApplicationInfoLog property:[(null)] - 错误描述：Final work for transaction being performed
记录时间：2014-06-25 09:33:22,110 线程ID:[4] 日志级别：DEBUG 出错类：ApplicationInfoLog property:[(null)] - 错误描述：Transaction disposed
记录时间：2014-06-25 09:33:29,234 线程ID:[5] 日志级别：DEBUG 出错类：ApplicationInfoLog property:[(null)] - 错误描述：Marking transaction as complete
记录时间：2014-06-25 09:33:29,234 线程ID:[5] 日志级别：DEBUG 出错类：ApplicationInfoLog property:[(null)] - 错误描述：Final work for transaction being performed
记录时间：2014-06-25 09:33:29,234 线程ID:[5] 日志级别：DEBUG 出错类：ApplicationInfoLog property:[(null)] - 错误描述：Transaction disposed
记录时间：2014-06-25 09:33:29,297 线程ID:[4] 日志级别：DEBUG 出错类：ApplicationInfoLog property:[(null)] - 错误描述：Marking transaction as complete
记录时间：2014-06-25 09:33:29,297 线程ID:[4] 日志级别：DEBUG 出错类：ApplicationInfoLog property:[(null)] - 错误描述：Final work for transaction being performed
记录时间：2014-06-25 09:33:29,297 线程ID:[4] 日志级别：DEBUG 出错类：ApplicationInfoLog property:[(null)] - 错误描述：Transaction disposed
记录时间：2014-06-25 09:33:33,823 线程ID:[4] 日志级别：DEBUG 出错类：ApplicationInfoLog property:[(null)] - 错误描述：Acquiring session for 
记录时间：2014-06-25 09:33:33,823 线程ID:[4] 日志级别：DEBUG 出错类：ApplicationInfoLog property:[(null)] - 错误描述：Building session factory
记录时间：2014-06-25 09:33:33,824 线程ID:[4] 日志级别：DEBUG 出错类：ApplicationInfoLog property:[(null)] - 错误描述：Building configuration
记录时间：2014-06-25 09:33:34,153 线程ID:[4] 日志级别：INFO  出错类：NHibernate.Cfg.Environment property:[(null)] - 错误描述：NHibernate 3.3.1.4000 (3.3.1.4000)
记录时间：2014-06-25 09:33:34,154 线程ID:[4] 日志级别：INFO  出错类：NHibernate.Cfg.Environment property:[(null)] - 错误描述：hibernate-configuration section not found in application configuration file
记录时间：2014-06-25 09:33:34,154 线程ID:[4] 日志级别：INFO  出错类：NHibernate.Cfg.Environment property:[(null)] - 错误描述：Bytecode provider name : lcg
记录时间：2014-06-25 09:33:34,154 线程ID:[4] 日志级别：INFO  出错类：NHibernate.Cfg.Environment property:[(null)] - 错误描述：Using reflection optimizer
记录时间：2014-06-25 09:33:34,185 线程ID:[4] 日志级别：DEBUG 出错类：ApplicationInfoLog property:[(null)] - 错误描述：Done Building configuration
记录时间：2014-06-25 09:33:34,504 线程ID:[4] 日志级别：INFO  出错类：NHibernate.Dialect.Dialect property:[(null)] - 错误描述：Using dialect: NHibernate.Dialect.MsSql2008Dialect
记录时间：2014-06-25 09:33:34,535 线程ID:[4] 日志级别：INFO  出错类：NHibernate.Cfg.XmlHbmBinding.Binder property:[(null)] - 错误描述：Mapping class: QsTech.Accounts.Models.Accounts.Account -> ACCOUNT
记录时间：2014-06-25 09:33:34,560 线程ID:[4] 日志级别：INFO  出错类：NHibernate.Cfg.XmlHbmBinding.Binder property:[(null)] - 错误描述：Mapping collection: QsTech.Accounts.Models.Accounts.Account.Roles -> ACCOUNT_ROLE
记录时间：2014-06-25 09:33:34,565 线程ID:[4] 日志级别：INFO  出错类：NHibernate.Cfg.XmlHbmBinding.Binder property:[(null)] - 错误描述：Mapping class: QsTech.Accounts.Models.Accounts.AccountClient -> ACCOUNT_CLIENT
记录时间：2014-06-25 09:33:34,565 线程ID:[4] 日志级别：INFO  出错类：NHibernate.Cfg.XmlHbmBinding.Binder property:[(null)] - 错误描述：Mapping class: QsTech.Authentication.Sso.Clients.UserClient -> USER_CLIENT
记录时间：2014-06-25 09:33:34,566 线程ID:[4] 日志级别：INFO  出错类：NHibernate.Cfg.XmlHbmBinding.Binder property:[(null)] - 错误描述：Mapping class: QsTech.Core.Models.ActionStatus -> ACTION_STATUS
记录时间：2014-06-25 09:33:34,566 线程ID:[4] 日志级别：INFO  出错类：NHibernate.Cfg.XmlHbmBinding.Binder property:[(null)] - 错误描述：Mapping class: QsTech.Core.Models.Roles.Role -> ROLE
记录时间：2014-06-25 09:33:34,566 线程ID:[4] 日志级别：INFO  出错类：NHibernate.Cfg.XmlHbmBinding.Binder property:[(null)] - 错误描述：Mapping collection: QsTech.Core.Models.Roles.Role.Owners -> ACCOUNT_ROLE
记录时间：2014-06-25 09:33:34,566 线程ID:[4] 日志级别：INFO  出错类：NHibernate.Cfg.XmlHbmBinding.Binder property:[(null)] - 错误描述：Mapping collection: QsTech.Core.Models.Roles.Role.Permissions -> ROLE_PERMISSION
记录时间：2014-06-25 09:33:34,566 线程ID:[4] 日志级别：INFO  出错类：NHibernate.Cfg.XmlHbmBinding.Binder property:[(null)] - 错误描述：Mapping class: QsTech.Core.Interface.GlobalSetting -> GLOBAL_SETTING
记录时间：2014-06-25 09:33:34,567 线程ID:[4] 日志级别：INFO  出错类：NHibernate.Cfg.XmlHbmBinding.Binder property:[(null)] - 错误描述：Mapping class: QsTech.Core.Interface.Account.AccountUser -> ACCOUNT_USER
记录时间：2014-06-25 09:33:34,567 线程ID:[4] 日志级别：INFO  出错类：NHibernate.Cfg.XmlHbmBinding.Binder property:[(null)] - 错误描述：Mapping class: QsTech.Core.Interface.Entities.DicPort -> DIC_PORT
记录时间：2014-06-25 09:33:34,567 线程ID:[4] 日志级别：INFO  出错类：NHibernate.Cfg.XmlHbmBinding.Binder property:[(null)] - 错误描述：Mapping class: QsTech.Core.Interface.AccountRegister.AccountRegisterInfo -> ACCOUNT_REGISTER_INFO
记录时间：2014-06-25 09:33:34,568 线程ID:[4] 日志级别：INFO  出错类：NHibernate.Cfg.XmlHbmBinding.Binder property:[(null)] - 错误描述：Mapping class: QsTech.Enterprises.Models.OrganizationRecord -> ORGANIZATION_RECORD
记录时间：2014-06-25 09:33:34,568 线程ID:[4] 日志级别：INFO  出错类：NHibernate.Cfg.XmlHbmBinding.Binder property:[(null)] - 错误描述：Mapping class: QsTech.Enterprises.Interface.EnterpriseUser -> ENTERPRISE_USER
记录时间：2014-06-25 09:33:34,568 线程ID:[4] 日志级别：INFO  出错类：NHibernate.Cfg.XmlHbmBinding.Binder property:[(null)] - 错误描述：Mapping class: QsTech.Enterprises.Interface.Enterprise -> ENTERPRISE
记录时间：2014-06-25 09:33:34,572 线程ID:[4] 日志级别：INFO  出错类：NHibernate.Cfg.XmlHbmBinding.Binder property:[(null)] - 错误描述：Mapping class: QsTech.Files.Interface.FileRecord -> FILE_RECORD
记录时间：2014-06-25 09:33:34,573 线程ID:[4] 日志级别：INFO  出错类：NHibernate.Cfg.XmlHbmBinding.Binder property:[(null)] - 错误描述：Mapping class: QsTech.Users.Models.User -> USER
记录时间：2014-06-25 09:33:34,573 线程ID:[4] 日志级别：INFO  出错类：NHibernate.Cfg.XmlHbmBinding.Binder property:[(null)] - 错误描述：Mapping collection: QsTech.Users.Models.User.Roles -> USER_ROLE
记录时间：2014-06-25 09:33:34,574 线程ID:[4] 日志级别：INFO  出错类：NHibernate.Cfg.XmlHbmBinding.Binder property:[(null)] - 错误描述：Mapping class: QsTech.Users.Models.UserProperty -> USER_SETTING
记录时间：2014-06-25 09:33:34,578 线程ID:[4] 日志级别：INFO  出错类：NHibernate.Cfg.Configuration property:[(null)] - 错误描述：checking mappings queue
记录时间：2014-06-25 09:33:34,578 线程ID:[4] 日志级别：INFO  出错类：NHibernate.Cfg.Configuration property:[(null)] - 错误描述：processing one-to-many association mappings
记录时间：2014-06-25 09:33:34,595 线程ID:[4] 日志级别：INFO  出错类：NHibernate.Cfg.XmlHbmBinding.Binder property:[(null)] - 错误描述：mapping collection: QsTech.Accounts.Models.Accounts.Account.Clients -> ACCOUNT_CLIENT
记录时间：2014-06-25 09:33:34,595 线程ID:[4] 日志级别：INFO  出错类：NHibernate.Cfg.XmlHbmBinding.Binder property:[(null)] - 错误描述：mapping collection: QsTech.Users.Models.User.Accounts -> ACCOUNT_USER
记录时间：2014-06-25 09:33:34,595 线程ID:[4] 日志级别：INFO  出错类：NHibernate.Cfg.Configuration property:[(null)] - 错误描述：processing one-to-one association property references
记录时间：2014-06-25 09:33:34,596 线程ID:[4] 日志级别：INFO  出错类：NHibernate.Cfg.Configuration property:[(null)] - 错误描述：processing foreign key constraints
记录时间：2014-06-25 09:33:34,598 线程ID:[4] 日志级别：INFO  出错类：NHibernate.Cfg.Configuration property:[(null)] - 错误描述：processing filters (second pass)
记录时间：2014-06-25 09:33:34,647 线程ID:[4] 日志级别：INFO  出错类：NHibernate.Dialect.Dialect property:[(null)] - 错误描述：Using dialect: NHibernate.Dialect.MsSql2008Dialect
记录时间：2014-06-25 09:33:34,650 线程ID:[4] 日志级别：INFO  出错类：NHibernate.Dialect.Dialect property:[(null)] - 错误描述：Using dialect: NHibernate.Dialect.MsSql2008Dialect
记录时间：2014-06-25 09:33:34,670 线程ID:[4] 日志级别：INFO  出错类：NHibernate.Exceptions.SQLExceptionConverterFactory property:[(null)] - 错误描述：Using dialect defined converter
记录时间：2014-06-25 09:33:34,671 线程ID:[4] 日志级别：INFO  出错类：NHibernate.Cfg.SettingsFactory property:[(null)] - 错误描述：Generate SQL with comments: disabled
记录时间：2014-06-25 09:33:34,671 线程ID:[4] 日志级别：INFO  出错类：NHibernate.Connection.ConnectionProviderFactory property:[(null)] - 错误描述：Initializing connection provider: NHibernate.Connection.DriverConnectionProvider
记录时间：2014-06-25 09:33:34,671 线程ID:[4] 日志级别：INFO  出错类：NHibernate.Connection.ConnectionProvider property:[(null)] - 错误描述：Configuring ConnectionProvider
记录时间：2014-06-25 09:33:34,672 线程ID:[4] 日志级别：INFO  出错类：NHibernate.Cfg.SettingsFactory property:[(null)] - 错误描述：Transaction factory: NHibernate.Transaction.AdoNetWithDistributedTransactionFactory
记录时间：2014-06-25 09:33:34,673 线程ID:[4] 日志级别：INFO  出错类：NHibernate.Cfg.SettingsFactory property:[(null)] - 错误描述：Optimize cache for minimal puts: False
记录时间：2014-06-25 09:33:34,673 线程ID:[4] 日志级别：INFO  出错类：NHibernate.Cfg.SettingsFactory property:[(null)] - 错误描述：Connection release mode: auto
记录时间：2014-06-25 09:33:34,673 线程ID:[4] 日志级别：INFO  出错类：NHibernate.Cfg.SettingsFactory property:[(null)] - 错误描述：Default batch fetch size: 1
记录时间：2014-06-25 09:33:34,673 线程ID:[4] 日志级别：INFO  出错类：NHibernate.Cfg.SettingsFactory property:[(null)] - 错误描述：echoing all SQL to stdout
记录时间：2014-06-25 09:33:34,673 线程ID:[4] 日志级别：INFO  出错类：NHibernate.Cfg.SettingsFactory property:[(null)] - 错误描述：Statistics: disabled
记录时间：2014-06-25 09:33:34,673 线程ID:[4] 日志级别：INFO  出错类：NHibernate.Cfg.SettingsFactory property:[(null)] - 错误描述：Deleted entity synthetic identifier rollback: disabled
记录时间：2014-06-25 09:33:34,673 线程ID:[4] 日志级别：INFO  出错类：NHibernate.Cfg.SettingsFactory property:[(null)] - 错误描述：Query translator: NHibernate.Hql.Ast.ANTLR.ASTQueryTranslatorFactory
记录时间：2014-06-25 09:33:34,674 线程ID:[4] 日志级别：INFO  出错类：NHibernate.Cfg.SettingsFactory property:[(null)] - 错误描述：Query language substitutions: {'true'='1', 'false'='0', 'yes'=''Y'', 'no'=''N''}
记录时间：2014-06-25 09:33:34,675 线程ID:[4] 日志级别：INFO  出错类：NHibernate.Cfg.SettingsFactory property:[(null)] - 错误描述：cache provider: NHibernate.Cache.NoCacheProvider, NHibernate, Version=3.3.1.4000, Culture=neutral, PublicKeyToken=aa95f207798dfdb4
记录时间：2014-06-25 09:33:34,675 线程ID:[4] 日志级别：INFO  出错类：NHibernate.Cfg.SettingsFactory property:[(null)] - 错误描述：Order SQL inserts for batching: enabled
记录时间：2014-06-25 09:33:34,676 线程ID:[4] 日志级别：INFO  出错类：NHibernate.Cfg.SettingsFactory property:[(null)] - 错误描述：Batcher factory: NHibernate.AdoNet.SqlClientBatchingBatcherFactory, NHibernate, Version=3.3.1.4000, Culture=neutral, PublicKeyToken=aa95f207798dfdb4
记录时间：2014-06-25 09:33:34,676 线程ID:[4] 日志级别：INFO  出错类：NHibernate.Cfg.SettingsFactory property:[(null)] - 错误描述：Default entity-mode: Poco
记录时间：2014-06-25 09:33:34,676 线程ID:[4] 日志级别：INFO  出错类：NHibernate.Cfg.SettingsFactory property:[(null)] - 错误描述：Named query checking : enabled
记录时间：2014-06-25 09:33:34,685 线程ID:[4] 日志级别：INFO  出错类：NHibernate.Impl.SessionFactoryImpl property:[(null)] - 错误描述：building session factory
记录时间：2014-06-25 09:33:34,882 线程ID:[4] 日志级别：INFO  出错类：NHibernate.Impl.SessionFactoryObjectFactory property:[(null)] - 错误描述：no name configured
记录时间：2014-06-25 09:33:34,884 线程ID:[4] 日志级别：DEBUG 出错类：ApplicationInfoLog property:[(null)] - 错误描述：Done building session factory
记录时间：2014-06-25 09:33:34,885 线程ID:[4] 日志级别：INFO  出错类：ApplicationInfoLog property:[(null)] - 错误描述：Openning database session
记录时间：2014-06-25 09:33:34,901 线程ID:[4] 日志级别：DEBUG 出错类：ApplicationInfoLog property:[(null)] - 错误描述：Creating transaction on Demand
记录时间：2014-06-25 09:33:35,178 线程ID:[4] 日志级别：INFO  出错类：NHibernate.Hql.Ast.ANTLR.Tree.FromElement property:[(null)] - 错误描述：handling property dereference [QsTech.Accounts.Models.Accounts.Account (m) -> Deleted (Class)]
记录时间：2014-06-25 09:33:35,191 线程ID:[4] 日志级别：INFO  出错类：NHibernate.Hql.Ast.ANTLR.Tree.FromElement property:[(null)] - 错误描述：handling property dereference [QsTech.Accounts.Models.Accounts.Account (m) -> State (Class)]
记录时间：2014-06-25 09:33:35,283 线程ID:[4] 日志级别：INFO  出错类：NHibernate.Loader.Loader property:[(null)] - 错误描述：select account0_.ID as ID0_, account0_.[NAME] as NAME2_0_, account0_.[AGE] as AGE3_0_, account0_.[GENDER] as GENDER4_0_, account0_.[TELEPHONE] as TELEPHONE5_0_, account0_.[MOBILE] as MOBILE6_0_, account0_.[EMAIL] as EMAIL7_0_, account0_.[BIRTHDAY] as BIRTHDAY8_0_, account0_.[ACCOUNT_NAME] as ACCOUNT9_0_, account0_.[PASSWORD] as PASSWORD10_0_, account0_.[LAST_LOGIN_TIME] as LAST11_0_, account0_.[LATEST_LOGIN_TIME] as LATEST12_0_, account0_.[DELETED] as DELETED13_0_, account0_.[ANTI_PHISHING] as ANTI14_0_, account0_.[JOB_NUMBER] as JOB15_0_, account0_.[POST] as POST16_0_, account0_.[PHOTO_ID] as PHOTO17_0_, account0_.[NICK_NAME] as NICK18_0_, account0_.[STATE] as STATE19_0_, account0_.[REMARK] as REMARK20_0_, account0_.[CREATE_TIME] as CREATE21_0_ from [ACCOUNT] account0_ where  not (account0_.[DELETED]='Y') and account0_.[STATE]=@p0
记录时间：2014-06-25 09:33:35,339 线程ID:[4] 日志级别：DEBUG 出错类：ApplicationInfoLog property:[(null)] - 错误描述：验证用户 admin
记录时间：2014-06-25 09:33:35,347 线程ID:[4] 日志级别：DEBUG 出错类：ApplicationInfoLog property:[(null)] - 错误描述：Marking transaction as complete
记录时间：2014-06-25 09:33:35,351 线程ID:[4] 日志级别：INFO  出错类：NHibernate.Engine.Cascade property:[(null)] - 错误描述：processing cascade NHibernate.Engine.CascadingAction+SaveUpdateCascadingAction for: QsTech.Accounts.Models.Accounts.Account
记录时间：2014-06-25 09:33:35,353 线程ID:[4] 日志级别：INFO  出错类：NHibernate.Engine.Cascade property:[(null)] - 错误描述：cascade NHibernate.Engine.CascadingAction+SaveUpdateCascadingAction for collection: QsTech.Accounts.Models.Accounts.Account.Clients
记录时间：2014-06-25 09:33:35,354 线程ID:[4] 日志级别：INFO  出错类：NHibernate.Engine.Cascade property:[(null)] - 错误描述：done cascade NHibernate.Engine.CascadingAction+SaveUpdateCascadingAction for collection: QsTech.Accounts.Models.Accounts.Account.Clients
记录时间：2014-06-25 09:33:35,354 线程ID:[4] 日志级别：INFO  出错类：NHibernate.Engine.Cascade property:[(null)] - 错误描述：deleting orphans for collection: QsTech.Accounts.Models.Accounts.Account.Clients
记录时间：2014-06-25 09:33:35,355 线程ID:[4] 日志级别：INFO  出错类：NHibernate.Engine.Cascade property:[(null)] - 错误描述：done deleting orphans for collection: QsTech.Accounts.Models.Accounts.Account.Clients
记录时间：2014-06-25 09:33:35,355 线程ID:[4] 日志级别：INFO  出错类：NHibernate.Engine.Cascade property:[(null)] - 错误描述：done processing cascade NHibernate.Engine.CascadingAction+SaveUpdateCascadingAction for: QsTech.Accounts.Models.Accounts.Account
记录时间：2014-06-25 09:33:35,355 线程ID:[4] 日志级别：INFO  出错类：NHibernate.Engine.Cascade property:[(null)] - 错误描述：processing cascade NHibernate.Engine.CascadingAction+SaveUpdateCascadingAction for: QsTech.Accounts.Models.Accounts.Account
记录时间：2014-06-25 09:33:35,355 线程ID:[4] 日志级别：INFO  出错类：NHibernate.Engine.Cascade property:[(null)] - 错误描述：cascade NHibernate.Engine.CascadingAction+SaveUpdateCascadingAction for collection: QsTech.Accounts.Models.Accounts.Account.Clients
记录时间：2014-06-25 09:33:35,355 线程ID:[4] 日志级别：INFO  出错类：NHibernate.Engine.Cascade property:[(null)] - 错误描述：done cascade NHibernate.Engine.CascadingAction+SaveUpdateCascadingAction for collection: QsTech.Accounts.Models.Accounts.Account.Clients
记录时间：2014-06-25 09:33:35,355 线程ID:[4] 日志级别：INFO  出错类：NHibernate.Engine.Cascade property:[(null)] - 错误描述：deleting orphans for collection: QsTech.Accounts.Models.Accounts.Account.Clients
记录时间：2014-06-25 09:33:35,355 线程ID:[4] 日志级别：INFO  出错类：NHibernate.Engine.Cascade property:[(null)] - 错误描述：done deleting orphans for collection: QsTech.Accounts.Models.Accounts.Account.Clients
记录时间：2014-06-25 09:33:35,355 线程ID:[4] 日志级别：INFO  出错类：NHibernate.Engine.Cascade property:[(null)] - 错误描述：done processing cascade NHibernate.Engine.CascadingAction+SaveUpdateCascadingAction for: QsTech.Accounts.Models.Accounts.Account
记录时间：2014-06-25 09:33:35,355 线程ID:[4] 日志级别：INFO  出错类：NHibernate.Engine.Cascade property:[(null)] - 错误描述：processing cascade NHibernate.Engine.CascadingAction+SaveUpdateCascadingAction for: QsTech.Accounts.Models.Accounts.Account
记录时间：2014-06-25 09:33:35,355 线程ID:[4] 日志级别：INFO  出错类：NHibernate.Engine.Cascade property:[(null)] - 错误描述：cascade NHibernate.Engine.CascadingAction+SaveUpdateCascadingAction for collection: QsTech.Accounts.Models.Accounts.Account.Clients
记录时间：2014-06-25 09:33:35,355 线程ID:[4] 日志级别：INFO  出错类：NHibernate.Engine.Cascade property:[(null)] - 错误描述：done cascade NHibernate.Engine.CascadingAction+SaveUpdateCascadingAction for collection: QsTech.Accounts.Models.Accounts.Account.Clients
记录时间：2014-06-25 09:33:35,355 线程ID:[4] 日志级别：INFO  出错类：NHibernate.Engine.Cascade property:[(null)] - 错误描述：deleting orphans for collection: QsTech.Accounts.Models.Accounts.Account.Clients
记录时间：2014-06-25 09:33:35,355 线程ID:[4] 日志级别：INFO  出错类：NHibernate.Engine.Cascade property:[(null)] - 错误描述：done deleting orphans for collection: QsTech.Accounts.Models.Accounts.Account.Clients
记录时间：2014-06-25 09:33:35,355 线程ID:[4] 日志级别：INFO  出错类：NHibernate.Engine.Cascade property:[(null)] - 错误描述：done processing cascade NHibernate.Engine.CascadingAction+SaveUpdateCascadingAction for: QsTech.Accounts.Models.Accounts.Account
记录时间：2014-06-25 09:33:35,355 线程ID:[4] 日志级别：INFO  出错类：NHibernate.Engine.Cascade property:[(null)] - 错误描述：processing cascade NHibernate.Engine.CascadingAction+SaveUpdateCascadingAction for: QsTech.Accounts.Models.Accounts.Account
记录时间：2014-06-25 09:33:35,355 线程ID:[4] 日志级别：INFO  出错类：NHibernate.Engine.Cascade property:[(null)] - 错误描述：cascade NHibernate.Engine.CascadingAction+SaveUpdateCascadingAction for collection: QsTech.Accounts.Models.Accounts.Account.Clients
记录时间：2014-06-25 09:33:35,355 线程ID:[4] 日志级别：INFO  出错类：NHibernate.Engine.Cascade property:[(null)] - 错误描述：done cascade NHibernate.Engine.CascadingAction+SaveUpdateCascadingAction for collection: QsTech.Accounts.Models.Accounts.Account.Clients
记录时间：2014-06-25 09:33:35,355 线程ID:[4] 日志级别：INFO  出错类：NHibernate.Engine.Cascade property:[(null)] - 错误描述：deleting orphans for collection: QsTech.Accounts.Models.Accounts.Account.Clients
记录时间：2014-06-25 09:33:35,355 线程ID:[4] 日志级别：INFO  出错类：NHibernate.Engine.Cascade property:[(null)] - 错误描述：done deleting orphans for collection: QsTech.Accounts.Models.Accounts.Account.Clients
记录时间：2014-06-25 09:33:35,355 线程ID:[4] 日志级别：INFO  出错类：NHibernate.Engine.Cascade property:[(null)] - 错误描述：done processing cascade NHibernate.Engine.CascadingAction+SaveUpdateCascadingAction for: QsTech.Accounts.Models.Accounts.Account
记录时间：2014-06-25 09:33:35,355 线程ID:[4] 日志级别：INFO  出错类：NHibernate.Engine.Cascade property:[(null)] - 错误描述：processing cascade NHibernate.Engine.CascadingAction+SaveUpdateCascadingAction for: QsTech.Accounts.Models.Accounts.Account
记录时间：2014-06-25 09:33:35,355 线程ID:[4] 日志级别：INFO  出错类：NHibernate.Engine.Cascade property:[(null)] - 错误描述：cascade NHibernate.Engine.CascadingAction+SaveUpdateCascadingAction for collection: QsTech.Accounts.Models.Accounts.Account.Clients
记录时间：2014-06-25 09:33:35,355 线程ID:[4] 日志级别：INFO  出错类：NHibernate.Engine.Cascade property:[(null)] - 错误描述：done cascade NHibernate.Engine.CascadingAction+SaveUpdateCascadingAction for collection: QsTech.Accounts.Models.Accounts.Account.Clients
记录时间：2014-06-25 09:33:35,355 线程ID:[4] 日志级别：INFO  出错类：NHibernate.Engine.Cascade property:[(null)] - 错误描述：deleting orphans for collection: QsTech.Accounts.Models.Accounts.Account.Clients
记录时间：2014-06-25 09:33:35,355 线程ID:[4] 日志级别：INFO  出错类：NHibernate.Engine.Cascade property:[(null)] - 错误描述：done deleting orphans for collection: QsTech.Accounts.Models.Accounts.Account.Clients
记录时间：2014-06-25 09:33:35,355 线程ID:[4] 日志级别：INFO  出错类：NHibernate.Engine.Cascade property:[(null)] - 错误描述：done processing cascade NHibernate.Engine.CascadingAction+SaveUpdateCascadingAction for: QsTech.Accounts.Models.Accounts.Account
记录时间：2014-06-25 09:33:35,355 线程ID:[4] 日志级别：INFO  出错类：NHibernate.Engine.Cascade property:[(null)] - 错误描述：processing cascade NHibernate.Engine.CascadingAction+SaveUpdateCascadingAction for: QsTech.Accounts.Models.Accounts.Account
记录时间：2014-06-25 09:33:35,355 线程ID:[4] 日志级别：INFO  出错类：NHibernate.Engine.Cascade property:[(null)] - 错误描述：cascade NHibernate.Engine.CascadingAction+SaveUpdateCascadingAction for collection: QsTech.Accounts.Models.Accounts.Account.Clients
记录时间：2014-06-25 09:33:35,355 线程ID:[4] 日志级别：INFO  出错类：NHibernate.Engine.Cascade property:[(null)] - 错误描述：done cascade NHibernate.Engine.CascadingAction+SaveUpdateCascadingAction for collection: QsTech.Accounts.Models.Accounts.Account.Clients
记录时间：2014-06-25 09:33:35,355 线程ID:[4] 日志级别：INFO  出错类：NHibernate.Engine.Cascade property:[(null)] - 错误描述：deleting orphans for collection: QsTech.Accounts.Models.Accounts.Account.Clients
记录时间：2014-06-25 09:33:35,355 线程ID:[4] 日志级别：INFO  出错类：NHibernate.Engine.Cascade property:[(null)] - 错误描述：done deleting orphans for collection: QsTech.Accounts.Models.Accounts.Account.Clients
记录时间：2014-06-25 09:33:35,355 线程ID:[4] 日志级别：INFO  出错类：NHibernate.Engine.Cascade property:[(null)] - 错误描述：done processing cascade NHibernate.Engine.CascadingAction+SaveUpdateCascadingAction for: QsTech.Accounts.Models.Accounts.Account
记录时间：2014-06-25 09:33:35,355 线程ID:[4] 日志级别：INFO  出错类：NHibernate.Engine.Cascade property:[(null)] - 错误描述：processing cascade NHibernate.Engine.CascadingAction+SaveUpdateCascadingAction for: QsTech.Accounts.Models.Accounts.Account
记录时间：2014-06-25 09:33:35,355 线程ID:[4] 日志级别：INFO  出错类：NHibernate.Engine.Cascade property:[(null)] - 错误描述：cascade NHibernate.Engine.CascadingAction+SaveUpdateCascadingAction for collection: QsTech.Accounts.Models.Accounts.Account.Clients
记录时间：2014-06-25 09:33:35,355 线程ID:[4] 日志级别：INFO  出错类：NHibernate.Engine.Cascade property:[(null)] - 错误描述：done cascade NHibernate.Engine.CascadingAction+SaveUpdateCascadingAction for collection: QsTech.Accounts.Models.Accounts.Account.Clients
记录时间：2014-06-25 09:33:35,355 线程ID:[4] 日志级别：INFO  出错类：NHibernate.Engine.Cascade property:[(null)] - 错误描述：deleting orphans for collection: QsTech.Accounts.Models.Accounts.Account.Clients
记录时间：2014-06-25 09:33:35,355 线程ID:[4] 日志级别：INFO  出错类：NHibernate.Engine.Cascade property:[(null)] - 错误描述：done deleting orphans for collection: QsTech.Accounts.Models.Accounts.Account.Clients
记录时间：2014-06-25 09:33:35,355 线程ID:[4] 日志级别：INFO  出错类：NHibernate.Engine.Cascade property:[(null)] - 错误描述：done processing cascade NHibernate.Engine.CascadingAction+SaveUpdateCascadingAction for: QsTech.Accounts.Models.Accounts.Account
记录时间：2014-06-25 09:33:35,355 线程ID:[4] 日志级别：INFO  出错类：NHibernate.Engine.Cascade property:[(null)] - 错误描述：processing cascade NHibernate.Engine.CascadingAction+SaveUpdateCascadingAction for: QsTech.Accounts.Models.Accounts.Account
记录时间：2014-06-25 09:33:35,355 线程ID:[4] 日志级别：INFO  出错类：NHibernate.Engine.Cascade property:[(null)] - 错误描述：cascade NHibernate.Engine.CascadingAction+SaveUpdateCascadingAction for collection: QsTech.Accounts.Models.Accounts.Account.Clients
记录时间：2014-06-25 09:33:35,355 线程ID:[4] 日志级别：INFO  出错类：NHibernate.Engine.Cascade property:[(null)] - 错误描述：done cascade NHibernate.Engine.CascadingAction+SaveUpdateCascadingAction for collection: QsTech.Accounts.Models.Accounts.Account.Clients
记录时间：2014-06-25 09:33:35,355 线程ID:[4] 日志级别：INFO  出错类：NHibernate.Engine.Cascade property:[(null)] - 错误描述：deleting orphans for collection: QsTech.Accounts.Models.Accounts.Account.Clients
记录时间：2014-06-25 09:33:35,355 线程ID:[4] 日志级别：INFO  出错类：NHibernate.Engine.Cascade property:[(null)] - 错误描述：done deleting orphans for collection: QsTech.Accounts.Models.Accounts.Account.Clients
记录时间：2014-06-25 09:33:35,355 线程ID:[4] 日志级别：INFO  出错类：NHibernate.Engine.Cascade property:[(null)] - 错误描述：done processing cascade NHibernate.Engine.CascadingAction+SaveUpdateCascadingAction for: QsTech.Accounts.Models.Accounts.Account
记录时间：2014-06-25 09:33:35,355 线程ID:[4] 日志级别：INFO  出错类：NHibernate.Engine.Cascade property:[(null)] - 错误描述：processing cascade NHibernate.Engine.CascadingAction+SaveUpdateCascadingAction for: QsTech.Accounts.Models.Accounts.Account
记录时间：2014-06-25 09:33:35,355 线程ID:[4] 日志级别：INFO  出错类：NHibernate.Engine.Cascade property:[(null)] - 错误描述：cascade NHibernate.Engine.CascadingAction+SaveUpdateCascadingAction for collection: QsTech.Accounts.Models.Accounts.Account.Clients
记录时间：2014-06-25 09:33:35,355 线程ID:[4] 日志级别：INFO  出错类：NHibernate.Engine.Cascade property:[(null)] - 错误描述：done cascade NHibernate.Engine.CascadingAction+SaveUpdateCascadingAction for collection: QsTech.Accounts.Models.Accounts.Account.Clients
记录时间：2014-06-25 09:33:35,355 线程ID:[4] 日志级别：INFO  出错类：NHibernate.Engine.Cascade property:[(null)] - 错误描述：deleting orphans for collection: QsTech.Accounts.Models.Accounts.Account.Clients
记录时间：2014-06-25 09:33:35,355 线程ID:[4] 日志级别：INFO  出错类：NHibernate.Engine.Cascade property:[(null)] - 错误描述：done deleting orphans for collection: QsTech.Accounts.Models.Accounts.Account.Clients
记录时间：2014-06-25 09:33:35,355 线程ID:[4] 日志级别：INFO  出错类：NHibernate.Engine.Cascade property:[(null)] - 错误描述：done processing cascade NHibernate.Engine.CascadingAction+SaveUpdateCascadingAction for: QsTech.Accounts.Models.Accounts.Account
记录时间：2014-06-25 09:33:35,356 线程ID:[4] 日志级别：INFO  出错类：NHibernate.Engine.Cascade property:[(null)] - 错误描述：processing cascade NHibernate.Engine.CascadingAction+SaveUpdateCascadingAction for: QsTech.Accounts.Models.Accounts.Account
记录时间：2014-06-25 09:33:35,356 线程ID:[4] 日志级别：INFO  出错类：NHibernate.Engine.Cascade property:[(null)] - 错误描述：cascade NHibernate.Engine.CascadingAction+SaveUpdateCascadingAction for collection: QsTech.Accounts.Models.Accounts.Account.Clients
记录时间：2014-06-25 09:33:35,356 线程ID:[4] 日志级别：INFO  出错类：NHibernate.Engine.Cascade property:[(null)] - 错误描述：done cascade NHibernate.Engine.CascadingAction+SaveUpdateCascadingAction for collection: QsTech.Accounts.Models.Accounts.Account.Clients
记录时间：2014-06-25 09:33:35,356 线程ID:[4] 日志级别：INFO  出错类：NHibernate.Engine.Cascade property:[(null)] - 错误描述：deleting orphans for collection: QsTech.Accounts.Models.Accounts.Account.Clients
记录时间：2014-06-25 09:33:35,356 线程ID:[4] 日志级别：INFO  出错类：NHibernate.Engine.Cascade property:[(null)] - 错误描述：done deleting orphans for collection: QsTech.Accounts.Models.Accounts.Account.Clients
记录时间：2014-06-25 09:33:35,356 线程ID:[4] 日志级别：INFO  出错类：NHibernate.Engine.Cascade property:[(null)] - 错误描述：done processing cascade NHibernate.Engine.CascadingAction+SaveUpdateCascadingAction for: QsTech.Accounts.Models.Accounts.Account
记录时间：2014-06-25 09:33:35,356 线程ID:[4] 日志级别：INFO  出错类：NHibernate.Engine.Cascade property:[(null)] - 错误描述：processing cascade NHibernate.Engine.CascadingAction+SaveUpdateCascadingAction for: QsTech.Accounts.Models.Accounts.Account
记录时间：2014-06-25 09:33:35,356 线程ID:[4] 日志级别：INFO  出错类：NHibernate.Engine.Cascade property:[(null)] - 错误描述：cascade NHibernate.Engine.CascadingAction+SaveUpdateCascadingAction for collection: QsTech.Accounts.Models.Accounts.Account.Clients
记录时间：2014-06-25 09:33:35,356 线程ID:[4] 日志级别：INFO  出错类：NHibernate.Engine.Cascade property:[(null)] - 错误描述：done cascade NHibernate.Engine.CascadingAction+SaveUpdateCascadingAction for collection: QsTech.Accounts.Models.Accounts.Account.Clients
记录时间：2014-06-25 09:33:35,356 线程ID:[4] 日志级别：INFO  出错类：NHibernate.Engine.Cascade property:[(null)] - 错误描述：deleting orphans for collection: QsTech.Accounts.Models.Accounts.Account.Clients
记录时间：2014-06-25 09:33:35,356 线程ID:[4] 日志级别：INFO  出错类：NHibernate.Engine.Cascade property:[(null)] - 错误描述：done deleting orphans for collection: QsTech.Accounts.Models.Accounts.Account.Clients
记录时间：2014-06-25 09:33:35,356 线程ID:[4] 日志级别：INFO  出错类：NHibernate.Engine.Cascade property:[(null)] - 错误描述：done processing cascade NHibernate.Engine.CascadingAction+SaveUpdateCascadingAction for: QsTech.Accounts.Models.Accounts.Account
记录时间：2014-06-25 09:33:35,356 线程ID:[4] 日志级别：INFO  出错类：NHibernate.Engine.Cascade property:[(null)] - 错误描述：processing cascade NHibernate.Engine.CascadingAction+SaveUpdateCascadingAction for: QsTech.Accounts.Models.Accounts.Account
记录时间：2014-06-25 09:33:35,356 线程ID:[4] 日志级别：INFO  出错类：NHibernate.Engine.Cascade property:[(null)] - 错误描述：cascade NHibernate.Engine.CascadingAction+SaveUpdateCascadingAction for collection: QsTech.Accounts.Models.Accounts.Account.Clients
记录时间：2014-06-25 09:33:35,356 线程ID:[4] 日志级别：INFO  出错类：NHibernate.Engine.Cascade property:[(null)] - 错误描述：done cascade NHibernate.Engine.CascadingAction+SaveUpdateCascadingAction for collection: QsTech.Accounts.Models.Accounts.Account.Clients
记录时间：2014-06-25 09:33:35,356 线程ID:[4] 日志级别：INFO  出错类：NHibernate.Engine.Cascade property:[(null)] - 错误描述：deleting orphans for collection: QsTech.Accounts.Models.Accounts.Account.Clients
记录时间：2014-06-25 09:33:35,356 线程ID:[4] 日志级别：INFO  出错类：NHibernate.Engine.Cascade property:[(null)] - 错误描述：done deleting orphans for collection: QsTech.Accounts.Models.Accounts.Account.Clients
记录时间：2014-06-25 09:33:35,356 线程ID:[4] 日志级别：INFO  出错类：NHibernate.Engine.Cascade property:[(null)] - 错误描述：done processing cascade NHibernate.Engine.CascadingAction+SaveUpdateCascadingAction for: QsTech.Accounts.Models.Accounts.Account
记录时间：2014-06-25 09:33:35,356 线程ID:[4] 日志级别：INFO  出错类：NHibernate.Engine.Cascade property:[(null)] - 错误描述：processing cascade NHibernate.Engine.CascadingAction+SaveUpdateCascadingAction for: QsTech.Accounts.Models.Accounts.Account
记录时间：2014-06-25 09:33:35,356 线程ID:[4] 日志级别：INFO  出错类：NHibernate.Engine.Cascade property:[(null)] - 错误描述：cascade NHibernate.Engine.CascadingAction+SaveUpdateCascadingAction for collection: QsTech.Accounts.Models.Accounts.Account.Clients
记录时间：2014-06-25 09:33:35,356 线程ID:[4] 日志级别：INFO  出错类：NHibernate.Engine.Cascade property:[(null)] - 错误描述：done cascade NHibernate.Engine.CascadingAction+SaveUpdateCascadingAction for collection: QsTech.Accounts.Models.Accounts.Account.Clients
记录时间：2014-06-25 09:33:35,356 线程ID:[4] 日志级别：INFO  出错类：NHibernate.Engine.Cascade property:[(null)] - 错误描述：deleting orphans for collection: QsTech.Accounts.Models.Accounts.Account.Clients
记录时间：2014-06-25 09:33:35,356 线程ID:[4] 日志级别：INFO  出错类：NHibernate.Engine.Cascade property:[(null)] - 错误描述：done deleting orphans for collection: QsTech.Accounts.Models.Accounts.Account.Clients
记录时间：2014-06-25 09:33:35,356 线程ID:[4] 日志级别：INFO  出错类：NHibernate.Engine.Cascade property:[(null)] - 错误描述：done processing cascade NHibernate.Engine.CascadingAction+SaveUpdateCascadingAction for: QsTech.Accounts.Models.Accounts.Account
记录时间：2014-06-25 09:33:35,356 线程ID:[4] 日志级别：INFO  出错类：NHibernate.Engine.Cascade property:[(null)] - 错误描述：processing cascade NHibernate.Engine.CascadingAction+SaveUpdateCascadingAction for: QsTech.Accounts.Models.Accounts.Account
记录时间：2014-06-25 09:33:35,356 线程ID:[4] 日志级别：INFO  出错类：NHibernate.Engine.Cascade property:[(null)] - 错误描述：cascade NHibernate.Engine.CascadingAction+SaveUpdateCascadingAction for collection: QsTech.Accounts.Models.Accounts.Account.Clients
记录时间：2014-06-25 09:33:35,356 线程ID:[4] 日志级别：INFO  出错类：NHibernate.Engine.Cascade property:[(null)] - 错误描述：done cascade NHibernate.Engine.CascadingAction+SaveUpdateCascadingAction for collection: QsTech.Accounts.Models.Accounts.Account.Clients
记录时间：2014-06-25 09:33:35,356 线程ID:[4] 日志级别：INFO  出错类：NHibernate.Engine.Cascade property:[(null)] - 错误描述：deleting orphans for collection: QsTech.Accounts.Models.Accounts.Account.Clients
记录时间：2014-06-25 09:33:35,356 线程ID:[4] 日志级别：INFO  出错类：NHibernate.Engine.Cascade property:[(null)] - 错误描述：done deleting orphans for collection: QsTech.Accounts.Models.Accounts.Account.Clients
记录时间：2014-06-25 09:33:35,356 线程ID:[4] 日志级别：INFO  出错类：NHibernate.Engine.Cascade property:[(null)] - 错误描述：done processing cascade NHibernate.Engine.CascadingAction+SaveUpdateCascadingAction for: QsTech.Accounts.Models.Accounts.Account
记录时间：2014-06-25 09:33:35,356 线程ID:[4] 日志级别：INFO  出错类：NHibernate.Engine.Cascade property:[(null)] - 错误描述：processing cascade NHibernate.Engine.CascadingAction+SaveUpdateCascadingAction for: QsTech.Accounts.Models.Accounts.Account
记录时间：2014-06-25 09:33:35,356 线程ID:[4] 日志级别：INFO  出错类：NHibernate.Engine.Cascade property:[(null)] - 错误描述：cascade NHibernate.Engine.CascadingAction+SaveUpdateCascadingAction for collection: QsTech.Accounts.Models.Accounts.Account.Clients
记录时间：2014-06-25 09:33:35,356 线程ID:[4] 日志级别：INFO  出错类：NHibernate.Engine.Cascade property:[(null)] - 错误描述：done cascade NHibernate.Engine.CascadingAction+SaveUpdateCascadingAction for collection: QsTech.Accounts.Models.Accounts.Account.Clients
记录时间：2014-06-25 09:33:35,356 线程ID:[4] 日志级别：INFO  出错类：NHibernate.Engine.Cascade property:[(null)] - 错误描述：deleting orphans for collection: QsTech.Accounts.Models.Accounts.Account.Clients
记录时间：2014-06-25 09:33:35,356 线程ID:[4] 日志级别：INFO  出错类：NHibernate.Engine.Cascade property:[(null)] - 错误描述：done deleting orphans for collection: QsTech.Accounts.Models.Accounts.Account.Clients
记录时间：2014-06-25 09:33:35,356 线程ID:[4] 日志级别：INFO  出错类：NHibernate.Engine.Cascade property:[(null)] - 错误描述：done processing cascade NHibernate.Engine.CascadingAction+SaveUpdateCascadingAction for: QsTech.Accounts.Models.Accounts.Account
记录时间：2014-06-25 09:33:35,356 线程ID:[4] 日志级别：INFO  出错类：NHibernate.Engine.Cascade property:[(null)] - 错误描述：processing cascade NHibernate.Engine.CascadingAction+SaveUpdateCascadingAction for: QsTech.Accounts.Models.Accounts.Account
记录时间：2014-06-25 09:33:35,356 线程ID:[4] 日志级别：INFO  出错类：NHibernate.Engine.Cascade property:[(null)] - 错误描述：cascade NHibernate.Engine.CascadingAction+SaveUpdateCascadingAction for collection: QsTech.Accounts.Models.Accounts.Account.Clients
记录时间：2014-06-25 09:33:35,356 线程ID:[4] 日志级别：INFO  出错类：NHibernate.Engine.Cascade property:[(null)] - 错误描述：done cascade NHibernate.Engine.CascadingAction+SaveUpdateCascadingAction for collection: QsTech.Accounts.Models.Accounts.Account.Clients
记录时间：2014-06-25 09:33:35,356 线程ID:[4] 日志级别：INFO  出错类：NHibernate.Engine.Cascade property:[(null)] - 错误描述：deleting orphans for collection: QsTech.Accounts.Models.Accounts.Account.Clients
记录时间：2014-06-25 09:33:35,356 线程ID:[4] 日志级别：INFO  出错类：NHibernate.Engine.Cascade property:[(null)] - 错误描述：done deleting orphans for collection: QsTech.Accounts.Models.Accounts.Account.Clients
记录时间：2014-06-25 09:33:35,356 线程ID:[4] 日志级别：INFO  出错类：NHibernate.Engine.Cascade property:[(null)] - 错误描述：done processing cascade NHibernate.Engine.CascadingAction+SaveUpdateCascadingAction for: QsTech.Accounts.Models.Accounts.Account
记录时间：2014-06-25 09:33:35,356 线程ID:[4] 日志级别：INFO  出错类：NHibernate.Engine.Cascade property:[(null)] - 错误描述：processing cascade NHibernate.Engine.CascadingAction+SaveUpdateCascadingAction for: QsTech.Accounts.Models.Accounts.Account
记录时间：2014-06-25 09:33:35,356 线程ID:[4] 日志级别：INFO  出错类：NHibernate.Engine.Cascade property:[(null)] - 错误描述：cascade NHibernate.Engine.CascadingAction+SaveUpdateCascadingAction for collection: QsTech.Accounts.Models.Accounts.Account.Clients
记录时间：2014-06-25 09:33:35,356 线程ID:[4] 日志级别：INFO  出错类：NHibernate.Engine.Cascade property:[(null)] - 错误描述：done cascade NHibernate.Engine.CascadingAction+SaveUpdateCascadingAction for collection: QsTech.Accounts.Models.Accounts.Account.Clients
记录时间：2014-06-25 09:33:35,356 线程ID:[4] 日志级别：INFO  出错类：NHibernate.Engine.Cascade property:[(null)] - 错误描述：deleting orphans for collection: QsTech.Accounts.Models.Accounts.Account.Clients
记录时间：2014-06-25 09:33:35,356 线程ID:[4] 日志级别：INFO  出错类：NHibernate.Engine.Cascade property:[(null)] - 错误描述：done deleting orphans for collection: QsTech.Accounts.Models.Accounts.Account.Clients
记录时间：2014-06-25 09:33:35,356 线程ID:[4] 日志级别：INFO  出错类：NHibernate.Engine.Cascade property:[(null)] - 错误描述：done processing cascade NHibernate.Engine.CascadingAction+SaveUpdateCascadingAction for: QsTech.Accounts.Models.Accounts.Account
记录时间：2014-06-25 09:33:35,356 线程ID:[4] 日志级别：INFO  出错类：NHibernate.Engine.Cascade property:[(null)] - 错误描述：processing cascade NHibernate.Engine.CascadingAction+SaveUpdateCascadingAction for: QsTech.Accounts.Models.Accounts.Account
记录时间：2014-06-25 09:33:35,356 线程ID:[4] 日志级别：INFO  出错类：NHibernate.Engine.Cascade property:[(null)] - 错误描述：cascade NHibernate.Engine.CascadingAction+SaveUpdateCascadingAction for collection: QsTech.Accounts.Models.Accounts.Account.Clients
记录时间：2014-06-25 09:33:35,356 线程ID:[4] 日志级别：INFO  出错类：NHibernate.Engine.Cascade property:[(null)] - 错误描述：done cascade NHibernate.Engine.CascadingAction+SaveUpdateCascadingAction for collection: QsTech.Accounts.Models.Accounts.Account.Clients
记录时间：2014-06-25 09:33:35,356 线程ID:[4] 日志级别：INFO  出错类：NHibernate.Engine.Cascade property:[(null)] - 错误描述：deleting orphans for collection: QsTech.Accounts.Models.Accounts.Account.Clients
记录时间：2014-06-25 09:33:35,356 线程ID:[4] 日志级别：INFO  出错类：NHibernate.Engine.Cascade property:[(null)] - 错误描述：done deleting orphans for collection: QsTech.Accounts.Models.Accounts.Account.Clients
记录时间：2014-06-25 09:33:35,356 线程ID:[4] 日志级别：INFO  出错类：NHibernate.Engine.Cascade property:[(null)] - 错误描述：done processing cascade NHibernate.Engine.CascadingAction+SaveUpdateCascadingAction for: QsTech.Accounts.Models.Accounts.Account
记录时间：2014-06-25 09:33:35,356 线程ID:[4] 日志级别：INFO  出错类：NHibernate.Engine.Cascade property:[(null)] - 错误描述：processing cascade NHibernate.Engine.CascadingAction+SaveUpdateCascadingAction for: QsTech.Accounts.Models.Accounts.Account
记录时间：2014-06-25 09:33:35,356 线程ID:[4] 日志级别：INFO  出错类：NHibernate.Engine.Cascade property:[(null)] - 错误描述：cascade NHibernate.Engine.CascadingAction+SaveUpdateCascadingAction for collection: QsTech.Accounts.Models.Accounts.Account.Clients
记录时间：2014-06-25 09:33:35,356 线程ID:[4] 日志级别：INFO  出错类：NHibernate.Engine.Cascade property:[(null)] - 错误描述：done cascade NHibernate.Engine.CascadingAction+SaveUpdateCascadingAction for collection: QsTech.Accounts.Models.Accounts.Account.Clients
记录时间：2014-06-25 09:33:35,356 线程ID:[4] 日志级别：INFO  出错类：NHibernate.Engine.Cascade property:[(null)] - 错误描述：deleting orphans for collection: QsTech.Accounts.Models.Accounts.Account.Clients
记录时间：2014-06-25 09:33:35,356 线程ID:[4] 日志级别：INFO  出错类：NHibernate.Engine.Cascade property:[(null)] - 错误描述：done deleting orphans for collection: QsTech.Accounts.Models.Accounts.Account.Clients
记录时间：2014-06-25 09:33:35,356 线程ID:[4] 日志级别：INFO  出错类：NHibernate.Engine.Cascade property:[(null)] - 错误描述：done processing cascade NHibernate.Engine.CascadingAction+SaveUpdateCascadingAction for: QsTech.Accounts.Models.Accounts.Account
记录时间：2014-06-25 09:33:35,356 线程ID:[4] 日志级别：INFO  出错类：NHibernate.Engine.Cascade property:[(null)] - 错误描述：processing cascade NHibernate.Engine.CascadingAction+SaveUpdateCascadingAction for: QsTech.Accounts.Models.Accounts.Account
记录时间：2014-06-25 09:33:35,356 线程ID:[4] 日志级别：INFO  出错类：NHibernate.Engine.Cascade property:[(null)] - 错误描述：cascade NHibernate.Engine.CascadingAction+SaveUpdateCascadingAction for collection: QsTech.Accounts.Models.Accounts.Account.Clients
记录时间：2014-06-25 09:33:35,356 线程ID:[4] 日志级别：INFO  出错类：NHibernate.Engine.Cascade property:[(null)] - 错误描述：done cascade NHibernate.Engine.CascadingAction+SaveUpdateCascadingAction for collection: QsTech.Accounts.Models.Accounts.Account.Clients
记录时间：2014-06-25 09:33:35,356 线程ID:[4] 日志级别：INFO  出错类：NHibernate.Engine.Cascade property:[(null)] - 错误描述：deleting orphans for collection: QsTech.Accounts.Models.Accounts.Account.Clients
记录时间：2014-06-25 09:33:35,356 线程ID:[4] 日志级别：INFO  出错类：NHibernate.Engine.Cascade property:[(null)] - 错误描述：done deleting orphans for collection: QsTech.Accounts.Models.Accounts.Account.Clients
记录时间：2014-06-25 09:33:35,356 线程ID:[4] 日志级别：INFO  出错类：NHibernate.Engine.Cascade property:[(null)] - 错误描述：done processing cascade NHibernate.Engine.CascadingAction+SaveUpdateCascadingAction for: QsTech.Accounts.Models.Accounts.Account
记录时间：2014-06-25 09:33:35,356 线程ID:[4] 日志级别：INFO  出错类：NHibernate.Engine.Cascade property:[(null)] - 错误描述：processing cascade NHibernate.Engine.CascadingAction+SaveUpdateCascadingAction for: QsTech.Accounts.Models.Accounts.Account
记录时间：2014-06-25 09:33:35,356 线程ID:[4] 日志级别：INFO  出错类：NHibernate.Engine.Cascade property:[(null)] - 错误描述：cascade NHibernate.Engine.CascadingAction+SaveUpdateCascadingAction for collection: QsTech.Accounts.Models.Accounts.Account.Clients
记录时间：2014-06-25 09:33:35,356 线程ID:[4] 日志级别：INFO  出错类：NHibernate.Engine.Cascade property:[(null)] - 错误描述：done cascade NHibernate.Engine.CascadingAction+SaveUpdateCascadingAction for collection: QsTech.Accounts.Models.Accounts.Account.Clients
记录时间：2014-06-25 09:33:35,356 线程ID:[4] 日志级别：INFO  出错类：NHibernate.Engine.Cascade property:[(null)] - 错误描述：deleting orphans for collection: QsTech.Accounts.Models.Accounts.Account.Clients
记录时间：2014-06-25 09:33:35,356 线程ID:[4] 日志级别：INFO  出错类：NHibernate.Engine.Cascade property:[(null)] - 错误描述：done deleting orphans for collection: QsTech.Accounts.Models.Accounts.Account.Clients
记录时间：2014-06-25 09:33:35,356 线程ID:[4] 日志级别：INFO  出错类：NHibernate.Engine.Cascade property:[(null)] - 错误描述：done processing cascade NHibernate.Engine.CascadingAction+SaveUpdateCascadingAction for: QsTech.Accounts.Models.Accounts.Account
记录时间：2014-06-25 09:33:35,356 线程ID:[4] 日志级别：INFO  出错类：NHibernate.Engine.Cascade property:[(null)] - 错误描述：processing cascade NHibernate.Engine.CascadingAction+SaveUpdateCascadingAction for: QsTech.Accounts.Models.Accounts.Account
记录时间：2014-06-25 09:33:35,356 线程ID:[4] 日志级别：INFO  出错类：NHibernate.Engine.Cascade property:[(null)] - 错误描述：cascade NHibernate.Engine.CascadingAction+SaveUpdateCascadingAction for collection: QsTech.Accounts.Models.Accounts.Account.Clients
记录时间：2014-06-25 09:33:35,356 线程ID:[4] 日志级别：INFO  出错类：NHibernate.Engine.Cascade property:[(null)] - 错误描述：done cascade NHibernate.Engine.CascadingAction+SaveUpdateCascadingAction for collection: QsTech.Accounts.Models.Accounts.Account.Clients
记录时间：2014-06-25 09:33:35,356 线程ID:[4] 日志级别：INFO  出错类：NHibernate.Engine.Cascade property:[(null)] - 错误描述：deleting orphans for collection: QsTech.Accounts.Models.Accounts.Account.Clients
记录时间：2014-06-25 09:33:35,356 线程ID:[4] 日志级别：INFO  出错类：NHibernate.Engine.Cascade property:[(null)] - 错误描述：done deleting orphans for collection: QsTech.Accounts.Models.Accounts.Account.Clients
记录时间：2014-06-25 09:33:35,356 线程ID:[4] 日志级别：INFO  出错类：NHibernate.Engine.Cascade property:[(null)] - 错误描述：done processing cascade NHibernate.Engine.CascadingAction+SaveUpdateCascadingAction for: QsTech.Accounts.Models.Accounts.Account
记录时间：2014-06-25 09:33:35,356 线程ID:[4] 日志级别：INFO  出错类：NHibernate.Engine.Cascade property:[(null)] - 错误描述：processing cascade NHibernate.Engine.CascadingAction+SaveUpdateCascadingAction for: QsTech.Accounts.Models.Accounts.Account
记录时间：2014-06-25 09:33:35,356 线程ID:[4] 日志级别：INFO  出错类：NHibernate.Engine.Cascade property:[(null)] - 错误描述：cascade NHibernate.Engine.CascadingAction+SaveUpdateCascadingAction for collection: QsTech.Accounts.Models.Accounts.Account.Clients
记录时间：2014-06-25 09:33:35,356 线程ID:[4] 日志级别：INFO  出错类：NHibernate.Engine.Cascade property:[(null)] - 错误描述：done cascade NHibernate.Engine.CascadingAction+SaveUpdateCascadingAction for collection: QsTech.Accounts.Models.Accounts.Account.Clients
记录时间：2014-06-25 09:33:35,356 线程ID:[4] 日志级别：INFO  出错类：NHibernate.Engine.Cascade property:[(null)] - 错误描述：deleting orphans for collection: QsTech.Accounts.Models.Accounts.Account.Clients
记录时间：2014-06-25 09:33:35,356 线程ID:[4] 日志级别：INFO  出错类：NHibernate.Engine.Cascade property:[(null)] - 错误描述：done deleting orphans for collection: QsTech.Accounts.Models.Accounts.Account.Clients
记录时间：2014-06-25 09:33:35,356 线程ID:[4] 日志级别：INFO  出错类：NHibernate.Engine.Cascade property:[(null)] - 错误描述：done processing cascade NHibernate.Engine.CascadingAction+SaveUpdateCascadingAction for: QsTech.Accounts.Models.Accounts.Account
记录时间：2014-06-25 09:33:35,356 线程ID:[4] 日志级别：INFO  出错类：NHibernate.Engine.Cascade property:[(null)] - 错误描述：processing cascade NHibernate.Engine.CascadingAction+SaveUpdateCascadingAction for: QsTech.Accounts.Models.Accounts.Account
记录时间：2014-06-25 09:33:35,356 线程ID:[4] 日志级别：INFO  出错类：NHibernate.Engine.Cascade property:[(null)] - 错误描述：cascade NHibernate.Engine.CascadingAction+SaveUpdateCascadingAction for collection: QsTech.Accounts.Models.Accounts.Account.Clients
记录时间：2014-06-25 09:33:35,356 线程ID:[4] 日志级别：INFO  出错类：NHibernate.Engine.Cascade property:[(null)] - 错误描述：done cascade NHibernate.Engine.CascadingAction+SaveUpdateCascadingAction for collection: QsTech.Accounts.Models.Accounts.Account.Clients
记录时间：2014-06-25 09:33:35,356 线程ID:[4] 日志级别：INFO  出错类：NHibernate.Engine.Cascade property:[(null)] - 错误描述：deleting orphans for collection: QsTech.Accounts.Models.Accounts.Account.Clients
记录时间：2014-06-25 09:33:35,356 线程ID:[4] 日志级别：INFO  出错类：NHibernate.Engine.Cascade property:[(null)] - 错误描述：done deleting orphans for collection: QsTech.Accounts.Models.Accounts.Account.Clients
记录时间：2014-06-25 09:33:35,356 线程ID:[4] 日志级别：INFO  出错类：NHibernate.Engine.Cascade property:[(null)] - 错误描述：done processing cascade NHibernate.Engine.CascadingAction+SaveUpdateCascadingAction for: QsTech.Accounts.Models.Accounts.Account
记录时间：2014-06-25 09:33:35,356 线程ID:[4] 日志级别：INFO  出错类：NHibernate.Engine.Cascade property:[(null)] - 错误描述：processing cascade NHibernate.Engine.CascadingAction+SaveUpdateCascadingAction for: QsTech.Accounts.Models.Accounts.Account
记录时间：2014-06-25 09:33:35,356 线程ID:[4] 日志级别：INFO  出错类：NHibernate.Engine.Cascade property:[(null)] - 错误描述：cascade NHibernate.Engine.CascadingAction+SaveUpdateCascadingAction for collection: QsTech.Accounts.Models.Accounts.Account.Clients
记录时间：2014-06-25 09:33:35,356 线程ID:[4] 日志级别：INFO  出错类：NHibernate.Engine.Cascade property:[(null)] - 错误描述：done cascade NHibernate.Engine.CascadingAction+SaveUpdateCascadingAction for collection: QsTech.Accounts.Models.Accounts.Account.Clients
记录时间：2014-06-25 09:33:35,356 线程ID:[4] 日志级别：INFO  出错类：NHibernate.Engine.Cascade property:[(null)] - 错误描述：deleting orphans for collection: QsTech.Accounts.Models.Accounts.Account.Clients
记录时间：2014-06-25 09:33:35,356 线程ID:[4] 日志级别：INFO  出错类：NHibernate.Engine.Cascade property:[(null)] - 错误描述：done deleting orphans for collection: QsTech.Accounts.Models.Accounts.Account.Clients
记录时间：2014-06-25 09:33:35,356 线程ID:[4] 日志级别：INFO  出错类：NHibernate.Engine.Cascade property:[(null)] - 错误描述：done processing cascade NHibernate.Engine.CascadingAction+SaveUpdateCascadingAction for: QsTech.Accounts.Models.Accounts.Account
记录时间：2014-06-25 09:33:35,356 线程ID:[4] 日志级别：INFO  出错类：NHibernate.Engine.Cascade property:[(null)] - 错误描述：processing cascade NHibernate.Engine.CascadingAction+SaveUpdateCascadingAction for: QsTech.Accounts.Models.Accounts.Account
记录时间：2014-06-25 09:33:35,356 线程ID:[4] 日志级别：INFO  出错类：NHibernate.Engine.Cascade property:[(null)] - 错误描述：cascade NHibernate.Engine.CascadingAction+SaveUpdateCascadingAction for collection: QsTech.Accounts.Models.Accounts.Account.Clients
记录时间：2014-06-25 09:33:35,356 线程ID:[4] 日志级别：INFO  出错类：NHibernate.Engine.Cascade property:[(null)] - 错误描述：done cascade NHibernate.Engine.CascadingAction+SaveUpdateCascadingAction for collection: QsTech.Accounts.Models.Accounts.Account.Clients
记录时间：2014-06-25 09:33:35,356 线程ID:[4] 日志级别：INFO  出错类：NHibernate.Engine.Cascade property:[(null)] - 错误描述：deleting orphans for collection: QsTech.Accounts.Models.Accounts.Account.Clients
记录时间：2014-06-25 09:33:35,356 线程ID:[4] 日志级别：INFO  出错类：NHibernate.Engine.Cascade property:[(null)] - 错误描述：done deleting orphans for collection: QsTech.Accounts.Models.Accounts.Account.Clients
记录时间：2014-06-25 09:33:35,356 线程ID:[4] 日志级别：INFO  出错类：NHibernate.Engine.Cascade property:[(null)] - 错误描述：done processing cascade NHibernate.Engine.CascadingAction+SaveUpdateCascadingAction for: QsTech.Accounts.Models.Accounts.Account
记录时间：2014-06-25 09:33:35,356 线程ID:[4] 日志级别：INFO  出错类：NHibernate.Engine.Cascade property:[(null)] - 错误描述：processing cascade NHibernate.Engine.CascadingAction+SaveUpdateCascadingAction for: QsTech.Accounts.Models.Accounts.Account
记录时间：2014-06-25 09:33:35,356 线程ID:[4] 日志级别：INFO  出错类：NHibernate.Engine.Cascade property:[(null)] - 错误描述：cascade NHibernate.Engine.CascadingAction+SaveUpdateCascadingAction for collection: QsTech.Accounts.Models.Accounts.Account.Clients
记录时间：2014-06-25 09:33:35,356 线程ID:[4] 日志级别：INFO  出错类：NHibernate.Engine.Cascade property:[(null)] - 错误描述：done cascade NHibernate.Engine.CascadingAction+SaveUpdateCascadingAction for collection: QsTech.Accounts.Models.Accounts.Account.Clients
记录时间：2014-06-25 09:33:35,356 线程ID:[4] 日志级别：INFO  出错类：NHibernate.Engine.Cascade property:[(null)] - 错误描述：deleting orphans for collection: QsTech.Accounts.Models.Accounts.Account.Clients
记录时间：2014-06-25 09:33:35,356 线程ID:[4] 日志级别：INFO  出错类：NHibernate.Engine.Cascade property:[(null)] - 错误描述：done deleting orphans for collection: QsTech.Accounts.Models.Accounts.Account.Clients
记录时间：2014-06-25 09:33:35,356 线程ID:[4] 日志级别：INFO  出错类：NHibernate.Engine.Cascade property:[(null)] - 错误描述：done processing cascade NHibernate.Engine.CascadingAction+SaveUpdateCascadingAction for: QsTech.Accounts.Models.Accounts.Account
记录时间：2014-06-25 09:33:35,356 线程ID:[4] 日志级别：INFO  出错类：NHibernate.Engine.Cascade property:[(null)] - 错误描述：processing cascade NHibernate.Engine.CascadingAction+SaveUpdateCascadingAction for: QsTech.Accounts.Models.Accounts.Account
记录时间：2014-06-25 09:33:35,356 线程ID:[4] 日志级别：INFO  出错类：NHibernate.Engine.Cascade property:[(null)] - 错误描述：cascade NHibernate.Engine.CascadingAction+SaveUpdateCascadingAction for collection: QsTech.Accounts.Models.Accounts.Account.Clients
记录时间：2014-06-25 09:33:35,357 线程ID:[4] 日志级别：INFO  出错类：NHibernate.Engine.Cascade property:[(null)] - 错误描述：done cascade NHibernate.Engine.CascadingAction+SaveUpdateCascadingAction for collection: QsTech.Accounts.Models.Accounts.Account.Clients
记录时间：2014-06-25 09:33:35,357 线程ID:[4] 日志级别：INFO  出错类：NHibernate.Engine.Cascade property:[(null)] - 错误描述：deleting orphans for collection: QsTech.Accounts.Models.Accounts.Account.Clients
记录时间：2014-06-25 09:33:35,357 线程ID:[4] 日志级别：INFO  出错类：NHibernate.Engine.Cascade property:[(null)] - 错误描述：done deleting orphans for collection: QsTech.Accounts.Models.Accounts.Account.Clients
记录时间：2014-06-25 09:33:35,357 线程ID:[4] 日志级别：INFO  出错类：NHibernate.Engine.Cascade property:[(null)] - 错误描述：done processing cascade NHibernate.Engine.CascadingAction+SaveUpdateCascadingAction for: QsTech.Accounts.Models.Accounts.Account
记录时间：2014-06-25 09:33:35,357 线程ID:[4] 日志级别：INFO  出错类：NHibernate.Engine.Cascade property:[(null)] - 错误描述：processing cascade NHibernate.Engine.CascadingAction+SaveUpdateCascadingAction for: QsTech.Accounts.Models.Accounts.Account
记录时间：2014-06-25 09:33:35,357 线程ID:[4] 日志级别：INFO  出错类：NHibernate.Engine.Cascade property:[(null)] - 错误描述：cascade NHibernate.Engine.CascadingAction+SaveUpdateCascadingAction for collection: QsTech.Accounts.Models.Accounts.Account.Clients
记录时间：2014-06-25 09:33:35,357 线程ID:[4] 日志级别：INFO  出错类：NHibernate.Engine.Cascade property:[(null)] - 错误描述：done cascade NHibernate.Engine.CascadingAction+SaveUpdateCascadingAction for collection: QsTech.Accounts.Models.Accounts.Account.Clients
记录时间：2014-06-25 09:33:35,357 线程ID:[4] 日志级别：INFO  出错类：NHibernate.Engine.Cascade property:[(null)] - 错误描述：deleting orphans for collection: QsTech.Accounts.Models.Accounts.Account.Clients
记录时间：2014-06-25 09:33:35,357 线程ID:[4] 日志级别：INFO  出错类：NHibernate.Engine.Cascade property:[(null)] - 错误描述：done deleting orphans for collection: QsTech.Accounts.Models.Accounts.Account.Clients
记录时间：2014-06-25 09:33:35,357 线程ID:[4] 日志级别：INFO  出错类：NHibernate.Engine.Cascade property:[(null)] - 错误描述：done processing cascade NHibernate.Engine.CascadingAction+SaveUpdateCascadingAction for: QsTech.Accounts.Models.Accounts.Account
记录时间：2014-06-25 09:33:35,357 线程ID:[4] 日志级别：INFO  出错类：NHibernate.Engine.Cascade property:[(null)] - 错误描述：processing cascade NHibernate.Engine.CascadingAction+SaveUpdateCascadingAction for: QsTech.Accounts.Models.Accounts.Account
记录时间：2014-06-25 09:33:35,357 线程ID:[4] 日志级别：INFO  出错类：NHibernate.Engine.Cascade property:[(null)] - 错误描述：cascade NHibernate.Engine.CascadingAction+SaveUpdateCascadingAction for collection: QsTech.Accounts.Models.Accounts.Account.Clients
记录时间：2014-06-25 09:33:35,357 线程ID:[4] 日志级别：INFO  出错类：NHibernate.Engine.Cascade property:[(null)] - 错误描述：done cascade NHibernate.Engine.CascadingAction+SaveUpdateCascadingAction for collection: QsTech.Accounts.Models.Accounts.Account.Clients
记录时间：2014-06-25 09:33:35,357 线程ID:[4] 日志级别：INFO  出错类：NHibernate.Engine.Cascade property:[(null)] - 错误描述：deleting orphans for collection: QsTech.Accounts.Models.Accounts.Account.Clients
记录时间：2014-06-25 09:33:35,357 线程ID:[4] 日志级别：INFO  出错类：NHibernate.Engine.Cascade property:[(null)] - 错误描述：done deleting orphans for collection: QsTech.Accounts.Models.Accounts.Account.Clients
记录时间：2014-06-25 09:33:35,357 线程ID:[4] 日志级别：INFO  出错类：NHibernate.Engine.Cascade property:[(null)] - 错误描述：done processing cascade NHibernate.Engine.CascadingAction+SaveUpdateCascadingAction for: QsTech.Accounts.Models.Accounts.Account
记录时间：2014-06-25 09:33:35,357 线程ID:[4] 日志级别：INFO  出错类：NHibernate.Engine.Cascade property:[(null)] - 错误描述：processing cascade NHibernate.Engine.CascadingAction+SaveUpdateCascadingAction for: QsTech.Accounts.Models.Accounts.Account
记录时间：2014-06-25 09:33:35,357 线程ID:[4] 日志级别：INFO  出错类：NHibernate.Engine.Cascade property:[(null)] - 错误描述：cascade NHibernate.Engine.CascadingAction+SaveUpdateCascadingAction for collection: QsTech.Accounts.Models.Accounts.Account.Clients
记录时间：2014-06-25 09:33:35,357 线程ID:[4] 日志级别：INFO  出错类：NHibernate.Engine.Cascade property:[(null)] - 错误描述：done cascade NHibernate.Engine.CascadingAction+SaveUpdateCascadingAction for collection: QsTech.Accounts.Models.Accounts.Account.Clients
记录时间：2014-06-25 09:33:35,357 线程ID:[4] 日志级别：INFO  出错类：NHibernate.Engine.Cascade property:[(null)] - 错误描述：deleting orphans for collection: QsTech.Accounts.Models.Accounts.Account.Clients
记录时间：2014-06-25 09:33:35,357 线程ID:[4] 日志级别：INFO  出错类：NHibernate.Engine.Cascade property:[(null)] - 错误描述：done deleting orphans for collection: QsTech.Accounts.Models.Accounts.Account.Clients
记录时间：2014-06-25 09:33:35,357 线程ID:[4] 日志级别：INFO  出错类：NHibernate.Engine.Cascade property:[(null)] - 错误描述：done processing cascade NHibernate.Engine.CascadingAction+SaveUpdateCascadingAction for: QsTech.Accounts.Models.Accounts.Account
记录时间：2014-06-25 09:33:35,357 线程ID:[4] 日志级别：INFO  出错类：NHibernate.Engine.Cascade property:[(null)] - 错误描述：processing cascade NHibernate.Engine.CascadingAction+SaveUpdateCascadingAction for: QsTech.Accounts.Models.Accounts.Account
记录时间：2014-06-25 09:33:35,357 线程ID:[4] 日志级别：INFO  出错类：NHibernate.Engine.Cascade property:[(null)] - 错误描述：cascade NHibernate.Engine.CascadingAction+SaveUpdateCascadingAction for collection: QsTech.Accounts.Models.Accounts.Account.Clients
记录时间：2014-06-25 09:33:35,357 线程ID:[4] 日志级别：INFO  出错类：NHibernate.Engine.Cascade property:[(null)] - 错误描述：done cascade NHibernate.Engine.CascadingAction+SaveUpdateCascadingAction for collection: QsTech.Accounts.Models.Accounts.Account.Clients
记录时间：2014-06-25 09:33:35,357 线程ID:[4] 日志级别：INFO  出错类：NHibernate.Engine.Cascade property:[(null)] - 错误描述：deleting orphans for collection: QsTech.Accounts.Models.Accounts.Account.Clients
记录时间：2014-06-25 09:33:35,357 线程ID:[4] 日志级别：INFO  出错类：NHibernate.Engine.Cascade property:[(null)] - 错误描述：done deleting orphans for collection: QsTech.Accounts.Models.Accounts.Account.Clients
记录时间：2014-06-25 09:33:35,357 线程ID:[4] 日志级别：INFO  出错类：NHibernate.Engine.Cascade property:[(null)] - 错误描述：done processing cascade NHibernate.Engine.CascadingAction+SaveUpdateCascadingAction for: QsTech.Accounts.Models.Accounts.Account
记录时间：2014-06-25 09:33:35,357 线程ID:[4] 日志级别：INFO  出错类：NHibernate.Engine.Cascade property:[(null)] - 错误描述：processing cascade NHibernate.Engine.CascadingAction+SaveUpdateCascadingAction for: QsTech.Accounts.Models.Accounts.Account
记录时间：2014-06-25 09:33:35,357 线程ID:[4] 日志级别：INFO  出错类：NHibernate.Engine.Cascade property:[(null)] - 错误描述：cascade NHibernate.Engine.CascadingAction+SaveUpdateCascadingAction for collection: QsTech.Accounts.Models.Accounts.Account.Clients
记录时间：2014-06-25 09:33:35,357 线程ID:[4] 日志级别：INFO  出错类：NHibernate.Engine.Cascade property:[(null)] - 错误描述：done cascade NHibernate.Engine.CascadingAction+SaveUpdateCascadingAction for collection: QsTech.Accounts.Models.Accounts.Account.Clients
记录时间：2014-06-25 09:33:35,357 线程ID:[4] 日志级别：INFO  出错类：NHibernate.Engine.Cascade property:[(null)] - 错误描述：deleting orphans for collection: QsTech.Accounts.Models.Accounts.Account.Clients
记录时间：2014-06-25 09:33:35,357 线程ID:[4] 日志级别：INFO  出错类：NHibernate.Engine.Cascade property:[(null)] - 错误描述：done deleting orphans for collection: QsTech.Accounts.Models.Accounts.Account.Clients
记录时间：2014-06-25 09:33:35,357 线程ID:[4] 日志级别：INFO  出错类：NHibernate.Engine.Cascade property:[(null)] - 错误描述：done processing cascade NHibernate.Engine.CascadingAction+SaveUpdateCascadingAction for: QsTech.Accounts.Models.Accounts.Account
记录时间：2014-06-25 09:33:35,357 线程ID:[4] 日志级别：INFO  出错类：NHibernate.Engine.Cascade property:[(null)] - 错误描述：processing cascade NHibernate.Engine.CascadingAction+SaveUpdateCascadingAction for: QsTech.Accounts.Models.Accounts.Account
记录时间：2014-06-25 09:33:35,357 线程ID:[4] 日志级别：INFO  出错类：NHibernate.Engine.Cascade property:[(null)] - 错误描述：cascade NHibernate.Engine.CascadingAction+SaveUpdateCascadingAction for collection: QsTech.Accounts.Models.Accounts.Account.Clients
记录时间：2014-06-25 09:33:35,357 线程ID:[4] 日志级别：INFO  出错类：NHibernate.Engine.Cascade property:[(null)] - 错误描述：done cascade NHibernate.Engine.CascadingAction+SaveUpdateCascadingAction for collection: QsTech.Accounts.Models.Accounts.Account.Clients
记录时间：2014-06-25 09:33:35,357 线程ID:[4] 日志级别：INFO  出错类：NHibernate.Engine.Cascade property:[(null)] - 错误描述：deleting orphans for collection: QsTech.Accounts.Models.Accounts.Account.Clients
记录时间：2014-06-25 09:33:35,357 线程ID:[4] 日志级别：INFO  出错类：NHibernate.Engine.Cascade property:[(null)] - 错误描述：done deleting orphans for collection: QsTech.Accounts.Models.Accounts.Account.Clients
记录时间：2014-06-25 09:33:35,357 线程ID:[4] 日志级别：INFO  出错类：NHibernate.Engine.Cascade property:[(null)] - 错误描述：done processing cascade NHibernate.Engine.CascadingAction+SaveUpdateCascadingAction for: QsTech.Accounts.Models.Accounts.Account
记录时间：2014-06-25 09:33:35,357 线程ID:[4] 日志级别：INFO  出错类：NHibernate.Engine.Cascade property:[(null)] - 错误描述：processing cascade NHibernate.Engine.CascadingAction+SaveUpdateCascadingAction for: QsTech.Accounts.Models.Accounts.Account
记录时间：2014-06-25 09:33:35,357 线程ID:[4] 日志级别：INFO  出错类：NHibernate.Engine.Cascade property:[(null)] - 错误描述：cascade NHibernate.Engine.CascadingAction+SaveUpdateCascadingAction for collection: QsTech.Accounts.Models.Accounts.Account.Clients
记录时间：2014-06-25 09:33:35,357 线程ID:[4] 日志级别：INFO  出错类：NHibernate.Engine.Cascade property:[(null)] - 错误描述：done cascade NHibernate.Engine.CascadingAction+SaveUpdateCascadingAction for collection: QsTech.Accounts.Models.Accounts.Account.Clients
记录时间：2014-06-25 09:33:35,357 线程ID:[4] 日志级别：INFO  出错类：NHibernate.Engine.Cascade property:[(null)] - 错误描述：deleting orphans for collection: QsTech.Accounts.Models.Accounts.Account.Clients
记录时间：2014-06-25 09:33:35,357 线程ID:[4] 日志级别：INFO  出错类：NHibernate.Engine.Cascade property:[(null)] - 错误描述：done deleting orphans for collection: QsTech.Accounts.Models.Accounts.Account.Clients
记录时间：2014-06-25 09:33:35,357 线程ID:[4] 日志级别：INFO  出错类：NHibernate.Engine.Cascade property:[(null)] - 错误描述：done processing cascade NHibernate.Engine.CascadingAction+SaveUpdateCascadingAction for: QsTech.Accounts.Models.Accounts.Account
记录时间：2014-06-25 09:33:35,357 线程ID:[4] 日志级别：INFO  出错类：NHibernate.Engine.Cascade property:[(null)] - 错误描述：processing cascade NHibernate.Engine.CascadingAction+SaveUpdateCascadingAction for: QsTech.Accounts.Models.Accounts.Account
记录时间：2014-06-25 09:33:35,357 线程ID:[4] 日志级别：INFO  出错类：NHibernate.Engine.Cascade property:[(null)] - 错误描述：cascade NHibernate.Engine.CascadingAction+SaveUpdateCascadingAction for collection: QsTech.Accounts.Models.Accounts.Account.Clients
记录时间：2014-06-25 09:33:35,357 线程ID:[4] 日志级别：INFO  出错类：NHibernate.Engine.Cascade property:[(null)] - 错误描述：done cascade NHibernate.Engine.CascadingAction+SaveUpdateCascadingAction for collection: QsTech.Accounts.Models.Accounts.Account.Clients
记录时间：2014-06-25 09:33:35,357 线程ID:[4] 日志级别：INFO  出错类：NHibernate.Engine.Cascade property:[(null)] - 错误描述：deleting orphans for collection: QsTech.Accounts.Models.Accounts.Account.Clients
记录时间：2014-06-25 09:33:35,357 线程ID:[4] 日志级别：INFO  出错类：NHibernate.Engine.Cascade property:[(null)] - 错误描述：done deleting orphans for collection: QsTech.Accounts.Models.Accounts.Account.Clients
记录时间：2014-06-25 09:33:35,357 线程ID:[4] 日志级别：INFO  出错类：NHibernate.Engine.Cascade property:[(null)] - 错误描述：done processing cascade NHibernate.Engine.CascadingAction+SaveUpdateCascadingAction for: QsTech.Accounts.Models.Accounts.Account
记录时间：2014-06-25 09:33:35,357 线程ID:[4] 日志级别：INFO  出错类：NHibernate.Engine.Cascade property:[(null)] - 错误描述：processing cascade NHibernate.Engine.CascadingAction+SaveUpdateCascadingAction for: QsTech.Accounts.Models.Accounts.Account
记录时间：2014-06-25 09:33:35,357 线程ID:[4] 日志级别：INFO  出错类：NHibernate.Engine.Cascade property:[(null)] - 错误描述：cascade NHibernate.Engine.CascadingAction+SaveUpdateCascadingAction for collection: QsTech.Accounts.Models.Accounts.Account.Clients
记录时间：2014-06-25 09:33:35,357 线程ID:[4] 日志级别：INFO  出错类：NHibernate.Engine.Cascade property:[(null)] - 错误描述：done cascade NHibernate.Engine.CascadingAction+SaveUpdateCascadingAction for collection: QsTech.Accounts.Models.Accounts.Account.Clients
记录时间：2014-06-25 09:33:35,357 线程ID:[4] 日志级别：INFO  出错类：NHibernate.Engine.Cascade property:[(null)] - 错误描述：deleting orphans for collection: QsTech.Accounts.Models.Accounts.Account.Clients
记录时间：2014-06-25 09:33:35,357 线程ID:[4] 日志级别：INFO  出错类：NHibernate.Engine.Cascade property:[(null)] - 错误描述：done deleting orphans for collection: QsTech.Accounts.Models.Accounts.Account.Clients
记录时间：2014-06-25 09:33:35,357 线程ID:[4] 日志级别：INFO  出错类：NHibernate.Engine.Cascade property:[(null)] - 错误描述：done processing cascade NHibernate.Engine.CascadingAction+SaveUpdateCascadingAction for: QsTech.Accounts.Models.Accounts.Account
记录时间：2014-06-25 09:33:35,357 线程ID:[4] 日志级别：INFO  出错类：NHibernate.Engine.Cascade property:[(null)] - 错误描述：processing cascade NHibernate.Engine.CascadingAction+SaveUpdateCascadingAction for: QsTech.Accounts.Models.Accounts.Account
记录时间：2014-06-25 09:33:35,357 线程ID:[4] 日志级别：INFO  出错类：NHibernate.Engine.Cascade property:[(null)] - 错误描述：cascade NHibernate.Engine.CascadingAction+SaveUpdateCascadingAction for collection: QsTech.Accounts.Models.Accounts.Account.Clients
记录时间：2014-06-25 09:33:35,357 线程ID:[4] 日志级别：INFO  出错类：NHibernate.Engine.Cascade property:[(null)] - 错误描述：done cascade NHibernate.Engine.CascadingAction+SaveUpdateCascadingAction for collection: QsTech.Accounts.Models.Accounts.Account.Clients
记录时间：2014-06-25 09:33:35,357 线程ID:[4] 日志级别：INFO  出错类：NHibernate.Engine.Cascade property:[(null)] - 错误描述：deleting orphans for collection: QsTech.Accounts.Models.Accounts.Account.Clients
记录时间：2014-06-25 09:33:35,357 线程ID:[4] 日志级别：INFO  出错类：NHibernate.Engine.Cascade property:[(null)] - 错误描述：done deleting orphans for collection: QsTech.Accounts.Models.Accounts.Account.Clients
记录时间：2014-06-25 09:33:35,357 线程ID:[4] 日志级别：INFO  出错类：NHibernate.Engine.Cascade property:[(null)] - 错误描述：done processing cascade NHibernate.Engine.CascadingAction+SaveUpdateCascadingAction for: QsTech.Accounts.Models.Accounts.Account
记录时间：2014-06-25 09:33:35,357 线程ID:[4] 日志级别：INFO  出错类：NHibernate.Engine.Cascade property:[(null)] - 错误描述：processing cascade NHibernate.Engine.CascadingAction+SaveUpdateCascadingAction for: QsTech.Accounts.Models.Accounts.Account
记录时间：2014-06-25 09:33:35,358 线程ID:[4] 日志级别：INFO  出错类：NHibernate.Engine.Cascade property:[(null)] - 错误描述：cascade NHibernate.Engine.CascadingAction+SaveUpdateCascadingAction for collection: QsTech.Accounts.Models.Accounts.Account.Clients
记录时间：2014-06-25 09:33:35,358 线程ID:[4] 日志级别：INFO  出错类：NHibernate.Engine.Cascade property:[(null)] - 错误描述：done cascade NHibernate.Engine.CascadingAction+SaveUpdateCascadingAction for collection: QsTech.Accounts.Models.Accounts.Account.Clients
记录时间：2014-06-25 09:33:35,358 线程ID:[4] 日志级别：INFO  出错类：NHibernate.Engine.Cascade property:[(null)] - 错误描述：deleting orphans for collection: QsTech.Accounts.Models.Accounts.Account.Clients
记录时间：2014-06-25 09:33:35,358 线程ID:[4] 日志级别：INFO  出错类：NHibernate.Engine.Cascade property:[(null)] - 错误描述：done deleting orphans for collection: QsTech.Accounts.Models.Accounts.Account.Clients
记录时间：2014-06-25 09:33:35,358 线程ID:[4] 日志级别：INFO  出错类：NHibernate.Engine.Cascade property:[(null)] - 错误描述：done processing cascade NHibernate.Engine.CascadingAction+SaveUpdateCascadingAction for: QsTech.Accounts.Models.Accounts.Account
记录时间：2014-06-25 09:33:35,358 线程ID:[4] 日志级别：INFO  出错类：NHibernate.Engine.Cascade property:[(null)] - 错误描述：processing cascade NHibernate.Engine.CascadingAction+SaveUpdateCascadingAction for: QsTech.Accounts.Models.Accounts.Account
记录时间：2014-06-25 09:33:35,358 线程ID:[4] 日志级别：INFO  出错类：NHibernate.Engine.Cascade property:[(null)] - 错误描述：cascade NHibernate.Engine.CascadingAction+SaveUpdateCascadingAction for collection: QsTech.Accounts.Models.Accounts.Account.Clients
记录时间：2014-06-25 09:33:35,358 线程ID:[4] 日志级别：INFO  出错类：NHibernate.Engine.Cascade property:[(null)] - 错误描述：done cascade NHibernate.Engine.CascadingAction+SaveUpdateCascadingAction for collection: QsTech.Accounts.Models.Accounts.Account.Clients
记录时间：2014-06-25 09:33:35,358 线程ID:[4] 日志级别：INFO  出错类：NHibernate.Engine.Cascade property:[(null)] - 错误描述：deleting orphans for collection: QsTech.Accounts.Models.Accounts.Account.Clients
记录时间：2014-06-25 09:33:35,358 线程ID:[4] 日志级别：INFO  出错类：NHibernate.Engine.Cascade property:[(null)] - 错误描述：done deleting orphans for collection: QsTech.Accounts.Models.Accounts.Account.Clients
记录时间：2014-06-25 09:33:35,358 线程ID:[4] 日志级别：INFO  出错类：NHibernate.Engine.Cascade property:[(null)] - 错误描述：done processing cascade NHibernate.Engine.CascadingAction+SaveUpdateCascadingAction for: QsTech.Accounts.Models.Accounts.Account
记录时间：2014-06-25 09:33:35,358 线程ID:[4] 日志级别：INFO  出错类：NHibernate.Engine.Cascade property:[(null)] - 错误描述：processing cascade NHibernate.Engine.CascadingAction+SaveUpdateCascadingAction for: QsTech.Accounts.Models.Accounts.Account
记录时间：2014-06-25 09:33:35,358 线程ID:[4] 日志级别：INFO  出错类：NHibernate.Engine.Cascade property:[(null)] - 错误描述：cascade NHibernate.Engine.CascadingAction+SaveUpdateCascadingAction for collection: QsTech.Accounts.Models.Accounts.Account.Clients
记录时间：2014-06-25 09:33:35,358 线程ID:[4] 日志级别：INFO  出错类：NHibernate.Engine.Cascade property:[(null)] - 错误描述：done cascade NHibernate.Engine.CascadingAction+SaveUpdateCascadingAction for collection: QsTech.Accounts.Models.Accounts.Account.Clients
记录时间：2014-06-25 09:33:35,358 线程ID:[4] 日志级别：INFO  出错类：NHibernate.Engine.Cascade property:[(null)] - 错误描述：deleting orphans for collection: QsTech.Accounts.Models.Accounts.Account.Clients
记录时间：2014-06-25 09:33:35,358 线程ID:[4] 日志级别：INFO  出错类：NHibernate.Engine.Cascade property:[(null)] - 错误描述：done deleting orphans for collection: QsTech.Accounts.Models.Accounts.Account.Clients
记录时间：2014-06-25 09:33:35,358 线程ID:[4] 日志级别：INFO  出错类：NHibernate.Engine.Cascade property:[(null)] - 错误描述：done processing cascade NHibernate.Engine.CascadingAction+SaveUpdateCascadingAction for: QsTech.Accounts.Models.Accounts.Account
记录时间：2014-06-25 09:33:35,358 线程ID:[4] 日志级别：INFO  出错类：NHibernate.Engine.Cascade property:[(null)] - 错误描述：processing cascade NHibernate.Engine.CascadingAction+SaveUpdateCascadingAction for: QsTech.Accounts.Models.Accounts.Account
记录时间：2014-06-25 09:33:35,358 线程ID:[4] 日志级别：INFO  出错类：NHibernate.Engine.Cascade property:[(null)] - 错误描述：cascade NHibernate.Engine.CascadingAction+SaveUpdateCascadingAction for collection: QsTech.Accounts.Models.Accounts.Account.Clients
记录时间：2014-06-25 09:33:35,358 线程ID:[4] 日志级别：INFO  出错类：NHibernate.Engine.Cascade property:[(null)] - 错误描述：done cascade NHibernate.Engine.CascadingAction+SaveUpdateCascadingAction for collection: QsTech.Accounts.Models.Accounts.Account.Clients
记录时间：2014-06-25 09:33:35,358 线程ID:[4] 日志级别：INFO  出错类：NHibernate.Engine.Cascade property:[(null)] - 错误描述：deleting orphans for collection: QsTech.Accounts.Models.Accounts.Account.Clients
记录时间：2014-06-25 09:33:35,358 线程ID:[4] 日志级别：INFO  出错类：NHibernate.Engine.Cascade property:[(null)] - 错误描述：done deleting orphans for collection: QsTech.Accounts.Models.Accounts.Account.Clients
记录时间：2014-06-25 09:33:35,358 线程ID:[4] 日志级别：INFO  出错类：NHibernate.Engine.Cascade property:[(null)] - 错误描述：done processing cascade NHibernate.Engine.CascadingAction+SaveUpdateCascadingAction for: QsTech.Accounts.Models.Accounts.Account
记录时间：2014-06-25 09:33:35,358 线程ID:[4] 日志级别：INFO  出错类：NHibernate.Engine.Cascade property:[(null)] - 错误描述：processing cascade NHibernate.Engine.CascadingAction+SaveUpdateCascadingAction for: QsTech.Accounts.Models.Accounts.Account
记录时间：2014-06-25 09:33:35,358 线程ID:[4] 日志级别：INFO  出错类：NHibernate.Engine.Cascade property:[(null)] - 错误描述：cascade NHibernate.Engine.CascadingAction+SaveUpdateCascadingAction for collection: QsTech.Accounts.Models.Accounts.Account.Clients
记录时间：2014-06-25 09:33:35,358 线程ID:[4] 日志级别：INFO  出错类：NHibernate.Engine.Cascade property:[(null)] - 错误描述：done cascade NHibernate.Engine.CascadingAction+SaveUpdateCascadingAction for collection: QsTech.Accounts.Models.Accounts.Account.Clients
记录时间：2014-06-25 09:33:35,358 线程ID:[4] 日志级别：INFO  出错类：NHibernate.Engine.Cascade property:[(null)] - 错误描述：deleting orphans for collection: QsTech.Accounts.Models.Accounts.Account.Clients
记录时间：2014-06-25 09:33:35,358 线程ID:[4] 日志级别：INFO  出错类：NHibernate.Engine.Cascade property:[(null)] - 错误描述：done deleting orphans for collection: QsTech.Accounts.Models.Accounts.Account.Clients
记录时间：2014-06-25 09:33:35,358 线程ID:[4] 日志级别：INFO  出错类：NHibernate.Engine.Cascade property:[(null)] - 错误描述：done processing cascade NHibernate.Engine.CascadingAction+SaveUpdateCascadingAction for: QsTech.Accounts.Models.Accounts.Account
记录时间：2014-06-25 09:33:35,358 线程ID:[4] 日志级别：INFO  出错类：NHibernate.Engine.Cascade property:[(null)] - 错误描述：processing cascade NHibernate.Engine.CascadingAction+SaveUpdateCascadingAction for: QsTech.Accounts.Models.Accounts.Account
记录时间：2014-06-25 09:33:35,358 线程ID:[4] 日志级别：INFO  出错类：NHibernate.Engine.Cascade property:[(null)] - 错误描述：cascade NHibernate.Engine.CascadingAction+SaveUpdateCascadingAction for collection: QsTech.Accounts.Models.Accounts.Account.Clients
记录时间：2014-06-25 09:33:35,358 线程ID:[4] 日志级别：INFO  出错类：NHibernate.Engine.Cascade property:[(null)] - 错误描述：done cascade NHibernate.Engine.CascadingAction+SaveUpdateCascadingAction for collection: QsTech.Accounts.Models.Accounts.Account.Clients
记录时间：2014-06-25 09:33:35,358 线程ID:[4] 日志级别：INFO  出错类：NHibernate.Engine.Cascade property:[(null)] - 错误描述：deleting orphans for collection: QsTech.Accounts.Models.Accounts.Account.Clients
记录时间：2014-06-25 09:33:35,358 线程ID:[4] 日志级别：INFO  出错类：NHibernate.Engine.Cascade property:[(null)] - 错误描述：done deleting orphans for collection: QsTech.Accounts.Models.Accounts.Account.Clients
记录时间：2014-06-25 09:33:35,358 线程ID:[4] 日志级别：INFO  出错类：NHibernate.Engine.Cascade property:[(null)] - 错误描述：done processing cascade NHibernate.Engine.CascadingAction+SaveUpdateCascadingAction for: QsTech.Accounts.Models.Accounts.Account
记录时间：2014-06-25 09:33:35,369 线程ID:[4] 日志级别：INFO  出错类：NHibernate.Engine.Cascade property:[(null)] - 错误描述：processing cascade NHibernate.Engine.CascadingAction+SaveUpdateCascadingAction for: QsTech.Accounts.Models.Accounts.Account
记录时间：2014-06-25 09:33:35,369 线程ID:[4] 日志级别：INFO  出错类：NHibernate.Engine.Cascade property:[(null)] - 错误描述：cascade NHibernate.Engine.CascadingAction+SaveUpdateCascadingAction for collection: QsTech.Accounts.Models.Accounts.Account.Clients
记录时间：2014-06-25 09:33:35,369 线程ID:[4] 日志级别：INFO  出错类：NHibernate.Engine.Cascade property:[(null)] - 错误描述：done cascade NHibernate.Engine.CascadingAction+SaveUpdateCascadingAction for collection: QsTech.Accounts.Models.Accounts.Account.Clients
记录时间：2014-06-25 09:33:35,369 线程ID:[4] 日志级别：INFO  出错类：NHibernate.Engine.Cascade property:[(null)] - 错误描述：deleting orphans for collection: QsTech.Accounts.Models.Accounts.Account.Clients
记录时间：2014-06-25 09:33:35,369 线程ID:[4] 日志级别：INFO  出错类：NHibernate.Engine.Cascade property:[(null)] - 错误描述：done deleting orphans for collection: QsTech.Accounts.Models.Accounts.Account.Clients
记录时间：2014-06-25 09:33:35,369 线程ID:[4] 日志级别：INFO  出错类：NHibernate.Engine.Cascade property:[(null)] - 错误描述：done processing cascade NHibernate.Engine.CascadingAction+SaveUpdateCascadingAction for: QsTech.Accounts.Models.Accounts.Account
记录时间：2014-06-25 09:33:35,389 线程ID:[4] 日志级别：DEBUG 出错类：ApplicationInfoLog property:[(null)] - 错误描述：Final work for transaction being performed
记录时间：2014-06-25 09:33:35,389 线程ID:[4] 日志级别：DEBUG 出错类：ApplicationInfoLog property:[(null)] - 错误描述：Transaction disposed
记录时间：2014-06-25 09:33:37,066 线程ID:[9] 日志级别：INFO  出错类：ApplicationInfoLog property:[(null)] - 错误描述：MenuService.GetMenus(IUser):IEnumerable<MenuEntry> : user:10
记录时间：2014-06-25 09:33:37,082 线程ID:[9] 日志级别：DEBUG 出错类：ApplicationInfoLog property:[(null)] - 错误描述：Acquiring session for 
记录时间：2014-06-25 09:33:37,082 线程ID:[9] 日志级别：INFO  出错类：ApplicationInfoLog property:[(null)] - 错误描述：Openning database session
记录时间：2014-06-25 09:33:37,082 线程ID:[9] 日志级别：DEBUG 出错类：ApplicationInfoLog property:[(null)] - 错误描述：Creating transaction on Demand
记录时间：2014-06-25 09:33:37,084 线程ID:[9] 日志级别：INFO  出错类：NHibernate.Hql.Ast.ANTLR.Tree.FromElement property:[(null)] - 错误描述：handling property dereference [QsTech.Users.Models.UserProperty (prop) -> UserId (Class)]
记录时间：2014-06-25 09:33:37,085 线程ID:[9] 日志级别：INFO  出错类：NHibernate.Loader.Loader property:[(null)] - 错误描述：select userproper0_.ID as ID17_, userproper0_.[USER_ID] as USER2_17_, userproper0_.[DESCRIPTION] as DESCRIPT3_17_, userproper0_.[NAME] as NAME4_17_, userproper0_.[VALUE] as VALUE5_17_, userproper0_.[CATEGORY] as CATEGORY6_17_ from USER_SETTING userproper0_ where userproper0_.[USER_ID]=@p0
记录时间：2014-06-25 09:33:37,481 线程ID:[9] 日志级别：DEBUG 出错类：ApplicationInfoLog property:[(null)] - 错误描述：Marking transaction as complete
记录时间：2014-06-25 09:33:37,482 线程ID:[9] 日志级别：DEBUG 出错类：ApplicationInfoLog property:[(null)] - 错误描述：Final work for transaction being performed
记录时间：2014-06-25 09:33:37,482 线程ID:[9] 日志级别：DEBUG 出错类：ApplicationInfoLog property:[(null)] - 错误描述：Transaction disposed
记录时间：2014-06-25 09:33:42,074 线程ID:[10] 日志级别：DEBUG 出错类：ApplicationInfoLog property:[(null)] - 错误描述：Acquiring session for 
记录时间：2014-06-25 09:33:42,074 线程ID:[10] 日志级别：INFO  出错类：ApplicationInfoLog property:[(null)] - 错误描述：Openning database session
记录时间：2014-06-25 09:33:42,074 线程ID:[10] 日志级别：DEBUG 出错类：ApplicationInfoLog property:[(null)] - 错误描述：Creating transaction on Demand
记录时间：2014-06-25 09:33:42,076 线程ID:[10] 日志级别：INFO  出错类：NHibernate.Loader.Loader property:[(null)] - 错误描述：select role0_.ID as ID5_, role0_.[NAME] as NAME2_5_, role0_.[DESCRIPTION] as DESCRIPT3_5_, role0_.[ENABLED] as ENABLED4_5_, role0_.[CATEGORY] as CATEGORY5_5_, role0_.[BELONGS_TO] as BELONGS6_5_ from [ROLE] role0_
记录时间：2014-06-25 09:33:42,473 线程ID:[10] 日志级别：INFO  出错类：ApplicationInfoLog property:[(null)] - 错误描述：MenuService.GetMenus(IUser):IEnumerable<MenuEntry> : user:10
记录时间：2014-06-25 09:33:42,474 线程ID:[10] 日志级别：DEBUG 出错类：ApplicationInfoLog property:[(null)] - 错误描述：Marking transaction as complete
记录时间：2014-06-25 09:33:42,474 线程ID:[10] 日志级别：INFO  出错类：NHibernate.Engine.Cascade property:[(null)] - 错误描述：processing cascade NHibernate.Engine.CascadingAction+SaveUpdateCascadingAction for: QsTech.Core.Models.Roles.Role
记录时间：2014-06-25 09:33:42,475 线程ID:[10] 日志级别：INFO  出错类：NHibernate.Engine.Cascade property:[(null)] - 错误描述：done processing cascade NHibernate.Engine.CascadingAction+SaveUpdateCascadingAction for: QsTech.Core.Models.Roles.Role
记录时间：2014-06-25 09:33:42,476 线程ID:[10] 日志级别：DEBUG 出错类：ApplicationInfoLog property:[(null)] - 错误描述：Final work for transaction being performed
记录时间：2014-06-25 09:33:42,476 线程ID:[10] 日志级别：DEBUG 出错类：ApplicationInfoLog property:[(null)] - 错误描述：Transaction disposed
