记录时间：2014-10-29 10:50:50,008 线程ID:[4] 日志级别：DEBUG 出错类：ApplicationInfoLog property:[(null)] - 错误描述：Marking transaction as complete
记录时间：2014-10-29 10:50:50,026 线程ID:[4] 日志级别：DEBUG 出错类：ApplicationInfoLog property:[(null)] - 错误描述：Final work for transaction being performed
记录时间：2014-10-29 10:50:50,026 线程ID:[4] 日志级别：DEBUG 出错类：ApplicationInfoLog property:[(null)] - 错误描述：Transaction disposed
记录时间：2014-10-29 10:50:50,097 线程ID:[5] 日志级别：ERROR 出错类：ApplicationInfoLog property:[(null)] - 错误描述：redirect_uri=
记录时间：2014-10-29 10:50:51,499 线程ID:[5] 日志级别：DEBUG 出错类：ApplicationInfoLog property:[(null)] - 错误描述：Marking transaction as complete
记录时间：2014-10-29 10:50:51,500 线程ID:[5] 日志级别：DEBUG 出错类：ApplicationInfoLog property:[(null)] - 错误描述：Final work for transaction being performed
记录时间：2014-10-29 10:50:51,500 线程ID:[5] 日志级别：DEBUG 出错类：ApplicationInfoLog property:[(null)] - 错误描述：Transaction disposed
记录时间：2014-10-29 10:50:52,861 线程ID:[5] 日志级别：DEBUG 出错类：ApplicationInfoLog property:[(null)] - 错误描述：Marking transaction as complete
记录时间：2014-10-29 10:50:52,861 线程ID:[5] 日志级别：DEBUG 出错类：ApplicationInfoLog property:[(null)] - 错误描述：Final work for transaction being performed
记录时间：2014-10-29 10:50:52,861 线程ID:[5] 日志级别：DEBUG 出错类：ApplicationInfoLog property:[(null)] - 错误描述：Transaction disposed
记录时间：2014-10-29 10:53:54,127 线程ID:[5] 日志级别：DEBUG 出错类：ApplicationInfoLog property:[(null)] - 错误描述：Acquiring session for 
记录时间：2014-10-29 10:53:54,128 线程ID:[5] 日志级别：DEBUG 出错类：ApplicationInfoLog property:[(null)] - 错误描述：Building session factory
记录时间：2014-10-29 10:53:54,129 线程ID:[5] 日志级别：DEBUG 出错类：ApplicationInfoLog property:[(null)] - 错误描述：Building configuration
记录时间：2014-10-29 10:53:54,732 线程ID:[5] 日志级别：INFO  出错类：NHibernate.Cfg.Environment property:[(null)] - 错误描述：NHibernate 3.3.1.4000 (3.3.1.4000)
记录时间：2014-10-29 10:53:54,733 线程ID:[5] 日志级别：INFO  出错类：NHibernate.Cfg.Environment property:[(null)] - 错误描述：hibernate-configuration section not found in application configuration file
记录时间：2014-10-29 10:53:54,733 线程ID:[5] 日志级别：INFO  出错类：NHibernate.Cfg.Environment property:[(null)] - 错误描述：Bytecode provider name : lcg
记录时间：2014-10-29 10:53:54,733 线程ID:[5] 日志级别：INFO  出错类：NHibernate.Cfg.Environment property:[(null)] - 错误描述：Using reflection optimizer
记录时间：2014-10-29 10:53:54,757 线程ID:[5] 日志级别：DEBUG 出错类：ApplicationInfoLog property:[(null)] - 错误描述：Done Building configuration
记录时间：2014-10-29 10:53:54,971 线程ID:[5] 日志级别：INFO  出错类：NHibernate.Dialect.Dialect property:[(null)] - 错误描述：Using dialect: NHibernate.Dialect.MsSql2008Dialect
记录时间：2014-10-29 10:53:55,004 线程ID:[5] 日志级别：INFO  出错类：NHibernate.Cfg.XmlHbmBinding.Binder property:[(null)] - 错误描述：Mapping class: QsTech.Accounts.Models.Accounts.Account -> ACCOUNT
记录时间：2014-10-29 10:53:55,032 线程ID:[5] 日志级别：INFO  出错类：NHibernate.Cfg.XmlHbmBinding.Binder property:[(null)] - 错误描述：Mapping collection: QsTech.Accounts.Models.Accounts.Account.Roles -> ACCOUNT_ROLE
记录时间：2014-10-29 10:53:55,037 线程ID:[5] 日志级别：INFO  出错类：NHibernate.Cfg.XmlHbmBinding.Binder property:[(null)] - 错误描述：Mapping class: QsTech.Accounts.Models.Accounts.AccountClient -> ACCOUNT_CLIENT
记录时间：2014-10-29 10:53:55,037 线程ID:[5] 日志级别：INFO  出错类：NHibernate.Cfg.XmlHbmBinding.Binder property:[(null)] - 错误描述：Mapping class: QsTech.Authentication.Sso.Clients.UserClient -> USER_CLIENT
记录时间：2014-10-29 10:53:55,038 线程ID:[5] 日志级别：INFO  出错类：NHibernate.Cfg.XmlHbmBinding.Binder property:[(null)] - 错误描述：Mapping class: QsTech.Core.Models.ActionStatus -> ACTION_STATUS
记录时间：2014-10-29 10:53:55,038 线程ID:[5] 日志级别：INFO  出错类：NHibernate.Cfg.XmlHbmBinding.Binder property:[(null)] - 错误描述：Mapping class: QsTech.Core.Models.Roles.Role -> ROLE
记录时间：2014-10-29 10:53:55,039 线程ID:[5] 日志级别：INFO  出错类：NHibernate.Cfg.XmlHbmBinding.Binder property:[(null)] - 错误描述：Mapping collection: QsTech.Core.Models.Roles.Role.Owners -> ACCOUNT_ROLE
记录时间：2014-10-29 10:53:55,039 线程ID:[5] 日志级别：INFO  出错类：NHibernate.Cfg.XmlHbmBinding.Binder property:[(null)] - 错误描述：Mapping collection: QsTech.Core.Models.Roles.Role.Permissions -> ROLE_PERMISSION
记录时间：2014-10-29 10:53:55,039 线程ID:[5] 日志级别：INFO  出错类：NHibernate.Cfg.XmlHbmBinding.Binder property:[(null)] - 错误描述：Mapping class: QsTech.Core.Interface.GlobalSetting -> GLOBAL_SETTING
记录时间：2014-10-29 10:53:55,039 线程ID:[5] 日志级别：INFO  出错类：NHibernate.Cfg.XmlHbmBinding.Binder property:[(null)] - 错误描述：Mapping class: QsTech.Core.Interface.Account.AccountUser -> ACCOUNT_USER
记录时间：2014-10-29 10:53:55,039 线程ID:[5] 日志级别：INFO  出错类：NHibernate.Cfg.XmlHbmBinding.Binder property:[(null)] - 错误描述：Mapping class: QsTech.Core.Interface.Entities.DicPort -> DIC_PORT
记录时间：2014-10-29 10:53:55,039 线程ID:[5] 日志级别：INFO  出错类：NHibernate.Cfg.XmlHbmBinding.Binder property:[(null)] - 错误描述：Mapping class: QsTech.Core.Interface.AccountRegister.AccountRegisterInfo -> ACCOUNT_REGISTER_INFO
记录时间：2014-10-29 10:53:55,041 线程ID:[5] 日志级别：INFO  出错类：NHibernate.Cfg.XmlHbmBinding.Binder property:[(null)] - 错误描述：Mapping class: QsTech.Enterprises.Models.OrganizationRecord -> ORGANIZATION_RECORD
记录时间：2014-10-29 10:53:55,047 线程ID:[5] 日志级别：INFO  出错类：NHibernate.Cfg.XmlHbmBinding.Binder property:[(null)] - 错误描述：Mapping class: QsTech.Enterprises.Interface.EnterpriseUser -> ENTERPRISE_USER
记录时间：2014-10-29 10:53:55,048 线程ID:[5] 日志级别：INFO  出错类：NHibernate.Cfg.XmlHbmBinding.Binder property:[(null)] - 错误描述：Mapping class: QsTech.Enterprises.Interface.Enterprise -> ENTERPRISE
记录时间：2014-10-29 10:53:55,052 线程ID:[5] 日志级别：INFO  出错类：NHibernate.Cfg.XmlHbmBinding.Binder property:[(null)] - 错误描述：Mapping class: QsTech.Files.Interface.FileRecord -> FILE_RECORD
记录时间：2014-10-29 10:53:55,053 线程ID:[5] 日志级别：INFO  出错类：NHibernate.Cfg.XmlHbmBinding.Binder property:[(null)] - 错误描述：Mapping class: QsTech.Users.Models.User -> USER
记录时间：2014-10-29 10:53:55,054 线程ID:[5] 日志级别：INFO  出错类：NHibernate.Cfg.XmlHbmBinding.Binder property:[(null)] - 错误描述：Mapping collection: QsTech.Users.Models.User.Roles -> USER_ROLE
记录时间：2014-10-29 10:53:55,054 线程ID:[5] 日志级别：INFO  出错类：NHibernate.Cfg.XmlHbmBinding.Binder property:[(null)] - 错误描述：Mapping class: QsTech.Users.Models.UserProperty -> USER_SETTING
记录时间：2014-10-29 10:53:55,058 线程ID:[5] 日志级别：INFO  出错类：NHibernate.Cfg.Configuration property:[(null)] - 错误描述：checking mappings queue
记录时间：2014-10-29 10:53:55,059 线程ID:[5] 日志级别：INFO  出错类：NHibernate.Cfg.Configuration property:[(null)] - 错误描述：processing one-to-many association mappings
记录时间：2014-10-29 10:53:55,068 线程ID:[5] 日志级别：INFO  出错类：NHibernate.Cfg.XmlHbmBinding.Binder property:[(null)] - 错误描述：mapping collection: QsTech.Accounts.Models.Accounts.Account.Clients -> ACCOUNT_CLIENT
记录时间：2014-10-29 10:53:55,068 线程ID:[5] 日志级别：INFO  出错类：NHibernate.Cfg.XmlHbmBinding.Binder property:[(null)] - 错误描述：mapping collection: QsTech.Users.Models.User.Accounts -> ACCOUNT_USER
记录时间：2014-10-29 10:53:55,068 线程ID:[5] 日志级别：INFO  出错类：NHibernate.Cfg.Configuration property:[(null)] - 错误描述：processing one-to-one association property references
记录时间：2014-10-29 10:53:55,068 线程ID:[5] 日志级别：INFO  出错类：NHibernate.Cfg.Configuration property:[(null)] - 错误描述：processing foreign key constraints
记录时间：2014-10-29 10:53:55,071 线程ID:[5] 日志级别：INFO  出错类：NHibernate.Cfg.Configuration property:[(null)] - 错误描述：processing filters (second pass)
记录时间：2014-10-29 10:53:55,174 线程ID:[5] 日志级别：INFO  出错类：NHibernate.Dialect.Dialect property:[(null)] - 错误描述：Using dialect: NHibernate.Dialect.MsSql2008Dialect
记录时间：2014-10-29 10:53:55,178 线程ID:[5] 日志级别：INFO  出错类：NHibernate.Dialect.Dialect property:[(null)] - 错误描述：Using dialect: NHibernate.Dialect.MsSql2008Dialect
记录时间：2014-10-29 10:53:55,203 线程ID:[5] 日志级别：INFO  出错类：NHibernate.Exceptions.SQLExceptionConverterFactory property:[(null)] - 错误描述：Using dialect defined converter
记录时间：2014-10-29 10:53:55,203 线程ID:[5] 日志级别：INFO  出错类：NHibernate.Cfg.SettingsFactory property:[(null)] - 错误描述：Generate SQL with comments: disabled
记录时间：2014-10-29 10:53:55,204 线程ID:[5] 日志级别：INFO  出错类：NHibernate.Connection.ConnectionProviderFactory property:[(null)] - 错误描述：Initializing connection provider: NHibernate.Connection.DriverConnectionProvider
记录时间：2014-10-29 10:53:55,204 线程ID:[5] 日志级别：INFO  出错类：NHibernate.Connection.ConnectionProvider property:[(null)] - 错误描述：Configuring ConnectionProvider
记录时间：2014-10-29 10:53:55,205 线程ID:[5] 日志级别：INFO  出错类：NHibernate.Cfg.SettingsFactory property:[(null)] - 错误描述：Transaction factory: NHibernate.Transaction.AdoNetWithDistributedTransactionFactory
记录时间：2014-10-29 10:53:55,206 线程ID:[5] 日志级别：INFO  出错类：NHibernate.Cfg.SettingsFactory property:[(null)] - 错误描述：Optimize cache for minimal puts: False
记录时间：2014-10-29 10:53:55,206 线程ID:[5] 日志级别：INFO  出错类：NHibernate.Cfg.SettingsFactory property:[(null)] - 错误描述：Connection release mode: auto
记录时间：2014-10-29 10:53:55,206 线程ID:[5] 日志级别：INFO  出错类：NHibernate.Cfg.SettingsFactory property:[(null)] - 错误描述：Default batch fetch size: 1
记录时间：2014-10-29 10:53:55,206 线程ID:[5] 日志级别：INFO  出错类：NHibernate.Cfg.SettingsFactory property:[(null)] - 错误描述：echoing all SQL to stdout
记录时间：2014-10-29 10:53:55,206 线程ID:[5] 日志级别：INFO  出错类：NHibernate.Cfg.SettingsFactory property:[(null)] - 错误描述：Statistics: disabled
记录时间：2014-10-29 10:53:55,206 线程ID:[5] 日志级别：INFO  出错类：NHibernate.Cfg.SettingsFactory property:[(null)] - 错误描述：Deleted entity synthetic identifier rollback: disabled
记录时间：2014-10-29 10:53:55,206 线程ID:[5] 日志级别：INFO  出错类：NHibernate.Cfg.SettingsFactory property:[(null)] - 错误描述：Query translator: NHibernate.Hql.Ast.ANTLR.ASTQueryTranslatorFactory
记录时间：2014-10-29 10:53:55,208 线程ID:[5] 日志级别：INFO  出错类：NHibernate.Cfg.SettingsFactory property:[(null)] - 错误描述：Query language substitutions: {'true'='1', 'false'='0', 'yes'=''Y'', 'no'=''N''}
记录时间：2014-10-29 10:53:55,209 线程ID:[5] 日志级别：INFO  出错类：NHibernate.Cfg.SettingsFactory property:[(null)] - 错误描述：cache provider: NHibernate.Cache.NoCacheProvider, NHibernate, Version=3.3.1.4000, Culture=neutral, PublicKeyToken=aa95f207798dfdb4
记录时间：2014-10-29 10:53:55,209 线程ID:[5] 日志级别：INFO  出错类：NHibernate.Cfg.SettingsFactory property:[(null)] - 错误描述：Order SQL inserts for batching: enabled
记录时间：2014-10-29 10:53:55,210 线程ID:[5] 日志级别：INFO  出错类：NHibernate.Cfg.SettingsFactory property:[(null)] - 错误描述：Batcher factory: NHibernate.AdoNet.SqlClientBatchingBatcherFactory, NHibernate, Version=3.3.1.4000, Culture=neutral, PublicKeyToken=aa95f207798dfdb4
记录时间：2014-10-29 10:53:55,210 线程ID:[5] 日志级别：INFO  出错类：NHibernate.Cfg.SettingsFactory property:[(null)] - 错误描述：Default entity-mode: Poco
记录时间：2014-10-29 10:53:55,210 线程ID:[5] 日志级别：INFO  出错类：NHibernate.Cfg.SettingsFactory property:[(null)] - 错误描述：Named query checking : enabled
记录时间：2014-10-29 10:53:55,222 线程ID:[5] 日志级别：INFO  出错类：NHibernate.Impl.SessionFactoryImpl property:[(null)] - 错误描述：building session factory
记录时间：2014-10-29 10:53:55,553 线程ID:[5] 日志级别：INFO  出错类：NHibernate.Impl.SessionFactoryObjectFactory property:[(null)] - 错误描述：no name configured
记录时间：2014-10-29 10:53:55,556 线程ID:[5] 日志级别：DEBUG 出错类：ApplicationInfoLog property:[(null)] - 错误描述：Done building session factory
记录时间：2014-10-29 10:53:55,556 线程ID:[5] 日志级别：INFO  出错类：ApplicationInfoLog property:[(null)] - 错误描述：Openning database session
记录时间：2014-10-29 10:53:55,579 线程ID:[5] 日志级别：DEBUG 出错类：ApplicationInfoLog property:[(null)] - 错误描述：Creating transaction on Demand
记录时间：2014-10-29 10:53:55,882 线程ID:[5] 日志级别：INFO  出错类：NHibernate.Hql.Ast.ANTLR.Tree.FromElement property:[(null)] - 错误描述：handling property dereference [QsTech.Accounts.Models.Accounts.Account (m) -> Deleted (Class)]
记录时间：2014-10-29 10:53:55,896 线程ID:[5] 日志级别：INFO  出错类：NHibernate.Hql.Ast.ANTLR.Tree.FromElement property:[(null)] - 错误描述：handling property dereference [QsTech.Accounts.Models.Accounts.Account (m) -> State (Class)]
记录时间：2014-10-29 10:53:56,017 线程ID:[5] 日志级别：INFO  出错类：NHibernate.Loader.Loader property:[(null)] - 错误描述：select account0_.ID as ID0_, account0_.[NAME] as NAME2_0_, account0_.[AGE] as AGE3_0_, account0_.[GENDER] as GENDER4_0_, account0_.[TELEPHONE] as TELEPHONE5_0_, account0_.[MOBILE] as MOBILE6_0_, account0_.[EMAIL] as EMAIL7_0_, account0_.[BIRTHDAY] as BIRTHDAY8_0_, account0_.[ACCOUNT_NAME] as ACCOUNT9_0_, account0_.[PASSWORD] as PASSWORD10_0_, account0_.[LAST_LOGIN_TIME] as LAST11_0_, account0_.[LATEST_LOGIN_TIME] as LATEST12_0_, account0_.[DELETED] as DELETED13_0_, account0_.[ANTI_PHISHING] as ANTI14_0_, account0_.[JOB_NUMBER] as JOB15_0_, account0_.[POST] as POST16_0_, account0_.[PHOTO_ID] as PHOTO17_0_, account0_.[NICK_NAME] as NICK18_0_, account0_.[STATE] as STATE19_0_, account0_.[REMARK] as REMARK20_0_, account0_.[CREATE_TIME] as CREATE21_0_ from [ACCOUNT] account0_ where  not (account0_.[DELETED]='Y') and account0_.[STATE]=@p0
记录时间：2014-10-29 10:53:56,093 线程ID:[5] 日志级别：DEBUG 出错类：ApplicationInfoLog property:[(null)] - 错误描述：验证用户 sf_admin
记录时间：2014-10-29 10:53:56,109 线程ID:[5] 日志级别：DEBUG 出错类：ApplicationInfoLog property:[(null)] - 错误描述：Marking transaction as complete
记录时间：2014-10-29 10:53:56,114 线程ID:[5] 日志级别：INFO  出错类：NHibernate.Engine.Cascade property:[(null)] - 错误描述：processing cascade NHibernate.Engine.CascadingAction+SaveUpdateCascadingAction for: QsTech.Accounts.Models.Accounts.Account
记录时间：2014-10-29 10:53:56,116 线程ID:[5] 日志级别：INFO  出错类：NHibernate.Engine.Cascade property:[(null)] - 错误描述：cascade NHibernate.Engine.CascadingAction+SaveUpdateCascadingAction for collection: QsTech.Accounts.Models.Accounts.Account.Clients
记录时间：2014-10-29 10:53:56,117 线程ID:[5] 日志级别：INFO  出错类：NHibernate.Engine.Cascade property:[(null)] - 错误描述：done cascade NHibernate.Engine.CascadingAction+SaveUpdateCascadingAction for collection: QsTech.Accounts.Models.Accounts.Account.Clients
记录时间：2014-10-29 10:53:56,117 线程ID:[5] 日志级别：INFO  出错类：NHibernate.Engine.Cascade property:[(null)] - 错误描述：deleting orphans for collection: QsTech.Accounts.Models.Accounts.Account.Clients
记录时间：2014-10-29 10:53:56,118 线程ID:[5] 日志级别：INFO  出错类：NHibernate.Engine.Cascade property:[(null)] - 错误描述：done deleting orphans for collection: QsTech.Accounts.Models.Accounts.Account.Clients
记录时间：2014-10-29 10:53:56,118 线程ID:[5] 日志级别：INFO  出错类：NHibernate.Engine.Cascade property:[(null)] - 错误描述：done processing cascade NHibernate.Engine.CascadingAction+SaveUpdateCascadingAction for: QsTech.Accounts.Models.Accounts.Account
记录时间：2014-10-29 10:53:56,118 线程ID:[5] 日志级别：INFO  出错类：NHibernate.Engine.Cascade property:[(null)] - 错误描述：processing cascade NHibernate.Engine.CascadingAction+SaveUpdateCascadingAction for: QsTech.Accounts.Models.Accounts.Account
记录时间：2014-10-29 10:53:56,118 线程ID:[5] 日志级别：INFO  出错类：NHibernate.Engine.Cascade property:[(null)] - 错误描述：cascade NHibernate.Engine.CascadingAction+SaveUpdateCascadingAction for collection: QsTech.Accounts.Models.Accounts.Account.Clients
记录时间：2014-10-29 10:53:56,118 线程ID:[5] 日志级别：INFO  出错类：NHibernate.Engine.Cascade property:[(null)] - 错误描述：done cascade NHibernate.Engine.CascadingAction+SaveUpdateCascadingAction for collection: QsTech.Accounts.Models.Accounts.Account.Clients
记录时间：2014-10-29 10:53:56,119 线程ID:[5] 日志级别：INFO  出错类：NHibernate.Engine.Cascade property:[(null)] - 错误描述：deleting orphans for collection: QsTech.Accounts.Models.Accounts.Account.Clients
记录时间：2014-10-29 10:53:56,119 线程ID:[5] 日志级别：INFO  出错类：NHibernate.Engine.Cascade property:[(null)] - 错误描述：done deleting orphans for collection: QsTech.Accounts.Models.Accounts.Account.Clients
记录时间：2014-10-29 10:53:56,119 线程ID:[5] 日志级别：INFO  出错类：NHibernate.Engine.Cascade property:[(null)] - 错误描述：done processing cascade NHibernate.Engine.CascadingAction+SaveUpdateCascadingAction for: QsTech.Accounts.Models.Accounts.Account
记录时间：2014-10-29 10:53:56,119 线程ID:[5] 日志级别：INFO  出错类：NHibernate.Engine.Cascade property:[(null)] - 错误描述：processing cascade NHibernate.Engine.CascadingAction+SaveUpdateCascadingAction for: QsTech.Accounts.Models.Accounts.Account
记录时间：2014-10-29 10:53:56,119 线程ID:[5] 日志级别：INFO  出错类：NHibernate.Engine.Cascade property:[(null)] - 错误描述：cascade NHibernate.Engine.CascadingAction+SaveUpdateCascadingAction for collection: QsTech.Accounts.Models.Accounts.Account.Clients
记录时间：2014-10-29 10:53:56,119 线程ID:[5] 日志级别：INFO  出错类：NHibernate.Engine.Cascade property:[(null)] - 错误描述：done cascade NHibernate.Engine.CascadingAction+SaveUpdateCascadingAction for collection: QsTech.Accounts.Models.Accounts.Account.Clients
记录时间：2014-10-29 10:53:56,119 线程ID:[5] 日志级别：INFO  出错类：NHibernate.Engine.Cascade property:[(null)] - 错误描述：deleting orphans for collection: QsTech.Accounts.Models.Accounts.Account.Clients
记录时间：2014-10-29 10:53:56,119 线程ID:[5] 日志级别：INFO  出错类：NHibernate.Engine.Cascade property:[(null)] - 错误描述：done deleting orphans for collection: QsTech.Accounts.Models.Accounts.Account.Clients
记录时间：2014-10-29 10:53:56,119 线程ID:[5] 日志级别：INFO  出错类：NHibernate.Engine.Cascade property:[(null)] - 错误描述：done processing cascade NHibernate.Engine.CascadingAction+SaveUpdateCascadingAction for: QsTech.Accounts.Models.Accounts.Account
记录时间：2014-10-29 10:53:56,119 线程ID:[5] 日志级别：INFO  出错类：NHibernate.Engine.Cascade property:[(null)] - 错误描述：processing cascade NHibernate.Engine.CascadingAction+SaveUpdateCascadingAction for: QsTech.Accounts.Models.Accounts.Account
记录时间：2014-10-29 10:53:56,119 线程ID:[5] 日志级别：INFO  出错类：NHibernate.Engine.Cascade property:[(null)] - 错误描述：cascade NHibernate.Engine.CascadingAction+SaveUpdateCascadingAction for collection: QsTech.Accounts.Models.Accounts.Account.Clients
记录时间：2014-10-29 10:53:56,119 线程ID:[5] 日志级别：INFO  出错类：NHibernate.Engine.Cascade property:[(null)] - 错误描述：done cascade NHibernate.Engine.CascadingAction+SaveUpdateCascadingAction for collection: QsTech.Accounts.Models.Accounts.Account.Clients
记录时间：2014-10-29 10:53:56,119 线程ID:[5] 日志级别：INFO  出错类：NHibernate.Engine.Cascade property:[(null)] - 错误描述：deleting orphans for collection: QsTech.Accounts.Models.Accounts.Account.Clients
记录时间：2014-10-29 10:53:56,119 线程ID:[5] 日志级别：INFO  出错类：NHibernate.Engine.Cascade property:[(null)] - 错误描述：done deleting orphans for collection: QsTech.Accounts.Models.Accounts.Account.Clients
记录时间：2014-10-29 10:53:56,119 线程ID:[5] 日志级别：INFO  出错类：NHibernate.Engine.Cascade property:[(null)] - 错误描述：done processing cascade NHibernate.Engine.CascadingAction+SaveUpdateCascadingAction for: QsTech.Accounts.Models.Accounts.Account
记录时间：2014-10-29 10:53:56,119 线程ID:[5] 日志级别：INFO  出错类：NHibernate.Engine.Cascade property:[(null)] - 错误描述：processing cascade NHibernate.Engine.CascadingAction+SaveUpdateCascadingAction for: QsTech.Accounts.Models.Accounts.Account
记录时间：2014-10-29 10:53:56,119 线程ID:[5] 日志级别：INFO  出错类：NHibernate.Engine.Cascade property:[(null)] - 错误描述：cascade NHibernate.Engine.CascadingAction+SaveUpdateCascadingAction for collection: QsTech.Accounts.Models.Accounts.Account.Clients
记录时间：2014-10-29 10:53:56,119 线程ID:[5] 日志级别：INFO  出错类：NHibernate.Engine.Cascade property:[(null)] - 错误描述：done cascade NHibernate.Engine.CascadingAction+SaveUpdateCascadingAction for collection: QsTech.Accounts.Models.Accounts.Account.Clients
记录时间：2014-10-29 10:53:56,119 线程ID:[5] 日志级别：INFO  出错类：NHibernate.Engine.Cascade property:[(null)] - 错误描述：deleting orphans for collection: QsTech.Accounts.Models.Accounts.Account.Clients
记录时间：2014-10-29 10:53:56,119 线程ID:[5] 日志级别：INFO  出错类：NHibernate.Engine.Cascade property:[(null)] - 错误描述：done deleting orphans for collection: QsTech.Accounts.Models.Accounts.Account.Clients
记录时间：2014-10-29 10:53:56,119 线程ID:[5] 日志级别：INFO  出错类：NHibernate.Engine.Cascade property:[(null)] - 错误描述：done processing cascade NHibernate.Engine.CascadingAction+SaveUpdateCascadingAction for: QsTech.Accounts.Models.Accounts.Account
记录时间：2014-10-29 10:53:56,119 线程ID:[5] 日志级别：INFO  出错类：NHibernate.Engine.Cascade property:[(null)] - 错误描述：processing cascade NHibernate.Engine.CascadingAction+SaveUpdateCascadingAction for: QsTech.Accounts.Models.Accounts.Account
记录时间：2014-10-29 10:53:56,119 线程ID:[5] 日志级别：INFO  出错类：NHibernate.Engine.Cascade property:[(null)] - 错误描述：cascade NHibernate.Engine.CascadingAction+SaveUpdateCascadingAction for collection: QsTech.Accounts.Models.Accounts.Account.Clients
记录时间：2014-10-29 10:53:56,119 线程ID:[5] 日志级别：INFO  出错类：NHibernate.Engine.Cascade property:[(null)] - 错误描述：done cascade NHibernate.Engine.CascadingAction+SaveUpdateCascadingAction for collection: QsTech.Accounts.Models.Accounts.Account.Clients
记录时间：2014-10-29 10:53:56,119 线程ID:[5] 日志级别：INFO  出错类：NHibernate.Engine.Cascade property:[(null)] - 错误描述：deleting orphans for collection: QsTech.Accounts.Models.Accounts.Account.Clients
记录时间：2014-10-29 10:53:56,119 线程ID:[5] 日志级别：INFO  出错类：NHibernate.Engine.Cascade property:[(null)] - 错误描述：done deleting orphans for collection: QsTech.Accounts.Models.Accounts.Account.Clients
记录时间：2014-10-29 10:53:56,119 线程ID:[5] 日志级别：INFO  出错类：NHibernate.Engine.Cascade property:[(null)] - 错误描述：done processing cascade NHibernate.Engine.CascadingAction+SaveUpdateCascadingAction for: QsTech.Accounts.Models.Accounts.Account
记录时间：2014-10-29 10:53:56,119 线程ID:[5] 日志级别：INFO  出错类：NHibernate.Engine.Cascade property:[(null)] - 错误描述：processing cascade NHibernate.Engine.CascadingAction+SaveUpdateCascadingAction for: QsTech.Accounts.Models.Accounts.Account
记录时间：2014-10-29 10:53:56,119 线程ID:[5] 日志级别：INFO  出错类：NHibernate.Engine.Cascade property:[(null)] - 错误描述：cascade NHibernate.Engine.CascadingAction+SaveUpdateCascadingAction for collection: QsTech.Accounts.Models.Accounts.Account.Clients
记录时间：2014-10-29 10:53:56,119 线程ID:[5] 日志级别：INFO  出错类：NHibernate.Engine.Cascade property:[(null)] - 错误描述：done cascade NHibernate.Engine.CascadingAction+SaveUpdateCascadingAction for collection: QsTech.Accounts.Models.Accounts.Account.Clients
记录时间：2014-10-29 10:53:56,119 线程ID:[5] 日志级别：INFO  出错类：NHibernate.Engine.Cascade property:[(null)] - 错误描述：deleting orphans for collection: QsTech.Accounts.Models.Accounts.Account.Clients
记录时间：2014-10-29 10:53:56,119 线程ID:[5] 日志级别：INFO  出错类：NHibernate.Engine.Cascade property:[(null)] - 错误描述：done deleting orphans for collection: QsTech.Accounts.Models.Accounts.Account.Clients
记录时间：2014-10-29 10:53:56,119 线程ID:[5] 日志级别：INFO  出错类：NHibernate.Engine.Cascade property:[(null)] - 错误描述：done processing cascade NHibernate.Engine.CascadingAction+SaveUpdateCascadingAction for: QsTech.Accounts.Models.Accounts.Account
记录时间：2014-10-29 10:53:56,119 线程ID:[5] 日志级别：INFO  出错类：NHibernate.Engine.Cascade property:[(null)] - 错误描述：processing cascade NHibernate.Engine.CascadingAction+SaveUpdateCascadingAction for: QsTech.Accounts.Models.Accounts.Account
记录时间：2014-10-29 10:53:56,119 线程ID:[5] 日志级别：INFO  出错类：NHibernate.Engine.Cascade property:[(null)] - 错误描述：cascade NHibernate.Engine.CascadingAction+SaveUpdateCascadingAction for collection: QsTech.Accounts.Models.Accounts.Account.Clients
记录时间：2014-10-29 10:53:56,119 线程ID:[5] 日志级别：INFO  出错类：NHibernate.Engine.Cascade property:[(null)] - 错误描述：done cascade NHibernate.Engine.CascadingAction+SaveUpdateCascadingAction for collection: QsTech.Accounts.Models.Accounts.Account.Clients
记录时间：2014-10-29 10:53:56,119 线程ID:[5] 日志级别：INFO  出错类：NHibernate.Engine.Cascade property:[(null)] - 错误描述：deleting orphans for collection: QsTech.Accounts.Models.Accounts.Account.Clients
记录时间：2014-10-29 10:53:56,119 线程ID:[5] 日志级别：INFO  出错类：NHibernate.Engine.Cascade property:[(null)] - 错误描述：done deleting orphans for collection: QsTech.Accounts.Models.Accounts.Account.Clients
记录时间：2014-10-29 10:53:56,119 线程ID:[5] 日志级别：INFO  出错类：NHibernate.Engine.Cascade property:[(null)] - 错误描述：done processing cascade NHibernate.Engine.CascadingAction+SaveUpdateCascadingAction for: QsTech.Accounts.Models.Accounts.Account
记录时间：2014-10-29 10:53:56,120 线程ID:[5] 日志级别：INFO  出错类：NHibernate.Engine.Cascade property:[(null)] - 错误描述：processing cascade NHibernate.Engine.CascadingAction+SaveUpdateCascadingAction for: QsTech.Accounts.Models.Accounts.Account
记录时间：2014-10-29 10:53:56,120 线程ID:[5] 日志级别：INFO  出错类：NHibernate.Engine.Cascade property:[(null)] - 错误描述：cascade NHibernate.Engine.CascadingAction+SaveUpdateCascadingAction for collection: QsTech.Accounts.Models.Accounts.Account.Clients
记录时间：2014-10-29 10:53:56,120 线程ID:[5] 日志级别：INFO  出错类：NHibernate.Engine.Cascade property:[(null)] - 错误描述：done cascade NHibernate.Engine.CascadingAction+SaveUpdateCascadingAction for collection: QsTech.Accounts.Models.Accounts.Account.Clients
记录时间：2014-10-29 10:53:56,120 线程ID:[5] 日志级别：INFO  出错类：NHibernate.Engine.Cascade property:[(null)] - 错误描述：deleting orphans for collection: QsTech.Accounts.Models.Accounts.Account.Clients
记录时间：2014-10-29 10:53:56,120 线程ID:[5] 日志级别：INFO  出错类：NHibernate.Engine.Cascade property:[(null)] - 错误描述：done deleting orphans for collection: QsTech.Accounts.Models.Accounts.Account.Clients
记录时间：2014-10-29 10:53:56,120 线程ID:[5] 日志级别：INFO  出错类：NHibernate.Engine.Cascade property:[(null)] - 错误描述：done processing cascade NHibernate.Engine.CascadingAction+SaveUpdateCascadingAction for: QsTech.Accounts.Models.Accounts.Account
记录时间：2014-10-29 10:53:56,120 线程ID:[5] 日志级别：INFO  出错类：NHibernate.Engine.Cascade property:[(null)] - 错误描述：processing cascade NHibernate.Engine.CascadingAction+SaveUpdateCascadingAction for: QsTech.Accounts.Models.Accounts.Account
记录时间：2014-10-29 10:53:56,120 线程ID:[5] 日志级别：INFO  出错类：NHibernate.Engine.Cascade property:[(null)] - 错误描述：cascade NHibernate.Engine.CascadingAction+SaveUpdateCascadingAction for collection: QsTech.Accounts.Models.Accounts.Account.Clients
记录时间：2014-10-29 10:53:56,120 线程ID:[5] 日志级别：INFO  出错类：NHibernate.Engine.Cascade property:[(null)] - 错误描述：done cascade NHibernate.Engine.CascadingAction+SaveUpdateCascadingAction for collection: QsTech.Accounts.Models.Accounts.Account.Clients
记录时间：2014-10-29 10:53:56,120 线程ID:[5] 日志级别：INFO  出错类：NHibernate.Engine.Cascade property:[(null)] - 错误描述：deleting orphans for collection: QsTech.Accounts.Models.Accounts.Account.Clients
记录时间：2014-10-29 10:53:56,120 线程ID:[5] 日志级别：INFO  出错类：NHibernate.Engine.Cascade property:[(null)] - 错误描述：done deleting orphans for collection: QsTech.Accounts.Models.Accounts.Account.Clients
记录时间：2014-10-29 10:53:56,120 线程ID:[5] 日志级别：INFO  出错类：NHibernate.Engine.Cascade property:[(null)] - 错误描述：done processing cascade NHibernate.Engine.CascadingAction+SaveUpdateCascadingAction for: QsTech.Accounts.Models.Accounts.Account
记录时间：2014-10-29 10:53:56,120 线程ID:[5] 日志级别：INFO  出错类：NHibernate.Engine.Cascade property:[(null)] - 错误描述：processing cascade NHibernate.Engine.CascadingAction+SaveUpdateCascadingAction for: QsTech.Accounts.Models.Accounts.Account
记录时间：2014-10-29 10:53:56,120 线程ID:[5] 日志级别：INFO  出错类：NHibernate.Engine.Cascade property:[(null)] - 错误描述：cascade NHibernate.Engine.CascadingAction+SaveUpdateCascadingAction for collection: QsTech.Accounts.Models.Accounts.Account.Clients
记录时间：2014-10-29 10:53:56,120 线程ID:[5] 日志级别：INFO  出错类：NHibernate.Engine.Cascade property:[(null)] - 错误描述：done cascade NHibernate.Engine.CascadingAction+SaveUpdateCascadingAction for collection: QsTech.Accounts.Models.Accounts.Account.Clients
记录时间：2014-10-29 10:53:56,120 线程ID:[5] 日志级别：INFO  出错类：NHibernate.Engine.Cascade property:[(null)] - 错误描述：deleting orphans for collection: QsTech.Accounts.Models.Accounts.Account.Clients
记录时间：2014-10-29 10:53:56,120 线程ID:[5] 日志级别：INFO  出错类：NHibernate.Engine.Cascade property:[(null)] - 错误描述：done deleting orphans for collection: QsTech.Accounts.Models.Accounts.Account.Clients
记录时间：2014-10-29 10:53:56,120 线程ID:[5] 日志级别：INFO  出错类：NHibernate.Engine.Cascade property:[(null)] - 错误描述：done processing cascade NHibernate.Engine.CascadingAction+SaveUpdateCascadingAction for: QsTech.Accounts.Models.Accounts.Account
记录时间：2014-10-29 10:53:56,120 线程ID:[5] 日志级别：INFO  出错类：NHibernate.Engine.Cascade property:[(null)] - 错误描述：processing cascade NHibernate.Engine.CascadingAction+SaveUpdateCascadingAction for: QsTech.Accounts.Models.Accounts.Account
记录时间：2014-10-29 10:53:56,120 线程ID:[5] 日志级别：INFO  出错类：NHibernate.Engine.Cascade property:[(null)] - 错误描述：cascade NHibernate.Engine.CascadingAction+SaveUpdateCascadingAction for collection: QsTech.Accounts.Models.Accounts.Account.Clients
记录时间：2014-10-29 10:53:56,120 线程ID:[5] 日志级别：INFO  出错类：NHibernate.Engine.Cascade property:[(null)] - 错误描述：done cascade NHibernate.Engine.CascadingAction+SaveUpdateCascadingAction for collection: QsTech.Accounts.Models.Accounts.Account.Clients
记录时间：2014-10-29 10:53:56,120 线程ID:[5] 日志级别：INFO  出错类：NHibernate.Engine.Cascade property:[(null)] - 错误描述：deleting orphans for collection: QsTech.Accounts.Models.Accounts.Account.Clients
记录时间：2014-10-29 10:53:56,120 线程ID:[5] 日志级别：INFO  出错类：NHibernate.Engine.Cascade property:[(null)] - 错误描述：done deleting orphans for collection: QsTech.Accounts.Models.Accounts.Account.Clients
记录时间：2014-10-29 10:53:56,120 线程ID:[5] 日志级别：INFO  出错类：NHibernate.Engine.Cascade property:[(null)] - 错误描述：done processing cascade NHibernate.Engine.CascadingAction+SaveUpdateCascadingAction for: QsTech.Accounts.Models.Accounts.Account
记录时间：2014-10-29 10:53:56,120 线程ID:[5] 日志级别：INFO  出错类：NHibernate.Engine.Cascade property:[(null)] - 错误描述：processing cascade NHibernate.Engine.CascadingAction+SaveUpdateCascadingAction for: QsTech.Accounts.Models.Accounts.Account
记录时间：2014-10-29 10:53:56,120 线程ID:[5] 日志级别：INFO  出错类：NHibernate.Engine.Cascade property:[(null)] - 错误描述：cascade NHibernate.Engine.CascadingAction+SaveUpdateCascadingAction for collection: QsTech.Accounts.Models.Accounts.Account.Clients
记录时间：2014-10-29 10:53:56,120 线程ID:[5] 日志级别：INFO  出错类：NHibernate.Engine.Cascade property:[(null)] - 错误描述：done cascade NHibernate.Engine.CascadingAction+SaveUpdateCascadingAction for collection: QsTech.Accounts.Models.Accounts.Account.Clients
记录时间：2014-10-29 10:53:56,120 线程ID:[5] 日志级别：INFO  出错类：NHibernate.Engine.Cascade property:[(null)] - 错误描述：deleting orphans for collection: QsTech.Accounts.Models.Accounts.Account.Clients
记录时间：2014-10-29 10:53:56,120 线程ID:[5] 日志级别：INFO  出错类：NHibernate.Engine.Cascade property:[(null)] - 错误描述：done deleting orphans for collection: QsTech.Accounts.Models.Accounts.Account.Clients
记录时间：2014-10-29 10:53:56,120 线程ID:[5] 日志级别：INFO  出错类：NHibernate.Engine.Cascade property:[(null)] - 错误描述：done processing cascade NHibernate.Engine.CascadingAction+SaveUpdateCascadingAction for: QsTech.Accounts.Models.Accounts.Account
记录时间：2014-10-29 10:53:56,120 线程ID:[5] 日志级别：INFO  出错类：NHibernate.Engine.Cascade property:[(null)] - 错误描述：processing cascade NHibernate.Engine.CascadingAction+SaveUpdateCascadingAction for: QsTech.Accounts.Models.Accounts.Account
记录时间：2014-10-29 10:53:56,120 线程ID:[5] 日志级别：INFO  出错类：NHibernate.Engine.Cascade property:[(null)] - 错误描述：cascade NHibernate.Engine.CascadingAction+SaveUpdateCascadingAction for collection: QsTech.Accounts.Models.Accounts.Account.Clients
记录时间：2014-10-29 10:53:56,120 线程ID:[5] 日志级别：INFO  出错类：NHibernate.Engine.Cascade property:[(null)] - 错误描述：done cascade NHibernate.Engine.CascadingAction+SaveUpdateCascadingAction for collection: QsTech.Accounts.Models.Accounts.Account.Clients
记录时间：2014-10-29 10:53:56,120 线程ID:[5] 日志级别：INFO  出错类：NHibernate.Engine.Cascade property:[(null)] - 错误描述：deleting orphans for collection: QsTech.Accounts.Models.Accounts.Account.Clients
记录时间：2014-10-29 10:53:56,120 线程ID:[5] 日志级别：INFO  出错类：NHibernate.Engine.Cascade property:[(null)] - 错误描述：done deleting orphans for collection: QsTech.Accounts.Models.Accounts.Account.Clients
记录时间：2014-10-29 10:53:56,120 线程ID:[5] 日志级别：INFO  出错类：NHibernate.Engine.Cascade property:[(null)] - 错误描述：done processing cascade NHibernate.Engine.CascadingAction+SaveUpdateCascadingAction for: QsTech.Accounts.Models.Accounts.Account
记录时间：2014-10-29 10:53:56,120 线程ID:[5] 日志级别：INFO  出错类：NHibernate.Engine.Cascade property:[(null)] - 错误描述：processing cascade NHibernate.Engine.CascadingAction+SaveUpdateCascadingAction for: QsTech.Accounts.Models.Accounts.Account
记录时间：2014-10-29 10:53:56,120 线程ID:[5] 日志级别：INFO  出错类：NHibernate.Engine.Cascade property:[(null)] - 错误描述：cascade NHibernate.Engine.CascadingAction+SaveUpdateCascadingAction for collection: QsTech.Accounts.Models.Accounts.Account.Clients
记录时间：2014-10-29 10:53:56,120 线程ID:[5] 日志级别：INFO  出错类：NHibernate.Engine.Cascade property:[(null)] - 错误描述：done cascade NHibernate.Engine.CascadingAction+SaveUpdateCascadingAction for collection: QsTech.Accounts.Models.Accounts.Account.Clients
记录时间：2014-10-29 10:53:56,120 线程ID:[5] 日志级别：INFO  出错类：NHibernate.Engine.Cascade property:[(null)] - 错误描述：deleting orphans for collection: QsTech.Accounts.Models.Accounts.Account.Clients
记录时间：2014-10-29 10:53:56,120 线程ID:[5] 日志级别：INFO  出错类：NHibernate.Engine.Cascade property:[(null)] - 错误描述：done deleting orphans for collection: QsTech.Accounts.Models.Accounts.Account.Clients
记录时间：2014-10-29 10:53:56,120 线程ID:[5] 日志级别：INFO  出错类：NHibernate.Engine.Cascade property:[(null)] - 错误描述：done processing cascade NHibernate.Engine.CascadingAction+SaveUpdateCascadingAction for: QsTech.Accounts.Models.Accounts.Account
记录时间：2014-10-29 10:53:56,120 线程ID:[5] 日志级别：INFO  出错类：NHibernate.Engine.Cascade property:[(null)] - 错误描述：processing cascade NHibernate.Engine.CascadingAction+SaveUpdateCascadingAction for: QsTech.Accounts.Models.Accounts.Account
记录时间：2014-10-29 10:53:56,120 线程ID:[5] 日志级别：INFO  出错类：NHibernate.Engine.Cascade property:[(null)] - 错误描述：cascade NHibernate.Engine.CascadingAction+SaveUpdateCascadingAction for collection: QsTech.Accounts.Models.Accounts.Account.Clients
记录时间：2014-10-29 10:53:56,120 线程ID:[5] 日志级别：INFO  出错类：NHibernate.Engine.Cascade property:[(null)] - 错误描述：done cascade NHibernate.Engine.CascadingAction+SaveUpdateCascadingAction for collection: QsTech.Accounts.Models.Accounts.Account.Clients
记录时间：2014-10-29 10:53:56,120 线程ID:[5] 日志级别：INFO  出错类：NHibernate.Engine.Cascade property:[(null)] - 错误描述：deleting orphans for collection: QsTech.Accounts.Models.Accounts.Account.Clients
记录时间：2014-10-29 10:53:56,120 线程ID:[5] 日志级别：INFO  出错类：NHibernate.Engine.Cascade property:[(null)] - 错误描述：done deleting orphans for collection: QsTech.Accounts.Models.Accounts.Account.Clients
记录时间：2014-10-29 10:53:56,120 线程ID:[5] 日志级别：INFO  出错类：NHibernate.Engine.Cascade property:[(null)] - 错误描述：done processing cascade NHibernate.Engine.CascadingAction+SaveUpdateCascadingAction for: QsTech.Accounts.Models.Accounts.Account
记录时间：2014-10-29 10:53:56,120 线程ID:[5] 日志级别：INFO  出错类：NHibernate.Engine.Cascade property:[(null)] - 错误描述：processing cascade NHibernate.Engine.CascadingAction+SaveUpdateCascadingAction for: QsTech.Accounts.Models.Accounts.Account
记录时间：2014-10-29 10:53:56,120 线程ID:[5] 日志级别：INFO  出错类：NHibernate.Engine.Cascade property:[(null)] - 错误描述：cascade NHibernate.Engine.CascadingAction+SaveUpdateCascadingAction for collection: QsTech.Accounts.Models.Accounts.Account.Clients
记录时间：2014-10-29 10:53:56,120 线程ID:[5] 日志级别：INFO  出错类：NHibernate.Engine.Cascade property:[(null)] - 错误描述：done cascade NHibernate.Engine.CascadingAction+SaveUpdateCascadingAction for collection: QsTech.Accounts.Models.Accounts.Account.Clients
记录时间：2014-10-29 10:53:56,120 线程ID:[5] 日志级别：INFO  出错类：NHibernate.Engine.Cascade property:[(null)] - 错误描述：deleting orphans for collection: QsTech.Accounts.Models.Accounts.Account.Clients
记录时间：2014-10-29 10:53:56,120 线程ID:[5] 日志级别：INFO  出错类：NHibernate.Engine.Cascade property:[(null)] - 错误描述：done deleting orphans for collection: QsTech.Accounts.Models.Accounts.Account.Clients
记录时间：2014-10-29 10:53:56,120 线程ID:[5] 日志级别：INFO  出错类：NHibernate.Engine.Cascade property:[(null)] - 错误描述：done processing cascade NHibernate.Engine.CascadingAction+SaveUpdateCascadingAction for: QsTech.Accounts.Models.Accounts.Account
记录时间：2014-10-29 10:53:56,120 线程ID:[5] 日志级别：INFO  出错类：NHibernate.Engine.Cascade property:[(null)] - 错误描述：processing cascade NHibernate.Engine.CascadingAction+SaveUpdateCascadingAction for: QsTech.Accounts.Models.Accounts.Account
记录时间：2014-10-29 10:53:56,120 线程ID:[5] 日志级别：INFO  出错类：NHibernate.Engine.Cascade property:[(null)] - 错误描述：cascade NHibernate.Engine.CascadingAction+SaveUpdateCascadingAction for collection: QsTech.Accounts.Models.Accounts.Account.Clients
记录时间：2014-10-29 10:53:56,121 线程ID:[5] 日志级别：INFO  出错类：NHibernate.Engine.Cascade property:[(null)] - 错误描述：done cascade NHibernate.Engine.CascadingAction+SaveUpdateCascadingAction for collection: QsTech.Accounts.Models.Accounts.Account.Clients
记录时间：2014-10-29 10:53:56,121 线程ID:[5] 日志级别：INFO  出错类：NHibernate.Engine.Cascade property:[(null)] - 错误描述：deleting orphans for collection: QsTech.Accounts.Models.Accounts.Account.Clients
记录时间：2014-10-29 10:53:56,121 线程ID:[5] 日志级别：INFO  出错类：NHibernate.Engine.Cascade property:[(null)] - 错误描述：done deleting orphans for collection: QsTech.Accounts.Models.Accounts.Account.Clients
记录时间：2014-10-29 10:53:56,121 线程ID:[5] 日志级别：INFO  出错类：NHibernate.Engine.Cascade property:[(null)] - 错误描述：done processing cascade NHibernate.Engine.CascadingAction+SaveUpdateCascadingAction for: QsTech.Accounts.Models.Accounts.Account
记录时间：2014-10-29 10:53:56,121 线程ID:[5] 日志级别：INFO  出错类：NHibernate.Engine.Cascade property:[(null)] - 错误描述：processing cascade NHibernate.Engine.CascadingAction+SaveUpdateCascadingAction for: QsTech.Accounts.Models.Accounts.Account
记录时间：2014-10-29 10:53:56,121 线程ID:[5] 日志级别：INFO  出错类：NHibernate.Engine.Cascade property:[(null)] - 错误描述：cascade NHibernate.Engine.CascadingAction+SaveUpdateCascadingAction for collection: QsTech.Accounts.Models.Accounts.Account.Clients
记录时间：2014-10-29 10:53:56,121 线程ID:[5] 日志级别：INFO  出错类：NHibernate.Engine.Cascade property:[(null)] - 错误描述：done cascade NHibernate.Engine.CascadingAction+SaveUpdateCascadingAction for collection: QsTech.Accounts.Models.Accounts.Account.Clients
记录时间：2014-10-29 10:53:56,121 线程ID:[5] 日志级别：INFO  出错类：NHibernate.Engine.Cascade property:[(null)] - 错误描述：deleting orphans for collection: QsTech.Accounts.Models.Accounts.Account.Clients
记录时间：2014-10-29 10:53:56,121 线程ID:[5] 日志级别：INFO  出错类：NHibernate.Engine.Cascade property:[(null)] - 错误描述：done deleting orphans for collection: QsTech.Accounts.Models.Accounts.Account.Clients
记录时间：2014-10-29 10:53:56,121 线程ID:[5] 日志级别：INFO  出错类：NHibernate.Engine.Cascade property:[(null)] - 错误描述：done processing cascade NHibernate.Engine.CascadingAction+SaveUpdateCascadingAction for: QsTech.Accounts.Models.Accounts.Account
记录时间：2014-10-29 10:53:56,121 线程ID:[5] 日志级别：INFO  出错类：NHibernate.Engine.Cascade property:[(null)] - 错误描述：processing cascade NHibernate.Engine.CascadingAction+SaveUpdateCascadingAction for: QsTech.Accounts.Models.Accounts.Account
记录时间：2014-10-29 10:53:56,121 线程ID:[5] 日志级别：INFO  出错类：NHibernate.Engine.Cascade property:[(null)] - 错误描述：cascade NHibernate.Engine.CascadingAction+SaveUpdateCascadingAction for collection: QsTech.Accounts.Models.Accounts.Account.Clients
记录时间：2014-10-29 10:53:56,121 线程ID:[5] 日志级别：INFO  出错类：NHibernate.Engine.Cascade property:[(null)] - 错误描述：done cascade NHibernate.Engine.CascadingAction+SaveUpdateCascadingAction for collection: QsTech.Accounts.Models.Accounts.Account.Clients
记录时间：2014-10-29 10:53:56,121 线程ID:[5] 日志级别：INFO  出错类：NHibernate.Engine.Cascade property:[(null)] - 错误描述：deleting orphans for collection: QsTech.Accounts.Models.Accounts.Account.Clients
记录时间：2014-10-29 10:53:56,121 线程ID:[5] 日志级别：INFO  出错类：NHibernate.Engine.Cascade property:[(null)] - 错误描述：done deleting orphans for collection: QsTech.Accounts.Models.Accounts.Account.Clients
记录时间：2014-10-29 10:53:56,121 线程ID:[5] 日志级别：INFO  出错类：NHibernate.Engine.Cascade property:[(null)] - 错误描述：done processing cascade NHibernate.Engine.CascadingAction+SaveUpdateCascadingAction for: QsTech.Accounts.Models.Accounts.Account
记录时间：2014-10-29 10:53:56,121 线程ID:[5] 日志级别：INFO  出错类：NHibernate.Engine.Cascade property:[(null)] - 错误描述：processing cascade NHibernate.Engine.CascadingAction+SaveUpdateCascadingAction for: QsTech.Accounts.Models.Accounts.Account
记录时间：2014-10-29 10:53:56,121 线程ID:[5] 日志级别：INFO  出错类：NHibernate.Engine.Cascade property:[(null)] - 错误描述：cascade NHibernate.Engine.CascadingAction+SaveUpdateCascadingAction for collection: QsTech.Accounts.Models.Accounts.Account.Clients
记录时间：2014-10-29 10:53:56,121 线程ID:[5] 日志级别：INFO  出错类：NHibernate.Engine.Cascade property:[(null)] - 错误描述：done cascade NHibernate.Engine.CascadingAction+SaveUpdateCascadingAction for collection: QsTech.Accounts.Models.Accounts.Account.Clients
记录时间：2014-10-29 10:53:56,121 线程ID:[5] 日志级别：INFO  出错类：NHibernate.Engine.Cascade property:[(null)] - 错误描述：deleting orphans for collection: QsTech.Accounts.Models.Accounts.Account.Clients
记录时间：2014-10-29 10:53:56,121 线程ID:[5] 日志级别：INFO  出错类：NHibernate.Engine.Cascade property:[(null)] - 错误描述：done deleting orphans for collection: QsTech.Accounts.Models.Accounts.Account.Clients
记录时间：2014-10-29 10:53:56,121 线程ID:[5] 日志级别：INFO  出错类：NHibernate.Engine.Cascade property:[(null)] - 错误描述：done processing cascade NHibernate.Engine.CascadingAction+SaveUpdateCascadingAction for: QsTech.Accounts.Models.Accounts.Account
记录时间：2014-10-29 10:53:56,121 线程ID:[5] 日志级别：INFO  出错类：NHibernate.Engine.Cascade property:[(null)] - 错误描述：processing cascade NHibernate.Engine.CascadingAction+SaveUpdateCascadingAction for: QsTech.Accounts.Models.Accounts.Account
记录时间：2014-10-29 10:53:56,121 线程ID:[5] 日志级别：INFO  出错类：NHibernate.Engine.Cascade property:[(null)] - 错误描述：cascade NHibernate.Engine.CascadingAction+SaveUpdateCascadingAction for collection: QsTech.Accounts.Models.Accounts.Account.Clients
记录时间：2014-10-29 10:53:56,121 线程ID:[5] 日志级别：INFO  出错类：NHibernate.Engine.Cascade property:[(null)] - 错误描述：done cascade NHibernate.Engine.CascadingAction+SaveUpdateCascadingAction for collection: QsTech.Accounts.Models.Accounts.Account.Clients
记录时间：2014-10-29 10:53:56,121 线程ID:[5] 日志级别：INFO  出错类：NHibernate.Engine.Cascade property:[(null)] - 错误描述：deleting orphans for collection: QsTech.Accounts.Models.Accounts.Account.Clients
记录时间：2014-10-29 10:53:56,121 线程ID:[5] 日志级别：INFO  出错类：NHibernate.Engine.Cascade property:[(null)] - 错误描述：done deleting orphans for collection: QsTech.Accounts.Models.Accounts.Account.Clients
记录时间：2014-10-29 10:53:56,121 线程ID:[5] 日志级别：INFO  出错类：NHibernate.Engine.Cascade property:[(null)] - 错误描述：done processing cascade NHibernate.Engine.CascadingAction+SaveUpdateCascadingAction for: QsTech.Accounts.Models.Accounts.Account
记录时间：2014-10-29 10:53:56,121 线程ID:[5] 日志级别：INFO  出错类：NHibernate.Engine.Cascade property:[(null)] - 错误描述：processing cascade NHibernate.Engine.CascadingAction+SaveUpdateCascadingAction for: QsTech.Accounts.Models.Accounts.Account
记录时间：2014-10-29 10:53:56,121 线程ID:[5] 日志级别：INFO  出错类：NHibernate.Engine.Cascade property:[(null)] - 错误描述：cascade NHibernate.Engine.CascadingAction+SaveUpdateCascadingAction for collection: QsTech.Accounts.Models.Accounts.Account.Clients
记录时间：2014-10-29 10:53:56,121 线程ID:[5] 日志级别：INFO  出错类：NHibernate.Engine.Cascade property:[(null)] - 错误描述：done cascade NHibernate.Engine.CascadingAction+SaveUpdateCascadingAction for collection: QsTech.Accounts.Models.Accounts.Account.Clients
记录时间：2014-10-29 10:53:56,121 线程ID:[5] 日志级别：INFO  出错类：NHibernate.Engine.Cascade property:[(null)] - 错误描述：deleting orphans for collection: QsTech.Accounts.Models.Accounts.Account.Clients
记录时间：2014-10-29 10:53:56,121 线程ID:[5] 日志级别：INFO  出错类：NHibernate.Engine.Cascade property:[(null)] - 错误描述：done deleting orphans for collection: QsTech.Accounts.Models.Accounts.Account.Clients
记录时间：2014-10-29 10:53:56,121 线程ID:[5] 日志级别：INFO  出错类：NHibernate.Engine.Cascade property:[(null)] - 错误描述：done processing cascade NHibernate.Engine.CascadingAction+SaveUpdateCascadingAction for: QsTech.Accounts.Models.Accounts.Account
记录时间：2014-10-29 10:53:56,121 线程ID:[5] 日志级别：INFO  出错类：NHibernate.Engine.Cascade property:[(null)] - 错误描述：processing cascade NHibernate.Engine.CascadingAction+SaveUpdateCascadingAction for: QsTech.Accounts.Models.Accounts.Account
记录时间：2014-10-29 10:53:56,121 线程ID:[5] 日志级别：INFO  出错类：NHibernate.Engine.Cascade property:[(null)] - 错误描述：cascade NHibernate.Engine.CascadingAction+SaveUpdateCascadingAction for collection: QsTech.Accounts.Models.Accounts.Account.Clients
记录时间：2014-10-29 10:53:56,121 线程ID:[5] 日志级别：INFO  出错类：NHibernate.Engine.Cascade property:[(null)] - 错误描述：done cascade NHibernate.Engine.CascadingAction+SaveUpdateCascadingAction for collection: QsTech.Accounts.Models.Accounts.Account.Clients
记录时间：2014-10-29 10:53:56,121 线程ID:[5] 日志级别：INFO  出错类：NHibernate.Engine.Cascade property:[(null)] - 错误描述：deleting orphans for collection: QsTech.Accounts.Models.Accounts.Account.Clients
记录时间：2014-10-29 10:53:56,121 线程ID:[5] 日志级别：INFO  出错类：NHibernate.Engine.Cascade property:[(null)] - 错误描述：done deleting orphans for collection: QsTech.Accounts.Models.Accounts.Account.Clients
记录时间：2014-10-29 10:53:56,121 线程ID:[5] 日志级别：INFO  出错类：NHibernate.Engine.Cascade property:[(null)] - 错误描述：done processing cascade NHibernate.Engine.CascadingAction+SaveUpdateCascadingAction for: QsTech.Accounts.Models.Accounts.Account
记录时间：2014-10-29 10:53:56,121 线程ID:[5] 日志级别：INFO  出错类：NHibernate.Engine.Cascade property:[(null)] - 错误描述：processing cascade NHibernate.Engine.CascadingAction+SaveUpdateCascadingAction for: QsTech.Accounts.Models.Accounts.Account
记录时间：2014-10-29 10:53:56,121 线程ID:[5] 日志级别：INFO  出错类：NHibernate.Engine.Cascade property:[(null)] - 错误描述：cascade NHibernate.Engine.CascadingAction+SaveUpdateCascadingAction for collection: QsTech.Accounts.Models.Accounts.Account.Clients
记录时间：2014-10-29 10:53:56,121 线程ID:[5] 日志级别：INFO  出错类：NHibernate.Engine.Cascade property:[(null)] - 错误描述：done cascade NHibernate.Engine.CascadingAction+SaveUpdateCascadingAction for collection: QsTech.Accounts.Models.Accounts.Account.Clients
记录时间：2014-10-29 10:53:56,121 线程ID:[5] 日志级别：INFO  出错类：NHibernate.Engine.Cascade property:[(null)] - 错误描述：deleting orphans for collection: QsTech.Accounts.Models.Accounts.Account.Clients
记录时间：2014-10-29 10:53:56,121 线程ID:[5] 日志级别：INFO  出错类：NHibernate.Engine.Cascade property:[(null)] - 错误描述：done deleting orphans for collection: QsTech.Accounts.Models.Accounts.Account.Clients
记录时间：2014-10-29 10:53:56,121 线程ID:[5] 日志级别：INFO  出错类：NHibernate.Engine.Cascade property:[(null)] - 错误描述：done processing cascade NHibernate.Engine.CascadingAction+SaveUpdateCascadingAction for: QsTech.Accounts.Models.Accounts.Account
记录时间：2014-10-29 10:53:56,121 线程ID:[5] 日志级别：INFO  出错类：NHibernate.Engine.Cascade property:[(null)] - 错误描述：processing cascade NHibernate.Engine.CascadingAction+SaveUpdateCascadingAction for: QsTech.Accounts.Models.Accounts.Account
记录时间：2014-10-29 10:53:56,121 线程ID:[5] 日志级别：INFO  出错类：NHibernate.Engine.Cascade property:[(null)] - 错误描述：cascade NHibernate.Engine.CascadingAction+SaveUpdateCascadingAction for collection: QsTech.Accounts.Models.Accounts.Account.Clients
记录时间：2014-10-29 10:53:56,121 线程ID:[5] 日志级别：INFO  出错类：NHibernate.Engine.Cascade property:[(null)] - 错误描述：done cascade NHibernate.Engine.CascadingAction+SaveUpdateCascadingAction for collection: QsTech.Accounts.Models.Accounts.Account.Clients
记录时间：2014-10-29 10:53:56,121 线程ID:[5] 日志级别：INFO  出错类：NHibernate.Engine.Cascade property:[(null)] - 错误描述：deleting orphans for collection: QsTech.Accounts.Models.Accounts.Account.Clients
记录时间：2014-10-29 10:53:56,121 线程ID:[5] 日志级别：INFO  出错类：NHibernate.Engine.Cascade property:[(null)] - 错误描述：done deleting orphans for collection: QsTech.Accounts.Models.Accounts.Account.Clients
记录时间：2014-10-29 10:53:56,121 线程ID:[5] 日志级别：INFO  出错类：NHibernate.Engine.Cascade property:[(null)] - 错误描述：done processing cascade NHibernate.Engine.CascadingAction+SaveUpdateCascadingAction for: QsTech.Accounts.Models.Accounts.Account
记录时间：2014-10-29 10:53:56,121 线程ID:[5] 日志级别：INFO  出错类：NHibernate.Engine.Cascade property:[(null)] - 错误描述：processing cascade NHibernate.Engine.CascadingAction+SaveUpdateCascadingAction for: QsTech.Accounts.Models.Accounts.Account
记录时间：2014-10-29 10:53:56,121 线程ID:[5] 日志级别：INFO  出错类：NHibernate.Engine.Cascade property:[(null)] - 错误描述：cascade NHibernate.Engine.CascadingAction+SaveUpdateCascadingAction for collection: QsTech.Accounts.Models.Accounts.Account.Clients
记录时间：2014-10-29 10:53:56,121 线程ID:[5] 日志级别：INFO  出错类：NHibernate.Engine.Cascade property:[(null)] - 错误描述：done cascade NHibernate.Engine.CascadingAction+SaveUpdateCascadingAction for collection: QsTech.Accounts.Models.Accounts.Account.Clients
记录时间：2014-10-29 10:53:56,121 线程ID:[5] 日志级别：INFO  出错类：NHibernate.Engine.Cascade property:[(null)] - 错误描述：deleting orphans for collection: QsTech.Accounts.Models.Accounts.Account.Clients
记录时间：2014-10-29 10:53:56,121 线程ID:[5] 日志级别：INFO  出错类：NHibernate.Engine.Cascade property:[(null)] - 错误描述：done deleting orphans for collection: QsTech.Accounts.Models.Accounts.Account.Clients
记录时间：2014-10-29 10:53:56,121 线程ID:[5] 日志级别：INFO  出错类：NHibernate.Engine.Cascade property:[(null)] - 错误描述：done processing cascade NHibernate.Engine.CascadingAction+SaveUpdateCascadingAction for: QsTech.Accounts.Models.Accounts.Account
记录时间：2014-10-29 10:53:56,121 线程ID:[5] 日志级别：INFO  出错类：NHibernate.Engine.Cascade property:[(null)] - 错误描述：processing cascade NHibernate.Engine.CascadingAction+SaveUpdateCascadingAction for: QsTech.Accounts.Models.Accounts.Account
记录时间：2014-10-29 10:53:56,121 线程ID:[5] 日志级别：INFO  出错类：NHibernate.Engine.Cascade property:[(null)] - 错误描述：cascade NHibernate.Engine.CascadingAction+SaveUpdateCascadingAction for collection: QsTech.Accounts.Models.Accounts.Account.Clients
记录时间：2014-10-29 10:53:56,121 线程ID:[5] 日志级别：INFO  出错类：NHibernate.Engine.Cascade property:[(null)] - 错误描述：done cascade NHibernate.Engine.CascadingAction+SaveUpdateCascadingAction for collection: QsTech.Accounts.Models.Accounts.Account.Clients
记录时间：2014-10-29 10:53:56,121 线程ID:[5] 日志级别：INFO  出错类：NHibernate.Engine.Cascade property:[(null)] - 错误描述：deleting orphans for collection: QsTech.Accounts.Models.Accounts.Account.Clients
记录时间：2014-10-29 10:53:56,121 线程ID:[5] 日志级别：INFO  出错类：NHibernate.Engine.Cascade property:[(null)] - 错误描述：done deleting orphans for collection: QsTech.Accounts.Models.Accounts.Account.Clients
记录时间：2014-10-29 10:53:56,121 线程ID:[5] 日志级别：INFO  出错类：NHibernate.Engine.Cascade property:[(null)] - 错误描述：done processing cascade NHibernate.Engine.CascadingAction+SaveUpdateCascadingAction for: QsTech.Accounts.Models.Accounts.Account
记录时间：2014-10-29 10:53:56,121 线程ID:[5] 日志级别：INFO  出错类：NHibernate.Engine.Cascade property:[(null)] - 错误描述：processing cascade NHibernate.Engine.CascadingAction+SaveUpdateCascadingAction for: QsTech.Accounts.Models.Accounts.Account
记录时间：2014-10-29 10:53:56,121 线程ID:[5] 日志级别：INFO  出错类：NHibernate.Engine.Cascade property:[(null)] - 错误描述：cascade NHibernate.Engine.CascadingAction+SaveUpdateCascadingAction for collection: QsTech.Accounts.Models.Accounts.Account.Clients
记录时间：2014-10-29 10:53:56,121 线程ID:[5] 日志级别：INFO  出错类：NHibernate.Engine.Cascade property:[(null)] - 错误描述：done cascade NHibernate.Engine.CascadingAction+SaveUpdateCascadingAction for collection: QsTech.Accounts.Models.Accounts.Account.Clients
记录时间：2014-10-29 10:53:56,121 线程ID:[5] 日志级别：INFO  出错类：NHibernate.Engine.Cascade property:[(null)] - 错误描述：deleting orphans for collection: QsTech.Accounts.Models.Accounts.Account.Clients
记录时间：2014-10-29 10:53:56,121 线程ID:[5] 日志级别：INFO  出错类：NHibernate.Engine.Cascade property:[(null)] - 错误描述：done deleting orphans for collection: QsTech.Accounts.Models.Accounts.Account.Clients
记录时间：2014-10-29 10:53:56,121 线程ID:[5] 日志级别：INFO  出错类：NHibernate.Engine.Cascade property:[(null)] - 错误描述：done processing cascade NHibernate.Engine.CascadingAction+SaveUpdateCascadingAction for: QsTech.Accounts.Models.Accounts.Account
记录时间：2014-10-29 10:53:56,121 线程ID:[5] 日志级别：INFO  出错类：NHibernate.Engine.Cascade property:[(null)] - 错误描述：processing cascade NHibernate.Engine.CascadingAction+SaveUpdateCascadingAction for: QsTech.Accounts.Models.Accounts.Account
记录时间：2014-10-29 10:53:56,122 线程ID:[5] 日志级别：INFO  出错类：NHibernate.Engine.Cascade property:[(null)] - 错误描述：cascade NHibernate.Engine.CascadingAction+SaveUpdateCascadingAction for collection: QsTech.Accounts.Models.Accounts.Account.Clients
记录时间：2014-10-29 10:53:56,122 线程ID:[5] 日志级别：INFO  出错类：NHibernate.Engine.Cascade property:[(null)] - 错误描述：done cascade NHibernate.Engine.CascadingAction+SaveUpdateCascadingAction for collection: QsTech.Accounts.Models.Accounts.Account.Clients
记录时间：2014-10-29 10:53:56,122 线程ID:[5] 日志级别：INFO  出错类：NHibernate.Engine.Cascade property:[(null)] - 错误描述：deleting orphans for collection: QsTech.Accounts.Models.Accounts.Account.Clients
记录时间：2014-10-29 10:53:56,122 线程ID:[5] 日志级别：INFO  出错类：NHibernate.Engine.Cascade property:[(null)] - 错误描述：done deleting orphans for collection: QsTech.Accounts.Models.Accounts.Account.Clients
记录时间：2014-10-29 10:53:56,122 线程ID:[5] 日志级别：INFO  出错类：NHibernate.Engine.Cascade property:[(null)] - 错误描述：done processing cascade NHibernate.Engine.CascadingAction+SaveUpdateCascadingAction for: QsTech.Accounts.Models.Accounts.Account
记录时间：2014-10-29 10:53:56,122 线程ID:[5] 日志级别：INFO  出错类：NHibernate.Engine.Cascade property:[(null)] - 错误描述：processing cascade NHibernate.Engine.CascadingAction+SaveUpdateCascadingAction for: QsTech.Accounts.Models.Accounts.Account
记录时间：2014-10-29 10:53:56,122 线程ID:[5] 日志级别：INFO  出错类：NHibernate.Engine.Cascade property:[(null)] - 错误描述：cascade NHibernate.Engine.CascadingAction+SaveUpdateCascadingAction for collection: QsTech.Accounts.Models.Accounts.Account.Clients
记录时间：2014-10-29 10:53:56,122 线程ID:[5] 日志级别：INFO  出错类：NHibernate.Engine.Cascade property:[(null)] - 错误描述：done cascade NHibernate.Engine.CascadingAction+SaveUpdateCascadingAction for collection: QsTech.Accounts.Models.Accounts.Account.Clients
记录时间：2014-10-29 10:53:56,122 线程ID:[5] 日志级别：INFO  出错类：NHibernate.Engine.Cascade property:[(null)] - 错误描述：deleting orphans for collection: QsTech.Accounts.Models.Accounts.Account.Clients
记录时间：2014-10-29 10:53:56,122 线程ID:[5] 日志级别：INFO  出错类：NHibernate.Engine.Cascade property:[(null)] - 错误描述：done deleting orphans for collection: QsTech.Accounts.Models.Accounts.Account.Clients
记录时间：2014-10-29 10:53:56,122 线程ID:[5] 日志级别：INFO  出错类：NHibernate.Engine.Cascade property:[(null)] - 错误描述：done processing cascade NHibernate.Engine.CascadingAction+SaveUpdateCascadingAction for: QsTech.Accounts.Models.Accounts.Account
记录时间：2014-10-29 10:53:56,122 线程ID:[5] 日志级别：INFO  出错类：NHibernate.Engine.Cascade property:[(null)] - 错误描述：processing cascade NHibernate.Engine.CascadingAction+SaveUpdateCascadingAction for: QsTech.Accounts.Models.Accounts.Account
记录时间：2014-10-29 10:53:56,122 线程ID:[5] 日志级别：INFO  出错类：NHibernate.Engine.Cascade property:[(null)] - 错误描述：cascade NHibernate.Engine.CascadingAction+SaveUpdateCascadingAction for collection: QsTech.Accounts.Models.Accounts.Account.Clients
记录时间：2014-10-29 10:53:56,122 线程ID:[5] 日志级别：INFO  出错类：NHibernate.Engine.Cascade property:[(null)] - 错误描述：done cascade NHibernate.Engine.CascadingAction+SaveUpdateCascadingAction for collection: QsTech.Accounts.Models.Accounts.Account.Clients
记录时间：2014-10-29 10:53:56,122 线程ID:[5] 日志级别：INFO  出错类：NHibernate.Engine.Cascade property:[(null)] - 错误描述：deleting orphans for collection: QsTech.Accounts.Models.Accounts.Account.Clients
记录时间：2014-10-29 10:53:56,122 线程ID:[5] 日志级别：INFO  出错类：NHibernate.Engine.Cascade property:[(null)] - 错误描述：done deleting orphans for collection: QsTech.Accounts.Models.Accounts.Account.Clients
记录时间：2014-10-29 10:53:56,122 线程ID:[5] 日志级别：INFO  出错类：NHibernate.Engine.Cascade property:[(null)] - 错误描述：done processing cascade NHibernate.Engine.CascadingAction+SaveUpdateCascadingAction for: QsTech.Accounts.Models.Accounts.Account
记录时间：2014-10-29 10:53:56,122 线程ID:[5] 日志级别：INFO  出错类：NHibernate.Engine.Cascade property:[(null)] - 错误描述：processing cascade NHibernate.Engine.CascadingAction+SaveUpdateCascadingAction for: QsTech.Accounts.Models.Accounts.Account
记录时间：2014-10-29 10:53:56,122 线程ID:[5] 日志级别：INFO  出错类：NHibernate.Engine.Cascade property:[(null)] - 错误描述：cascade NHibernate.Engine.CascadingAction+SaveUpdateCascadingAction for collection: QsTech.Accounts.Models.Accounts.Account.Clients
记录时间：2014-10-29 10:53:56,122 线程ID:[5] 日志级别：INFO  出错类：NHibernate.Engine.Cascade property:[(null)] - 错误描述：done cascade NHibernate.Engine.CascadingAction+SaveUpdateCascadingAction for collection: QsTech.Accounts.Models.Accounts.Account.Clients
记录时间：2014-10-29 10:53:56,122 线程ID:[5] 日志级别：INFO  出错类：NHibernate.Engine.Cascade property:[(null)] - 错误描述：deleting orphans for collection: QsTech.Accounts.Models.Accounts.Account.Clients
记录时间：2014-10-29 10:53:56,122 线程ID:[5] 日志级别：INFO  出错类：NHibernate.Engine.Cascade property:[(null)] - 错误描述：done deleting orphans for collection: QsTech.Accounts.Models.Accounts.Account.Clients
记录时间：2014-10-29 10:53:56,122 线程ID:[5] 日志级别：INFO  出错类：NHibernate.Engine.Cascade property:[(null)] - 错误描述：done processing cascade NHibernate.Engine.CascadingAction+SaveUpdateCascadingAction for: QsTech.Accounts.Models.Accounts.Account
记录时间：2014-10-29 10:53:56,122 线程ID:[5] 日志级别：INFO  出错类：NHibernate.Engine.Cascade property:[(null)] - 错误描述：processing cascade NHibernate.Engine.CascadingAction+SaveUpdateCascadingAction for: QsTech.Accounts.Models.Accounts.Account
记录时间：2014-10-29 10:53:56,122 线程ID:[5] 日志级别：INFO  出错类：NHibernate.Engine.Cascade property:[(null)] - 错误描述：cascade NHibernate.Engine.CascadingAction+SaveUpdateCascadingAction for collection: QsTech.Accounts.Models.Accounts.Account.Clients
记录时间：2014-10-29 10:53:56,122 线程ID:[5] 日志级别：INFO  出错类：NHibernate.Engine.Cascade property:[(null)] - 错误描述：done cascade NHibernate.Engine.CascadingAction+SaveUpdateCascadingAction for collection: QsTech.Accounts.Models.Accounts.Account.Clients
记录时间：2014-10-29 10:53:56,122 线程ID:[5] 日志级别：INFO  出错类：NHibernate.Engine.Cascade property:[(null)] - 错误描述：deleting orphans for collection: QsTech.Accounts.Models.Accounts.Account.Clients
记录时间：2014-10-29 10:53:56,122 线程ID:[5] 日志级别：INFO  出错类：NHibernate.Engine.Cascade property:[(null)] - 错误描述：done deleting orphans for collection: QsTech.Accounts.Models.Accounts.Account.Clients
记录时间：2014-10-29 10:53:56,122 线程ID:[5] 日志级别：INFO  出错类：NHibernate.Engine.Cascade property:[(null)] - 错误描述：done processing cascade NHibernate.Engine.CascadingAction+SaveUpdateCascadingAction for: QsTech.Accounts.Models.Accounts.Account
记录时间：2014-10-29 10:53:56,122 线程ID:[5] 日志级别：INFO  出错类：NHibernate.Engine.Cascade property:[(null)] - 错误描述：processing cascade NHibernate.Engine.CascadingAction+SaveUpdateCascadingAction for: QsTech.Accounts.Models.Accounts.Account
记录时间：2014-10-29 10:53:56,122 线程ID:[5] 日志级别：INFO  出错类：NHibernate.Engine.Cascade property:[(null)] - 错误描述：cascade NHibernate.Engine.CascadingAction+SaveUpdateCascadingAction for collection: QsTech.Accounts.Models.Accounts.Account.Clients
记录时间：2014-10-29 10:53:56,122 线程ID:[5] 日志级别：INFO  出错类：NHibernate.Engine.Cascade property:[(null)] - 错误描述：done cascade NHibernate.Engine.CascadingAction+SaveUpdateCascadingAction for collection: QsTech.Accounts.Models.Accounts.Account.Clients
记录时间：2014-10-29 10:53:56,122 线程ID:[5] 日志级别：INFO  出错类：NHibernate.Engine.Cascade property:[(null)] - 错误描述：deleting orphans for collection: QsTech.Accounts.Models.Accounts.Account.Clients
记录时间：2014-10-29 10:53:56,122 线程ID:[5] 日志级别：INFO  出错类：NHibernate.Engine.Cascade property:[(null)] - 错误描述：done deleting orphans for collection: QsTech.Accounts.Models.Accounts.Account.Clients
记录时间：2014-10-29 10:53:56,122 线程ID:[5] 日志级别：INFO  出错类：NHibernate.Engine.Cascade property:[(null)] - 错误描述：done processing cascade NHibernate.Engine.CascadingAction+SaveUpdateCascadingAction for: QsTech.Accounts.Models.Accounts.Account
记录时间：2014-10-29 10:53:56,122 线程ID:[5] 日志级别：INFO  出错类：NHibernate.Engine.Cascade property:[(null)] - 错误描述：processing cascade NHibernate.Engine.CascadingAction+SaveUpdateCascadingAction for: QsTech.Accounts.Models.Accounts.Account
记录时间：2014-10-29 10:53:56,122 线程ID:[5] 日志级别：INFO  出错类：NHibernate.Engine.Cascade property:[(null)] - 错误描述：cascade NHibernate.Engine.CascadingAction+SaveUpdateCascadingAction for collection: QsTech.Accounts.Models.Accounts.Account.Clients
记录时间：2014-10-29 10:53:56,122 线程ID:[5] 日志级别：INFO  出错类：NHibernate.Engine.Cascade property:[(null)] - 错误描述：done cascade NHibernate.Engine.CascadingAction+SaveUpdateCascadingAction for collection: QsTech.Accounts.Models.Accounts.Account.Clients
记录时间：2014-10-29 10:53:56,122 线程ID:[5] 日志级别：INFO  出错类：NHibernate.Engine.Cascade property:[(null)] - 错误描述：deleting orphans for collection: QsTech.Accounts.Models.Accounts.Account.Clients
记录时间：2014-10-29 10:53:56,123 线程ID:[5] 日志级别：INFO  出错类：NHibernate.Engine.Cascade property:[(null)] - 错误描述：done deleting orphans for collection: QsTech.Accounts.Models.Accounts.Account.Clients
记录时间：2014-10-29 10:53:56,123 线程ID:[5] 日志级别：INFO  出错类：NHibernate.Engine.Cascade property:[(null)] - 错误描述：done processing cascade NHibernate.Engine.CascadingAction+SaveUpdateCascadingAction for: QsTech.Accounts.Models.Accounts.Account
记录时间：2014-10-29 10:53:56,123 线程ID:[5] 日志级别：INFO  出错类：NHibernate.Engine.Cascade property:[(null)] - 错误描述：processing cascade NHibernate.Engine.CascadingAction+SaveUpdateCascadingAction for: QsTech.Accounts.Models.Accounts.Account
记录时间：2014-10-29 10:53:56,123 线程ID:[5] 日志级别：INFO  出错类：NHibernate.Engine.Cascade property:[(null)] - 错误描述：cascade NHibernate.Engine.CascadingAction+SaveUpdateCascadingAction for collection: QsTech.Accounts.Models.Accounts.Account.Clients
记录时间：2014-10-29 10:53:56,123 线程ID:[5] 日志级别：INFO  出错类：NHibernate.Engine.Cascade property:[(null)] - 错误描述：done cascade NHibernate.Engine.CascadingAction+SaveUpdateCascadingAction for collection: QsTech.Accounts.Models.Accounts.Account.Clients
记录时间：2014-10-29 10:53:56,123 线程ID:[5] 日志级别：INFO  出错类：NHibernate.Engine.Cascade property:[(null)] - 错误描述：deleting orphans for collection: QsTech.Accounts.Models.Accounts.Account.Clients
记录时间：2014-10-29 10:53:56,123 线程ID:[5] 日志级别：INFO  出错类：NHibernate.Engine.Cascade property:[(null)] - 错误描述：done deleting orphans for collection: QsTech.Accounts.Models.Accounts.Account.Clients
记录时间：2014-10-29 10:53:56,123 线程ID:[5] 日志级别：INFO  出错类：NHibernate.Engine.Cascade property:[(null)] - 错误描述：done processing cascade NHibernate.Engine.CascadingAction+SaveUpdateCascadingAction for: QsTech.Accounts.Models.Accounts.Account
记录时间：2014-10-29 10:53:56,123 线程ID:[5] 日志级别：INFO  出错类：NHibernate.Engine.Cascade property:[(null)] - 错误描述：processing cascade NHibernate.Engine.CascadingAction+SaveUpdateCascadingAction for: QsTech.Accounts.Models.Accounts.Account
记录时间：2014-10-29 10:53:56,123 线程ID:[5] 日志级别：INFO  出错类：NHibernate.Engine.Cascade property:[(null)] - 错误描述：cascade NHibernate.Engine.CascadingAction+SaveUpdateCascadingAction for collection: QsTech.Accounts.Models.Accounts.Account.Clients
记录时间：2014-10-29 10:53:56,123 线程ID:[5] 日志级别：INFO  出错类：NHibernate.Engine.Cascade property:[(null)] - 错误描述：done cascade NHibernate.Engine.CascadingAction+SaveUpdateCascadingAction for collection: QsTech.Accounts.Models.Accounts.Account.Clients
记录时间：2014-10-29 10:53:56,123 线程ID:[5] 日志级别：INFO  出错类：NHibernate.Engine.Cascade property:[(null)] - 错误描述：deleting orphans for collection: QsTech.Accounts.Models.Accounts.Account.Clients
记录时间：2014-10-29 10:53:56,123 线程ID:[5] 日志级别：INFO  出错类：NHibernate.Engine.Cascade property:[(null)] - 错误描述：done deleting orphans for collection: QsTech.Accounts.Models.Accounts.Account.Clients
记录时间：2014-10-29 10:53:56,123 线程ID:[5] 日志级别：INFO  出错类：NHibernate.Engine.Cascade property:[(null)] - 错误描述：done processing cascade NHibernate.Engine.CascadingAction+SaveUpdateCascadingAction for: QsTech.Accounts.Models.Accounts.Account
记录时间：2014-10-29 10:53:56,123 线程ID:[5] 日志级别：INFO  出错类：NHibernate.Engine.Cascade property:[(null)] - 错误描述：processing cascade NHibernate.Engine.CascadingAction+SaveUpdateCascadingAction for: QsTech.Accounts.Models.Accounts.Account
记录时间：2014-10-29 10:53:56,123 线程ID:[5] 日志级别：INFO  出错类：NHibernate.Engine.Cascade property:[(null)] - 错误描述：cascade NHibernate.Engine.CascadingAction+SaveUpdateCascadingAction for collection: QsTech.Accounts.Models.Accounts.Account.Clients
记录时间：2014-10-29 10:53:56,123 线程ID:[5] 日志级别：INFO  出错类：NHibernate.Engine.Cascade property:[(null)] - 错误描述：done cascade NHibernate.Engine.CascadingAction+SaveUpdateCascadingAction for collection: QsTech.Accounts.Models.Accounts.Account.Clients
记录时间：2014-10-29 10:53:56,123 线程ID:[5] 日志级别：INFO  出错类：NHibernate.Engine.Cascade property:[(null)] - 错误描述：deleting orphans for collection: QsTech.Accounts.Models.Accounts.Account.Clients
记录时间：2014-10-29 10:53:56,123 线程ID:[5] 日志级别：INFO  出错类：NHibernate.Engine.Cascade property:[(null)] - 错误描述：done deleting orphans for collection: QsTech.Accounts.Models.Accounts.Account.Clients
记录时间：2014-10-29 10:53:56,123 线程ID:[5] 日志级别：INFO  出错类：NHibernate.Engine.Cascade property:[(null)] - 错误描述：done processing cascade NHibernate.Engine.CascadingAction+SaveUpdateCascadingAction for: QsTech.Accounts.Models.Accounts.Account
记录时间：2014-10-29 10:53:56,123 线程ID:[5] 日志级别：INFO  出错类：NHibernate.Engine.Cascade property:[(null)] - 错误描述：processing cascade NHibernate.Engine.CascadingAction+SaveUpdateCascadingAction for: QsTech.Accounts.Models.Accounts.Account
记录时间：2014-10-29 10:53:56,123 线程ID:[5] 日志级别：INFO  出错类：NHibernate.Engine.Cascade property:[(null)] - 错误描述：cascade NHibernate.Engine.CascadingAction+SaveUpdateCascadingAction for collection: QsTech.Accounts.Models.Accounts.Account.Clients
记录时间：2014-10-29 10:53:56,123 线程ID:[5] 日志级别：INFO  出错类：NHibernate.Engine.Cascade property:[(null)] - 错误描述：done cascade NHibernate.Engine.CascadingAction+SaveUpdateCascadingAction for collection: QsTech.Accounts.Models.Accounts.Account.Clients
记录时间：2014-10-29 10:53:56,123 线程ID:[5] 日志级别：INFO  出错类：NHibernate.Engine.Cascade property:[(null)] - 错误描述：deleting orphans for collection: QsTech.Accounts.Models.Accounts.Account.Clients
记录时间：2014-10-29 10:53:56,123 线程ID:[5] 日志级别：INFO  出错类：NHibernate.Engine.Cascade property:[(null)] - 错误描述：done deleting orphans for collection: QsTech.Accounts.Models.Accounts.Account.Clients
记录时间：2014-10-29 10:53:56,123 线程ID:[5] 日志级别：INFO  出错类：NHibernate.Engine.Cascade property:[(null)] - 错误描述：done processing cascade NHibernate.Engine.CascadingAction+SaveUpdateCascadingAction for: QsTech.Accounts.Models.Accounts.Account
记录时间：2014-10-29 10:53:56,123 线程ID:[5] 日志级别：INFO  出错类：NHibernate.Engine.Cascade property:[(null)] - 错误描述：processing cascade NHibernate.Engine.CascadingAction+SaveUpdateCascadingAction for: QsTech.Accounts.Models.Accounts.Account
记录时间：2014-10-29 10:53:56,123 线程ID:[5] 日志级别：INFO  出错类：NHibernate.Engine.Cascade property:[(null)] - 错误描述：cascade NHibernate.Engine.CascadingAction+SaveUpdateCascadingAction for collection: QsTech.Accounts.Models.Accounts.Account.Clients
记录时间：2014-10-29 10:53:56,123 线程ID:[5] 日志级别：INFO  出错类：NHibernate.Engine.Cascade property:[(null)] - 错误描述：done cascade NHibernate.Engine.CascadingAction+SaveUpdateCascadingAction for collection: QsTech.Accounts.Models.Accounts.Account.Clients
记录时间：2014-10-29 10:53:56,123 线程ID:[5] 日志级别：INFO  出错类：NHibernate.Engine.Cascade property:[(null)] - 错误描述：deleting orphans for collection: QsTech.Accounts.Models.Accounts.Account.Clients
记录时间：2014-10-29 10:53:56,123 线程ID:[5] 日志级别：INFO  出错类：NHibernate.Engine.Cascade property:[(null)] - 错误描述：done deleting orphans for collection: QsTech.Accounts.Models.Accounts.Account.Clients
记录时间：2014-10-29 10:53:56,123 线程ID:[5] 日志级别：INFO  出错类：NHibernate.Engine.Cascade property:[(null)] - 错误描述：done processing cascade NHibernate.Engine.CascadingAction+SaveUpdateCascadingAction for: QsTech.Accounts.Models.Accounts.Account
记录时间：2014-10-29 10:53:56,123 线程ID:[5] 日志级别：INFO  出错类：NHibernate.Engine.Cascade property:[(null)] - 错误描述：processing cascade NHibernate.Engine.CascadingAction+SaveUpdateCascadingAction for: QsTech.Accounts.Models.Accounts.Account
记录时间：2014-10-29 10:53:56,123 线程ID:[5] 日志级别：INFO  出错类：NHibernate.Engine.Cascade property:[(null)] - 错误描述：cascade NHibernate.Engine.CascadingAction+SaveUpdateCascadingAction for collection: QsTech.Accounts.Models.Accounts.Account.Clients
记录时间：2014-10-29 10:53:56,123 线程ID:[5] 日志级别：INFO  出错类：NHibernate.Engine.Cascade property:[(null)] - 错误描述：done cascade NHibernate.Engine.CascadingAction+SaveUpdateCascadingAction for collection: QsTech.Accounts.Models.Accounts.Account.Clients
记录时间：2014-10-29 10:53:56,123 线程ID:[5] 日志级别：INFO  出错类：NHibernate.Engine.Cascade property:[(null)] - 错误描述：deleting orphans for collection: QsTech.Accounts.Models.Accounts.Account.Clients
记录时间：2014-10-29 10:53:56,123 线程ID:[5] 日志级别：INFO  出错类：NHibernate.Engine.Cascade property:[(null)] - 错误描述：done deleting orphans for collection: QsTech.Accounts.Models.Accounts.Account.Clients
记录时间：2014-10-29 10:53:56,123 线程ID:[5] 日志级别：INFO  出错类：NHibernate.Engine.Cascade property:[(null)] - 错误描述：done processing cascade NHibernate.Engine.CascadingAction+SaveUpdateCascadingAction for: QsTech.Accounts.Models.Accounts.Account
记录时间：2014-10-29 10:53:56,123 线程ID:[5] 日志级别：INFO  出错类：NHibernate.Engine.Cascade property:[(null)] - 错误描述：processing cascade NHibernate.Engine.CascadingAction+SaveUpdateCascadingAction for: QsTech.Accounts.Models.Accounts.Account
记录时间：2014-10-29 10:53:56,123 线程ID:[5] 日志级别：INFO  出错类：NHibernate.Engine.Cascade property:[(null)] - 错误描述：cascade NHibernate.Engine.CascadingAction+SaveUpdateCascadingAction for collection: QsTech.Accounts.Models.Accounts.Account.Clients
记录时间：2014-10-29 10:53:56,124 线程ID:[5] 日志级别：INFO  出错类：NHibernate.Engine.Cascade property:[(null)] - 错误描述：done cascade NHibernate.Engine.CascadingAction+SaveUpdateCascadingAction for collection: QsTech.Accounts.Models.Accounts.Account.Clients
记录时间：2014-10-29 10:53:56,124 线程ID:[5] 日志级别：INFO  出错类：NHibernate.Engine.Cascade property:[(null)] - 错误描述：deleting orphans for collection: QsTech.Accounts.Models.Accounts.Account.Clients
记录时间：2014-10-29 10:53:56,124 线程ID:[5] 日志级别：INFO  出错类：NHibernate.Engine.Cascade property:[(null)] - 错误描述：done deleting orphans for collection: QsTech.Accounts.Models.Accounts.Account.Clients
记录时间：2014-10-29 10:53:56,124 线程ID:[5] 日志级别：INFO  出错类：NHibernate.Engine.Cascade property:[(null)] - 错误描述：done processing cascade NHibernate.Engine.CascadingAction+SaveUpdateCascadingAction for: QsTech.Accounts.Models.Accounts.Account
记录时间：2014-10-29 10:53:56,124 线程ID:[5] 日志级别：INFO  出错类：NHibernate.Engine.Cascade property:[(null)] - 错误描述：processing cascade NHibernate.Engine.CascadingAction+SaveUpdateCascadingAction for: QsTech.Accounts.Models.Accounts.Account
记录时间：2014-10-29 10:53:56,124 线程ID:[5] 日志级别：INFO  出错类：NHibernate.Engine.Cascade property:[(null)] - 错误描述：cascade NHibernate.Engine.CascadingAction+SaveUpdateCascadingAction for collection: QsTech.Accounts.Models.Accounts.Account.Clients
记录时间：2014-10-29 10:53:56,124 线程ID:[5] 日志级别：INFO  出错类：NHibernate.Engine.Cascade property:[(null)] - 错误描述：done cascade NHibernate.Engine.CascadingAction+SaveUpdateCascadingAction for collection: QsTech.Accounts.Models.Accounts.Account.Clients
记录时间：2014-10-29 10:53:56,124 线程ID:[5] 日志级别：INFO  出错类：NHibernate.Engine.Cascade property:[(null)] - 错误描述：deleting orphans for collection: QsTech.Accounts.Models.Accounts.Account.Clients
记录时间：2014-10-29 10:53:56,124 线程ID:[5] 日志级别：INFO  出错类：NHibernate.Engine.Cascade property:[(null)] - 错误描述：done deleting orphans for collection: QsTech.Accounts.Models.Accounts.Account.Clients
记录时间：2014-10-29 10:53:56,124 线程ID:[5] 日志级别：INFO  出错类：NHibernate.Engine.Cascade property:[(null)] - 错误描述：done processing cascade NHibernate.Engine.CascadingAction+SaveUpdateCascadingAction for: QsTech.Accounts.Models.Accounts.Account
记录时间：2014-10-29 10:53:56,124 线程ID:[5] 日志级别：INFO  出错类：NHibernate.Engine.Cascade property:[(null)] - 错误描述：processing cascade NHibernate.Engine.CascadingAction+SaveUpdateCascadingAction for: QsTech.Accounts.Models.Accounts.Account
记录时间：2014-10-29 10:53:56,124 线程ID:[5] 日志级别：INFO  出错类：NHibernate.Engine.Cascade property:[(null)] - 错误描述：cascade NHibernate.Engine.CascadingAction+SaveUpdateCascadingAction for collection: QsTech.Accounts.Models.Accounts.Account.Clients
记录时间：2014-10-29 10:53:56,124 线程ID:[5] 日志级别：INFO  出错类：NHibernate.Engine.Cascade property:[(null)] - 错误描述：done cascade NHibernate.Engine.CascadingAction+SaveUpdateCascadingAction for collection: QsTech.Accounts.Models.Accounts.Account.Clients
记录时间：2014-10-29 10:53:56,124 线程ID:[5] 日志级别：INFO  出错类：NHibernate.Engine.Cascade property:[(null)] - 错误描述：deleting orphans for collection: QsTech.Accounts.Models.Accounts.Account.Clients
记录时间：2014-10-29 10:53:56,124 线程ID:[5] 日志级别：INFO  出错类：NHibernate.Engine.Cascade property:[(null)] - 错误描述：done deleting orphans for collection: QsTech.Accounts.Models.Accounts.Account.Clients
记录时间：2014-10-29 10:53:56,124 线程ID:[5] 日志级别：INFO  出错类：NHibernate.Engine.Cascade property:[(null)] - 错误描述：done processing cascade NHibernate.Engine.CascadingAction+SaveUpdateCascadingAction for: QsTech.Accounts.Models.Accounts.Account
记录时间：2014-10-29 10:53:56,162 线程ID:[5] 日志级别：DEBUG 出错类：ApplicationInfoLog property:[(null)] - 错误描述：Final work for transaction being performed
记录时间：2014-10-29 10:53:56,162 线程ID:[5] 日志级别：DEBUG 出错类：ApplicationInfoLog property:[(null)] - 错误描述：Transaction disposed
记录时间：2014-10-29 10:53:58,002 线程ID:[4] 日志级别：INFO  出错类：ApplicationInfoLog property:[(null)] - 错误描述：MenuService.GetMenus(IUser):IEnumerable<MenuEntry> : user:156014
记录时间：2014-10-29 10:53:58,005 线程ID:[4] 日志级别：DEBUG 出错类：ApplicationInfoLog property:[(null)] - 错误描述：Acquiring session for 
记录时间：2014-10-29 10:53:58,006 线程ID:[4] 日志级别：INFO  出错类：ApplicationInfoLog property:[(null)] - 错误描述：Openning database session
记录时间：2014-10-29 10:53:58,006 线程ID:[4] 日志级别：DEBUG 出错类：ApplicationInfoLog property:[(null)] - 错误描述：Creating transaction on Demand
记录时间：2014-10-29 10:53:58,059 线程ID:[4] 日志级别：INFO  出错类：NHibernate.Hql.Ast.ANTLR.Tree.FromElement property:[(null)] - 错误描述：handling property dereference [QsTech.Core.Models.Roles.Role (item) -> Permissions (Class)]
记录时间：2014-10-29 10:53:58,070 线程ID:[4] 日志级别：INFO  出错类：NHibernate.Hql.Ast.ANTLR.Tree.FromElement property:[(null)] - 错误描述：handling property dereference [QsTech.Core.Models.Roles.Role (item) -> Owners (Class)]
记录时间：2014-10-29 10:53:58,079 线程ID:[4] 日志级别：INFO  出错类：NHibernate.Loader.Loader property:[(null)] - 错误描述：select permission1_.PERMISSION_NAME as col_0_0_ from [ROLE] role0_ inner join ROLE_PERMISSION permission1_ on role0_.ID=permission1_.ROLE_ID where exists (select owners2_.ACCOUNT_ID from ACCOUNT_ROLE owners2_ where role0_.ID=owners2_.ROLE_ID and owners2_.ACCOUNT_ID=@p0)
记录时间：2014-10-29 10:53:58,178 线程ID:[4] 日志级别：DEBUG 出错类：ApplicationInfoLog property:[(null)] - 错误描述：Acquiring session for 
记录时间：2014-10-29 10:53:58,180 线程ID:[4] 日志级别：INFO  出错类：NHibernate.Hql.Ast.ANTLR.Tree.FromElement property:[(null)] - 错误描述：handling property dereference [QsTech.Users.Models.UserProperty (prop) -> UserId (Class)]
记录时间：2014-10-29 10:53:58,180 线程ID:[4] 日志级别：INFO  出错类：NHibernate.Loader.Loader property:[(null)] - 错误描述：select userproper0_.ID as ID17_, userproper0_.[USER_ID] as USER2_17_, userproper0_.[DESCRIPTION] as DESCRIPT3_17_, userproper0_.[NAME] as NAME4_17_, userproper0_.[VALUE] as VALUE5_17_, userproper0_.[CATEGORY] as CATEGORY6_17_ from USER_SETTING userproper0_ where userproper0_.[USER_ID]=@p0
记录时间：2014-10-29 10:53:58,663 线程ID:[4] 日志级别：DEBUG 出错类：ApplicationInfoLog property:[(null)] - 错误描述：Marking transaction as complete
记录时间：2014-10-29 10:53:58,665 线程ID:[4] 日志级别：DEBUG 出错类：ApplicationInfoLog property:[(null)] - 错误描述：Final work for transaction being performed
记录时间：2014-10-29 10:53:58,665 线程ID:[4] 日志级别：DEBUG 出错类：ApplicationInfoLog property:[(null)] - 错误描述：Transaction disposed
记录时间：2014-10-29 10:58:49,621 线程ID:[10] 日志级别：INFO  出错类：ApplicationInfoLog property:[(null)] - 错误描述：MenuService.GetMenus(IUser):IEnumerable<MenuEntry> : user:156014
记录时间：2014-10-29 10:58:49,654 线程ID:[10] 日志级别：INFO  出错类：ApplicationInfoLog property:[(null)] - 错误描述：MenuService.GetMenus(IUser):IEnumerable<MenuEntry> : user:156014
记录时间：2014-10-29 10:58:49,655 线程ID:[10] 日志级别：DEBUG 出错类：ApplicationInfoLog property:[(null)] - 错误描述：Marking transaction as complete
记录时间：2014-10-29 10:58:49,655 线程ID:[10] 日志级别：DEBUG 出错类：ApplicationInfoLog property:[(null)] - 错误描述：Final work for transaction being performed
记录时间：2014-10-29 10:58:49,655 线程ID:[10] 日志级别：DEBUG 出错类：ApplicationInfoLog property:[(null)] - 错误描述：Transaction disposed
记录时间：2014-10-29 10:59:47,043 线程ID:[11] 日志级别：DEBUG 出错类：ApplicationInfoLog property:[(null)] - 错误描述：Marking transaction as complete
记录时间：2014-10-29 10:59:47,043 线程ID:[11] 日志级别：DEBUG 出错类：ApplicationInfoLog property:[(null)] - 错误描述：Final work for transaction being performed
记录时间：2014-10-29 10:59:47,043 线程ID:[11] 日志级别：DEBUG 出错类：ApplicationInfoLog property:[(null)] - 错误描述：Transaction disposed
记录时间：2014-10-29 10:59:54,132 线程ID:[15] 日志级别：DEBUG 出错类：ApplicationInfoLog property:[(null)] - 错误描述：Marking transaction as complete
记录时间：2014-10-29 10:59:54,132 线程ID:[15] 日志级别：DEBUG 出错类：ApplicationInfoLog property:[(null)] - 错误描述：Final work for transaction being performed
记录时间：2014-10-29 10:59:54,132 线程ID:[15] 日志级别：DEBUG 出错类：ApplicationInfoLog property:[(null)] - 错误描述：Transaction disposed
记录时间：2014-10-29 10:59:59,491 线程ID:[11] 日志级别：DEBUG 出错类：ApplicationInfoLog property:[(null)] - 错误描述：Marking transaction as complete
记录时间：2014-10-29 10:59:59,491 线程ID:[11] 日志级别：DEBUG 出错类：ApplicationInfoLog property:[(null)] - 错误描述：Final work for transaction being performed
记录时间：2014-10-29 10:59:59,491 线程ID:[11] 日志级别：DEBUG 出错类：ApplicationInfoLog property:[(null)] - 错误描述：Transaction disposed
